2025-07-10 13:19:55,178 INFO  Meta_Master_Code - URL Entered
2025-07-10 13:19:55,238 INFO  Meta_Master_Code - Entered country is - India
2025-07-10 13:19:55,239 INFO  Meta_Master_Code - India has been Choosen
2025-07-10 13:19:55,491 INFO  Meta_Master_Code - Data Found
2025-07-10 13:19:55,501 INFO  Meta_Master_Code - The Number of Scroll count Entered is - 20
2025-07-10 13:19:55,501 INFO  Meta_Master_Code - Scroll: 0
2025-07-10 13:20:02,380 INFO  Meta_Master_Code - Scroll: 1
2025-07-10 13:20:11,084 INFO  Meta_Master_Code - Scroll: 2
2025-07-10 13:20:17,926 INFO  Meta_Master_Code - Scroll: 3
2025-07-10 13:20:24,263 INFO  Meta_Master_Code - Scroll: 4
2025-07-10 13:20:32,448 INFO  Meta_Master_Code - Scroll: 5
2025-07-10 13:20:38,637 INFO  Meta_Master_Code - Scroll: 6
2025-07-10 13:20:44,826 INFO  Meta_Master_Code - Scroll: 7
2025-07-10 13:20:51,027 INFO  Meta_Master_Code - Scroll: 8
2025-07-10 13:20:57,270 INFO  Meta_Master_Code - Scroll: 9
2025-07-10 13:21:04,073 INFO  Meta_Master_Code - Scroll: 10
2025-07-10 13:21:10,291 INFO  Meta_Master_Code - Scroll: 11
2025-07-10 13:21:16,546 INFO  Meta_Master_Code - Scroll: 12
2025-07-10 13:21:23,570 INFO  Meta_Master_Code - Scroll: 13
2025-07-10 13:21:30,256 INFO  Meta_Master_Code - Scroll: 14
2025-07-10 13:21:37,240 INFO  Meta_Master_Code - Scroll: 15
2025-07-10 13:21:43,697 INFO  Meta_Master_Code - Scroll: 16
2025-07-10 13:21:51,058 INFO  Meta_Master_Code - Scroll: 17
2025-07-10 13:21:57,542 INFO  Meta_Master_Code - Scroll: 18
2025-07-10 13:22:03,850 INFO  Meta_Master_Code - Scroll: 19
2025-07-10 13:22:11,099 INFO  Meta_Master_Code - Scroll: 20
2025-07-10 13:22:20,621 INFO  Meta_Master_Code - 2025.07.10.13.19.49 - Excel file created successfully!
2025-07-10 13:22:21,034 INFO  Meta_Master_Code - Total link is 72
2025-07-10 13:22:21,694 INFO  Meta_Master_Code - 1 - Data written successfully.
2025-07-10 13:22:22,077 INFO  Meta_Master_Code - 2 - Data written successfully.
2025-07-10 13:22:22,418 INFO  Meta_Master_Code - 3 - Data written successfully.
2025-07-10 13:22:24,364 INFO  Meta_Master_Code - 4 - Data written successfully.
2025-07-10 13:22:24,699 INFO  Meta_Master_Code - 5 - Data written successfully.
2025-07-10 13:22:25,850 INFO  Meta_Master_Code - 6 - Data written successfully.
2025-07-10 13:22:25,924 INFO  Meta_Master_Code - 7 - Data written successfully.
2025-07-10 13:22:26,004 INFO  Meta_Master_Code - 8 - Data written successfully.
2025-07-10 13:22:26,094 INFO  Meta_Master_Code - 9 - Data written successfully.
2025-07-10 13:22:26,170 INFO  Meta_Master_Code - 10 - Data written successfully.
2025-07-10 13:22:26,240 INFO  Meta_Master_Code - 11 - Data written successfully.
2025-07-10 13:22:26,337 INFO  Meta_Master_Code - 12 - Data written successfully.
2025-07-10 13:22:26,420 INFO  Meta_Master_Code - 13 - Data written successfully.
2025-07-10 13:22:26,509 INFO  Meta_Master_Code - 14 - Data written successfully.
2025-07-10 13:22:26,583 INFO  Meta_Master_Code - 15 - Data written successfully.
2025-07-10 13:22:26,667 INFO  Meta_Master_Code - 16 - Data written successfully.
2025-07-10 13:22:26,748 INFO  Meta_Master_Code - 17 - Data written successfully.
2025-07-10 13:22:26,835 INFO  Meta_Master_Code - 18 - Data written successfully.
2025-07-10 13:22:26,970 INFO  Meta_Master_Code - 19 - Data written successfully.
2025-07-10 13:22:27,058 INFO  Meta_Master_Code - 20 - Data written successfully.
2025-07-10 13:22:27,147 INFO  Meta_Master_Code - 21 - Data written successfully.
2025-07-10 13:22:27,218 INFO  Meta_Master_Code - 22 - Data written successfully.
2025-07-10 13:22:27,300 INFO  Meta_Master_Code - 23 - Data written successfully.
2025-07-10 13:22:27,385 INFO  Meta_Master_Code - 24 - Data written successfully.
2025-07-10 13:22:27,474 INFO  Meta_Master_Code - 25 - Data written successfully.
2025-07-10 13:22:27,565 INFO  Meta_Master_Code - 26 - Data written successfully.
2025-07-10 13:22:27,665 INFO  Meta_Master_Code - 27 - Data written successfully.
2025-07-10 13:22:27,767 INFO  Meta_Master_Code - 28 - Data written successfully.
2025-07-10 13:22:27,850 INFO  Meta_Master_Code - 29 - Data written successfully.
2025-07-10 13:22:27,917 INFO  Meta_Master_Code - 30 - Data written successfully.
2025-07-10 13:22:27,988 INFO  Meta_Master_Code - 31 - Data written successfully.
2025-07-10 13:22:28,081 INFO  Meta_Master_Code - 32 - Data written successfully.
2025-07-10 13:22:28,163 INFO  Meta_Master_Code - 33 - Data written successfully.
2025-07-10 13:22:28,237 INFO  Meta_Master_Code - 34 - Data written successfully.
2025-07-10 13:22:28,317 INFO  Meta_Master_Code - 35 - Data written successfully.
2025-07-10 13:22:28,410 INFO  Meta_Master_Code - 36 - Data written successfully.
2025-07-10 13:22:28,509 INFO  Meta_Master_Code - 37 - Data written successfully.
2025-07-10 13:22:28,582 INFO  Meta_Master_Code - 38 - Data written successfully.
2025-07-10 13:22:28,649 INFO  Meta_Master_Code - 39 - Data written successfully.
2025-07-10 13:22:28,729 INFO  Meta_Master_Code - 40 - Data written successfully.
2025-07-10 13:22:28,809 INFO  Meta_Master_Code - 41 - Data written successfully.
2025-07-10 13:22:28,883 INFO  Meta_Master_Code - 42 - Data written successfully.
2025-07-10 13:22:28,954 INFO  Meta_Master_Code - 43 - Data written successfully.
2025-07-10 13:22:29,028 INFO  Meta_Master_Code - 44 - Data written successfully.
2025-07-10 13:22:29,097 INFO  Meta_Master_Code - 45 - Data written successfully.
2025-07-10 13:22:29,165 INFO  Meta_Master_Code - 46 - Data written successfully.
2025-07-10 13:22:29,250 INFO  Meta_Master_Code - 47 - Data written successfully.
2025-07-10 13:22:29,326 INFO  Meta_Master_Code - 48 - Data written successfully.
2025-07-10 13:22:29,398 INFO  Meta_Master_Code - 49 - Data written successfully.
2025-07-10 13:22:29,471 INFO  Meta_Master_Code - 50 - Data written successfully.
2025-07-10 13:22:29,539 INFO  Meta_Master_Code - 51 - Data written successfully.
2025-07-10 13:22:29,635 INFO  Meta_Master_Code - 52 - Data written successfully.
2025-07-10 13:22:29,718 INFO  Meta_Master_Code - 53 - Data written successfully.
2025-07-10 13:22:29,861 INFO  Meta_Master_Code - 54 - Data written successfully.
2025-07-10 13:22:29,939 INFO  Meta_Master_Code - 55 - Data written successfully.
2025-07-10 13:22:30,010 INFO  Meta_Master_Code - 56 - Data written successfully.
2025-07-10 13:22:30,088 INFO  Meta_Master_Code - 57 - Data written successfully.
2025-07-10 13:22:30,159 INFO  Meta_Master_Code - 58 - Data written successfully.
2025-07-10 13:22:30,231 INFO  Meta_Master_Code - 59 - Data written successfully.
2025-07-10 13:22:30,328 INFO  Meta_Master_Code - 60 - Data written successfully.
2025-07-10 13:22:30,399 INFO  Meta_Master_Code - 61 - Data written successfully.
2025-07-10 13:22:30,500 INFO  Meta_Master_Code - 62 - Data written successfully.
2025-07-10 13:22:30,692 INFO  Meta_Master_Code - 63 - Data written successfully.
2025-07-10 13:22:30,943 INFO  Meta_Master_Code - 64 - Data written successfully.
2025-07-10 13:22:31,085 INFO  Meta_Master_Code - 65 - Data written successfully.
2025-07-10 13:22:31,191 INFO  Meta_Master_Code - 66 - Data written successfully.
2025-07-10 13:22:31,273 INFO  Meta_Master_Code - 67 - Data written successfully.
2025-07-10 13:22:31,342 INFO  Meta_Master_Code - 68 - Data written successfully.
2025-07-10 13:22:31,410 INFO  Meta_Master_Code - 69 - Data written successfully.
2025-07-10 13:22:31,479 INFO  Meta_Master_Code - 70 - Data written successfully.
2025-07-10 13:22:31,528 WARN  Meta_Master_Code - 71 - Link is disabled
2025-07-10 13:22:31,575 WARN  Meta_Master_Code - 72 - Link is disabled
2025-07-10 13:22:31,587 INFO  Meta_Master_Code - Excel file has sheets, not deleted.
2025-07-10 13:22:31,600 INFO  Meta_Master_Code - 2025.07.10.13.19.49-India- New sheet - Excel file created successfully!
2025-07-10 13:22:33,776 INFO  Meta_Master_Code - 0-The downloads Count is -1000
2025-07-10 13:22:33,790 INFO  Meta_Master_Code - 0No Rating is Given
2025-07-10 13:22:33,811 INFO  Meta_Master_Code - Data written successfully: https://play.google.com/store/apps/details?id=com.ghastep
2025-07-10 13:22:33,872 INFO  Meta_Master_Code - Duplicate entry in the Mastersheet
2025-07-10 13:22:33,953 INFO  Meta_Master_Code - 0 - link in written
2025-07-10 13:22:35,409 INFO  Meta_Master_Code - 1-The downloads Count is -1000000
2025-07-10 13:22:35,409 INFO  Meta_Master_Code - 1 - The Downloads is more than 1M
2025-07-10 13:22:36,851 INFO  Meta_Master_Code - 2-The downloads Count is -10000000
2025-07-10 13:22:36,851 INFO  Meta_Master_Code - 2 - The Downloads is more than 1M
2025-07-10 13:22:38,112 INFO  Meta_Master_Code - 3-The downloads Count is -10000000
2025-07-10 13:22:38,112 INFO  Meta_Master_Code - 3 - The Downloads is more than 1M
2025-07-10 13:22:39,416 INFO  Meta_Master_Code - 4-The downloads Count is -10000
2025-07-10 13:22:39,429 INFO  Meta_Master_Code - 4No Rating is Given
2025-07-10 13:22:39,458 INFO  Meta_Master_Code - Data written successfully: https://play.google.com/store/apps/details?id=com.indogastmedia.curencyliverateconvert
2025-07-10 13:22:39,487 INFO  Meta_Master_Code - Data Written in Mastersheet - https://play.google.com/store/apps/details?id=com.indogastmedia.curencyliverateconvert
2025-07-10 13:22:39,519 INFO  Meta_Master_Code - Data written at row index: 0
2025-07-10 13:22:39,554 INFO  Meta_Master_Code - 4 - link in written
2025-07-10 13:22:40,913 INFO  Meta_Master_Code - 5-The downloads Count is -10000000
2025-07-10 13:22:40,913 INFO  Meta_Master_Code - 5 - The Downloads is more than 1M
2025-07-10 13:22:42,067 INFO  Meta_Master_Code - 6-The downloads Count is -10000000
2025-07-10 13:22:42,067 INFO  Meta_Master_Code - 6 - The Downloads is more than 1M
2025-07-10 13:22:43,217 INFO  Meta_Master_Code - 7-The downloads Count is -10000000
2025-07-10 13:22:43,217 INFO  Meta_Master_Code - 7 - The Downloads is more than 1M
2025-07-10 13:22:44,396 INFO  Meta_Master_Code - 8-The downloads Count is -10000000
2025-07-10 13:22:44,396 INFO  Meta_Master_Code - 8 - The Downloads is more than 1M
2025-07-10 13:22:45,519 INFO  Meta_Master_Code - 9-The downloads Count is -10000000
2025-07-10 13:22:45,519 INFO  Meta_Master_Code - 9 - The Downloads is more than 1M
2025-07-10 13:22:46,654 INFO  Meta_Master_Code - 10-The downloads Count is -10000000
2025-07-10 13:22:46,654 INFO  Meta_Master_Code - 10 - The Downloads is more than 1M
2025-07-10 13:22:47,862 INFO  Meta_Master_Code - 11-The downloads Count is -1000000
2025-07-10 13:22:47,863 INFO  Meta_Master_Code - 11 - The Downloads is more than 1M
2025-07-10 13:22:49,050 INFO  Meta_Master_Code - 12-The downloads Count is -10000000
2025-07-10 13:22:49,050 INFO  Meta_Master_Code - 12 - The Downloads is more than 1M
2025-07-10 13:22:50,168 INFO  Meta_Master_Code - 13-The downloads Count is -10000000
2025-07-10 13:22:50,168 INFO  Meta_Master_Code - 13 - The Downloads is more than 1M
2025-07-10 13:22:51,353 INFO  Meta_Master_Code - 14-The downloads Count is -10000000
2025-07-10 13:22:51,353 INFO  Meta_Master_Code - 14 - The Downloads is more than 1M
2025-07-10 13:22:52,542 INFO  Meta_Master_Code - 15-The downloads Count is -10000000
2025-07-10 13:22:52,542 INFO  Meta_Master_Code - 15 - The Downloads is more than 1M
2025-07-10 13:22:53,745 INFO  Meta_Master_Code - 16-The downloads Count is -10000000
2025-07-10 13:22:53,745 INFO  Meta_Master_Code - 16 - The Downloads is more than 1M
2025-07-10 13:22:54,955 INFO  Meta_Master_Code - 17-The downloads Count is -10000000
2025-07-10 13:22:54,955 INFO  Meta_Master_Code - 17 - The Downloads is more than 1M
2025-07-10 13:22:56,190 INFO  Meta_Master_Code - 18-The downloads Count is -10000000
2025-07-10 13:22:56,190 INFO  Meta_Master_Code - 18 - The Downloads is more than 1M
2025-07-10 13:22:57,407 INFO  Meta_Master_Code - 19-The downloads Count is -10000000
2025-07-10 13:22:57,407 INFO  Meta_Master_Code - 19 - The Downloads is more than 1M
2025-07-10 13:22:58,669 INFO  Meta_Master_Code - 20-The downloads Count is -10000000
2025-07-10 13:22:58,669 INFO  Meta_Master_Code - 20 - The Downloads is more than 1M
2025-07-10 13:22:59,917 INFO  Meta_Master_Code - 21-The downloads Count is -10000000
2025-07-10 13:22:59,918 INFO  Meta_Master_Code - 21 - The Downloads is more than 1M
2025-07-10 13:23:01,124 INFO  Meta_Master_Code - 22-The downloads Count is -10000000
2025-07-10 13:23:01,125 INFO  Meta_Master_Code - 22 - The Downloads is more than 1M
2025-07-10 13:23:02,282 INFO  Meta_Master_Code - 23-The downloads Count is -10000000
2025-07-10 13:23:02,282 INFO  Meta_Master_Code - 23 - The Downloads is more than 1M
2025-07-10 13:23:03,432 INFO  Meta_Master_Code - 24-The downloads Count is -10000000
2025-07-10 13:23:03,432 INFO  Meta_Master_Code - 24 - The Downloads is more than 1M
2025-07-10 13:23:04,553 INFO  Meta_Master_Code - 25-The downloads Count is -10000000
2025-07-10 13:23:04,553 INFO  Meta_Master_Code - 25 - The Downloads is more than 1M
2025-07-10 13:23:05,686 INFO  Meta_Master_Code - 26-The downloads Count is -10000000
2025-07-10 13:23:05,686 INFO  Meta_Master_Code - 26 - The Downloads is more than 1M
2025-07-10 13:23:06,837 INFO  Meta_Master_Code - 27-The downloads Count is -10000000
2025-07-10 13:23:06,837 INFO  Meta_Master_Code - 27 - The Downloads is more than 1M
2025-07-10 13:23:07,976 INFO  Meta_Master_Code - 28-The downloads Count is -10000000
2025-07-10 13:23:07,976 INFO  Meta_Master_Code - 28 - The Downloads is more than 1M
2025-07-10 13:23:09,115 INFO  Meta_Master_Code - 29-The downloads Count is -10000000
2025-07-10 13:23:09,115 INFO  Meta_Master_Code - 29 - The Downloads is more than 1M
2025-07-10 13:23:10,252 INFO  Meta_Master_Code - 30-The downloads Count is -10000000
2025-07-10 13:23:10,252 INFO  Meta_Master_Code - 30 - The Downloads is more than 1M
2025-07-10 13:23:11,405 INFO  Meta_Master_Code - 31-The downloads Count is -10000000
2025-07-10 13:23:11,405 INFO  Meta_Master_Code - 31 - The Downloads is more than 1M
2025-07-10 13:23:12,539 INFO  Meta_Master_Code - 32-The downloads Count is -10000000
2025-07-10 13:23:12,539 INFO  Meta_Master_Code - 32 - The Downloads is more than 1M
2025-07-10 13:23:15,430 INFO  Meta_Master_Code - 33-The downloads Count is -10000000
2025-07-10 13:23:15,430 INFO  Meta_Master_Code - 33 - The Downloads is more than 1M
2025-07-10 13:23:16,605 INFO  Meta_Master_Code - 34-The downloads Count is -10000000
2025-07-10 13:23:16,605 INFO  Meta_Master_Code - 34 - The Downloads is more than 1M
2025-07-10 13:23:17,768 INFO  Meta_Master_Code - 35-The downloads Count is -10000000
2025-07-10 13:23:17,768 INFO  Meta_Master_Code - 35 - The Downloads is more than 1M
2025-07-10 13:23:18,917 INFO  Meta_Master_Code - 36-The downloads Count is -50000
2025-07-10 13:23:18,934 INFO  Meta_Master_Code - Parsed rating: 4.1
2025-07-10 13:23:18,959 INFO  Meta_Master_Code - Data written successfully: https://play.google.com/store/apps/details?id=com.lammatech.cameralocation.cameratimestamp
2025-07-10 13:23:19,005 INFO  Meta_Master_Code - Data Written in Mastersheet - https://play.google.com/store/apps/details?id=com.lammatech.cameralocation.cameratimestamp
2025-07-10 13:23:19,043 INFO  Meta_Master_Code - Data written at row index: 1
2025-07-10 13:23:19,073 INFO  Meta_Master_Code - The rating is less than 4.5
2025-07-10 13:23:19,073 INFO  Meta_Master_Code - 36 - link in written
2025-07-10 13:23:20,407 INFO  Meta_Master_Code - 37-The downloads Count is -1000000
2025-07-10 13:23:20,407 INFO  Meta_Master_Code - 37 - The Downloads is more than 1M
2025-07-10 13:23:21,647 INFO  Meta_Master_Code - 38-The downloads Count is -50000000
2025-07-10 13:23:21,647 INFO  Meta_Master_Code - 38 - The Downloads is more than 1M
2025-07-10 13:23:24,676 INFO  Meta_Master_Code - 39 - The link is App store or other site
2025-07-10 13:23:25,788 INFO  Meta_Master_Code - 40-The downloads Count is -100000
2025-07-10 13:23:25,809 INFO  Meta_Master_Code - Parsed rating: 4.4
2025-07-10 13:23:25,834 INFO  Meta_Master_Code - Data written successfully: https://play.google.com/store/apps/details?id=com.alnico.sangathan.app
2025-07-10 13:23:25,866 INFO  Meta_Master_Code - Duplicate entry in the Mastersheet
2025-07-10 13:23:25,882 INFO  Meta_Master_Code - The rating is less than 4.5
2025-07-10 13:23:25,882 INFO  Meta_Master_Code - 40 - link in written
2025-07-10 13:23:27,063 INFO  Meta_Master_Code - 41-The downloads Count is -100000
2025-07-10 13:23:27,082 INFO  Meta_Master_Code - Parsed rating: 4.4
2025-07-10 13:23:27,096 INFO  Meta_Master_Code - Duplicate entry skipped: https://play.google.com/store/apps/details?id=com.alnico.sangathan.app
2025-07-10 13:23:27,128 INFO  Meta_Master_Code - Duplicate entry in the Mastersheet
2025-07-10 13:23:27,146 INFO  Meta_Master_Code - The rating is less than 4.5
2025-07-10 13:23:27,146 INFO  Meta_Master_Code - 41 - link in written
2025-07-10 13:23:28,312 INFO  Meta_Master_Code - 42-The downloads Count is -500000
2025-07-10 13:23:28,331 INFO  Meta_Master_Code - Parsed rating: 4.2
2025-07-10 13:23:28,358 INFO  Meta_Master_Code - Data written successfully: https://play.google.com/store/apps/details?id=com.lift.android.app
2025-07-10 13:23:28,381 INFO  Meta_Master_Code - Duplicate entry in the Mastersheet
2025-07-10 13:23:28,398 INFO  Meta_Master_Code - The rating is less than 4.5
2025-07-10 13:23:28,398 INFO  Meta_Master_Code - 42 - link in written
2025-07-10 13:23:29,890 INFO  Meta_Master_Code - 43-The downloads Count is -100000
2025-07-10 13:23:29,907 INFO  Meta_Master_Code - Parsed rating: 4.7
2025-07-10 13:23:29,907 INFO  Meta_Master_Code - 43 - The Rating Count is Greater than 4.5
2025-07-10 13:23:31,097 INFO  Meta_Master_Code - 44-The downloads Count is -1000000
2025-07-10 13:23:31,097 INFO  Meta_Master_Code - 44 - The Downloads is more than 1M
2025-07-10 13:23:32,405 INFO  Meta_Master_Code - 45-The downloads Count is -10000
2025-07-10 13:23:32,423 INFO  Meta_Master_Code - Parsed rating: 3.6
2025-07-10 13:23:32,445 INFO  Meta_Master_Code - Data written successfully: https://play.google.com/store/apps/details?id=com.interesting.ai.reads.mentoring.chat.gpt.app
2025-07-10 13:23:32,465 INFO  Meta_Master_Code - Data Written in Mastersheet - https://play.google.com/store/apps/details?id=com.interesting.ai.reads.mentoring.chat.gpt.app
2025-07-10 13:23:32,482 INFO  Meta_Master_Code - Data written at row index: 2
2025-07-10 13:23:32,498 INFO  Meta_Master_Code - The rating is less than 4.5
2025-07-10 13:23:32,498 INFO  Meta_Master_Code - 45 - link in written
2025-07-10 13:23:33,609 INFO  Meta_Master_Code - 46-The downloads Count is -10000
2025-07-10 13:23:33,631 INFO  Meta_Master_Code - Parsed rating: 3.6
2025-07-10 13:23:33,642 INFO  Meta_Master_Code - Duplicate entry skipped: https://play.google.com/store/apps/details?id=com.interesting.ai.reads.mentoring.chat.gpt.app
2025-07-10 13:23:33,659 INFO  Meta_Master_Code - Duplicate entry in the Mastersheet
2025-07-10 13:23:33,678 INFO  Meta_Master_Code - The rating is less than 4.5
2025-07-10 13:23:33,681 INFO  Meta_Master_Code - 46 - link in written
2025-07-10 13:23:34,828 INFO  Meta_Master_Code - 47-The downloads Count is -10000
2025-07-10 13:23:34,846 INFO  Meta_Master_Code - Parsed rating: 3.6
2025-07-10 13:23:34,859 INFO  Meta_Master_Code - Duplicate entry skipped: https://play.google.com/store/apps/details?id=com.interesting.ai.reads.mentoring.chat.gpt.app
2025-07-10 13:23:34,881 INFO  Meta_Master_Code - Duplicate entry in the Mastersheet
2025-07-10 13:23:34,896 INFO  Meta_Master_Code - The rating is less than 4.5
2025-07-10 13:23:34,896 INFO  Meta_Master_Code - 47 - link in written
2025-07-10 13:23:36,100 INFO  Meta_Master_Code - 48-The downloads Count is -10000
2025-07-10 13:23:36,121 INFO  Meta_Master_Code - Parsed rating: 3.6
2025-07-10 13:23:36,131 INFO  Meta_Master_Code - Duplicate entry skipped: https://play.google.com/store/apps/details?id=com.interesting.ai.reads.mentoring.chat.gpt.app
2025-07-10 13:23:36,147 INFO  Meta_Master_Code - Duplicate entry in the Mastersheet
2025-07-10 13:23:36,166 INFO  Meta_Master_Code - The rating is less than 4.5
2025-07-10 13:23:36,166 INFO  Meta_Master_Code - 48 - link in written
2025-07-10 13:23:37,250 INFO  Meta_Master_Code - 49-The downloads Count is -10000
2025-07-10 13:23:37,268 INFO  Meta_Master_Code - Parsed rating: 3.6
2025-07-10 13:23:37,281 INFO  Meta_Master_Code - Duplicate entry skipped: https://play.google.com/store/apps/details?id=com.interesting.ai.reads.mentoring.chat.gpt.app
2025-07-10 13:23:37,296 INFO  Meta_Master_Code - Duplicate entry in the Mastersheet
2025-07-10 13:23:37,312 INFO  Meta_Master_Code - The rating is less than 4.5
2025-07-10 13:23:37,312 INFO  Meta_Master_Code - 49 - link in written
2025-07-10 13:23:38,386 INFO  Meta_Master_Code - 50-The downloads Count is -10000
2025-07-10 13:23:38,403 INFO  Meta_Master_Code - Parsed rating: 3.6
2025-07-10 13:23:38,415 INFO  Meta_Master_Code - Duplicate entry skipped: https://play.google.com/store/apps/details?id=com.interesting.ai.reads.mentoring.chat.gpt.app
2025-07-10 13:23:38,427 INFO  Meta_Master_Code - Duplicate entry in the Mastersheet
2025-07-10 13:23:38,443 INFO  Meta_Master_Code - The rating is less than 4.5
2025-07-10 13:23:38,443 INFO  Meta_Master_Code - 50 - link in written
2025-07-10 13:23:39,543 INFO  Meta_Master_Code - 51-The downloads Count is -100000
2025-07-10 13:23:39,560 INFO  Meta_Master_Code - Parsed rating: 4.7
2025-07-10 13:23:39,561 INFO  Meta_Master_Code - 51 - The Rating Count is Greater than 4.5
2025-07-10 13:23:40,728 INFO  Meta_Master_Code - 52-The downloads Count is -500000
2025-07-10 13:23:40,747 INFO  Meta_Master_Code - Parsed rating: 4.5
2025-07-10 13:23:40,770 INFO  Meta_Master_Code - Data written successfully: https://play.google.com/store/apps/details?id=com.melooha.app
2025-07-10 13:23:40,790 INFO  Meta_Master_Code - Duplicate entry in the Mastersheet
2025-07-10 13:23:40,803 INFO  Meta_Master_Code - The rating is less than 4.5
2025-07-10 13:23:40,803 INFO  Meta_Master_Code - 52 - link in written
2025-07-10 13:23:42,190 INFO  Meta_Master_Code - 53-The downloads Count is -100000
2025-07-10 13:23:42,214 INFO  Meta_Master_Code - Parsed rating: 4.0
2025-07-10 13:23:42,237 INFO  Meta_Master_Code - Data written successfully: https://play.google.com/store/apps/details?id=com.suvichar.photo
2025-07-10 13:23:42,253 INFO  Meta_Master_Code - Duplicate entry in the Mastersheet
2025-07-10 13:23:42,266 INFO  Meta_Master_Code - The rating is less than 4.5
2025-07-10 13:23:42,266 INFO  Meta_Master_Code - 53 - link in written
2025-07-10 13:23:43,425 INFO  Meta_Master_Code - 54-The downloads Count is -1000000
2025-07-10 13:23:43,426 INFO  Meta_Master_Code - 54 - The Downloads is more than 1M
2025-07-10 13:23:44,625 INFO  Meta_Master_Code - 55-The downloads Count is -1000000
2025-07-10 13:23:44,626 INFO  Meta_Master_Code - 55 - The Downloads is more than 1M
2025-07-10 13:23:45,752 INFO  Meta_Master_Code - 56-The downloads Count is -1000000
2025-07-10 13:23:45,752 INFO  Meta_Master_Code - 56 - The Downloads is more than 1M
2025-07-10 13:23:46,906 INFO  Meta_Master_Code - 57-The downloads Count is -1000000
2025-07-10 13:23:46,906 INFO  Meta_Master_Code - 57 - The Downloads is more than 1M
2025-07-10 13:23:48,043 INFO  Meta_Master_Code - 58-The downloads Count is -1000000
2025-07-10 13:23:48,044 INFO  Meta_Master_Code - 58 - The Downloads is more than 1M
2025-07-10 13:23:49,140 INFO  Meta_Master_Code - 59-The downloads Count is -100000
2025-07-10 13:23:49,162 INFO  Meta_Master_Code - Parsed rating: 4.6
2025-07-10 13:23:49,162 INFO  Meta_Master_Code - 59 - The Rating Count is Greater than 4.5
2025-07-10 13:23:50,271 INFO  Meta_Master_Code - 60-The downloads Count is -100000
2025-07-10 13:23:50,289 INFO  Meta_Master_Code - Parsed rating: 4.6
2025-07-10 13:23:50,289 INFO  Meta_Master_Code - 60 - The Rating Count is Greater than 4.5
2025-07-10 13:23:51,456 INFO  Meta_Master_Code - 61-The downloads Count is -1000000
2025-07-10 13:23:51,456 INFO  Meta_Master_Code - 61 - The Downloads is more than 1M
2025-07-10 13:23:52,606 INFO  Meta_Master_Code - 62-The downloads Count is -1000000
2025-07-10 13:23:52,606 INFO  Meta_Master_Code - 62 - The Downloads is more than 1M
2025-07-10 13:23:53,776 INFO  Meta_Master_Code - 63-The downloads Count is -100000
2025-07-10 13:23:53,802 INFO  Meta_Master_Code - Parsed rating: 4.7
2025-07-10 13:23:53,803 INFO  Meta_Master_Code - 63 - The Rating Count is Greater than 4.5
2025-07-10 13:23:55,367 INFO  Meta_Master_Code - 64-The downloads Count is -10000000
2025-07-10 13:23:55,367 INFO  Meta_Master_Code - 64 - The Downloads is more than 1M
2025-07-10 13:23:56,501 INFO  Meta_Master_Code - 65-The downloads Count is -10000
2025-07-10 13:23:56,519 INFO  Meta_Master_Code - Parsed rating: 3.6
2025-07-10 13:23:56,531 INFO  Meta_Master_Code - Duplicate entry skipped: https://play.google.com/store/apps/details?id=com.interesting.ai.reads.mentoring.chat.gpt.app
2025-07-10 13:23:56,547 INFO  Meta_Master_Code - Duplicate entry in the Mastersheet
2025-07-10 13:23:56,562 INFO  Meta_Master_Code - The rating is less than 4.5
2025-07-10 13:23:56,563 INFO  Meta_Master_Code - 65 - link in written
2025-07-10 13:23:57,725 INFO  Meta_Master_Code - 66-The downloads Count is -100000
2025-07-10 13:23:57,745 INFO  Meta_Master_Code - Parsed rating: 4.7
2025-07-10 13:23:57,745 INFO  Meta_Master_Code - 66 - The Rating Count is Greater than 4.5
2025-07-10 13:23:58,854 INFO  Meta_Master_Code - 67-The downloads Count is -100000
2025-07-10 13:23:58,873 INFO  Meta_Master_Code - Parsed rating: 4.7
2025-07-10 13:23:58,873 INFO  Meta_Master_Code - 67 - The Rating Count is Greater than 4.5
2025-07-10 13:24:01,046 INFO  Meta_Master_Code - 68 - The link is App store or other site
2025-07-10 13:24:02,165 INFO  Meta_Master_Code - 69-The downloads Count is -500000
2025-07-10 13:24:02,185 INFO  Meta_Master_Code - Parsed rating: 4.5
2025-07-10 13:24:02,194 INFO  Meta_Master_Code - Duplicate entry skipped: https://play.google.com/store/apps/details?id=com.melooha.app
2025-07-10 13:24:02,215 INFO  Meta_Master_Code - Duplicate entry in the Mastersheet
2025-07-10 13:24:02,228 INFO  Meta_Master_Code - The rating is less than 4.5
2025-07-10 13:24:02,228 INFO  Meta_Master_Code - 69 - link in written
2025-07-10 13:24:02,248 INFO  Meta_Master_Code - Excel file has sheets, not deleted.
2025-07-10 13:24:02,258 INFO  Meta_Master_Code - Total filtered Link count: 3
