2025-07-16 13:17:04,565 INFO  Meta_Website_Master_Code - URL Entered
2025-07-16 13:17:04,671 INFO  Meta_Website_Master_Code - Entered country is - India
2025-07-16 13:17:04,671 INFO  Meta_Website_Master_Code - India has been Choosen
2025-07-16 13:17:04,915 INFO  Meta_Website_Master_Code - Data Found
2025-07-16 13:17:04,922 INFO  Meta_Website_Master_Code - The Number of Scroll count Entered is - 30
2025-07-16 13:17:04,922 INFO  Meta_Website_Master_Code - Scroll: 0
2025-07-16 13:17:10,964 INFO  Meta_Website_Master_Code - Scroll: 1
2025-07-16 13:17:17,066 INFO  Meta_Website_Master_Code - Scroll: 2
2025-07-16 13:17:23,237 INFO  Meta_Website_Master_Code - Scroll: 3
2025-07-16 13:17:29,300 INFO  Meta_Website_Master_Code - Scroll: 4
2025-07-16 13:17:35,392 INFO  Meta_Website_Master_Code - Scroll: 5
2025-07-16 13:17:41,483 INFO  Meta_Website_Master_Code - Scroll: 6
2025-07-16 13:17:47,558 INFO  Meta_Website_Master_Code - Scroll: 7
2025-07-16 13:17:53,688 INFO  Meta_Website_Master_Code - Scroll: 8
2025-07-16 13:17:59,833 INFO  Meta_Website_Master_Code - Scroll: 9
2025-07-16 13:18:05,934 INFO  Meta_Website_Master_Code - Scroll: 10
2025-07-16 13:18:11,980 INFO  Meta_Website_Master_Code - Scroll: 11
2025-07-16 13:18:18,068 INFO  Meta_Website_Master_Code - Scroll: 12
2025-07-16 13:18:24,455 INFO  Meta_Website_Master_Code - Scroll: 13
2025-07-16 13:18:30,604 INFO  Meta_Website_Master_Code - Scroll: 14
2025-07-16 13:18:36,705 INFO  Meta_Website_Master_Code - Scroll: 15
2025-07-16 13:18:42,781 INFO  Meta_Website_Master_Code - Scroll: 16
2025-07-16 13:18:48,835 INFO  Meta_Website_Master_Code - Scroll: 17
2025-07-16 13:18:54,988 INFO  Meta_Website_Master_Code - Scroll: 18
2025-07-16 13:19:01,052 INFO  Meta_Website_Master_Code - Scroll: 19
2025-07-16 13:19:07,229 INFO  Meta_Website_Master_Code - Scroll: 20
2025-07-16 13:19:13,400 INFO  Meta_Website_Master_Code - Scroll: 21
2025-07-16 13:19:19,435 INFO  Meta_Website_Master_Code - Scroll: 22
2025-07-16 13:19:25,514 INFO  Meta_Website_Master_Code - Scroll: 23
2025-07-16 13:19:31,631 INFO  Meta_Website_Master_Code - Scroll: 24
2025-07-16 13:19:37,691 INFO  Meta_Website_Master_Code - Scroll: 25
2025-07-16 13:19:43,795 INFO  Meta_Website_Master_Code - Scroll: 26
2025-07-16 13:19:49,926 INFO  Meta_Website_Master_Code - Scroll: 27
2025-07-16 13:19:56,021 INFO  Meta_Website_Master_Code - Scroll: 28
2025-07-16 13:20:02,112 INFO  Meta_Website_Master_Code - Scroll: 29
2025-07-16 13:20:08,265 INFO  Meta_Website_Master_Code - Scroll: 30
2025-07-16 13:20:15,027 INFO  Meta_Website_Master_Code - 2025.07.16.13.16.59 - Excel file created successfully!
2025-07-16 13:20:15,065 INFO  Meta_Website_Master_Code - Total link is 18
2025-07-16 13:20:15,261 INFO  Meta_Website_Master_Code - 1 - Data written successfully.
2025-07-16 13:20:15,319 INFO  Meta_Website_Master_Code - 2 - Data written successfully.
2025-07-16 13:20:15,384 INFO  Meta_Website_Master_Code - 3 - Data written successfully.
2025-07-16 13:20:15,442 INFO  Meta_Website_Master_Code - 4 - Data written successfully.
2025-07-16 13:20:15,513 INFO  Meta_Website_Master_Code - 5 - Data written successfully.
2025-07-16 13:20:15,585 INFO  Meta_Website_Master_Code - 6 - Data written successfully.
2025-07-16 13:20:15,667 INFO  Meta_Website_Master_Code - 7 - Data written successfully.
2025-07-16 13:20:15,755 INFO  Meta_Website_Master_Code - 8 - Data written successfully.
2025-07-16 13:20:15,840 INFO  Meta_Website_Master_Code - 9 - Data written successfully.
2025-07-16 13:20:15,920 INFO  Meta_Website_Master_Code - 10 - Data written successfully.
2025-07-16 13:20:15,992 INFO  Meta_Website_Master_Code - 11 - Data written successfully.
2025-07-16 13:20:16,063 INFO  Meta_Website_Master_Code - 12 - Data written successfully.
2025-07-16 13:20:16,142 INFO  Meta_Website_Master_Code - 13 - Data written successfully.
2025-07-16 13:20:16,220 INFO  Meta_Website_Master_Code - 14 - Data written successfully.
2025-07-16 13:20:16,306 INFO  Meta_Website_Master_Code - 15 - Data written successfully.
2025-07-16 13:20:16,373 INFO  Meta_Website_Master_Code - 16 - Data written successfully.
2025-07-16 13:20:16,451 INFO  Meta_Website_Master_Code - 17 - Data written successfully.
2025-07-16 13:20:16,525 INFO  Meta_Website_Master_Code - 18 - Data written successfully.
2025-07-16 13:20:16,567 INFO  Meta_Website_Master_Code - Total link is 44
2025-07-16 13:20:16,628 INFO  Meta_Website_Master_Code - 1 - Data written successfully.
2025-07-16 13:20:16,720 INFO  Meta_Website_Master_Code - 2 - Data written successfully.
2025-07-16 13:20:16,792 INFO  Meta_Website_Master_Code - 3 - Data written successfully.
2025-07-16 13:20:16,860 INFO  Meta_Website_Master_Code - 4 - Data written successfully.
2025-07-16 13:20:16,943 INFO  Meta_Website_Master_Code - 5 - Data written successfully.
2025-07-16 13:20:17,016 INFO  Meta_Website_Master_Code - 6 - Data written successfully.
2025-07-16 13:20:17,085 INFO  Meta_Website_Master_Code - 7 - Data written successfully.
2025-07-16 13:20:17,173 INFO  Meta_Website_Master_Code - 8 - Data written successfully.
2025-07-16 13:20:17,255 INFO  Meta_Website_Master_Code - 9 - Data written successfully.
2025-07-16 13:20:17,335 INFO  Meta_Website_Master_Code - 10 - Data written successfully.
2025-07-16 13:20:17,413 INFO  Meta_Website_Master_Code - 11 - Data written successfully.
2025-07-16 13:20:17,506 INFO  Meta_Website_Master_Code - 12 - Data written successfully.
2025-07-16 13:20:17,613 INFO  Meta_Website_Master_Code - 13 - Data written successfully.
2025-07-16 13:20:17,698 INFO  Meta_Website_Master_Code - 14 - Data written successfully.
2025-07-16 13:20:17,766 INFO  Meta_Website_Master_Code - 15 - Data written successfully.
2025-07-16 13:20:17,835 INFO  Meta_Website_Master_Code - 16 - Data written successfully.
2025-07-16 13:20:17,885 INFO  Meta_Website_Master_Code - 17 - Data written successfully.
2025-07-16 13:20:17,929 INFO  Meta_Website_Master_Code - 18 - Data written successfully.
2025-07-16 13:20:18,003 INFO  Meta_Website_Master_Code - 19 - Data written successfully.
2025-07-16 13:20:18,099 INFO  Meta_Website_Master_Code - 20 - Data written successfully.
2025-07-16 13:20:18,196 INFO  Meta_Website_Master_Code - 21 - Data written successfully.
2025-07-16 13:20:18,261 INFO  Meta_Website_Master_Code - 22 - Data written successfully.
2025-07-16 13:20:18,317 INFO  Meta_Website_Master_Code - 23 - Data written successfully.
2025-07-16 13:20:18,379 INFO  Meta_Website_Master_Code - 24 - Data written successfully.
2025-07-16 13:20:18,464 INFO  Meta_Website_Master_Code - 25 - Data written successfully.
2025-07-16 13:20:18,530 INFO  Meta_Website_Master_Code - 26 - Data written successfully.
2025-07-16 13:20:18,601 INFO  Meta_Website_Master_Code - 27 - Data written successfully.
2025-07-16 13:20:18,681 INFO  Meta_Website_Master_Code - 28 - Data written successfully.
2025-07-16 13:20:18,765 INFO  Meta_Website_Master_Code - 29 - Data written successfully.
2025-07-16 13:20:18,826 INFO  Meta_Website_Master_Code - 30 - Data written successfully.
2025-07-16 13:20:18,886 INFO  Meta_Website_Master_Code - 31 - Data written successfully.
2025-07-16 13:20:18,958 INFO  Meta_Website_Master_Code - 32 - Data written successfully.
2025-07-16 13:20:19,021 INFO  Meta_Website_Master_Code - 33 - Data written successfully.
2025-07-16 13:20:19,102 INFO  Meta_Website_Master_Code - 34 - Data written successfully.
2025-07-16 13:20:19,175 INFO  Meta_Website_Master_Code - 35 - Data written successfully.
2025-07-16 13:20:19,234 INFO  Meta_Website_Master_Code - 36 - Data written successfully.
2025-07-16 13:20:19,287 INFO  Meta_Website_Master_Code - 37 - Data written successfully.
2025-07-16 13:20:19,343 INFO  Meta_Website_Master_Code - 38 - Data written successfully.
2025-07-16 13:20:19,400 INFO  Meta_Website_Master_Code - 39 - Data written successfully.
2025-07-16 13:20:19,455 INFO  Meta_Website_Master_Code - 40 - Data written successfully.
2025-07-16 13:20:19,510 INFO  Meta_Website_Master_Code - 41 - Data written successfully.
2025-07-16 13:20:19,577 INFO  Meta_Website_Master_Code - 42 - Data written successfully.
2025-07-16 13:20:19,655 INFO  Meta_Website_Master_Code - 43 - Data written successfully.
2025-07-16 13:20:19,765 INFO  Meta_Website_Master_Code - 44 - Data written successfully.
2025-07-16 13:20:19,783 INFO  Meta_Website_Master_Code - Excel file has sheets, not deleted.
2025-07-16 13:20:19,801 INFO  Meta_Website_Master_Code - 2025.07.16.13.16.59-India- New sheet - Excel file created successfully!
2025-07-16 13:20:23,760 INFO  Meta_Website_Master_Code - Data written successfully: https://mituscouture.com/
2025-07-16 13:20:23,809 INFO  Meta_Website_Master_Code - Data Written in Mastersheet - https://mituscouture.com/
2025-07-16 13:20:23,833 INFO  Meta_Website_Master_Code - Data written at row index: 0
2025-07-16 13:20:23,864 INFO  Meta_Website_Master_Code - 0 - https://mituscouture.com/
2025-07-16 13:20:25,704 INFO  Meta_Website_Master_Code - Duplicate entry skipped: https://mituscouture.com/
2025-07-16 13:20:25,725 INFO  Meta_Website_Master_Code - Duplicate entry in the Mastersheet
2025-07-16 13:20:25,741 INFO  Meta_Website_Master_Code - 1 - https://mituscouture.com/
2025-07-16 13:20:27,999 INFO  Meta_Website_Master_Code - Duplicate entry skipped: https://mituscouture.com/
2025-07-16 13:20:28,022 INFO  Meta_Website_Master_Code - Duplicate entry in the Mastersheet
2025-07-16 13:20:28,042 INFO  Meta_Website_Master_Code - 2 - https://mituscouture.com/
2025-07-16 13:20:29,525 INFO  Meta_Website_Master_Code - Duplicate entry skipped: https://mituscouture.com/
2025-07-16 13:20:29,540 INFO  Meta_Website_Master_Code - Duplicate entry in the Mastersheet
2025-07-16 13:20:29,559 INFO  Meta_Website_Master_Code - 3 - https://mituscouture.com/
2025-07-16 13:20:34,597 INFO  Meta_Website_Master_Code - Data written successfully: https://www.justshop.shop/
2025-07-16 13:20:34,617 INFO  Meta_Website_Master_Code - Data Written in Mastersheet - https://www.justshop.shop/
2025-07-16 13:20:34,642 INFO  Meta_Website_Master_Code - Data written at row index: 1
2025-07-16 13:20:34,666 INFO  Meta_Website_Master_Code - 4 - https://www.justshop.shop/
2025-07-16 13:20:36,200 INFO  Meta_Website_Master_Code - Duplicate entry skipped: https://www.justshop.shop/
2025-07-16 13:20:36,212 INFO  Meta_Website_Master_Code - Duplicate entry in the Mastersheet
2025-07-16 13:20:36,225 INFO  Meta_Website_Master_Code - 5 - https://www.justshop.shop/
2025-07-16 13:20:39,667 INFO  Meta_Website_Master_Code - Data written successfully: https://thekaashi.com/
2025-07-16 13:20:39,818 INFO  Meta_Website_Master_Code - Data Written in Mastersheet - https://thekaashi.com/
2025-07-16 13:20:39,890 INFO  Meta_Website_Master_Code - Data written at row index: 2
2025-07-16 13:20:39,971 INFO  Meta_Website_Master_Code - 6 - https://thekaashi.com/
2025-07-16 13:20:43,154 INFO  Meta_Website_Master_Code - Data written successfully: https://www.frolicsaga.com/
2025-07-16 13:20:43,187 INFO  Meta_Website_Master_Code - Data Written in Mastersheet - https://www.frolicsaga.com/
2025-07-16 13:20:43,247 INFO  Meta_Website_Master_Code - Data written at row index: 3
2025-07-16 13:20:43,315 INFO  Meta_Website_Master_Code - 7 - https://www.frolicsaga.com/
2025-07-16 13:20:45,712 INFO  Meta_Website_Master_Code - Data written successfully: https://newwoffer.gtatens.com/
2025-07-16 13:20:45,725 INFO  Meta_Website_Master_Code - Data Written in Mastersheet - https://newwoffer.gtatens.com/
2025-07-16 13:20:45,741 INFO  Meta_Website_Master_Code - Data written at row index: 4
2025-07-16 13:20:45,754 INFO  Meta_Website_Master_Code - 8 - https://newwoffer.gtatens.com/
2025-07-16 13:20:46,306 INFO  Meta_Website_Master_Code - Data written successfully: https://bioweb.live/
2025-07-16 13:20:46,320 INFO  Meta_Website_Master_Code - Data Written in Mastersheet - https://bioweb.live/
2025-07-16 13:20:46,332 INFO  Meta_Website_Master_Code - Data written at row index: 5
2025-07-16 13:20:46,342 INFO  Meta_Website_Master_Code - 9 - https://bioweb.live/
2025-07-16 13:20:46,908 INFO  Meta_Website_Master_Code - Duplicate entry skipped: https://bioweb.live/
2025-07-16 13:20:46,918 INFO  Meta_Website_Master_Code - Duplicate entry in the Mastersheet
2025-07-16 13:20:46,930 INFO  Meta_Website_Master_Code - 10 - https://bioweb.live/
2025-07-16 13:20:49,334 INFO  Meta_Website_Master_Code - Data written successfully: https://taruni.in/
2025-07-16 13:20:49,349 INFO  Meta_Website_Master_Code - Data Written in Mastersheet - https://taruni.in/
2025-07-16 13:20:49,369 INFO  Meta_Website_Master_Code - Data written at row index: 6
2025-07-16 13:20:49,382 INFO  Meta_Website_Master_Code - 11 - https://taruni.in/
2025-07-16 13:20:53,148 INFO  Meta_Website_Master_Code - Data written successfully: https://glorka.com/
2025-07-16 13:20:53,160 INFO  Meta_Website_Master_Code - Data Written in Mastersheet - https://glorka.com/
2025-07-16 13:20:53,179 INFO  Meta_Website_Master_Code - Data written at row index: 7
2025-07-16 13:20:53,215 INFO  Meta_Website_Master_Code - 12 - https://glorka.com/
2025-07-16 13:20:55,888 INFO  Meta_Website_Master_Code - Data written successfully: https://lapindor.in/
2025-07-16 13:20:55,898 INFO  Meta_Website_Master_Code - Data Written in Mastersheet - https://lapindor.in/
2025-07-16 13:20:55,915 INFO  Meta_Website_Master_Code - Data written at row index: 8
2025-07-16 13:20:55,929 INFO  Meta_Website_Master_Code - 13 - https://lapindor.in/
2025-07-16 13:20:58,435 INFO  Meta_Website_Master_Code - Data written successfully: https://filipkaart-sale.shop/
2025-07-16 13:20:58,444 INFO  Meta_Website_Master_Code - Data Written in Mastersheet - https://filipkaart-sale.shop/
2025-07-16 13:20:58,466 INFO  Meta_Website_Master_Code - Data written at row index: 9
2025-07-16 13:20:58,484 INFO  Meta_Website_Master_Code - 14 - https://filipkaart-sale.shop/
2025-07-16 13:20:59,620 INFO  Meta_Website_Master_Code - Data written successfully: https://meessho.sales-india.live/
2025-07-16 13:20:59,634 INFO  Meta_Website_Master_Code - Data Written in Mastersheet - https://meessho.sales-india.live/
2025-07-16 13:20:59,655 INFO  Meta_Website_Master_Code - Data written at row index: 10
2025-07-16 13:20:59,670 INFO  Meta_Website_Master_Code - 15 - https://meessho.sales-india.live/
2025-07-16 13:21:02,624 INFO  Meta_Website_Master_Code - Data written successfully: https://poshpantsclub.com/
2025-07-16 13:21:02,661 INFO  Meta_Website_Master_Code - Data Written in Mastersheet - https://poshpantsclub.com/
2025-07-16 13:21:02,703 INFO  Meta_Website_Master_Code - Data written at row index: 11
2025-07-16 13:21:02,734 INFO  Meta_Website_Master_Code - 16 - https://poshpantsclub.com/
2025-07-16 13:21:03,454 INFO  Meta_Website_Master_Code - Data written successfully: https://filipkaart-sale.shop/
2025-07-16 13:21:03,465 INFO  Meta_Website_Master_Code - Duplicate entry in the Mastersheet
2025-07-16 13:21:03,474 INFO  Meta_Website_Master_Code - 17 - https://filipkaart-sale.shop/
2025-07-16 13:21:11,051 INFO  Meta_Website_Master_Code - Data written successfully: https://fkiplart.fwh.is/
2025-07-16 13:21:11,063 INFO  Meta_Website_Master_Code - Data Written in Mastersheet - https://fkiplart.fwh.is/
2025-07-16 13:21:11,079 INFO  Meta_Website_Master_Code - Data written at row index: 12
2025-07-16 13:21:11,087 INFO  Meta_Website_Master_Code - 18 - https://fkiplart.fwh.is/
2025-07-16 13:21:11,728 INFO  Meta_Website_Master_Code - Data written successfully: https://meessho.sales-india.live/
2025-07-16 13:21:11,745 INFO  Meta_Website_Master_Code - Duplicate entry in the Mastersheet
2025-07-16 13:21:11,758 INFO  Meta_Website_Master_Code - 19 - https://meessho.sales-india.live/
2025-07-16 13:21:12,339 INFO  Meta_Website_Master_Code - Data written successfully: https://bioweb.live/
2025-07-16 13:21:12,354 INFO  Meta_Website_Master_Code - Duplicate entry in the Mastersheet
2025-07-16 13:21:12,365 INFO  Meta_Website_Master_Code - 20 - https://bioweb.live/
2025-07-16 13:21:15,645 INFO  Meta_Website_Master_Code - Data written successfully: https://www.trenbee.com/
2025-07-16 13:21:15,686 INFO  Meta_Website_Master_Code - Data Written in Mastersheet - https://www.trenbee.com/
2025-07-16 13:21:15,733 INFO  Meta_Website_Master_Code - Data written at row index: 13
2025-07-16 13:21:15,784 INFO  Meta_Website_Master_Code - 21 - https://www.trenbee.com/
2025-07-16 13:21:18,645 INFO  Meta_Website_Master_Code - Data written successfully: https://secret-descont.shop/
2025-07-16 13:21:18,660 INFO  Meta_Website_Master_Code - Data Written in Mastersheet - https://secret-descont.shop/
2025-07-16 13:21:18,684 INFO  Meta_Website_Master_Code - Data written at row index: 14
2025-07-16 13:21:18,700 INFO  Meta_Website_Master_Code - 22 - https://secret-descont.shop/
2025-07-16 13:21:24,613 INFO  Meta_Website_Master_Code - Data written successfully: https://orejewels.in/
2025-07-16 13:21:24,645 INFO  Meta_Website_Master_Code - Data Written in Mastersheet - https://orejewels.in/
2025-07-16 13:21:24,678 INFO  Meta_Website_Master_Code - Data written at row index: 15
2025-07-16 13:21:24,704 INFO  Meta_Website_Master_Code - 23 - https://orejewels.in/
2025-07-16 13:21:27,288 INFO  Meta_Website_Master_Code - Data written successfully: https://www.trenbee.com/
2025-07-16 13:21:27,310 INFO  Meta_Website_Master_Code - Duplicate entry in the Mastersheet
2025-07-16 13:21:27,325 INFO  Meta_Website_Master_Code - 24 - https://www.trenbee.com/
2025-07-16 13:21:30,399 INFO  Meta_Website_Master_Code - Data written successfully: https://www.pinklay.com/
2025-07-16 13:21:30,445 INFO  Meta_Website_Master_Code - Data Written in Mastersheet - https://www.pinklay.com/
2025-07-16 13:21:30,483 INFO  Meta_Website_Master_Code - Data written at row index: 16
2025-07-16 13:21:30,515 INFO  Meta_Website_Master_Code - 25 - https://www.pinklay.com/
2025-07-16 13:21:33,102 INFO  Meta_Website_Master_Code - Data written successfully: https://cart.99outlet.shop/
2025-07-16 13:21:33,110 INFO  Meta_Website_Master_Code - Data Written in Mastersheet - https://cart.99outlet.shop/
2025-07-16 13:21:33,124 INFO  Meta_Website_Master_Code - Data written at row index: 17
2025-07-16 13:21:33,133 INFO  Meta_Website_Master_Code - 26 - https://cart.99outlet.shop/
2025-07-16 13:21:33,674 INFO  Meta_Website_Master_Code - Data written successfully: https://bioweb.live/
2025-07-16 13:21:33,687 INFO  Meta_Website_Master_Code - Duplicate entry in the Mastersheet
2025-07-16 13:21:33,694 INFO  Meta_Website_Master_Code - 27 - https://bioweb.live/
2025-07-16 13:21:36,573 INFO  Meta_Website_Master_Code - Data written successfully: https://www.pinklay.com/
2025-07-16 13:21:36,590 INFO  Meta_Website_Master_Code - Duplicate entry in the Mastersheet
2025-07-16 13:21:36,607 INFO  Meta_Website_Master_Code - 28 - https://www.pinklay.com/
2025-07-16 13:21:38,174 INFO  Meta_Website_Master_Code - Data written successfully: https://under139sale.xyz/
2025-07-16 13:21:38,190 INFO  Meta_Website_Master_Code - Data Written in Mastersheet - https://under139sale.xyz/
2025-07-16 13:21:38,206 INFO  Meta_Website_Master_Code - Data written at row index: 18
2025-07-16 13:21:38,220 INFO  Meta_Website_Master_Code - 29 - https://under139sale.xyz/
2025-07-16 13:21:39,074 INFO  Meta_Website_Master_Code - Duplicate entry skipped: https://under139sale.xyz/
2025-07-16 13:21:39,096 INFO  Meta_Website_Master_Code - Duplicate entry in the Mastersheet
2025-07-16 13:21:39,131 INFO  Meta_Website_Master_Code - 30 - https://under139sale.xyz/
2025-07-16 13:21:43,020 INFO  Meta_Website_Master_Code - Data written successfully: https://flipckart-monsoon-shop.shop/
2025-07-16 13:21:43,039 INFO  Meta_Website_Master_Code - Data Written in Mastersheet - https://flipckart-monsoon-shop.shop/
2025-07-16 13:21:43,057 INFO  Meta_Website_Master_Code - Data written at row index: 19
2025-07-16 13:21:43,069 INFO  Meta_Website_Master_Code - 31 - https://flipckart-monsoon-shop.shop/
2025-07-16 13:21:45,612 INFO  Meta_Website_Master_Code - Data written successfully: https://bioweb.live/
2025-07-16 13:21:45,637 INFO  Meta_Website_Master_Code - Duplicate entry in the Mastersheet
2025-07-16 13:21:45,651 INFO  Meta_Website_Master_Code - 32 - https://bioweb.live/
2025-07-16 13:21:47,248 INFO  Meta_Website_Master_Code - Data written successfully: https://sabrinawlles.sbs/
2025-07-16 13:21:47,263 INFO  Meta_Website_Master_Code - Data Written in Mastersheet - https://sabrinawlles.sbs/
2025-07-16 13:21:47,339 INFO  Meta_Website_Master_Code - Data written at row index: 20
2025-07-16 13:21:47,362 INFO  Meta_Website_Master_Code - 33 - https://sabrinawlles.sbs/
2025-07-16 13:21:50,206 INFO  Meta_Website_Master_Code - Data written successfully: https://urban-mart.shop/
2025-07-16 13:21:50,218 INFO  Meta_Website_Master_Code - Data Written in Mastersheet - https://urban-mart.shop/
2025-07-16 13:21:50,244 INFO  Meta_Website_Master_Code - Data written at row index: 21
2025-07-16 13:21:50,261 INFO  Meta_Website_Master_Code - 34 - https://urban-mart.shop/
2025-07-16 13:21:50,905 INFO  Meta_Website_Master_Code - Data written successfully: https://biogame.live/
2025-07-16 13:21:50,917 INFO  Meta_Website_Master_Code - Data Written in Mastersheet - https://biogame.live/
2025-07-16 13:21:50,940 INFO  Meta_Website_Master_Code - Data written at row index: 22
2025-07-16 13:21:50,963 INFO  Meta_Website_Master_Code - 35 - https://biogame.live/
2025-07-16 13:21:53,366 INFO  Meta_Website_Master_Code - Data written successfully: https://big-billion-flipkart.0ffer.shop/
2025-07-16 13:21:53,385 INFO  Meta_Website_Master_Code - Data Written in Mastersheet - https://big-billion-flipkart.0ffer.shop/
2025-07-16 13:21:53,446 INFO  Meta_Website_Master_Code - Data written at row index: 23
2025-07-16 13:21:53,500 INFO  Meta_Website_Master_Code - 36 - https://big-billion-flipkart.0ffer.shop/
2025-07-16 13:21:54,665 INFO  Meta_Website_Master_Code - Data written successfully: https://urban-mart.shop/
2025-07-16 13:21:54,677 INFO  Meta_Website_Master_Code - Duplicate entry in the Mastersheet
2025-07-16 13:21:54,684 INFO  Meta_Website_Master_Code - 37 - https://urban-mart.shop/
2025-07-16 13:21:57,211 INFO  Meta_Website_Master_Code - Data written successfully: https://dealmo.in/
2025-07-16 13:21:57,228 INFO  Meta_Website_Master_Code - Data Written in Mastersheet - https://dealmo.in/
2025-07-16 13:21:57,276 INFO  Meta_Website_Master_Code - Data written at row index: 24
2025-07-16 13:21:57,331 INFO  Meta_Website_Master_Code - 38 - https://dealmo.in/
2025-07-16 13:22:01,185 INFO  Meta_Website_Master_Code - Data written successfully: https://o2hstore.com/
2025-07-16 13:22:01,195 INFO  Meta_Website_Master_Code - Data Written in Mastersheet - https://o2hstore.com/
2025-07-16 13:22:01,229 INFO  Meta_Website_Master_Code - Data written at row index: 25
2025-07-16 13:22:01,253 INFO  Meta_Website_Master_Code - 39 - https://o2hstore.com/
2025-07-16 13:22:03,188 INFO  Meta_Website_Master_Code - Data written successfully: https://lirathingsbs.sbs/
2025-07-16 13:22:03,219 INFO  Meta_Website_Master_Code - Data Written in Mastersheet - https://lirathingsbs.sbs/
2025-07-16 13:22:03,249 INFO  Meta_Website_Master_Code - Data written at row index: 26
2025-07-16 13:22:03,268 INFO  Meta_Website_Master_Code - 40 - https://lirathingsbs.sbs/
2025-07-16 13:22:05,885 INFO  Meta_Website_Master_Code - Data written successfully: https://offer.gtatens.com/
2025-07-16 13:22:05,893 INFO  Meta_Website_Master_Code - Data Written in Mastersheet - https://offer.gtatens.com/
2025-07-16 13:22:05,904 INFO  Meta_Website_Master_Code - Data written at row index: 27
2025-07-16 13:22:05,912 INFO  Meta_Website_Master_Code - 41 - https://offer.gtatens.com/
2025-07-16 13:22:06,584 INFO  Meta_Website_Master_Code - Data written successfully: https://2.dhamaka-sale.live/
2025-07-16 13:22:06,594 INFO  Meta_Website_Master_Code - Data Written in Mastersheet - https://2.dhamaka-sale.live/
2025-07-16 13:22:06,617 INFO  Meta_Website_Master_Code - Data written at row index: 28
2025-07-16 13:22:06,627 INFO  Meta_Website_Master_Code - 42 - https://2.dhamaka-sale.live/
2025-07-16 13:22:09,871 INFO  Meta_Website_Master_Code - Data written successfully: https://lukecollections.com/
2025-07-16 13:22:09,886 INFO  Meta_Website_Master_Code - Data Written in Mastersheet - https://lukecollections.com/
2025-07-16 13:22:09,904 INFO  Meta_Website_Master_Code - Data written at row index: 29
2025-07-16 13:22:09,920 INFO  Meta_Website_Master_Code - 43 - https://lukecollections.com/
2025-07-16 13:22:09,952 INFO  Meta_Website_Master_Code - Excel file has sheets, not deleted.
2025-07-16 13:22:09,971 INFO  Meta_Website_Master_Code - Total filtered Link count: 30
