2025-07-10 14:08:31,591 INFO  Meta_Master_Code - URL Entered
2025-07-10 14:08:31,714 INFO  Meta_Master_Code - Entered country is - India
2025-07-10 14:08:31,716 INFO  Meta_Master_Code - India has been Choosen
2025-07-10 14:08:31,994 INFO  Meta_Master_Code - Data Found
2025-07-10 14:08:32,004 INFO  Meta_Master_Code - The Number of Scroll count Entered is - 150
2025-07-10 14:08:32,004 INFO  Meta_Master_Code - Scroll: 0
2025-07-10 14:08:38,076 INFO  Meta_Master_Code - Scroll: 1
2025-07-10 14:08:44,199 INFO  Meta_Master_Code - Scroll: 2
2025-07-10 14:08:50,274 INFO  Meta_Master_Code - Scroll: 3
2025-07-10 14:08:56,341 INFO  Meta_Master_Code - Scroll: 4
2025-07-10 14:09:02,397 INFO  Meta_Master_Code - Scroll: 5
2025-07-10 14:09:08,451 INFO  Meta_Master_Code - Scroll: 6
2025-07-10 14:09:14,494 INFO  Meta_Master_Code - Scroll: 7
2025-07-10 14:09:20,549 INFO  Meta_Master_Code - Scroll: 8
2025-07-10 14:09:26,588 INFO  Meta_Master_Code - Scroll: 9
2025-07-10 14:09:32,643 INFO  Meta_Master_Code - Scroll: 10
2025-07-10 14:09:38,697 INFO  Meta_Master_Code - Scroll: 11
2025-07-10 14:09:44,765 INFO  Meta_Master_Code - Scroll: 12
2025-07-10 14:09:50,820 INFO  Meta_Master_Code - Scroll: 13
2025-07-10 14:09:56,866 INFO  Meta_Master_Code - Scroll: 14
2025-07-10 14:10:02,910 INFO  Meta_Master_Code - Scroll: 15
2025-07-10 14:10:08,950 INFO  Meta_Master_Code - Scroll: 16
2025-07-10 14:10:14,990 INFO  Meta_Master_Code - Scroll: 17
2025-07-10 14:10:21,051 INFO  Meta_Master_Code - Scroll: 18
2025-07-10 14:10:27,120 INFO  Meta_Master_Code - Scroll: 19
2025-07-10 14:10:33,194 INFO  Meta_Master_Code - Scroll: 20
2025-07-10 14:10:39,267 INFO  Meta_Master_Code - Scroll: 21
2025-07-10 14:10:45,319 INFO  Meta_Master_Code - Scroll: 22
2025-07-10 14:10:51,375 INFO  Meta_Master_Code - Scroll: 23
2025-07-10 14:10:57,411 INFO  Meta_Master_Code - Scroll: 24
2025-07-10 14:11:03,455 INFO  Meta_Master_Code - Scroll: 25
2025-07-10 14:11:09,491 INFO  Meta_Master_Code - Scroll: 26
2025-07-10 14:11:15,545 INFO  Meta_Master_Code - Scroll: 27
2025-07-10 14:11:21,589 INFO  Meta_Master_Code - Scroll: 28
2025-07-10 14:11:27,635 INFO  Meta_Master_Code - Scroll: 29
2025-07-10 14:11:33,699 INFO  Meta_Master_Code - Scroll: 30
2025-07-10 14:11:39,773 INFO  Meta_Master_Code - Scroll: 31
2025-07-10 14:11:45,836 INFO  Meta_Master_Code - Scroll: 32
2025-07-10 14:11:51,883 INFO  Meta_Master_Code - Scroll: 33
2025-07-10 14:11:57,923 INFO  Meta_Master_Code - Scroll: 34
2025-07-10 14:12:03,956 INFO  Meta_Master_Code - Scroll: 35
2025-07-10 14:12:10,018 INFO  Meta_Master_Code - Scroll: 36
2025-07-10 14:12:16,072 INFO  Meta_Master_Code - Scroll: 37
2025-07-10 14:12:22,130 INFO  Meta_Master_Code - Scroll: 38
2025-07-10 14:12:28,210 INFO  Meta_Master_Code - Scroll: 39
2025-07-10 14:12:34,273 INFO  Meta_Master_Code - Scroll: 40
2025-07-10 14:12:40,311 INFO  Meta_Master_Code - Scroll: 41
2025-07-10 14:12:46,363 INFO  Meta_Master_Code - Scroll: 42
2025-07-10 14:12:52,415 INFO  Meta_Master_Code - Scroll: 43
2025-07-10 14:12:58,460 INFO  Meta_Master_Code - Scroll: 44
2025-07-10 14:13:04,525 INFO  Meta_Master_Code - Scroll: 45
2025-07-10 14:13:10,573 INFO  Meta_Master_Code - Scroll: 46
2025-07-10 14:13:16,616 INFO  Meta_Master_Code - Scroll: 47
2025-07-10 14:13:22,671 INFO  Meta_Master_Code - Scroll: 48
2025-07-10 14:13:28,726 INFO  Meta_Master_Code - Scroll: 49
2025-07-10 14:13:34,772 INFO  Meta_Master_Code - Scroll: 50
2025-07-10 14:13:40,824 INFO  Meta_Master_Code - Scroll: 51
2025-07-10 14:13:46,869 INFO  Meta_Master_Code - Scroll: 52
2025-07-10 14:13:52,919 INFO  Meta_Master_Code - Scroll: 53
2025-07-10 14:13:58,956 INFO  Meta_Master_Code - Scroll: 54
2025-07-10 14:14:05,027 INFO  Meta_Master_Code - Scroll: 55
2025-07-10 14:14:11,100 INFO  Meta_Master_Code - Scroll: 56
2025-07-10 14:14:17,182 INFO  Meta_Master_Code - Scroll: 57
2025-07-10 14:14:23,247 INFO  Meta_Master_Code - Scroll: 58
2025-07-10 14:14:29,306 INFO  Meta_Master_Code - Scroll: 59
2025-07-10 14:14:35,346 INFO  Meta_Master_Code - Scroll: 60
2025-07-10 14:14:41,387 INFO  Meta_Master_Code - Scroll: 61
2025-07-10 14:14:47,434 INFO  Meta_Master_Code - Scroll: 62
2025-07-10 14:14:53,490 INFO  Meta_Master_Code - Scroll: 63
2025-07-10 14:14:59,550 INFO  Meta_Master_Code - Scroll: 64
2025-07-10 14:15:05,590 INFO  Meta_Master_Code - Scroll: 65
2025-07-10 14:15:11,638 INFO  Meta_Master_Code - Scroll: 66
2025-07-10 14:15:17,678 INFO  Meta_Master_Code - Scroll: 67
2025-07-10 14:15:23,723 INFO  Meta_Master_Code - Scroll: 68
2025-07-10 14:15:29,782 INFO  Meta_Master_Code - Scroll: 69
2025-07-10 14:15:35,828 INFO  Meta_Master_Code - Scroll: 70
2025-07-10 14:15:41,851 INFO  Meta_Master_Code - Scroll: 71
2025-07-10 14:15:47,907 INFO  Meta_Master_Code - Scroll: 72
2025-07-10 14:15:53,944 INFO  Meta_Master_Code - Scroll: 73
2025-07-10 14:15:59,994 INFO  Meta_Master_Code - Scroll: 74
2025-07-10 14:16:06,050 INFO  Meta_Master_Code - Scroll: 75
2025-07-10 14:16:12,096 INFO  Meta_Master_Code - Scroll: 76
2025-07-10 14:16:18,144 INFO  Meta_Master_Code - Scroll: 77
2025-07-10 14:16:24,208 INFO  Meta_Master_Code - Scroll: 78
2025-07-10 14:16:30,273 INFO  Meta_Master_Code - Scroll: 79
2025-07-10 14:16:36,324 INFO  Meta_Master_Code - Scroll: 80
2025-07-10 14:16:42,355 INFO  Meta_Master_Code - Scroll: 81
2025-07-10 14:16:48,409 INFO  Meta_Master_Code - Scroll: 82
2025-07-10 14:16:54,458 INFO  Meta_Master_Code - Scroll: 83
2025-07-10 14:17:00,516 INFO  Meta_Master_Code - Scroll: 84
2025-07-10 14:17:06,580 INFO  Meta_Master_Code - Scroll: 85
2025-07-10 14:17:12,610 INFO  Meta_Master_Code - Scroll: 86
2025-07-10 14:17:18,657 INFO  Meta_Master_Code - Scroll: 87
2025-07-10 14:17:24,694 INFO  Meta_Master_Code - Scroll: 88
2025-07-10 14:17:30,753 INFO  Meta_Master_Code - Scroll: 89
2025-07-10 14:17:36,787 INFO  Meta_Master_Code - Scroll: 90
2025-07-10 14:17:42,833 INFO  Meta_Master_Code - Scroll: 91
2025-07-10 14:17:48,900 INFO  Meta_Master_Code - Scroll: 92
2025-07-10 14:17:54,943 INFO  Meta_Master_Code - Scroll: 93
2025-07-10 14:18:00,987 INFO  Meta_Master_Code - Scroll: 94
2025-07-10 14:18:07,037 INFO  Meta_Master_Code - Scroll: 95
2025-07-10 14:18:13,075 INFO  Meta_Master_Code - Scroll: 96
2025-07-10 14:18:19,108 INFO  Meta_Master_Code - Scroll: 97
2025-07-10 14:18:25,161 INFO  Meta_Master_Code - Scroll: 98
2025-07-10 14:18:31,259 INFO  Meta_Master_Code - Scroll: 99
2025-07-10 14:18:37,288 INFO  Meta_Master_Code - Scroll: 100
2025-07-10 14:18:43,351 INFO  Meta_Master_Code - Scroll: 101
2025-07-10 14:18:49,393 INFO  Meta_Master_Code - Scroll: 102
2025-07-10 14:18:55,456 INFO  Meta_Master_Code - Scroll: 103
2025-07-10 14:19:01,513 INFO  Meta_Master_Code - Scroll: 104
2025-07-10 14:19:07,572 INFO  Meta_Master_Code - Scroll: 105
2025-07-10 14:19:13,649 INFO  Meta_Master_Code - Scroll: 106
2025-07-10 14:19:19,730 INFO  Meta_Master_Code - Scroll: 107
2025-07-10 14:19:25,808 INFO  Meta_Master_Code - Scroll: 108
2025-07-10 14:19:31,843 INFO  Meta_Master_Code - Scroll: 109
2025-07-10 14:19:37,888 INFO  Meta_Master_Code - Scroll: 110
2025-07-10 14:19:43,934 INFO  Meta_Master_Code - Scroll: 111
2025-07-10 14:19:49,985 INFO  Meta_Master_Code - Scroll: 112
2025-07-10 14:19:56,014 INFO  Meta_Master_Code - Scroll: 113
2025-07-10 14:20:02,044 INFO  Meta_Master_Code - Scroll: 114
2025-07-10 14:20:08,099 INFO  Meta_Master_Code - Scroll: 115
2025-07-10 14:20:14,149 INFO  Meta_Master_Code - Scroll: 116
2025-07-10 14:20:20,178 INFO  Meta_Master_Code - Scroll: 117
2025-07-10 14:20:26,227 INFO  Meta_Master_Code - Scroll: 118
2025-07-10 14:20:32,297 INFO  Meta_Master_Code - Scroll: 119
2025-07-10 14:20:38,366 INFO  Meta_Master_Code - Scroll: 120
2025-07-10 14:20:44,407 INFO  Meta_Master_Code - Scroll: 121
2025-07-10 14:20:50,452 INFO  Meta_Master_Code - Scroll: 122
2025-07-10 14:20:56,487 INFO  Meta_Master_Code - Scroll: 123
2025-07-10 14:21:02,514 INFO  Meta_Master_Code - Scroll: 124
2025-07-10 14:21:08,550 INFO  Meta_Master_Code - Scroll: 125
2025-07-10 14:21:14,594 INFO  Meta_Master_Code - Scroll: 126
2025-07-10 14:21:20,658 INFO  Meta_Master_Code - Scroll: 127
2025-07-10 14:21:26,705 INFO  Meta_Master_Code - Scroll: 128
2025-07-10 14:21:32,783 INFO  Meta_Master_Code - Scroll: 129
2025-07-10 14:21:38,820 INFO  Meta_Master_Code - Scroll: 130
2025-07-10 14:21:44,851 INFO  Meta_Master_Code - Scroll: 131
2025-07-10 14:21:50,902 INFO  Meta_Master_Code - Scroll: 132
2025-07-10 14:21:56,956 INFO  Meta_Master_Code - Scroll: 133
2025-07-10 14:22:02,988 INFO  Meta_Master_Code - Scroll: 134
2025-07-10 14:22:09,022 INFO  Meta_Master_Code - Scroll: 135
2025-07-10 14:22:15,077 INFO  Meta_Master_Code - Scroll: 136
2025-07-10 14:22:21,127 INFO  Meta_Master_Code - Scroll: 137
2025-07-10 14:22:27,160 INFO  Meta_Master_Code - Scroll: 138
2025-07-10 14:22:33,192 INFO  Meta_Master_Code - Scroll: 139
2025-07-10 14:22:39,237 INFO  Meta_Master_Code - Scroll: 140
2025-07-10 14:22:45,309 INFO  Meta_Master_Code - Scroll: 141
2025-07-10 14:22:51,351 INFO  Meta_Master_Code - Scroll: 142
2025-07-10 14:22:57,402 INFO  Meta_Master_Code - Scroll: 143
2025-07-10 14:23:03,448 INFO  Meta_Master_Code - Scroll: 144
2025-07-10 14:23:09,511 INFO  Meta_Master_Code - Scroll: 145
2025-07-10 14:23:15,565 INFO  Meta_Master_Code - Scroll: 146
2025-07-10 14:23:21,611 INFO  Meta_Master_Code - Scroll: 147
2025-07-10 14:23:27,665 INFO  Meta_Master_Code - Scroll: 148
2025-07-10 14:23:33,708 INFO  Meta_Master_Code - Scroll: 149
2025-07-10 14:23:39,749 INFO  Meta_Master_Code - Scroll: 150
2025-07-10 14:23:47,302 INFO  Meta_Master_Code - 2025.07.10.14.08.25 - Excel file created successfully!
2025-07-10 14:23:47,360 INFO  Meta_Master_Code - Total link is 2
2025-07-10 14:23:47,613 INFO  Meta_Master_Code - 1 - Data written successfully.
2025-07-10 14:23:47,685 INFO  Meta_Master_Code - 2 - Data written successfully.
2025-07-10 14:23:47,717 INFO  Meta_Master_Code - Excel file has sheets, not deleted.
2025-07-10 14:23:47,748 INFO  Meta_Master_Code - 2025.07.10.14.08.25-India- New sheet - Excel file created successfully!
