2025-07-14 16:07:26,326 INFO  Meta_Master_Code - URL Entered
2025-07-14 16:07:26,489 INFO  Meta_Master_Code - Entered country is - India
2025-07-14 16:07:26,489 INFO  Meta_Master_Code - India has been Choosen
2025-07-14 16:07:26,738 INFO  Meta_Master_Code - Data Found
2025-07-14 16:07:26,746 INFO  Meta_Master_Code - The Number of Scroll count Entered is - 50
2025-07-14 16:07:26,746 INFO  Meta_Master_Code - Scroll: 0
2025-07-14 16:07:32,824 INFO  Meta_Master_Code - Scroll: 1
2025-07-14 16:07:38,906 INFO  Meta_Master_Code - Scroll: 2
2025-07-14 16:07:45,098 INFO  Meta_Master_Code - Scroll: 3
2025-07-14 16:07:51,134 INFO  Meta_Master_Code - Scroll: 4
2025-07-14 16:07:57,191 INFO  Meta_Master_Code - Scroll: 5
2025-07-14 16:08:03,279 INFO  Meta_Master_Code - Scroll: 6
2025-07-14 16:08:09,431 INFO  Meta_Master_Code - Scroll: 7
2025-07-14 16:08:15,577 INFO  Meta_Master_Code - Scroll: 8
2025-07-14 16:08:21,660 INFO  Meta_Master_Code - Scroll: 9
2025-07-14 16:08:27,766 INFO  Meta_Master_Code - Scroll: 10
2025-07-14 16:08:33,867 INFO  Meta_Master_Code - Scroll: 11
2025-07-14 16:08:39,925 INFO  Meta_Master_Code - Scroll: 12
2025-07-14 16:08:46,001 INFO  Meta_Master_Code - Scroll: 13
2025-07-14 16:08:52,143 INFO  Meta_Master_Code - Scroll: 14
2025-07-14 16:08:58,348 INFO  Meta_Master_Code - Scroll: 15
2025-07-14 16:09:04,470 INFO  Meta_Master_Code - Scroll: 16
2025-07-14 16:09:10,642 INFO  Meta_Master_Code - Scroll: 17
2025-07-14 16:09:16,722 INFO  Meta_Master_Code - Scroll: 18
2025-07-14 16:09:22,790 INFO  Meta_Master_Code - Scroll: 19
2025-07-14 16:09:28,888 INFO  Meta_Master_Code - Scroll: 20
2025-07-14 16:09:34,991 INFO  Meta_Master_Code - Scroll: 21
2025-07-14 16:09:41,056 INFO  Meta_Master_Code - Scroll: 22
2025-07-14 16:09:47,207 INFO  Meta_Master_Code - Scroll: 23
2025-07-14 16:09:53,362 INFO  Meta_Master_Code - Scroll: 24
2025-07-14 16:09:59,464 INFO  Meta_Master_Code - Scroll: 25
2025-07-14 16:10:05,555 INFO  Meta_Master_Code - Scroll: 26
2025-07-14 16:10:11,612 INFO  Meta_Master_Code - Scroll: 27
2025-07-14 16:10:17,705 INFO  Meta_Master_Code - Scroll: 28
2025-07-14 16:10:23,770 INFO  Meta_Master_Code - Scroll: 29
2025-07-14 16:10:29,854 INFO  Meta_Master_Code - Scroll: 30
2025-07-14 16:10:36,011 INFO  Meta_Master_Code - Scroll: 31
2025-07-14 16:10:42,173 INFO  Meta_Master_Code - Scroll: 32
2025-07-14 16:10:48,327 INFO  Meta_Master_Code - Scroll: 33
2025-07-14 16:10:54,468 INFO  Meta_Master_Code - Scroll: 34
2025-07-14 16:11:00,535 INFO  Meta_Master_Code - Scroll: 35
2025-07-14 16:11:06,629 INFO  Meta_Master_Code - Scroll: 36
2025-07-14 16:11:12,743 INFO  Meta_Master_Code - Scroll: 37
2025-07-14 16:11:18,851 INFO  Meta_Master_Code - Scroll: 38
2025-07-14 16:11:24,971 INFO  Meta_Master_Code - Scroll: 39
2025-07-14 16:11:31,074 INFO  Meta_Master_Code - Scroll: 40
2025-07-14 16:11:37,223 INFO  Meta_Master_Code - Scroll: 41
2025-07-14 16:11:43,367 INFO  Meta_Master_Code - Scroll: 42
2025-07-14 16:11:49,714 INFO  Meta_Master_Code - Scroll: 43
2025-07-14 16:11:55,801 INFO  Meta_Master_Code - Scroll: 44
2025-07-14 16:12:01,937 INFO  Meta_Master_Code - Scroll: 45
2025-07-14 16:12:08,043 INFO  Meta_Master_Code - Scroll: 46
2025-07-14 16:12:14,134 INFO  Meta_Master_Code - Scroll: 47
2025-07-14 16:12:20,598 INFO  Meta_Master_Code - Scroll: 48
2025-07-14 16:12:27,108 INFO  Meta_Master_Code - Scroll: 49
2025-07-14 16:12:33,326 INFO  Meta_Master_Code - Scroll: 50
2025-07-14 16:12:41,109 INFO  Meta_Master_Code - 2025.07.14.16.07.20 - Excel file created successfully!
2025-07-14 16:12:41,175 INFO  Meta_Master_Code - Total link is 90
2025-07-14 16:12:41,405 INFO  Meta_Master_Code - 1 - Data written successfully.
2025-07-14 16:12:41,477 INFO  Meta_Master_Code - 2 - Data written successfully.
2025-07-14 16:12:41,548 INFO  Meta_Master_Code - 3 - Data written successfully.
2025-07-14 16:12:41,619 INFO  Meta_Master_Code - 4 - Data written successfully.
2025-07-14 16:12:41,688 INFO  Meta_Master_Code - 5 - Data written successfully.
2025-07-14 16:12:41,763 INFO  Meta_Master_Code - 6 - Data written successfully.
2025-07-14 16:12:41,842 INFO  Meta_Master_Code - 7 - Data written successfully.
2025-07-14 16:12:41,915 INFO  Meta_Master_Code - 8 - Data written successfully.
2025-07-14 16:12:42,002 INFO  Meta_Master_Code - 9 - Data written successfully.
2025-07-14 16:12:42,103 INFO  Meta_Master_Code - 10 - Data written successfully.
2025-07-14 16:12:42,189 INFO  Meta_Master_Code - 11 - Data written successfully.
2025-07-14 16:12:42,284 INFO  Meta_Master_Code - 12 - Data written successfully.
2025-07-14 16:12:42,384 INFO  Meta_Master_Code - 13 - Data written successfully.
2025-07-14 16:12:42,485 INFO  Meta_Master_Code - 14 - Data written successfully.
2025-07-14 16:12:42,580 INFO  Meta_Master_Code - 15 - Data written successfully.
2025-07-14 16:12:42,681 INFO  Meta_Master_Code - 16 - Data written successfully.
2025-07-14 16:12:42,764 INFO  Meta_Master_Code - 17 - Data written successfully.
2025-07-14 16:12:42,834 INFO  Meta_Master_Code - 18 - Data written successfully.
2025-07-14 16:12:42,928 INFO  Meta_Master_Code - 19 - Data written successfully.
2025-07-14 16:12:43,000 INFO  Meta_Master_Code - 20 - Data written successfully.
2025-07-14 16:12:43,080 INFO  Meta_Master_Code - 21 - Data written successfully.
2025-07-14 16:12:43,181 INFO  Meta_Master_Code - 22 - Data written successfully.
2025-07-14 16:12:43,271 INFO  Meta_Master_Code - 23 - Data written successfully.
2025-07-14 16:12:43,358 INFO  Meta_Master_Code - 24 - Data written successfully.
2025-07-14 16:12:43,451 INFO  Meta_Master_Code - 25 - Data written successfully.
2025-07-14 16:12:43,530 INFO  Meta_Master_Code - 26 - Data written successfully.
2025-07-14 16:12:43,641 WARN  Meta_Master_Code - 27 - Link is disabled
2025-07-14 16:12:44,150 INFO  Meta_Master_Code - 28 - Data written successfully.
2025-07-14 16:12:44,180 WARN  Meta_Master_Code - 29 - Link is disabled
2025-07-14 16:12:44,210 WARN  Meta_Master_Code - 30 - Link is disabled
2025-07-14 16:12:44,243 WARN  Meta_Master_Code - 31 - Link is disabled
2025-07-14 16:12:44,272 WARN  Meta_Master_Code - 32 - Link is disabled
2025-07-14 16:12:44,328 INFO  Meta_Master_Code - 33 - Data written successfully.
2025-07-14 16:12:44,360 WARN  Meta_Master_Code - 34 - Link is disabled
2025-07-14 16:12:44,396 WARN  Meta_Master_Code - 35 - Link is disabled
2025-07-14 16:12:44,450 WARN  Meta_Master_Code - 36 - Link is disabled
2025-07-14 16:12:44,483 WARN  Meta_Master_Code - 37 - Link is disabled
2025-07-14 16:12:44,547 INFO  Meta_Master_Code - 38 - Data written successfully.
2025-07-14 16:12:44,624 INFO  Meta_Master_Code - 39 - Data written successfully.
2025-07-14 16:12:44,751 INFO  Meta_Master_Code - 40 - Data written successfully.
2025-07-14 16:12:44,926 INFO  Meta_Master_Code - 41 - Data written successfully.
2025-07-14 16:12:44,997 WARN  Meta_Master_Code - 42 - Link is disabled
2025-07-14 16:12:45,059 WARN  Meta_Master_Code - 43 - Link is disabled
2025-07-14 16:12:45,150 WARN  Meta_Master_Code - 44 - Link is disabled
2025-07-14 16:12:45,257 INFO  Meta_Master_Code - 45 - Data written successfully.
2025-07-14 16:12:45,305 WARN  Meta_Master_Code - 46 - Link is disabled
2025-07-14 16:12:45,355 WARN  Meta_Master_Code - 47 - Link is disabled
2025-07-14 16:12:45,400 WARN  Meta_Master_Code - 48 - Link is disabled
2025-07-14 16:12:45,476 INFO  Meta_Master_Code - 49 - Data written successfully.
2025-07-14 16:12:45,550 INFO  Meta_Master_Code - 50 - Data written successfully.
2025-07-14 16:12:45,624 INFO  Meta_Master_Code - 51 - Data written successfully.
2025-07-14 16:12:45,720 INFO  Meta_Master_Code - 52 - Data written successfully.
2025-07-14 16:12:45,844 INFO  Meta_Master_Code - 53 - Data written successfully.
2025-07-14 16:12:45,927 INFO  Meta_Master_Code - 54 - Data written successfully.
2025-07-14 16:12:45,995 INFO  Meta_Master_Code - 55 - Data written successfully.
2025-07-14 16:12:46,074 INFO  Meta_Master_Code - 56 - Data written successfully.
2025-07-14 16:12:46,159 INFO  Meta_Master_Code - 57 - Data written successfully.
2025-07-14 16:12:46,254 INFO  Meta_Master_Code - 58 - Data written successfully.
2025-07-14 16:12:46,326 INFO  Meta_Master_Code - 59 - Data written successfully.
2025-07-14 16:12:46,392 INFO  Meta_Master_Code - 60 - Data written successfully.
2025-07-14 16:12:46,476 INFO  Meta_Master_Code - 61 - Data written successfully.
2025-07-14 16:12:46,546 INFO  Meta_Master_Code - 62 - Data written successfully.
2025-07-14 16:12:46,614 INFO  Meta_Master_Code - 63 - Data written successfully.
2025-07-14 16:12:46,678 INFO  Meta_Master_Code - 64 - Data written successfully.
2025-07-14 16:12:46,746 INFO  Meta_Master_Code - 65 - Data written successfully.
2025-07-14 16:12:46,843 INFO  Meta_Master_Code - 66 - Data written successfully.
2025-07-14 16:12:46,920 INFO  Meta_Master_Code - 67 - Data written successfully.
2025-07-14 16:12:46,953 WARN  Meta_Master_Code - 68 - Link is disabled
2025-07-14 16:12:47,005 INFO  Meta_Master_Code - 69 - Data written successfully.
2025-07-14 16:12:47,064 INFO  Meta_Master_Code - 70 - Data written successfully.
2025-07-14 16:12:47,132 INFO  Meta_Master_Code - 71 - Data written successfully.
2025-07-14 16:12:47,208 INFO  Meta_Master_Code - 72 - Data written successfully.
2025-07-14 16:12:47,272 INFO  Meta_Master_Code - 73 - Data written successfully.
2025-07-14 16:12:47,331 INFO  Meta_Master_Code - 74 - Data written successfully.
2025-07-14 16:12:47,386 INFO  Meta_Master_Code - 75 - Data written successfully.
2025-07-14 16:12:47,469 INFO  Meta_Master_Code - 76 - Data written successfully.
2025-07-14 16:12:47,540 INFO  Meta_Master_Code - 77 - Data written successfully.
2025-07-14 16:12:47,601 INFO  Meta_Master_Code - 78 - Data written successfully.
2025-07-14 16:12:47,665 INFO  Meta_Master_Code - 79 - Data written successfully.
2025-07-14 16:12:47,730 INFO  Meta_Master_Code - 80 - Data written successfully.
2025-07-14 16:12:47,795 INFO  Meta_Master_Code - 81 - Data written successfully.
2025-07-14 16:12:47,847 INFO  Meta_Master_Code - 82 - Data written successfully.
2025-07-14 16:12:47,900 INFO  Meta_Master_Code - 83 - Data written successfully.
2025-07-14 16:12:47,957 INFO  Meta_Master_Code - 84 - Data written successfully.
2025-07-14 16:12:48,020 INFO  Meta_Master_Code - 85 - Data written successfully.
2025-07-14 16:12:48,080 INFO  Meta_Master_Code - 86 - Data written successfully.
2025-07-14 16:12:48,147 INFO  Meta_Master_Code - 87 - Data written successfully.
2025-07-14 16:12:48,243 INFO  Meta_Master_Code - 88 - Data written successfully.
2025-07-14 16:12:48,309 INFO  Meta_Master_Code - 89 - Data written successfully.
2025-07-14 16:12:48,394 INFO  Meta_Master_Code - 90 - Data written successfully.
2025-07-14 16:12:48,406 INFO  Meta_Master_Code - Excel file has sheets, not deleted.
2025-07-14 16:12:48,421 INFO  Meta_Master_Code - 2025.07.14.16.07.20-India- New sheet - Excel file created successfully!
2025-07-14 16:12:50,660 INFO  Meta_Master_Code - 0-The downloads Count is -100000
2025-07-14 16:12:50,674 INFO  Meta_Master_Code - 0No Rating is Given
2025-07-14 16:12:50,708 INFO  Meta_Master_Code - Data written successfully: https://play.google.com/store/apps/details?id=com.revia.aiart.aiphoto.aivideo.generator
2025-07-14 16:12:50,762 INFO  Meta_Master_Code - Duplicate entry in the Mastersheet
2025-07-14 16:12:50,792 INFO  Meta_Master_Code - 0 - link in written
2025-07-14 16:12:52,392 INFO  Meta_Master_Code - 1-The downloads Count is -10000000
2025-07-14 16:12:52,392 INFO  Meta_Master_Code - 1 - The Downloads is more than 1M
2025-07-14 16:12:53,903 INFO  Meta_Master_Code - 2-The downloads Count is -10000000
2025-07-14 16:12:53,903 INFO  Meta_Master_Code - 2 - The Downloads is more than 1M
2025-07-14 16:12:55,406 INFO  Meta_Master_Code - 3-The downloads Count is -10000000
2025-07-14 16:12:55,406 INFO  Meta_Master_Code - 3 - The Downloads is more than 1M
2025-07-14 16:12:56,769 INFO  Meta_Master_Code - 4-The downloads Count is -10000000
2025-07-14 16:12:56,769 INFO  Meta_Master_Code - 4 - The Downloads is more than 1M
2025-07-14 16:12:58,283 INFO  Meta_Master_Code - 5-The downloads Count is -10000000
2025-07-14 16:12:58,283 INFO  Meta_Master_Code - 5 - The Downloads is more than 1M
2025-07-14 16:12:59,629 INFO  Meta_Master_Code - 6-The downloads Count is -10000000
2025-07-14 16:12:59,629 INFO  Meta_Master_Code - 6 - The Downloads is more than 1M
2025-07-14 16:13:00,891 INFO  Meta_Master_Code - 7-The downloads Count is -5000
2025-07-14 16:13:00,901 INFO  Meta_Master_Code - 7No Rating is Given
2025-07-14 16:13:00,923 INFO  Meta_Master_Code - Data written successfully: https://play.google.com/store/apps/details?id=com.reno.ai.interior.home.design
2025-07-14 16:13:00,943 INFO  Meta_Master_Code - Duplicate entry in the Mastersheet
2025-07-14 16:13:00,960 INFO  Meta_Master_Code - 7 - link in written
2025-07-14 16:13:02,169 INFO  Meta_Master_Code - 8-The downloads Count is -5000
2025-07-14 16:13:02,185 INFO  Meta_Master_Code - 8No Rating is Given
2025-07-14 16:13:02,201 INFO  Meta_Master_Code - Duplicate entry skipped: https://play.google.com/store/apps/details?id=com.reno.ai.interior.home.design
2025-07-14 16:13:02,231 INFO  Meta_Master_Code - Duplicate entry in the Mastersheet
2025-07-14 16:13:02,259 INFO  Meta_Master_Code - 8 - link in written
2025-07-14 16:13:03,497 INFO  Meta_Master_Code - 9-The downloads Count is -1000000
2025-07-14 16:13:03,516 INFO  Meta_Master_Code - Parsed rating: 3.9
2025-07-14 16:13:03,536 INFO  Meta_Master_Code - Data written successfully: https://play.google.com/store/apps/details?id=com.songn.est
2025-07-14 16:13:03,559 INFO  Meta_Master_Code - Duplicate entry in the Mastersheet
2025-07-14 16:13:03,574 INFO  Meta_Master_Code - The rating is less than 4.5
2025-07-14 16:13:03,574 INFO  Meta_Master_Code - 9 - link in written
2025-07-14 16:13:05,012 INFO  Meta_Master_Code - 10-The downloads Count is -500000
2025-07-14 16:13:05,033 INFO  Meta_Master_Code - Parsed rating: 4.5
2025-07-14 16:13:05,056 INFO  Meta_Master_Code - Data written successfully: https://play.google.com/store/apps/details?id=antitheftalarm.donttouchmyphone.antipro
2025-07-14 16:13:05,072 INFO  Meta_Master_Code - Duplicate entry in the Mastersheet
2025-07-14 16:13:05,086 INFO  Meta_Master_Code - The rating is less than 4.5
2025-07-14 16:13:05,086 INFO  Meta_Master_Code - 10 - link in written
2025-07-14 16:13:06,283 INFO  Meta_Master_Code - 11-The downloads Count is -500000
2025-07-14 16:13:06,299 INFO  Meta_Master_Code - Parsed rating: 4.5
2025-07-14 16:13:06,311 INFO  Meta_Master_Code - Duplicate entry skipped: https://play.google.com/store/apps/details?id=antitheftalarm.donttouchmyphone.antipro
2025-07-14 16:13:06,331 INFO  Meta_Master_Code - Duplicate entry in the Mastersheet
2025-07-14 16:13:06,347 INFO  Meta_Master_Code - The rating is less than 4.5
2025-07-14 16:13:06,347 INFO  Meta_Master_Code - 11 - link in written
2025-07-14 16:13:07,694 INFO  Meta_Master_Code - 12-The downloads Count is -500000
2025-07-14 16:13:07,712 INFO  Meta_Master_Code - Parsed rating: 4.5
2025-07-14 16:13:07,722 INFO  Meta_Master_Code - Duplicate entry skipped: https://play.google.com/store/apps/details?id=antitheftalarm.donttouchmyphone.antipro
2025-07-14 16:13:07,738 INFO  Meta_Master_Code - Duplicate entry in the Mastersheet
2025-07-14 16:13:07,758 INFO  Meta_Master_Code - The rating is less than 4.5
2025-07-14 16:13:07,758 INFO  Meta_Master_Code - 12 - link in written
2025-07-14 16:13:09,025 INFO  Meta_Master_Code - 13-The downloads Count is -500000
2025-07-14 16:13:09,044 INFO  Meta_Master_Code - Parsed rating: 4.5
2025-07-14 16:13:09,055 INFO  Meta_Master_Code - Duplicate entry skipped: https://play.google.com/store/apps/details?id=antitheftalarm.donttouchmyphone.antipro
2025-07-14 16:13:09,079 INFO  Meta_Master_Code - Duplicate entry in the Mastersheet
2025-07-14 16:13:09,094 INFO  Meta_Master_Code - The rating is less than 4.5
2025-07-14 16:13:09,094 INFO  Meta_Master_Code - 13 - link in written
2025-07-14 16:13:10,294 INFO  Meta_Master_Code - 14-The downloads Count is -500000
2025-07-14 16:13:10,311 INFO  Meta_Master_Code - Parsed rating: 4.5
2025-07-14 16:13:10,327 INFO  Meta_Master_Code - Duplicate entry skipped: https://play.google.com/store/apps/details?id=antitheftalarm.donttouchmyphone.antipro
2025-07-14 16:13:10,350 INFO  Meta_Master_Code - Duplicate entry in the Mastersheet
2025-07-14 16:13:10,368 INFO  Meta_Master_Code - The rating is less than 4.5
2025-07-14 16:13:10,368 INFO  Meta_Master_Code - 14 - link in written
2025-07-14 16:13:11,603 INFO  Meta_Master_Code - 15-The downloads Count is -500000
2025-07-14 16:13:11,622 INFO  Meta_Master_Code - Parsed rating: 4.5
2025-07-14 16:13:11,632 INFO  Meta_Master_Code - Duplicate entry skipped: https://play.google.com/store/apps/details?id=antitheftalarm.donttouchmyphone.antipro
2025-07-14 16:13:11,645 INFO  Meta_Master_Code - Duplicate entry in the Mastersheet
2025-07-14 16:13:11,659 INFO  Meta_Master_Code - The rating is less than 4.5
2025-07-14 16:13:11,659 INFO  Meta_Master_Code - 15 - link in written
2025-07-14 16:13:12,842 INFO  Meta_Master_Code - 16-The downloads Count is -500000
2025-07-14 16:13:12,859 INFO  Meta_Master_Code - Parsed rating: 4.5
2025-07-14 16:13:12,869 INFO  Meta_Master_Code - Duplicate entry skipped: https://play.google.com/store/apps/details?id=antitheftalarm.donttouchmyphone.antipro
2025-07-14 16:13:12,882 INFO  Meta_Master_Code - Duplicate entry in the Mastersheet
2025-07-14 16:13:12,898 INFO  Meta_Master_Code - The rating is less than 4.5
2025-07-14 16:13:12,899 INFO  Meta_Master_Code - 16 - link in written
2025-07-14 16:13:14,130 INFO  Meta_Master_Code - 17-The downloads Count is -500000
2025-07-14 16:13:14,147 INFO  Meta_Master_Code - Parsed rating: 4.5
2025-07-14 16:13:14,159 INFO  Meta_Master_Code - Duplicate entry skipped: https://play.google.com/store/apps/details?id=antitheftalarm.donttouchmyphone.antipro
2025-07-14 16:13:14,186 INFO  Meta_Master_Code - Duplicate entry in the Mastersheet
2025-07-14 16:13:14,213 INFO  Meta_Master_Code - The rating is less than 4.5
2025-07-14 16:13:14,213 INFO  Meta_Master_Code - 17 - link in written
2025-07-14 16:13:15,544 INFO  Meta_Master_Code - 18-The downloads Count is -500000
2025-07-14 16:13:15,564 INFO  Meta_Master_Code - Parsed rating: 4.5
2025-07-14 16:13:15,573 INFO  Meta_Master_Code - Duplicate entry skipped: https://play.google.com/store/apps/details?id=antitheftalarm.donttouchmyphone.antipro
2025-07-14 16:13:15,586 INFO  Meta_Master_Code - Duplicate entry in the Mastersheet
2025-07-14 16:13:15,601 INFO  Meta_Master_Code - The rating is less than 4.5
2025-07-14 16:13:15,601 INFO  Meta_Master_Code - 18 - link in written
2025-07-14 16:13:16,783 INFO  Meta_Master_Code - 19-The downloads Count is -500000
2025-07-14 16:13:16,800 INFO  Meta_Master_Code - Parsed rating: 4.5
2025-07-14 16:13:16,810 INFO  Meta_Master_Code - Duplicate entry skipped: https://play.google.com/store/apps/details?id=antitheftalarm.donttouchmyphone.antipro
2025-07-14 16:13:16,822 INFO  Meta_Master_Code - Duplicate entry in the Mastersheet
2025-07-14 16:13:16,833 INFO  Meta_Master_Code - The rating is less than 4.5
2025-07-14 16:13:16,833 INFO  Meta_Master_Code - 19 - link in written
2025-07-14 16:13:18,012 INFO  Meta_Master_Code - 20-The downloads Count is -500000
2025-07-14 16:13:18,029 INFO  Meta_Master_Code - Parsed rating: 4.5
2025-07-14 16:13:18,039 INFO  Meta_Master_Code - Duplicate entry skipped: https://play.google.com/store/apps/details?id=antitheftalarm.donttouchmyphone.antipro
2025-07-14 16:13:18,053 INFO  Meta_Master_Code - Duplicate entry in the Mastersheet
2025-07-14 16:13:18,066 INFO  Meta_Master_Code - The rating is less than 4.5
2025-07-14 16:13:18,066 INFO  Meta_Master_Code - 20 - link in written
2025-07-14 16:13:19,314 INFO  Meta_Master_Code - 21-The downloads Count is -500000
2025-07-14 16:13:19,331 INFO  Meta_Master_Code - Parsed rating: 4.5
2025-07-14 16:13:19,342 INFO  Meta_Master_Code - Duplicate entry skipped: https://play.google.com/store/apps/details?id=antitheftalarm.donttouchmyphone.antipro
2025-07-14 16:13:19,358 INFO  Meta_Master_Code - Duplicate entry in the Mastersheet
2025-07-14 16:13:19,371 INFO  Meta_Master_Code - The rating is less than 4.5
2025-07-14 16:13:19,372 INFO  Meta_Master_Code - 21 - link in written
2025-07-14 16:13:20,629 INFO  Meta_Master_Code - 22-The downloads Count is -500000
2025-07-14 16:13:20,647 INFO  Meta_Master_Code - Parsed rating: 4.1
2025-07-14 16:13:20,662 INFO  Meta_Master_Code - Data written successfully: https://play.google.com/store/apps/details?id=live.emotionalcare.eazeapp
2025-07-14 16:13:20,673 INFO  Meta_Master_Code - Duplicate entry in the Mastersheet
2025-07-14 16:13:20,683 INFO  Meta_Master_Code - The rating is less than 4.5
2025-07-14 16:13:20,683 INFO  Meta_Master_Code - 22 - link in written
2025-07-14 16:13:21,944 INFO  Meta_Master_Code - 23-The downloads Count is -500000
2025-07-14 16:13:21,989 INFO  Meta_Master_Code - Parsed rating: 4.1
2025-07-14 16:13:22,001 INFO  Meta_Master_Code - Duplicate entry skipped: https://play.google.com/store/apps/details?id=live.emotionalcare.eazeapp
2025-07-14 16:13:22,015 INFO  Meta_Master_Code - Duplicate entry in the Mastersheet
2025-07-14 16:13:22,031 INFO  Meta_Master_Code - The rating is less than 4.5
2025-07-14 16:13:22,031 INFO  Meta_Master_Code - 23 - link in written
2025-07-14 16:13:23,696 INFO  Meta_Master_Code - 24-The downloads Count is -5000
2025-07-14 16:13:23,721 INFO  Meta_Master_Code - Parsed rating: 4.8
2025-07-14 16:13:23,721 INFO  Meta_Master_Code - 24 - The Rating Count is Greater than 4.5
2025-07-14 16:13:25,042 INFO  Meta_Master_Code - 25-The downloads Count is -500000
2025-07-14 16:13:25,063 INFO  Meta_Master_Code - Parsed rating: 4.6
2025-07-14 16:13:25,063 INFO  Meta_Master_Code - 25 - The Rating Count is Greater than 4.5
2025-07-14 16:13:26,816 INFO  Meta_Master_Code - 26-The downloads Count is -100000
2025-07-14 16:13:26,834 INFO  Meta_Master_Code - Parsed rating: 3.8
2025-07-14 16:13:26,851 INFO  Meta_Master_Code - Data written successfully: https://play.google.com/store/apps/details?id=com.morbid_tech.morbid
2025-07-14 16:13:26,863 INFO  Meta_Master_Code - Data Written in Mastersheet - https://play.google.com/store/apps/details?id=com.morbid_tech.morbid
2025-07-14 16:13:26,881 INFO  Meta_Master_Code - Data written at row index: 0
2025-07-14 16:13:26,896 INFO  Meta_Master_Code - The rating is less than 4.5
2025-07-14 16:13:26,896 INFO  Meta_Master_Code - 26 - link in written
2025-07-14 16:13:28,026 INFO  Meta_Master_Code - 27-The downloads Count is -10000
2025-07-14 16:13:28,037 INFO  Meta_Master_Code - 27No Rating is Given
2025-07-14 16:13:28,055 INFO  Meta_Master_Code - Data written successfully: https://play.google.com/store/apps/details?id=com.fishing.yu.rush
2025-07-14 16:13:28,068 INFO  Meta_Master_Code - Data Written in Mastersheet - https://play.google.com/store/apps/details?id=com.fishing.yu.rush
2025-07-14 16:13:28,084 INFO  Meta_Master_Code - Data written at row index: 1
2025-07-14 16:13:28,095 INFO  Meta_Master_Code - 27 - link in written
2025-07-14 16:13:29,356 INFO  Meta_Master_Code - 28-The downloads Count is -1000000
2025-07-14 16:13:29,374 INFO  Meta_Master_Code - Parsed rating: 4.6
2025-07-14 16:13:29,374 INFO  Meta_Master_Code - 28 - The Rating Count is Greater than 4.5
2025-07-14 16:13:30,777 INFO  Meta_Master_Code - 29-The downloads Count is -100000
2025-07-14 16:13:30,794 INFO  Meta_Master_Code - Parsed rating: 4.5
2025-07-14 16:13:30,813 INFO  Meta_Master_Code - Data written successfully: https://play.google.com/store/apps/details?id=com.cedargames.mysterytown
2025-07-14 16:13:30,827 INFO  Meta_Master_Code - Duplicate entry in the Mastersheet
2025-07-14 16:13:30,844 INFO  Meta_Master_Code - The rating is less than 4.5
2025-07-14 16:13:30,844 INFO  Meta_Master_Code - 29 - link in written
2025-07-14 16:13:32,214 INFO  Meta_Master_Code - 30-The downloads Count is -100000
2025-07-14 16:13:32,231 INFO  Meta_Master_Code - Parsed rating: 4.5
2025-07-14 16:13:32,238 INFO  Meta_Master_Code - Duplicate entry skipped: https://play.google.com/store/apps/details?id=com.cedargames.mysterytown
2025-07-14 16:13:32,254 INFO  Meta_Master_Code - Duplicate entry in the Mastersheet
2025-07-14 16:13:32,270 INFO  Meta_Master_Code - The rating is less than 4.5
2025-07-14 16:13:32,270 INFO  Meta_Master_Code - 30 - link in written
2025-07-14 16:13:33,524 INFO  Meta_Master_Code - 31-The downloads Count is -100000
2025-07-14 16:13:33,541 INFO  Meta_Master_Code - Parsed rating: 4.5
2025-07-14 16:13:33,558 INFO  Meta_Master_Code - Duplicate entry skipped: https://play.google.com/store/apps/details?id=com.cedargames.mysterytown
2025-07-14 16:13:33,582 INFO  Meta_Master_Code - Duplicate entry in the Mastersheet
2025-07-14 16:13:33,596 INFO  Meta_Master_Code - The rating is less than 4.5
2025-07-14 16:13:33,596 INFO  Meta_Master_Code - 31 - link in written
2025-07-14 16:13:34,805 INFO  Meta_Master_Code - 32-The downloads Count is -100000
2025-07-14 16:13:34,816 INFO  Meta_Master_Code - 32No Rating is Given
2025-07-14 16:13:34,831 INFO  Meta_Master_Code - Data written successfully: https://play.google.com/store/apps/details?id=com.moneymanager.expensetracker.moneytracker.budgetplanner
2025-07-14 16:13:34,845 INFO  Meta_Master_Code - Duplicate entry in the Mastersheet
2025-07-14 16:13:34,859 INFO  Meta_Master_Code - 32 - link in written
2025-07-14 16:13:36,015 INFO  Meta_Master_Code - 33-The downloads Count is -100000
2025-07-14 16:13:36,026 INFO  Meta_Master_Code - 33No Rating is Given
2025-07-14 16:13:36,034 INFO  Meta_Master_Code - Duplicate entry skipped: https://play.google.com/store/apps/details?id=com.moneymanager.expensetracker.moneytracker.budgetplanner
2025-07-14 16:13:36,049 INFO  Meta_Master_Code - Duplicate entry in the Mastersheet
2025-07-14 16:13:36,064 INFO  Meta_Master_Code - 33 - link in written
2025-07-14 16:13:37,300 INFO  Meta_Master_Code - 34-The downloads Count is -100000
2025-07-14 16:13:37,311 INFO  Meta_Master_Code - 34No Rating is Given
2025-07-14 16:13:37,322 INFO  Meta_Master_Code - Duplicate entry skipped: https://play.google.com/store/apps/details?id=com.moneymanager.expensetracker.moneytracker.budgetplanner
2025-07-14 16:13:37,335 INFO  Meta_Master_Code - Duplicate entry in the Mastersheet
2025-07-14 16:13:37,354 INFO  Meta_Master_Code - 34 - link in written
2025-07-14 16:13:38,619 INFO  Meta_Master_Code - 35-The downloads Count is -1000000
2025-07-14 16:13:38,629 INFO  Meta_Master_Code - 35No Rating is Given
2025-07-14 16:13:38,645 INFO  Meta_Master_Code - Data written successfully: https://play.google.com/store/apps/details?id=com.Jewel.towerflip
2025-07-14 16:13:38,658 INFO  Meta_Master_Code - Duplicate entry in the Mastersheet
2025-07-14 16:13:38,671 INFO  Meta_Master_Code - 35 - link in written
2025-07-14 16:13:39,869 INFO  Meta_Master_Code - 36-The downloads Count is -1000000
2025-07-14 16:13:39,881 INFO  Meta_Master_Code - 36No Rating is Given
2025-07-14 16:13:39,891 INFO  Meta_Master_Code - Duplicate entry skipped: https://play.google.com/store/apps/details?id=com.Jewel.towerflip
2025-07-14 16:13:39,902 INFO  Meta_Master_Code - Duplicate entry in the Mastersheet
2025-07-14 16:13:39,914 INFO  Meta_Master_Code - 36 - link in written
2025-07-14 16:13:41,253 INFO  Meta_Master_Code - 37-The downloads Count is -1000000
2025-07-14 16:13:41,280 INFO  Meta_Master_Code - 37No Rating is Given
2025-07-14 16:13:41,300 INFO  Meta_Master_Code - Duplicate entry skipped: https://play.google.com/store/apps/details?id=com.Jewel.towerflip
2025-07-14 16:13:41,323 INFO  Meta_Master_Code - Duplicate entry in the Mastersheet
2025-07-14 16:13:41,352 INFO  Meta_Master_Code - 37 - link in written
2025-07-14 16:13:44,066 INFO  Meta_Master_Code - 38 - The link is App store or other site
2025-07-14 16:13:45,246 INFO  Meta_Master_Code - 39-The downloads Count is -500000
2025-07-14 16:13:45,266 INFO  Meta_Master_Code - Parsed rating: 4.2
2025-07-14 16:13:45,286 INFO  Meta_Master_Code - Data written successfully: https://play.google.com/store/apps/details?id=com.adkrity.app
2025-07-14 16:13:45,303 INFO  Meta_Master_Code - Duplicate entry in the Mastersheet
2025-07-14 16:13:45,319 INFO  Meta_Master_Code - The rating is less than 4.5
2025-07-14 16:13:45,319 INFO  Meta_Master_Code - 39 - link in written
2025-07-14 16:13:46,524 INFO  Meta_Master_Code - 40-The downloads Count is -10000000
2025-07-14 16:13:46,524 INFO  Meta_Master_Code - 40 - The Downloads is more than 1M
2025-07-14 16:13:48,094 INFO  Meta_Master_Code - 41-The downloads Count is -10000000
2025-07-14 16:13:48,094 INFO  Meta_Master_Code - 41 - The Downloads is more than 1M
2025-07-14 16:13:49,442 INFO  Meta_Master_Code - 42-The downloads Count is -10000000
2025-07-14 16:13:49,442 INFO  Meta_Master_Code - 42 - The Downloads is more than 1M
2025-07-14 16:13:50,629 INFO  Meta_Master_Code - 43-The downloads Count is -100000
2025-07-14 16:13:50,640 INFO  Meta_Master_Code - 43No Rating is Given
2025-07-14 16:13:50,666 INFO  Meta_Master_Code - Data written successfully: https://play.google.com/store/apps/details?id=com.moneytracker.loan.currency
2025-07-14 16:13:50,683 INFO  Meta_Master_Code - Duplicate entry in the Mastersheet
2025-07-14 16:13:50,695 INFO  Meta_Master_Code - 43 - link in written
2025-07-14 16:13:52,138 INFO  Meta_Master_Code - 44-The downloads Count is -100000
2025-07-14 16:13:52,157 INFO  Meta_Master_Code - 44No Rating is Given
2025-07-14 16:13:52,173 INFO  Meta_Master_Code - Duplicate entry skipped: https://play.google.com/store/apps/details?id=com.moneytracker.loan.currency
2025-07-14 16:13:52,194 INFO  Meta_Master_Code - Duplicate entry in the Mastersheet
2025-07-14 16:13:52,222 INFO  Meta_Master_Code - 44 - link in written
2025-07-14 16:13:53,464 INFO  Meta_Master_Code - 45-The downloads Count is -100000
2025-07-14 16:13:53,477 INFO  Meta_Master_Code - 45No Rating is Given
2025-07-14 16:13:53,484 INFO  Meta_Master_Code - Duplicate entry skipped: https://play.google.com/store/apps/details?id=com.moneytracker.loan.currency
2025-07-14 16:13:53,497 INFO  Meta_Master_Code - Duplicate entry in the Mastersheet
2025-07-14 16:13:53,512 INFO  Meta_Master_Code - 45 - link in written
2025-07-14 16:13:54,882 INFO  Meta_Master_Code - 46-The downloads Count is -100000
2025-07-14 16:13:54,901 INFO  Meta_Master_Code - 46No Rating is Given
2025-07-14 16:13:54,914 INFO  Meta_Master_Code - Duplicate entry skipped: https://play.google.com/store/apps/details?id=com.revia.aiart.aiphoto.aivideo.generator
2025-07-14 16:13:54,931 INFO  Meta_Master_Code - Duplicate entry in the Mastersheet
2025-07-14 16:13:54,948 INFO  Meta_Master_Code - 46 - link in written
2025-07-14 16:13:56,472 INFO  Meta_Master_Code - 47-The downloads Count is -10000
2025-07-14 16:13:56,491 INFO  Meta_Master_Code - 47No Rating is Given
2025-07-14 16:13:56,516 INFO  Meta_Master_Code - Data written successfully: https://play.google.com/store/apps/details?id=com.Neon9puriy.lkkop.wor
2025-07-14 16:13:56,574 INFO  Meta_Master_Code - Duplicate entry in the Mastersheet
2025-07-14 16:13:56,593 INFO  Meta_Master_Code - 47 - link in written
2025-07-14 16:13:57,883 INFO  Meta_Master_Code - 48-The downloads Count is -10000
2025-07-14 16:13:57,897 INFO  Meta_Master_Code - 48No Rating is Given
2025-07-14 16:13:57,907 INFO  Meta_Master_Code - Duplicate entry skipped: https://play.google.com/store/apps/details?id=com.Neon9puriy.lkkop.wor
2025-07-14 16:13:57,916 INFO  Meta_Master_Code - Duplicate entry in the Mastersheet
2025-07-14 16:13:57,932 INFO  Meta_Master_Code - 48 - link in written
2025-07-14 16:13:59,074 INFO  Meta_Master_Code - 49-The downloads Count is -10000
2025-07-14 16:13:59,085 INFO  Meta_Master_Code - 49No Rating is Given
2025-07-14 16:13:59,096 INFO  Meta_Master_Code - Duplicate entry skipped: https://play.google.com/store/apps/details?id=com.Neon9puriy.lkkop.wor
2025-07-14 16:13:59,109 INFO  Meta_Master_Code - Duplicate entry in the Mastersheet
2025-07-14 16:13:59,131 INFO  Meta_Master_Code - 49 - link in written
2025-07-14 16:14:00,458 INFO  Meta_Master_Code - 50-The downloads Count is -10000
2025-07-14 16:14:00,470 INFO  Meta_Master_Code - 50No Rating is Given
2025-07-14 16:14:00,479 INFO  Meta_Master_Code - Duplicate entry skipped: https://play.google.com/store/apps/details?id=com.Neon9puriy.lkkop.wor
2025-07-14 16:14:00,491 INFO  Meta_Master_Code - Duplicate entry in the Mastersheet
2025-07-14 16:14:00,503 INFO  Meta_Master_Code - 50 - link in written
2025-07-14 16:14:01,629 INFO  Meta_Master_Code - 51-The downloads Count is -10000
2025-07-14 16:14:01,644 INFO  Meta_Master_Code - 51No Rating is Given
2025-07-14 16:14:01,656 INFO  Meta_Master_Code - Duplicate entry skipped: https://play.google.com/store/apps/details?id=com.Neon9puriy.lkkop.wor
2025-07-14 16:14:01,674 INFO  Meta_Master_Code - Duplicate entry in the Mastersheet
2025-07-14 16:14:01,685 INFO  Meta_Master_Code - 51 - link in written
2025-07-14 16:14:04,063 INFO  Meta_Master_Code - 52 - The link is App store or other site
2025-07-14 16:14:05,117 INFO  Meta_Master_Code - 53-The downloads Count is -100000
2025-07-14 16:14:05,126 INFO  Meta_Master_Code - 53No Rating is Given
2025-07-14 16:14:05,134 INFO  Meta_Master_Code - Duplicate entry skipped: https://play.google.com/store/apps/details?id=com.revia.aiart.aiphoto.aivideo.generator
2025-07-14 16:14:05,142 INFO  Meta_Master_Code - Duplicate entry in the Mastersheet
2025-07-14 16:14:05,154 INFO  Meta_Master_Code - 53 - link in written
2025-07-14 16:14:06,259 INFO  Meta_Master_Code - 54-The downloads Count is -100000
2025-07-14 16:14:06,269 INFO  Meta_Master_Code - 54No Rating is Given
2025-07-14 16:14:06,284 INFO  Meta_Master_Code - Data written successfully: https://play.google.com/store/apps/details?id=com.all.documen.treader.office.manager.filescanner
2025-07-14 16:14:06,296 INFO  Meta_Master_Code - Duplicate entry in the Mastersheet
2025-07-14 16:14:06,305 INFO  Meta_Master_Code - 54 - link in written
2025-07-14 16:14:07,567 INFO  Meta_Master_Code - 55-The downloads Count is -100000000
2025-07-14 16:14:07,567 INFO  Meta_Master_Code - 55 - The Downloads is more than 1M
2025-07-14 16:14:08,729 INFO  Meta_Master_Code - 56-The downloads Count is -100000000
2025-07-14 16:14:08,729 INFO  Meta_Master_Code - 56 - The Downloads is more than 1M
2025-07-14 16:14:09,888 INFO  Meta_Master_Code - 57-The downloads Count is -100000000
2025-07-14 16:14:09,888 INFO  Meta_Master_Code - 57 - The Downloads is more than 1M
2025-07-14 16:14:11,112 INFO  Meta_Master_Code - 58-The downloads Count is -100000000
2025-07-14 16:14:11,112 INFO  Meta_Master_Code - 58 - The Downloads is more than 1M
2025-07-14 16:14:12,281 INFO  Meta_Master_Code - 59-The downloads Count is -100000000
2025-07-14 16:14:12,281 INFO  Meta_Master_Code - 59 - The Downloads is more than 1M
2025-07-14 16:14:13,875 INFO  Meta_Master_Code - 60-The downloads Count is -100000000
2025-07-14 16:14:13,875 INFO  Meta_Master_Code - 60 - The Downloads is more than 1M
2025-07-14 16:14:15,075 INFO  Meta_Master_Code - 61-The downloads Count is -100000000
2025-07-14 16:14:15,075 INFO  Meta_Master_Code - 61 - The Downloads is more than 1M
2025-07-14 16:14:16,255 INFO  Meta_Master_Code - 62-The downloads Count is -100000000
2025-07-14 16:14:16,255 INFO  Meta_Master_Code - 62 - The Downloads is more than 1M
2025-07-14 16:14:17,632 INFO  Meta_Master_Code - 63-The downloads Count is -100000000
2025-07-14 16:14:17,632 INFO  Meta_Master_Code - 63 - The Downloads is more than 1M
2025-07-14 16:14:18,847 INFO  Meta_Master_Code - 64-The downloads Count is -10000000
2025-07-14 16:14:18,847 INFO  Meta_Master_Code - 64 - The Downloads is more than 1M
2025-07-14 16:14:20,008 INFO  Meta_Master_Code - 65-The downloads Count is -10000000
2025-07-14 16:14:20,008 INFO  Meta_Master_Code - 65 - The Downloads is more than 1M
2025-07-14 16:14:21,145 INFO  Meta_Master_Code - 66-The downloads Count is -10000000
2025-07-14 16:14:21,145 INFO  Meta_Master_Code - 66 - The Downloads is more than 1M
2025-07-14 16:14:22,347 INFO  Meta_Master_Code - 67-The downloads Count is -10000000
2025-07-14 16:14:22,347 INFO  Meta_Master_Code - 67 - The Downloads is more than 1M
2025-07-14 16:14:23,447 INFO  Meta_Master_Code - 68-The downloads Count is -10000000
2025-07-14 16:14:23,447 INFO  Meta_Master_Code - 68 - The Downloads is more than 1M
2025-07-14 16:14:24,597 INFO  Meta_Master_Code - 69-The downloads Count is -10000000
2025-07-14 16:14:24,597 INFO  Meta_Master_Code - 69 - The Downloads is more than 1M
2025-07-14 16:14:25,719 INFO  Meta_Master_Code - 70-The downloads Count is -10000000
2025-07-14 16:14:25,720 INFO  Meta_Master_Code - 70 - The Downloads is more than 1M
2025-07-14 16:14:26,863 INFO  Meta_Master_Code - 71-The downloads Count is -10000000
2025-07-14 16:14:26,863 INFO  Meta_Master_Code - 71 - The Downloads is more than 1M
2025-07-14 16:14:27,989 INFO  Meta_Master_Code - 72-The downloads Count is -50000
2025-07-14 16:14:27,999 INFO  Meta_Master_Code - 72No Rating is Given
2025-07-14 16:14:28,015 INFO  Meta_Master_Code - Data written successfully: https://play.google.com/store/apps/details?id=com.musgoqp.as12
2025-07-14 16:14:28,029 INFO  Meta_Master_Code - Duplicate entry in the Mastersheet
2025-07-14 16:14:28,038 INFO  Meta_Master_Code - 72 - link in written
2025-07-14 16:14:29,285 INFO  Meta_Master_Code - 73-The downloads Count is -10000000
2025-07-14 16:14:29,285 INFO  Meta_Master_Code - 73 - The Downloads is more than 1M
2025-07-14 16:14:29,300 INFO  Meta_Master_Code - Excel file has sheets, not deleted.
2025-07-14 16:14:29,308 INFO  Meta_Master_Code - Total filtered Link count: 2
