2025-07-14 15:26:32,706 INFO  Meta_Master_Code - URL Entered
2025-07-14 15:26:32,890 INFO  Meta_Master_Code - Entered country is - India
2025-07-14 15:26:32,890 INFO  Meta_Master_Code - India has been Choosen
2025-07-14 15:26:33,124 INFO  Meta_Master_Code - Data Found
2025-07-14 15:26:39,540 INFO  Meta_Master_Code - Live links collected so far: 3
2025-07-14 15:26:45,874 INFO  Meta_Master_Code - Live links collected so far: 3
2025-07-14 15:26:52,130 INFO  Meta_Master_Code - Live links collected so far: 7
2025-07-14 15:26:58,416 INFO  Meta_Master_Code - Live links collected so far: 11
2025-07-14 15:27:04,694 INFO  Meta_Master_Code - Live links collected so far: 11
2025-07-14 15:27:11,026 INFO  Meta_Master_Code - Live links collected so far: 13
2025-07-14 15:27:17,562 INFO  Meta_Master_Code - Live links collected so far: 21
2025-07-14 15:27:24,024 INFO  Meta_Master_Code - Live links collected so far: 23
2025-07-14 15:27:30,627 INFO  Meta_Master_Code - Live links collected so far: 23
2025-07-14 15:27:37,199 INFO  Meta_Master_Code - Live links collected so far: 29
2025-07-14 15:27:43,749 INFO  Meta_Master_Code - Live links collected so far: 30
2025-07-14 15:27:50,242 INFO  Meta_Master_Code - Live links collected so far: 31
2025-07-14 15:27:57,026 INFO  Meta_Master_Code - Live links collected so far: 37
2025-07-14 15:28:03,973 INFO  Meta_Master_Code - Live links collected so far: 43
2025-07-14 15:28:10,751 INFO  Meta_Master_Code - Live links collected so far: 47
2025-07-14 15:28:17,583 INFO  Meta_Master_Code - Live links collected so far: 50
2025-07-14 15:28:24,462 INFO  Meta_Master_Code - Live links collected so far: 53
2025-07-14 15:28:31,296 INFO  Meta_Master_Code - Live links collected so far: 53
2025-07-14 15:28:38,257 INFO  Meta_Master_Code - Live links collected so far: 58
2025-07-14 15:28:45,143 INFO  Meta_Master_Code - Live links collected so far: 59
2025-07-14 15:28:52,045 INFO  Meta_Master_Code - Live links collected so far: 59
2025-07-14 15:28:58,975 INFO  Meta_Master_Code - Live links collected so far: 59
2025-07-14 15:29:05,822 INFO  Meta_Master_Code - Live links collected so far: 59
2025-07-14 15:29:12,698 INFO  Meta_Master_Code - Live links collected so far: 59
2025-07-14 15:29:19,593 INFO  Meta_Master_Code - Live links collected so far: 60
2025-07-14 15:29:26,788 INFO  Meta_Master_Code - Live links collected so far: 62
2025-07-14 15:29:33,827 INFO  Meta_Master_Code - Live links collected so far: 62
2025-07-14 15:29:40,750 INFO  Meta_Master_Code - Live links collected so far: 62
2025-07-14 15:29:47,636 INFO  Meta_Master_Code - Live links collected so far: 62
2025-07-14 15:29:54,543 INFO  Meta_Master_Code - Live links collected so far: 62
2025-07-14 15:30:02,142 INFO  Meta_Master_Code - Live links collected so far: 62
2025-07-14 15:30:09,179 INFO  Meta_Master_Code - Live links collected so far: 62
2025-07-14 15:30:16,413 INFO  Meta_Master_Code - Live links collected so far: 62
2025-07-14 15:30:23,603 INFO  Meta_Master_Code - Live links collected so far: 62
2025-07-14 15:30:30,674 INFO  Meta_Master_Code - Live links collected so far: 63
2025-07-14 15:30:37,723 INFO  Meta_Master_Code - Live links collected so far: 63
2025-07-14 15:30:44,693 INFO  Meta_Master_Code - Live links collected so far: 63
2025-07-14 15:30:51,724 INFO  Meta_Master_Code - Live links collected so far: 63
2025-07-14 15:30:59,438 INFO  Meta_Master_Code - Live links collected so far: 63
2025-07-14 15:31:07,243 INFO  Meta_Master_Code - Live links collected so far: 64
2025-07-14 15:31:14,332 INFO  Meta_Master_Code - Live links collected so far: 64
2025-07-14 15:31:21,301 INFO  Meta_Master_Code - Live links collected so far: 64
2025-07-14 15:31:28,242 INFO  Meta_Master_Code - Live links collected so far: 64
2025-07-14 15:31:35,209 INFO  Meta_Master_Code - Live links collected so far: 64
2025-07-14 15:31:42,186 INFO  Meta_Master_Code - Live links collected so far: 64
2025-07-14 15:31:49,325 INFO  Meta_Master_Code - Live links collected so far: 64
2025-07-14 15:31:56,630 INFO  Meta_Master_Code - Live links collected so far: 64
2025-07-14 15:32:04,117 INFO  Meta_Master_Code - Live links collected so far: 64
2025-07-14 15:32:11,575 INFO  Meta_Master_Code - Live links collected so far: 64
2025-07-14 15:32:18,572 INFO  Meta_Master_Code - Live links collected so far: 64
2025-07-14 15:32:25,598 INFO  Meta_Master_Code - Live links collected so far: 64
2025-07-14 15:32:32,737 INFO  Meta_Master_Code - Live links collected so far: 64
2025-07-14 15:32:39,762 INFO  Meta_Master_Code - Live links collected so far: 64
2025-07-14 15:32:46,836 INFO  Meta_Master_Code - Live links collected so far: 64
2025-07-14 15:32:54,051 INFO  Meta_Master_Code - Live links collected so far: 65
2025-07-14 15:33:01,420 INFO  Meta_Master_Code - Live links collected so far: 65
2025-07-14 15:33:08,892 INFO  Meta_Master_Code - Live links collected so far: 66
2025-07-14 15:33:15,993 INFO  Meta_Master_Code - Live links collected so far: 66
2025-07-14 15:33:23,115 INFO  Meta_Master_Code - Live links collected so far: 67
2025-07-14 15:33:31,655 INFO  Meta_Master_Code - Live links collected so far: 67
2025-07-14 15:33:38,658 INFO  Meta_Master_Code - Live links collected so far: 67
2025-07-14 15:33:45,758 INFO  Meta_Master_Code - Live links collected so far: 67
2025-07-14 15:33:53,622 INFO  Meta_Master_Code - Live links collected so far: 67
2025-07-14 15:34:00,674 INFO  Meta_Master_Code - Live links collected so far: 67
2025-07-14 15:34:07,744 INFO  Meta_Master_Code - Live links collected so far: 71
2025-07-14 15:34:14,967 INFO  Meta_Master_Code - Live links collected so far: 71
2025-07-14 15:34:22,207 INFO  Meta_Master_Code - Live links collected so far: 71
2025-07-14 15:34:29,386 INFO  Meta_Master_Code - Live links collected so far: 71
2025-07-14 15:34:36,658 INFO  Meta_Master_Code - Live links collected so far: 71
2025-07-14 15:34:43,849 INFO  Meta_Master_Code - Live links collected so far: 71
2025-07-14 15:34:51,307 INFO  Meta_Master_Code - Live links collected so far: 71
2025-07-14 15:34:58,502 INFO  Meta_Master_Code - Live links collected so far: 71
2025-07-14 15:35:05,660 INFO  Meta_Master_Code - Live links collected so far: 71
2025-07-14 15:35:13,177 INFO  Meta_Master_Code - Live links collected so far: 71
2025-07-14 15:35:20,618 INFO  Meta_Master_Code - Live links collected so far: 71
2025-07-14 15:35:28,942 INFO  Meta_Master_Code - Live links collected so far: 73
2025-07-14 15:35:36,546 INFO  Meta_Master_Code - Live links collected so far: 73
2025-07-14 15:35:43,771 INFO  Meta_Master_Code - Live links collected so far: 73
2025-07-14 15:35:51,547 INFO  Meta_Master_Code - Live links collected so far: 73
2025-07-14 15:35:59,197 INFO  Meta_Master_Code - Live links collected so far: 73
2025-07-14 15:36:08,832 INFO  Meta_Master_Code - Live links collected so far: 73
2025-07-14 15:36:18,719 INFO  Meta_Master_Code - Live links collected so far: 73
2025-07-14 15:36:26,885 INFO  Meta_Master_Code - Live links collected so far: 74
2025-07-14 15:36:34,113 INFO  Meta_Master_Code - Live links collected so far: 75
2025-07-14 15:36:42,231 INFO  Meta_Master_Code - Live links collected so far: 75
2025-07-14 15:36:51,646 INFO  Meta_Master_Code - Live links collected so far: 75
2025-07-14 15:37:00,095 INFO  Meta_Master_Code - Live links collected so far: 75
2025-07-14 15:37:07,724 INFO  Meta_Master_Code - Live links collected so far: 75
2025-07-14 15:37:15,667 INFO  Meta_Master_Code - Live links collected so far: 75
2025-07-14 15:37:27,030 INFO  Meta_Master_Code - Live links collected so far: 75
2025-07-14 15:37:36,936 INFO  Meta_Master_Code - Live links collected so far: 75
2025-07-14 15:37:50,088 INFO  Meta_Master_Code - Live links collected so far: 75
2025-07-14 15:37:58,528 INFO  Meta_Master_Code - Live links collected so far: 75
2025-07-14 15:38:21,926 INFO  Meta_Master_Code - Live links collected so far: 75
2025-07-14 15:38:29,526 INFO  Meta_Master_Code - Live links collected so far: 75
2025-07-14 15:38:36,967 INFO  Meta_Master_Code - Live links collected so far: 75
2025-07-14 15:38:46,944 INFO  Meta_Master_Code - Live links collected so far: 75
2025-07-14 15:38:57,414 INFO  Meta_Master_Code - Live links collected so far: 75
2025-07-14 15:39:04,764 INFO  Meta_Master_Code - Live links collected so far: 76
2025-07-14 15:39:15,045 INFO  Meta_Master_Code - Live links collected so far: 76
2025-07-14 15:39:25,571 INFO  Meta_Master_Code - Live links collected so far: 76
2025-07-14 15:39:35,777 INFO  Meta_Master_Code - Live links collected so far: 77
2025-07-14 15:39:43,254 INFO  Meta_Master_Code - Live links collected so far: 77
2025-07-14 15:39:50,743 INFO  Meta_Master_Code - Live links collected so far: 77
2025-07-14 15:39:58,541 INFO  Meta_Master_Code - Live links collected so far: 77
2025-07-14 15:40:06,873 INFO  Meta_Master_Code - Live links collected so far: 78
2025-07-14 15:40:16,571 INFO  Meta_Master_Code - Live links collected so far: 78
2025-07-14 15:40:25,386 INFO  Meta_Master_Code - Live links collected so far: 78
2025-07-14 15:40:34,873 INFO  Meta_Master_Code - Live links collected so far: 78
2025-07-14 15:40:43,806 INFO  Meta_Master_Code - Live links collected so far: 80
2025-07-14 15:40:54,646 INFO  Meta_Master_Code - Live links collected so far: 82
2025-07-14 15:41:04,605 INFO  Meta_Master_Code - Live links collected so far: 82
2025-07-14 15:41:18,666 INFO  Meta_Master_Code - Live links collected so far: 82
2025-07-14 15:41:29,301 INFO  Meta_Master_Code - Live links collected so far: 93
2025-07-14 15:41:40,264 INFO  Meta_Master_Code - Live links collected so far: 97
2025-07-14 15:41:52,775 INFO  Meta_Master_Code - Live links collected so far: 97
2025-07-14 15:42:05,797 INFO  Meta_Master_Code - Live links collected so far: 99
2025-07-14 15:42:24,726 INFO  Meta_Master_Code - Live links collected so far: 100
2025-07-14 15:42:25,781 INFO  Meta_Master_Code - 2025.07.14.15.26.28 - Excel file created successfully!
2025-07-14 15:42:25,867 INFO  Meta_Master_Code - Total link is 105
2025-07-14 15:42:26,124 INFO  Meta_Master_Code - 1 - Data written successfully.
2025-07-14 15:42:26,244 INFO  Meta_Master_Code - 2 - Data written successfully.
2025-07-14 15:42:26,353 INFO  Meta_Master_Code - 3 - Data written successfully.
2025-07-14 15:42:26,430 WARN  Meta_Master_Code - 4 - Link is disabled
2025-07-14 15:42:26,502 WARN  Meta_Master_Code - 5 - Link is disabled
2025-07-14 15:42:26,575 WARN  Meta_Master_Code - 6 - Link is disabled
2025-07-14 15:42:26,648 WARN  Meta_Master_Code - 7 - Link is disabled
2025-07-14 15:42:26,726 WARN  Meta_Master_Code - 8 - Link is disabled
2025-07-14 15:42:26,799 WARN  Meta_Master_Code - 9 - Link is disabled
2025-07-14 15:42:26,877 WARN  Meta_Master_Code - 10 - Link is disabled
2025-07-14 15:42:26,950 WARN  Meta_Master_Code - 11 - Link is disabled
2025-07-14 15:42:27,057 INFO  Meta_Master_Code - 12 - Data written successfully.
2025-07-14 15:42:27,171 INFO  Meta_Master_Code - 13 - Data written successfully.
2025-07-14 15:42:27,266 WARN  Meta_Master_Code - 14 - Link is disabled
2025-07-14 15:42:27,343 WARN  Meta_Master_Code - 15 - Link is disabled
2025-07-14 15:42:27,419 WARN  Meta_Master_Code - 16 - Link is disabled
2025-07-14 15:42:27,551 INFO  Meta_Master_Code - 17 - Data written successfully.
2025-07-14 15:42:27,633 WARN  Meta_Master_Code - 18 - Link is disabled
2025-07-14 15:42:27,711 WARN  Meta_Master_Code - 19 - Link is disabled
2025-07-14 15:42:27,784 WARN  Meta_Master_Code - 20 - Link is disabled
2025-07-14 15:42:27,922 INFO  Meta_Master_Code - 21 - Data written successfully.
2025-07-14 15:42:28,026 INFO  Meta_Master_Code - 22 - Data written successfully.
2025-07-14 15:42:28,133 INFO  Meta_Master_Code - 23 - Data written successfully.
2025-07-14 15:42:28,242 INFO  Meta_Master_Code - 24 - Data written successfully.
2025-07-14 15:42:28,379 INFO  Meta_Master_Code - 25 - Data written successfully.
2025-07-14 15:42:28,514 INFO  Meta_Master_Code - 26 - Data written successfully.
2025-07-14 15:42:28,636 INFO  Meta_Master_Code - 27 - Data written successfully.
2025-07-14 15:42:28,762 INFO  Meta_Master_Code - 28 - Data written successfully.
2025-07-14 15:42:28,880 INFO  Meta_Master_Code - 29 - Data written successfully.
2025-07-14 15:42:29,029 INFO  Meta_Master_Code - 30 - Data written successfully.
2025-07-14 15:42:29,172 INFO  Meta_Master_Code - 31 - Data written successfully.
2025-07-14 15:42:29,326 INFO  Meta_Master_Code - 32 - Data written successfully.
2025-07-14 15:42:29,468 INFO  Meta_Master_Code - 33 - Data written successfully.
2025-07-14 15:42:29,610 INFO  Meta_Master_Code - 34 - Data written successfully.
2025-07-14 15:42:29,727 INFO  Meta_Master_Code - 35 - Data written successfully.
2025-07-14 15:42:29,855 INFO  Meta_Master_Code - 36 - Data written successfully.
2025-07-14 15:42:30,069 INFO  Meta_Master_Code - 37 - Data written successfully.
2025-07-14 15:42:30,228 INFO  Meta_Master_Code - 38 - Data written successfully.
2025-07-14 15:42:30,369 INFO  Meta_Master_Code - 39 - Data written successfully.
2025-07-14 15:42:30,498 INFO  Meta_Master_Code - 40 - Data written successfully.
2025-07-14 15:42:30,612 WARN  Meta_Master_Code - 41 - Link is disabled
2025-07-14 15:42:30,762 INFO  Meta_Master_Code - 42 - Data written successfully.
2025-07-14 15:42:30,889 INFO  Meta_Master_Code - 43 - Data written successfully.
2025-07-14 15:42:31,015 INFO  Meta_Master_Code - 44 - Data written successfully.
2025-07-14 15:42:31,138 INFO  Meta_Master_Code - 45 - Data written successfully.
2025-07-14 15:42:31,260 INFO  Meta_Master_Code - 46 - Data written successfully.
2025-07-14 15:42:31,381 INFO  Meta_Master_Code - 47 - Data written successfully.
2025-07-14 15:42:31,483 INFO  Meta_Master_Code - 48 - Data written successfully.
2025-07-14 15:42:31,601 INFO  Meta_Master_Code - 49 - Data written successfully.
2025-07-14 15:42:31,707 WARN  Meta_Master_Code - 50 - Link is disabled
2025-07-14 15:42:31,863 INFO  Meta_Master_Code - 51 - Data written successfully.
2025-07-14 15:42:32,009 INFO  Meta_Master_Code - 52 - Data written successfully.
2025-07-14 15:42:32,171 INFO  Meta_Master_Code - 53 - Data written successfully.
2025-07-14 15:42:32,306 INFO  Meta_Master_Code - 54 - Data written successfully.
2025-07-14 15:42:32,436 INFO  Meta_Master_Code - 55 - Data written successfully.
2025-07-14 15:42:32,576 INFO  Meta_Master_Code - 56 - Data written successfully.
2025-07-14 15:42:32,778 INFO  Meta_Master_Code - 57 - Data written successfully.
2025-07-14 15:42:32,873 INFO  Meta_Master_Code - 58 - Data written successfully.
2025-07-14 15:42:32,974 INFO  Meta_Master_Code - 59 - Data written successfully.
2025-07-14 15:42:33,074 INFO  Meta_Master_Code - 60 - Data written successfully.
2025-07-14 15:42:33,174 INFO  Meta_Master_Code - 61 - Data written successfully.
2025-07-14 15:42:33,274 INFO  Meta_Master_Code - 62 - Data written successfully.
2025-07-14 15:42:33,387 INFO  Meta_Master_Code - 63 - Data written successfully.
2025-07-14 15:42:33,542 INFO  Meta_Master_Code - 64 - Data written successfully.
2025-07-14 15:42:33,638 INFO  Meta_Master_Code - 65 - Data written successfully.
2025-07-14 15:42:34,191 INFO  Meta_Master_Code - 66 - Data written successfully.
2025-07-14 15:42:35,489 INFO  Meta_Master_Code - 67 - Data written successfully.
2025-07-14 15:42:35,813 INFO  Meta_Master_Code - 68 - Data written successfully.
2025-07-14 15:42:35,996 INFO  Meta_Master_Code - 69 - Data written successfully.
2025-07-14 15:42:36,128 INFO  Meta_Master_Code - 70 - Data written successfully.
2025-07-14 15:42:36,249 INFO  Meta_Master_Code - 71 - Data written successfully.
2025-07-14 15:42:36,358 INFO  Meta_Master_Code - 72 - Data written successfully.
2025-07-14 15:42:36,494 INFO  Meta_Master_Code - 73 - Data written successfully.
2025-07-14 15:42:36,589 INFO  Meta_Master_Code - 74 - Data written successfully.
2025-07-14 15:42:36,678 INFO  Meta_Master_Code - 75 - Data written successfully.
2025-07-14 15:42:36,772 INFO  Meta_Master_Code - 76 - Data written successfully.
2025-07-14 15:42:36,875 INFO  Meta_Master_Code - 77 - Data written successfully.
2025-07-14 15:42:36,983 INFO  Meta_Master_Code - 78 - Data written successfully.
2025-07-14 15:42:37,075 INFO  Meta_Master_Code - 79 - Data written successfully.
2025-07-14 15:42:37,170 INFO  Meta_Master_Code - 80 - Data written successfully.
2025-07-14 15:42:37,273 INFO  Meta_Master_Code - 81 - Data written successfully.
2025-07-14 15:42:37,362 INFO  Meta_Master_Code - 82 - Data written successfully.
2025-07-14 15:42:37,450 INFO  Meta_Master_Code - 83 - Data written successfully.
2025-07-14 15:42:37,547 INFO  Meta_Master_Code - 84 - Data written successfully.
2025-07-14 15:42:37,642 INFO  Meta_Master_Code - 85 - Data written successfully.
2025-07-14 15:42:37,729 INFO  Meta_Master_Code - 86 - Data written successfully.
2025-07-14 15:42:37,822 INFO  Meta_Master_Code - 87 - Data written successfully.
2025-07-14 15:42:37,915 INFO  Meta_Master_Code - 88 - Data written successfully.
2025-07-14 15:42:38,006 INFO  Meta_Master_Code - 89 - Data written successfully.
2025-07-14 15:42:38,094 INFO  Meta_Master_Code - 90 - Data written successfully.
2025-07-14 15:42:38,184 INFO  Meta_Master_Code - 91 - Data written successfully.
2025-07-14 15:42:38,275 INFO  Meta_Master_Code - 92 - Data written successfully.
2025-07-14 15:42:38,363 INFO  Meta_Master_Code - 93 - Data written successfully.
2025-07-14 15:42:38,452 INFO  Meta_Master_Code - 94 - Data written successfully.
2025-07-14 15:42:38,539 INFO  Meta_Master_Code - 95 - Data written successfully.
2025-07-14 15:42:38,627 INFO  Meta_Master_Code - 96 - Data written successfully.
2025-07-14 15:42:38,715 INFO  Meta_Master_Code - 97 - Data written successfully.
2025-07-14 15:42:38,803 INFO  Meta_Master_Code - 98 - Data written successfully.
2025-07-14 15:42:38,893 INFO  Meta_Master_Code - 99 - Data written successfully.
2025-07-14 15:42:38,985 INFO  Meta_Master_Code - 100 - Data written successfully.
2025-07-14 15:42:39,072 INFO  Meta_Master_Code - 101 - Data written successfully.
2025-07-14 15:42:39,163 INFO  Meta_Master_Code - 102 - Data written successfully.
2025-07-14 15:42:39,248 INFO  Meta_Master_Code - 103 - Data written successfully.
2025-07-14 15:42:39,333 INFO  Meta_Master_Code - 104 - Data written successfully.
2025-07-14 15:42:39,421 INFO  Meta_Master_Code - 105 - Data written successfully.
2025-07-14 15:42:39,432 INFO  Meta_Master_Code - Excel file has sheets, not deleted.
2025-07-14 15:42:39,446 INFO  Meta_Master_Code - 2025.07.14.15.26.28-India- New sheet - Excel file created successfully!
2025-07-14 15:42:42,101 INFO  Meta_Master_Code - 0-The downloads Count is -1000000
2025-07-14 15:42:42,127 INFO  Meta_Master_Code - Parsed rating: 3.9
2025-07-14 15:42:42,159 INFO  Meta_Master_Code - Data written successfully: https://play.google.com/store/apps/details?id=com.songn.est
2025-07-14 15:42:42,241 INFO  Meta_Master_Code - Duplicate entry in the Mastersheet
2025-07-14 15:42:42,280 INFO  Meta_Master_Code - The rating is less than 4.5
2025-07-14 15:42:42,280 INFO  Meta_Master_Code - 0 - link in written
2025-07-14 15:42:43,945 INFO  Meta_Master_Code - 1-The downloads Count is -500000
2025-07-14 15:42:43,972 INFO  Meta_Master_Code - Parsed rating: 4.0
2025-07-14 15:42:44,032 INFO  Meta_Master_Code - Data written successfully: https://play.google.com/store/apps/details?id=live.emotionalcare.eazeapp
2025-07-14 15:42:44,070 INFO  Meta_Master_Code - Duplicate entry in the Mastersheet
2025-07-14 15:42:44,110 INFO  Meta_Master_Code - The rating is less than 4.5
2025-07-14 15:42:44,111 INFO  Meta_Master_Code - 1 - link in written
2025-07-14 15:42:45,511 INFO  Meta_Master_Code - 2-The downloads Count is -500000
2025-07-14 15:42:45,535 INFO  Meta_Master_Code - Parsed rating: 4.1
2025-07-14 15:42:45,557 INFO  Meta_Master_Code - Duplicate entry skipped: https://play.google.com/store/apps/details?id=live.emotionalcare.eazeapp
2025-07-14 15:42:45,582 INFO  Meta_Master_Code - Duplicate entry in the Mastersheet
2025-07-14 15:42:45,607 INFO  Meta_Master_Code - The rating is less than 4.5
2025-07-14 15:42:45,608 INFO  Meta_Master_Code - 2 - link in written
2025-07-14 15:42:47,158 INFO  Meta_Master_Code - 3-The downloads Count is -100000
2025-07-14 15:42:47,182 INFO  Meta_Master_Code - Parsed rating: 4.5
2025-07-14 15:42:47,217 INFO  Meta_Master_Code - Data written successfully: https://play.google.com/store/apps/details?id=com.cedargames.mysterytown
2025-07-14 15:42:47,258 INFO  Meta_Master_Code - Duplicate entry in the Mastersheet
2025-07-14 15:42:47,291 INFO  Meta_Master_Code - The rating is less than 4.5
2025-07-14 15:42:47,292 INFO  Meta_Master_Code - 3 - link in written
2025-07-14 15:42:48,663 INFO  Meta_Master_Code - 4-The downloads Count is -100000
2025-07-14 15:42:48,689 INFO  Meta_Master_Code - Parsed rating: 4.5
2025-07-14 15:42:48,708 INFO  Meta_Master_Code - Duplicate entry skipped: https://play.google.com/store/apps/details?id=com.cedargames.mysterytown
2025-07-14 15:42:48,739 INFO  Meta_Master_Code - Duplicate entry in the Mastersheet
2025-07-14 15:42:48,785 INFO  Meta_Master_Code - The rating is less than 4.5
2025-07-14 15:42:48,786 INFO  Meta_Master_Code - 4 - link in written
2025-07-14 15:42:50,133 INFO  Meta_Master_Code - 5-The downloads Count is -100000
2025-07-14 15:42:50,148 INFO  Meta_Master_Code - 5No Rating is Given
2025-07-14 15:42:50,193 INFO  Meta_Master_Code - Data written successfully: https://play.google.com/store/apps/details?id=com.moneymanager.expensetracker.moneytracker.budgetplanner
2025-07-14 15:42:50,222 INFO  Meta_Master_Code - Duplicate entry in the Mastersheet
2025-07-14 15:42:50,315 INFO  Meta_Master_Code - 5 - link in written
2025-07-14 15:42:51,793 INFO  Meta_Master_Code - 6-The downloads Count is -100000
2025-07-14 15:42:51,811 INFO  Meta_Master_Code - 6No Rating is Given
2025-07-14 15:42:51,830 INFO  Meta_Master_Code - Duplicate entry skipped: https://play.google.com/store/apps/details?id=com.moneymanager.expensetracker.moneytracker.budgetplanner
2025-07-14 15:42:51,862 INFO  Meta_Master_Code - Duplicate entry in the Mastersheet
2025-07-14 15:42:51,933 INFO  Meta_Master_Code - 6 - link in written
2025-07-14 15:42:53,197 INFO  Meta_Master_Code - 7-The downloads Count is -100000
2025-07-14 15:42:53,211 INFO  Meta_Master_Code - 7No Rating is Given
2025-07-14 15:42:53,231 INFO  Meta_Master_Code - Duplicate entry skipped: https://play.google.com/store/apps/details?id=com.moneymanager.expensetracker.moneytracker.budgetplanner
2025-07-14 15:42:53,261 INFO  Meta_Master_Code - Duplicate entry in the Mastersheet
2025-07-14 15:42:53,283 INFO  Meta_Master_Code - 7 - link in written
2025-07-14 15:42:54,581 INFO  Meta_Master_Code - 8-The downloads Count is -1000000
2025-07-14 15:42:54,594 INFO  Meta_Master_Code - 8No Rating is Given
2025-07-14 15:42:54,627 INFO  Meta_Master_Code - Data written successfully: https://play.google.com/store/apps/details?id=com.Jewel.towerflip
2025-07-14 15:42:54,654 INFO  Meta_Master_Code - Duplicate entry in the Mastersheet
2025-07-14 15:42:54,671 INFO  Meta_Master_Code - 8 - link in written
2025-07-14 15:42:56,057 INFO  Meta_Master_Code - 9-The downloads Count is -500000
2025-07-14 15:42:56,081 INFO  Meta_Master_Code - Parsed rating: 4.2
2025-07-14 15:42:56,109 INFO  Meta_Master_Code - Data written successfully: https://play.google.com/store/apps/details?id=com.adkrity.app
2025-07-14 15:42:56,141 INFO  Meta_Master_Code - Duplicate entry in the Mastersheet
2025-07-14 15:42:56,162 INFO  Meta_Master_Code - The rating is less than 4.5
2025-07-14 15:42:56,162 INFO  Meta_Master_Code - 9 - link in written
2025-07-14 15:42:57,467 INFO  Meta_Master_Code - 10-The downloads Count is -10000000
2025-07-14 15:42:57,467 INFO  Meta_Master_Code - 10 - The Downloads is more than 1M
2025-07-14 15:42:58,790 INFO  Meta_Master_Code - 11-The downloads Count is -10000000
2025-07-14 15:42:58,791 INFO  Meta_Master_Code - 11 - The Downloads is more than 1M
2025-07-14 15:43:00,140 INFO  Meta_Master_Code - 12-The downloads Count is -10000000
2025-07-14 15:43:00,140 INFO  Meta_Master_Code - 12 - The Downloads is more than 1M
2025-07-14 15:43:01,476 INFO  Meta_Master_Code - 13-The downloads Count is -100000
2025-07-14 15:43:01,495 INFO  Meta_Master_Code - 13No Rating is Given
2025-07-14 15:43:01,527 INFO  Meta_Master_Code - Data written successfully: https://play.google.com/store/apps/details?id=com.moneytracker.loan.currency
2025-07-14 15:43:01,584 INFO  Meta_Master_Code - Duplicate entry in the Mastersheet
2025-07-14 15:43:01,643 INFO  Meta_Master_Code - 13 - link in written
2025-07-14 15:43:03,074 INFO  Meta_Master_Code - 14-The downloads Count is -100000
2025-07-14 15:43:03,098 INFO  Meta_Master_Code - 14No Rating is Given
2025-07-14 15:43:03,118 INFO  Meta_Master_Code - Duplicate entry skipped: https://play.google.com/store/apps/details?id=com.moneytracker.loan.currency
2025-07-14 15:43:03,150 INFO  Meta_Master_Code - Duplicate entry in the Mastersheet
2025-07-14 15:43:03,171 INFO  Meta_Master_Code - 14 - link in written
2025-07-14 15:43:04,628 INFO  Meta_Master_Code - 15-The downloads Count is -100000
2025-07-14 15:43:04,649 INFO  Meta_Master_Code - 15No Rating is Given
2025-07-14 15:43:04,666 INFO  Meta_Master_Code - Duplicate entry skipped: https://play.google.com/store/apps/details?id=com.moneytracker.loan.currency
2025-07-14 15:43:04,704 INFO  Meta_Master_Code - Duplicate entry in the Mastersheet
2025-07-14 15:43:04,729 INFO  Meta_Master_Code - 15 - link in written
2025-07-14 15:43:07,001 INFO  Meta_Master_Code - 16 - The link is App store or other site
2025-07-14 15:43:08,201 INFO  Meta_Master_Code - 17 - The link is App store or other site
2025-07-14 15:43:09,300 INFO  Meta_Master_Code - 18 - The link is App store or other site
2025-07-14 15:43:10,419 INFO  Meta_Master_Code - 19 - The link is App store or other site
2025-07-14 15:43:11,547 INFO  Meta_Master_Code - 20 - The link is App store or other site
2025-07-14 15:43:12,884 INFO  Meta_Master_Code - 21-The downloads Count is -10000
2025-07-14 15:43:12,900 INFO  Meta_Master_Code - 21No Rating is Given
2025-07-14 15:43:12,931 INFO  Meta_Master_Code - Data written successfully: https://play.google.com/store/apps/details?id=com.Neon9puriy.lkkop.wor
2025-07-14 15:43:12,955 INFO  Meta_Master_Code - Duplicate entry in the Mastersheet
2025-07-14 15:43:12,975 INFO  Meta_Master_Code - 21 - link in written
2025-07-14 15:43:14,324 INFO  Meta_Master_Code - 22-The downloads Count is -10000
2025-07-14 15:43:14,338 INFO  Meta_Master_Code - 22No Rating is Given
2025-07-14 15:43:14,354 INFO  Meta_Master_Code - Duplicate entry skipped: https://play.google.com/store/apps/details?id=com.Neon9puriy.lkkop.wor
2025-07-14 15:43:14,373 INFO  Meta_Master_Code - Duplicate entry in the Mastersheet
2025-07-14 15:43:14,401 INFO  Meta_Master_Code - 22 - link in written
2025-07-14 15:43:15,744 INFO  Meta_Master_Code - 23-The downloads Count is -10000
2025-07-14 15:43:15,758 INFO  Meta_Master_Code - 23No Rating is Given
2025-07-14 15:43:15,774 INFO  Meta_Master_Code - Duplicate entry skipped: https://play.google.com/store/apps/details?id=com.Neon9puriy.lkkop.wor
2025-07-14 15:43:15,796 INFO  Meta_Master_Code - Duplicate entry in the Mastersheet
2025-07-14 15:43:15,814 INFO  Meta_Master_Code - 23 - link in written
2025-07-14 15:43:17,077 INFO  Meta_Master_Code - 24-The downloads Count is -10000
2025-07-14 15:43:17,090 INFO  Meta_Master_Code - 24No Rating is Given
2025-07-14 15:43:17,114 INFO  Meta_Master_Code - Duplicate entry skipped: https://play.google.com/store/apps/details?id=com.Neon9puriy.lkkop.wor
2025-07-14 15:43:17,144 INFO  Meta_Master_Code - Duplicate entry in the Mastersheet
2025-07-14 15:43:17,161 INFO  Meta_Master_Code - 24 - link in written
2025-07-14 15:43:18,444 INFO  Meta_Master_Code - 25-The downloads Count is -10000
2025-07-14 15:43:18,466 INFO  Meta_Master_Code - 25No Rating is Given
2025-07-14 15:43:18,482 INFO  Meta_Master_Code - Duplicate entry skipped: https://play.google.com/store/apps/details?id=com.Neon9puriy.lkkop.wor
2025-07-14 15:43:18,507 INFO  Meta_Master_Code - Duplicate entry in the Mastersheet
2025-07-14 15:43:18,548 INFO  Meta_Master_Code - 25 - link in written
2025-07-14 15:43:20,705 INFO  Meta_Master_Code - 26 - The link is App store or other site
2025-07-14 15:43:22,068 INFO  Meta_Master_Code - 27-The downloads Count is -100000
2025-07-14 15:43:22,083 INFO  Meta_Master_Code - 27No Rating is Given
2025-07-14 15:43:22,122 INFO  Meta_Master_Code - Data written successfully: https://play.google.com/store/apps/details?id=com.all.documen.treader.office.manager.filescanner
2025-07-14 15:43:22,166 INFO  Meta_Master_Code - Data Written in Mastersheet - https://play.google.com/store/apps/details?id=com.all.documen.treader.office.manager.filescanner
2025-07-14 15:43:22,207 INFO  Meta_Master_Code - Data written at row index: 0
2025-07-14 15:43:22,232 INFO  Meta_Master_Code - 27 - link in written
2025-07-14 15:43:23,765 INFO  Meta_Master_Code - 28-The downloads Count is -100000000
2025-07-14 15:43:23,765 INFO  Meta_Master_Code - 28 - The Downloads is more than 1M
2025-07-14 15:43:25,108 INFO  Meta_Master_Code - 29-The downloads Count is -100000000
2025-07-14 15:43:25,108 INFO  Meta_Master_Code - 29 - The Downloads is more than 1M
2025-07-14 15:43:26,736 INFO  Meta_Master_Code - 30-The downloads Count is -100000000
2025-07-14 15:43:26,736 INFO  Meta_Master_Code - 30 - The Downloads is more than 1M
2025-07-14 15:43:28,284 INFO  Meta_Master_Code - 31-The downloads Count is -100000000
2025-07-14 15:43:28,284 INFO  Meta_Master_Code - 31 - The Downloads is more than 1M
2025-07-14 15:43:29,628 INFO  Meta_Master_Code - 32-The downloads Count is -100000000
2025-07-14 15:43:29,628 INFO  Meta_Master_Code - 32 - The Downloads is more than 1M
2025-07-14 15:43:31,003 INFO  Meta_Master_Code - 33-The downloads Count is -100000000
2025-07-14 15:43:31,004 INFO  Meta_Master_Code - 33 - The Downloads is more than 1M
2025-07-14 15:43:32,365 INFO  Meta_Master_Code - 34-The downloads Count is -100000000
2025-07-14 15:43:32,365 INFO  Meta_Master_Code - 34 - The Downloads is more than 1M
2025-07-14 15:43:33,742 INFO  Meta_Master_Code - 35-The downloads Count is -100000000
2025-07-14 15:43:33,742 INFO  Meta_Master_Code - 35 - The Downloads is more than 1M
2025-07-14 15:43:35,170 INFO  Meta_Master_Code - 36-The downloads Count is -100000000
2025-07-14 15:43:35,170 INFO  Meta_Master_Code - 36 - The Downloads is more than 1M
2025-07-14 15:43:36,641 INFO  Meta_Master_Code - 37-The downloads Count is -10000000
2025-07-14 15:43:36,641 INFO  Meta_Master_Code - 37 - The Downloads is more than 1M
2025-07-14 15:43:38,005 INFO  Meta_Master_Code - 38-The downloads Count is -10000000
2025-07-14 15:43:38,005 INFO  Meta_Master_Code - 38 - The Downloads is more than 1M
2025-07-14 15:43:39,312 INFO  Meta_Master_Code - 39-The downloads Count is -10000000
2025-07-14 15:43:39,312 INFO  Meta_Master_Code - 39 - The Downloads is more than 1M
2025-07-14 15:43:40,671 INFO  Meta_Master_Code - 40-The downloads Count is -10000000
2025-07-14 15:43:40,671 INFO  Meta_Master_Code - 40 - The Downloads is more than 1M
2025-07-14 15:43:42,005 INFO  Meta_Master_Code - 41-The downloads Count is -10000000
2025-07-14 15:43:42,005 INFO  Meta_Master_Code - 41 - The Downloads is more than 1M
2025-07-14 15:43:42,979 INFO  Meta_Master_Code - 42-The downloads Count is -50000
2025-07-14 15:43:42,994 INFO  Meta_Master_Code - 42No Rating is Given
2025-07-14 15:43:43,023 INFO  Meta_Master_Code - Data written successfully: https://play.google.com/store/apps/details?id=com.musgoqp.as12
2025-07-14 15:43:43,052 INFO  Meta_Master_Code - Data Written in Mastersheet - https://play.google.com/store/apps/details?id=com.musgoqp.as12
2025-07-14 15:43:43,080 INFO  Meta_Master_Code - Data written at row index: 1
2025-07-14 15:43:43,103 INFO  Meta_Master_Code - 42 - link in written
2025-07-14 15:43:45,318 INFO  Meta_Master_Code - 43 - The link is App store or other site
2025-07-14 15:43:46,549 INFO  Meta_Master_Code - 44-The downloads Count is -5000
2025-07-14 15:43:46,563 INFO  Meta_Master_Code - 44No Rating is Given
2025-07-14 15:43:46,592 INFO  Meta_Master_Code - Data written successfully: https://play.google.com/store/apps/details?id=com.reno.ai.interior.home.design
2025-07-14 15:43:46,621 INFO  Meta_Master_Code - Data Written in Mastersheet - https://play.google.com/store/apps/details?id=com.reno.ai.interior.home.design
2025-07-14 15:43:46,656 INFO  Meta_Master_Code - Data written at row index: 2
2025-07-14 15:43:46,689 INFO  Meta_Master_Code - 44 - link in written
2025-07-14 15:43:47,973 INFO  Meta_Master_Code - 45-The downloads Count is -5000
2025-07-14 15:43:47,989 INFO  Meta_Master_Code - 45No Rating is Given
2025-07-14 15:43:48,004 INFO  Meta_Master_Code - Duplicate entry skipped: https://play.google.com/store/apps/details?id=com.reno.ai.interior.home.design
2025-07-14 15:43:48,022 INFO  Meta_Master_Code - Duplicate entry in the Mastersheet
2025-07-14 15:43:48,061 INFO  Meta_Master_Code - 45 - link in written
2025-07-14 15:43:49,528 INFO  Meta_Master_Code - 46-The downloads Count is -10000000
2025-07-14 15:43:49,529 INFO  Meta_Master_Code - 46 - The Downloads is more than 1M
2025-07-14 15:43:50,988 INFO  Meta_Master_Code - 47-The downloads Count is -10000000
2025-07-14 15:43:50,988 INFO  Meta_Master_Code - 47 - The Downloads is more than 1M
2025-07-14 15:43:52,512 INFO  Meta_Master_Code - 48-The downloads Count is -100000000
2025-07-14 15:43:52,512 INFO  Meta_Master_Code - 48 - The Downloads is more than 1M
2025-07-14 15:43:54,239 INFO  Meta_Master_Code - 49-The downloads Count is -100000000
2025-07-14 15:43:54,240 INFO  Meta_Master_Code - 49 - The Downloads is more than 1M
2025-07-14 15:43:55,657 INFO  Meta_Master_Code - 50-The downloads Count is -500000
2025-07-14 15:43:55,681 INFO  Meta_Master_Code - Parsed rating: 4.6
2025-07-14 15:43:55,682 INFO  Meta_Master_Code - 50 - The Rating Count is Greater than 4.5
2025-07-14 15:43:57,355 INFO  Meta_Master_Code - 51-The downloads Count is -1000000
2025-07-14 15:43:57,470 INFO  Meta_Master_Code - Parsed rating: 4.8
2025-07-14 15:43:57,470 INFO  Meta_Master_Code - 51 - The Rating Count is Greater than 4.5
2025-07-14 15:43:59,014 INFO  Meta_Master_Code - 52-The downloads Count is -1000000
2025-07-14 15:43:59,045 INFO  Meta_Master_Code - Parsed rating: 3.5
2025-07-14 15:43:59,080 INFO  Meta_Master_Code - Data written successfully: https://play.google.com/store/apps/details?id=com.location.sharing.fwhere.mapswithme.android
2025-07-14 15:43:59,111 INFO  Meta_Master_Code - Duplicate entry in the Mastersheet
2025-07-14 15:43:59,147 INFO  Meta_Master_Code - The rating is less than 4.5
2025-07-14 15:43:59,152 INFO  Meta_Master_Code - 52 - link in written
2025-07-14 15:44:00,536 INFO  Meta_Master_Code - 53-The downloads Count is -1000000
2025-07-14 15:44:00,558 INFO  Meta_Master_Code - Parsed rating: 3.5
2025-07-14 15:44:00,576 INFO  Meta_Master_Code - Duplicate entry skipped: https://play.google.com/store/apps/details?id=com.location.sharing.fwhere.mapswithme.android
2025-07-14 15:44:00,591 INFO  Meta_Master_Code - Duplicate entry in the Mastersheet
2025-07-14 15:44:00,628 INFO  Meta_Master_Code - The rating is less than 4.5
2025-07-14 15:44:00,629 INFO  Meta_Master_Code - 53 - link in written
2025-07-14 15:44:02,018 INFO  Meta_Master_Code - 54-The downloads Count is -10000
2025-07-14 15:44:02,047 INFO  Meta_Master_Code - Parsed rating: 4.5
2025-07-14 15:44:02,079 INFO  Meta_Master_Code - Data written successfully: https://play.google.com/store/apps/details?id=io.carx.CarX
2025-07-14 15:44:02,110 INFO  Meta_Master_Code - Duplicate entry in the Mastersheet
2025-07-14 15:44:02,144 INFO  Meta_Master_Code - The rating is less than 4.5
2025-07-14 15:44:02,144 INFO  Meta_Master_Code - 54 - link in written
2025-07-14 15:44:03,595 INFO  Meta_Master_Code - 55-The downloads Count is -1000000
2025-07-14 15:44:03,634 INFO  Meta_Master_Code - Parsed rating: 4.3
2025-07-14 15:44:03,657 INFO  Meta_Master_Code - Data written successfully: https://play.google.com/store/apps/details?id=com.zudo
2025-07-14 15:44:03,694 INFO  Meta_Master_Code - Duplicate entry in the Mastersheet
2025-07-14 15:44:03,727 INFO  Meta_Master_Code - The rating is less than 4.5
2025-07-14 15:44:03,728 INFO  Meta_Master_Code - 55 - link in written
2025-07-14 15:44:05,094 INFO  Meta_Master_Code - 56-The downloads Count is -1000000
2025-07-14 15:44:05,116 INFO  Meta_Master_Code - Parsed rating: 4.3
2025-07-14 15:44:05,133 INFO  Meta_Master_Code - Duplicate entry skipped: https://play.google.com/store/apps/details?id=com.zudo
2025-07-14 15:44:05,150 INFO  Meta_Master_Code - Duplicate entry in the Mastersheet
2025-07-14 15:44:05,172 INFO  Meta_Master_Code - The rating is less than 4.5
2025-07-14 15:44:05,172 INFO  Meta_Master_Code - 56 - link in written
2025-07-14 15:44:06,611 INFO  Meta_Master_Code - 57-The downloads Count is -10000000
2025-07-14 15:44:06,611 INFO  Meta_Master_Code - 57 - The Downloads is more than 1M
2025-07-14 15:44:07,965 INFO  Meta_Master_Code - 58-The downloads Count is -10000000
2025-07-14 15:44:07,965 INFO  Meta_Master_Code - 58 - The Downloads is more than 1M
2025-07-14 15:44:09,415 INFO  Meta_Master_Code - 59-The downloads Count is -10000000
2025-07-14 15:44:09,415 INFO  Meta_Master_Code - 59 - The Downloads is more than 1M
2025-07-14 15:44:10,815 INFO  Meta_Master_Code - 60-The downloads Count is -10000000
2025-07-14 15:44:10,816 INFO  Meta_Master_Code - 60 - The Downloads is more than 1M
2025-07-14 15:44:12,137 INFO  Meta_Master_Code - 61-The downloads Count is -10000
2025-07-14 15:44:12,153 INFO  Meta_Master_Code - 61No Rating is Given
2025-07-14 15:44:12,181 INFO  Meta_Master_Code - Data written successfully: https://play.google.com/store/apps/details?id=com.hvlhsl3.jho.online
2025-07-14 15:44:12,206 INFO  Meta_Master_Code - Duplicate entry in the Mastersheet
2025-07-14 15:44:12,223 INFO  Meta_Master_Code - 61 - link in written
2025-07-14 15:44:13,830 INFO  Meta_Master_Code - 62-The downloads Count is -10000
2025-07-14 15:44:13,845 INFO  Meta_Master_Code - 62No Rating is Given
2025-07-14 15:44:13,860 INFO  Meta_Master_Code - Duplicate entry skipped: https://play.google.com/store/apps/details?id=com.hvlhsl3.jho.online
2025-07-14 15:44:13,880 INFO  Meta_Master_Code - Duplicate entry in the Mastersheet
2025-07-14 15:44:13,904 INFO  Meta_Master_Code - 62 - link in written
2025-07-14 15:44:15,163 INFO  Meta_Master_Code - 63-The downloads Count is -10000
2025-07-14 15:44:15,183 INFO  Meta_Master_Code - 63No Rating is Given
2025-07-14 15:44:15,193 INFO  Meta_Master_Code - Duplicate entry skipped: https://play.google.com/store/apps/details?id=com.hvlhsl3.jho.online
2025-07-14 15:44:15,213 INFO  Meta_Master_Code - Duplicate entry in the Mastersheet
2025-07-14 15:44:15,252 INFO  Meta_Master_Code - 63 - link in written
2025-07-14 15:44:16,552 INFO  Meta_Master_Code - 64-The downloads Count is -10000000
2025-07-14 15:44:16,552 INFO  Meta_Master_Code - 64 - The Downloads is more than 1M
2025-07-14 15:44:17,796 INFO  Meta_Master_Code - 65-The downloads Count is -10000000
2025-07-14 15:44:17,796 INFO  Meta_Master_Code - 65 - The Downloads is more than 1M
2025-07-14 15:44:19,061 INFO  Meta_Master_Code - 66-The downloads Count is -10000000
2025-07-14 15:44:19,061 INFO  Meta_Master_Code - 66 - The Downloads is more than 1M
2025-07-14 15:44:20,346 INFO  Meta_Master_Code - 67-The downloads Count is -10000000
2025-07-14 15:44:20,346 INFO  Meta_Master_Code - 67 - The Downloads is more than 1M
2025-07-14 15:44:21,637 INFO  Meta_Master_Code - 68-The downloads Count is -10000000
2025-07-14 15:44:21,637 INFO  Meta_Master_Code - 68 - The Downloads is more than 1M
2025-07-14 15:44:22,937 INFO  Meta_Master_Code - 69-The downloads Count is -5000000
2025-07-14 15:44:22,938 INFO  Meta_Master_Code - 69 - The Downloads is more than 1M
2025-07-14 15:44:24,173 INFO  Meta_Master_Code - 70-The downloads Count is -5000000
2025-07-14 15:44:24,173 INFO  Meta_Master_Code - 70 - The Downloads is more than 1M
2025-07-14 15:44:25,744 INFO  Meta_Master_Code - 71-The downloads Count is -5000000
2025-07-14 15:44:25,745 INFO  Meta_Master_Code - 71 - The Downloads is more than 1M
2025-07-14 15:44:27,152 INFO  Meta_Master_Code - 72-The downloads Count is -10000000
2025-07-14 15:44:27,152 INFO  Meta_Master_Code - 72 - The Downloads is more than 1M
2025-07-14 15:44:28,386 INFO  Meta_Master_Code - 73-The downloads Count is -10000000
2025-07-14 15:44:28,386 INFO  Meta_Master_Code - 73 - The Downloads is more than 1M
2025-07-14 15:44:29,621 INFO  Meta_Master_Code - 74-The downloads Count is -10000000
2025-07-14 15:44:29,621 INFO  Meta_Master_Code - 74 - The Downloads is more than 1M
2025-07-14 15:44:30,952 INFO  Meta_Master_Code - 75-The downloads Count is -10000000
2025-07-14 15:44:30,952 INFO  Meta_Master_Code - 75 - The Downloads is more than 1M
2025-07-14 15:44:32,213 INFO  Meta_Master_Code - 76-The downloads Count is -10000000
2025-07-14 15:44:32,213 INFO  Meta_Master_Code - 76 - The Downloads is more than 1M
2025-07-14 15:44:33,471 INFO  Meta_Master_Code - 77-The downloads Count is -5000000
2025-07-14 15:44:33,471 INFO  Meta_Master_Code - 77 - The Downloads is more than 1M
2025-07-14 15:44:34,690 INFO  Meta_Master_Code - 78-The downloads Count is -5000000
2025-07-14 15:44:34,690 INFO  Meta_Master_Code - 78 - The Downloads is more than 1M
2025-07-14 15:44:36,241 INFO  Meta_Master_Code - 79-The downloads Count is -5000000
2025-07-14 15:44:36,241 INFO  Meta_Master_Code - 79 - The Downloads is more than 1M
2025-07-14 15:44:37,667 INFO  Meta_Master_Code - 80-The downloads Count is -10000000
2025-07-14 15:44:37,667 INFO  Meta_Master_Code - 80 - The Downloads is more than 1M
2025-07-14 15:44:39,107 INFO  Meta_Master_Code - 81-The downloads Count is -10000000
2025-07-14 15:44:39,107 INFO  Meta_Master_Code - 81 - The Downloads is more than 1M
2025-07-14 15:44:40,391 INFO  Meta_Master_Code - 82-The downloads Count is -10000000
2025-07-14 15:44:40,391 INFO  Meta_Master_Code - 82 - The Downloads is more than 1M
2025-07-14 15:44:41,743 INFO  Meta_Master_Code - 83-The downloads Count is -10000000
2025-07-14 15:44:41,743 INFO  Meta_Master_Code - 83 - The Downloads is more than 1M
2025-07-14 15:44:43,103 INFO  Meta_Master_Code - 84-The downloads Count is -10000000
2025-07-14 15:44:43,104 INFO  Meta_Master_Code - 84 - The Downloads is more than 1M
2025-07-14 15:44:44,254 INFO  Meta_Master_Code - 85-The downloads Count is -100000
2025-07-14 15:44:44,265 INFO  Meta_Master_Code - 85No Rating is Given
2025-07-14 15:44:44,284 INFO  Meta_Master_Code - Data written successfully: https://play.google.com/store/apps/details?id=com.revia.aiart.aiphoto.aivideo.generator
2025-07-14 15:44:44,294 INFO  Meta_Master_Code - Duplicate entry in the Mastersheet
2025-07-14 15:44:44,308 INFO  Meta_Master_Code - 85 - link in written
2025-07-14 15:44:45,563 INFO  Meta_Master_Code - 86-The downloads Count is -100000
2025-07-14 15:44:45,574 INFO  Meta_Master_Code - 86No Rating is Given
2025-07-14 15:44:45,581 INFO  Meta_Master_Code - Duplicate entry skipped: https://play.google.com/store/apps/details?id=com.revia.aiart.aiphoto.aivideo.generator
2025-07-14 15:44:45,597 INFO  Meta_Master_Code - Duplicate entry in the Mastersheet
2025-07-14 15:44:45,608 INFO  Meta_Master_Code - 86 - link in written
2025-07-14 15:44:46,698 INFO  Meta_Master_Code - 87-The downloads Count is -100000
2025-07-14 15:44:46,709 INFO  Meta_Master_Code - 87No Rating is Given
2025-07-14 15:44:46,718 INFO  Meta_Master_Code - Duplicate entry skipped: https://play.google.com/store/apps/details?id=com.revia.aiart.aiphoto.aivideo.generator
2025-07-14 15:44:46,733 INFO  Meta_Master_Code - Duplicate entry in the Mastersheet
2025-07-14 15:44:46,743 INFO  Meta_Master_Code - 87 - link in written
2025-07-14 15:44:48,003 INFO  Meta_Master_Code - 88-The downloads Count is -100000
2025-07-14 15:44:48,015 INFO  Meta_Master_Code - 88No Rating is Given
2025-07-14 15:44:48,030 INFO  Meta_Master_Code - Duplicate entry skipped: https://play.google.com/store/apps/details?id=com.revia.aiart.aiphoto.aivideo.generator
2025-07-14 15:44:48,050 INFO  Meta_Master_Code - Duplicate entry in the Mastersheet
2025-07-14 15:44:48,068 INFO  Meta_Master_Code - 88 - link in written
2025-07-14 15:44:48,088 INFO  Meta_Master_Code - Excel file has sheets, not deleted.
2025-07-14 15:44:48,123 INFO  Meta_Master_Code - Total filtered Link count: 3
