2025-07-16 12:31:27,456 INFO  Meta_Website_Master_Code - URL Entered
2025-07-16 12:31:27,689 INFO  Meta_Website_Master_Code - Entered country is - India
2025-07-16 12:31:27,689 INFO  Meta_Website_Master_Code - India has been Choosen
2025-07-16 12:31:27,956 INFO  Meta_Website_Master_Code - Data Found
2025-07-16 12:31:27,963 INFO  Meta_Website_Master_Code - The Number of Scroll count Entered is - 50
2025-07-16 12:31:27,963 INFO  Meta_Website_Master_Code - Scroll: 0
2025-07-16 12:31:34,021 INFO  Meta_Website_Master_Code - Scroll: 1
2025-07-16 12:31:41,565 INFO  Meta_Website_Master_Code - Scroll: 2
2025-07-16 12:31:47,638 INFO  Meta_Website_Master_Code - Scroll: 3
2025-07-16 12:31:53,744 INFO  Meta_Website_Master_Code - Scroll: 4
2025-07-16 12:31:59,843 INFO  Meta_Website_Master_Code - Scroll: 5
2025-07-16 12:32:05,925 INFO  Meta_Website_Master_Code - Scroll: 6
2025-07-16 12:32:12,016 INFO  Meta_Website_Master_Code - Scroll: 7
2025-07-16 12:32:18,074 INFO  Meta_Website_Master_Code - Scroll: 8
2025-07-16 12:32:24,168 INFO  Meta_Website_Master_Code - Scroll: 9
2025-07-16 12:32:30,225 INFO  Meta_Website_Master_Code - Scroll: 10
2025-07-16 12:32:36,289 INFO  Meta_Website_Master_Code - Scroll: 11
2025-07-16 12:32:42,444 INFO  Meta_Website_Master_Code - Scroll: 12
2025-07-16 12:32:48,537 INFO  Meta_Website_Master_Code - Scroll: 13
2025-07-16 12:32:54,588 INFO  Meta_Website_Master_Code - Scroll: 14
2025-07-16 12:33:00,736 INFO  Meta_Website_Master_Code - Scroll: 15
2025-07-16 12:33:06,793 INFO  Meta_Website_Master_Code - Scroll: 16
2025-07-16 12:33:12,880 INFO  Meta_Website_Master_Code - Scroll: 17
2025-07-16 12:33:18,962 INFO  Meta_Website_Master_Code - Scroll: 18
2025-07-16 12:33:25,041 INFO  Meta_Website_Master_Code - Scroll: 19
2025-07-16 12:33:31,253 INFO  Meta_Website_Master_Code - Scroll: 20
2025-07-16 12:33:37,430 INFO  Meta_Website_Master_Code - Scroll: 21
2025-07-16 12:33:43,485 INFO  Meta_Website_Master_Code - Scroll: 22
2025-07-16 12:33:49,563 INFO  Meta_Website_Master_Code - Scroll: 23
2025-07-16 12:33:55,757 INFO  Meta_Website_Master_Code - Scroll: 24
2025-07-16 12:34:01,877 INFO  Meta_Website_Master_Code - Scroll: 25
2025-07-16 12:34:08,077 INFO  Meta_Website_Master_Code - Scroll: 26
2025-07-16 12:34:14,143 INFO  Meta_Website_Master_Code - Scroll: 27
2025-07-16 12:34:20,225 INFO  Meta_Website_Master_Code - Scroll: 28
2025-07-16 12:34:26,271 INFO  Meta_Website_Master_Code - Scroll: 29
2025-07-16 12:34:32,315 INFO  Meta_Website_Master_Code - Scroll: 30
2025-07-16 12:34:38,483 INFO  Meta_Website_Master_Code - Scroll: 31
2025-07-16 12:34:44,609 INFO  Meta_Website_Master_Code - Scroll: 32
2025-07-16 12:34:50,668 INFO  Meta_Website_Master_Code - Scroll: 33
2025-07-16 12:34:56,769 INFO  Meta_Website_Master_Code - Scroll: 34
2025-07-16 12:35:02,817 INFO  Meta_Website_Master_Code - Scroll: 35
2025-07-16 12:35:08,941 INFO  Meta_Website_Master_Code - Scroll: 36
2025-07-16 12:35:14,999 INFO  Meta_Website_Master_Code - Scroll: 37
2025-07-16 12:35:21,090 INFO  Meta_Website_Master_Code - Scroll: 38
2025-07-16 12:35:27,154 INFO  Meta_Website_Master_Code - Scroll: 39
2025-07-16 12:35:33,201 INFO  Meta_Website_Master_Code - Scroll: 40
2025-07-16 12:35:39,262 INFO  Meta_Website_Master_Code - Scroll: 41
2025-07-16 12:35:45,365 INFO  Meta_Website_Master_Code - Scroll: 42
2025-07-16 12:35:51,438 INFO  Meta_Website_Master_Code - Scroll: 43
2025-07-16 12:35:57,651 INFO  Meta_Website_Master_Code - Scroll: 44
2025-07-16 12:36:03,717 INFO  Meta_Website_Master_Code - Scroll: 45
2025-07-16 12:36:09,830 INFO  Meta_Website_Master_Code - Scroll: 46
2025-07-16 12:36:15,941 INFO  Meta_Website_Master_Code - Scroll: 47
2025-07-16 12:36:22,044 INFO  Meta_Website_Master_Code - Scroll: 48
2025-07-16 12:36:28,183 INFO  Meta_Website_Master_Code - Scroll: 49
2025-07-16 12:36:34,239 INFO  Meta_Website_Master_Code - Scroll: 50
2025-07-16 12:36:41,115 INFO  Meta_Website_Master_Code - 2025.07.16.12.31.23 - Excel file created successfully!
2025-07-16 12:36:41,158 INFO  Meta_Website_Master_Code - Total link is 14
2025-07-16 12:36:41,378 INFO  Meta_Website_Master_Code - 1 - Data written successfully.
2025-07-16 12:36:41,447 INFO  Meta_Website_Master_Code - 2 - Data written successfully.
2025-07-16 12:36:41,520 INFO  Meta_Website_Master_Code - 3 - Data written successfully.
2025-07-16 12:36:41,588 INFO  Meta_Website_Master_Code - 4 - Data written successfully.
2025-07-16 12:36:41,646 INFO  Meta_Website_Master_Code - 5 - Data written successfully.
2025-07-16 12:36:41,707 INFO  Meta_Website_Master_Code - 6 - Data written successfully.
2025-07-16 12:36:41,786 INFO  Meta_Website_Master_Code - 7 - Data written successfully.
2025-07-16 12:36:41,847 INFO  Meta_Website_Master_Code - 8 - Data written successfully.
2025-07-16 12:36:41,911 INFO  Meta_Website_Master_Code - 9 - Data written successfully.
2025-07-16 12:36:42,005 INFO  Meta_Website_Master_Code - 10 - Data written successfully.
2025-07-16 12:36:42,103 INFO  Meta_Website_Master_Code - 11 - Data written successfully.
2025-07-16 12:36:42,214 INFO  Meta_Website_Master_Code - 12 - Data written successfully.
2025-07-16 12:36:42,304 INFO  Meta_Website_Master_Code - 13 - Data written successfully.
2025-07-16 12:36:42,386 INFO  Meta_Website_Master_Code - 14 - Data written successfully.
2025-07-16 12:36:42,461 INFO  Meta_Website_Master_Code - Total link is 90
2025-07-16 12:36:42,591 INFO  Meta_Website_Master_Code - 1 - Data written successfully.
2025-07-16 12:36:42,706 INFO  Meta_Website_Master_Code - 2 - Data written successfully.
2025-07-16 12:36:42,854 INFO  Meta_Website_Master_Code - 3 - Data written successfully.
2025-07-16 12:36:42,956 INFO  Meta_Website_Master_Code - 4 - Data written successfully.
2025-07-16 12:36:43,065 INFO  Meta_Website_Master_Code - 5 - Data written successfully.
2025-07-16 12:36:43,139 INFO  Meta_Website_Master_Code - 6 - Data written successfully.
2025-07-16 12:36:43,221 INFO  Meta_Website_Master_Code - 7 - Data written successfully.
2025-07-16 12:36:43,349 INFO  Meta_Website_Master_Code - 8 - Data written successfully.
2025-07-16 12:36:43,413 INFO  Meta_Website_Master_Code - 9 - Data written successfully.
2025-07-16 12:36:43,473 INFO  Meta_Website_Master_Code - 10 - Data written successfully.
2025-07-16 12:36:43,535 INFO  Meta_Website_Master_Code - 11 - Data written successfully.
2025-07-16 12:36:43,622 INFO  Meta_Website_Master_Code - 12 - Data written successfully.
2025-07-16 12:36:43,692 INFO  Meta_Website_Master_Code - 13 - Data written successfully.
2025-07-16 12:36:43,766 INFO  Meta_Website_Master_Code - 14 - Data written successfully.
2025-07-16 12:36:43,839 INFO  Meta_Website_Master_Code - 15 - Data written successfully.
2025-07-16 12:36:43,928 INFO  Meta_Website_Master_Code - 16 - Data written successfully.
2025-07-16 12:36:44,165 INFO  Meta_Website_Master_Code - 17 - Data written successfully.
2025-07-16 12:36:44,333 INFO  Meta_Website_Master_Code - 18 - Data written successfully.
2025-07-16 12:36:44,573 INFO  Meta_Website_Master_Code - 19 - Data written successfully.
2025-07-16 12:36:44,632 INFO  Meta_Website_Master_Code - 20 - Data written successfully.
2025-07-16 12:36:44,679 INFO  Meta_Website_Master_Code - 21 - Data written successfully.
2025-07-16 12:36:44,733 INFO  Meta_Website_Master_Code - 22 - Data written successfully.
2025-07-16 12:36:44,782 INFO  Meta_Website_Master_Code - 23 - Data written successfully.
2025-07-16 12:36:44,835 INFO  Meta_Website_Master_Code - 24 - Data written successfully.
2025-07-16 12:36:44,902 INFO  Meta_Website_Master_Code - 25 - Data written successfully.
2025-07-16 12:36:44,976 INFO  Meta_Website_Master_Code - 26 - Data written successfully.
2025-07-16 12:36:45,025 INFO  Meta_Website_Master_Code - 27 - Data written successfully.
2025-07-16 12:36:45,088 INFO  Meta_Website_Master_Code - 28 - Data written successfully.
2025-07-16 12:36:45,162 INFO  Meta_Website_Master_Code - 29 - Data written successfully.
2025-07-16 12:36:45,216 INFO  Meta_Website_Master_Code - 30 - Data written successfully.
2025-07-16 12:36:45,299 INFO  Meta_Website_Master_Code - 31 - Data written successfully.
2025-07-16 12:36:45,366 INFO  Meta_Website_Master_Code - 32 - Data written successfully.
2025-07-16 12:36:45,446 INFO  Meta_Website_Master_Code - 33 - Data written successfully.
2025-07-16 12:36:45,525 INFO  Meta_Website_Master_Code - 34 - Data written successfully.
2025-07-16 12:36:45,588 INFO  Meta_Website_Master_Code - 35 - Data written successfully.
2025-07-16 12:36:45,669 INFO  Meta_Website_Master_Code - 36 - Data written successfully.
2025-07-16 12:36:45,734 INFO  Meta_Website_Master_Code - 37 - Data written successfully.
2025-07-16 12:36:45,787 INFO  Meta_Website_Master_Code - 38 - Data written successfully.
2025-07-16 12:36:45,845 INFO  Meta_Website_Master_Code - 39 - Data written successfully.
2025-07-16 12:36:45,910 INFO  Meta_Website_Master_Code - 40 - Data written successfully.
2025-07-16 12:36:45,986 INFO  Meta_Website_Master_Code - 41 - Data written successfully.
2025-07-16 12:36:46,054 INFO  Meta_Website_Master_Code - 42 - Data written successfully.
2025-07-16 12:36:46,105 INFO  Meta_Website_Master_Code - 43 - Data written successfully.
2025-07-16 12:36:46,156 INFO  Meta_Website_Master_Code - 44 - Data written successfully.
2025-07-16 12:36:46,222 INFO  Meta_Website_Master_Code - 45 - Data written successfully.
2025-07-16 12:36:46,274 INFO  Meta_Website_Master_Code - 46 - Data written successfully.
2025-07-16 12:36:46,342 INFO  Meta_Website_Master_Code - 47 - Data written successfully.
2025-07-16 12:36:46,407 INFO  Meta_Website_Master_Code - 48 - Data written successfully.
2025-07-16 12:36:46,473 INFO  Meta_Website_Master_Code - 49 - Data written successfully.
2025-07-16 12:36:46,585 INFO  Meta_Website_Master_Code - 50 - Data written successfully.
2025-07-16 12:36:46,686 INFO  Meta_Website_Master_Code - 51 - Data written successfully.
2025-07-16 12:36:46,763 INFO  Meta_Website_Master_Code - 52 - Data written successfully.
2025-07-16 12:36:46,835 INFO  Meta_Website_Master_Code - 53 - Data written successfully.
2025-07-16 12:36:46,884 INFO  Meta_Website_Master_Code - 54 - Data written successfully.
2025-07-16 12:36:46,931 INFO  Meta_Website_Master_Code - 55 - Data written successfully.
2025-07-16 12:36:46,995 INFO  Meta_Website_Master_Code - 56 - Data written successfully.
2025-07-16 12:36:47,048 INFO  Meta_Website_Master_Code - 57 - Data written successfully.
2025-07-16 12:36:47,102 INFO  Meta_Website_Master_Code - 58 - Data written successfully.
2025-07-16 12:36:47,159 INFO  Meta_Website_Master_Code - 59 - Data written successfully.
2025-07-16 12:36:47,227 INFO  Meta_Website_Master_Code - 60 - Data written successfully.
2025-07-16 12:36:47,291 INFO  Meta_Website_Master_Code - 61 - Data written successfully.
2025-07-16 12:36:47,354 INFO  Meta_Website_Master_Code - 62 - Data written successfully.
2025-07-16 12:36:47,437 INFO  Meta_Website_Master_Code - 63 - Data written successfully.
2025-07-16 12:36:47,498 INFO  Meta_Website_Master_Code - 64 - Data written successfully.
2025-07-16 12:36:47,548 INFO  Meta_Website_Master_Code - 65 - Data written successfully.
2025-07-16 12:36:47,601 INFO  Meta_Website_Master_Code - 66 - Data written successfully.
2025-07-16 12:36:47,649 INFO  Meta_Website_Master_Code - 67 - Data written successfully.
2025-07-16 12:36:47,703 INFO  Meta_Website_Master_Code - 68 - Data written successfully.
2025-07-16 12:36:47,757 INFO  Meta_Website_Master_Code - 69 - Data written successfully.
2025-07-16 12:36:47,809 INFO  Meta_Website_Master_Code - 70 - Data written successfully.
2025-07-16 12:36:47,862 INFO  Meta_Website_Master_Code - 71 - Data written successfully.
2025-07-16 12:36:47,927 INFO  Meta_Website_Master_Code - 72 - Data written successfully.
2025-07-16 12:36:47,983 INFO  Meta_Website_Master_Code - 73 - Data written successfully.
2025-07-16 12:36:48,034 INFO  Meta_Website_Master_Code - 74 - Data written successfully.
2025-07-16 12:36:48,088 INFO  Meta_Website_Master_Code - 75 - Data written successfully.
2025-07-16 12:36:48,138 INFO  Meta_Website_Master_Code - 76 - Data written successfully.
2025-07-16 12:36:48,190 INFO  Meta_Website_Master_Code - 77 - Data written successfully.
2025-07-16 12:36:48,238 INFO  Meta_Website_Master_Code - 78 - Data written successfully.
2025-07-16 12:36:48,284 INFO  Meta_Website_Master_Code - 79 - Data written successfully.
2025-07-16 12:36:48,339 INFO  Meta_Website_Master_Code - 80 - Data written successfully.
2025-07-16 12:36:48,405 INFO  Meta_Website_Master_Code - 81 - Data written successfully.
2025-07-16 12:36:48,502 INFO  Meta_Website_Master_Code - 82 - Data written successfully.
2025-07-16 12:36:48,576 INFO  Meta_Website_Master_Code - 83 - Data written successfully.
2025-07-16 12:36:48,670 INFO  Meta_Website_Master_Code - 84 - Data written successfully.
2025-07-16 12:36:48,720 INFO  Meta_Website_Master_Code - 85 - Data written successfully.
2025-07-16 12:36:48,784 INFO  Meta_Website_Master_Code - 86 - Data written successfully.
2025-07-16 12:36:48,912 INFO  Meta_Website_Master_Code - 87 - Data written successfully.
2025-07-16 12:36:48,977 INFO  Meta_Website_Master_Code - 88 - Data written successfully.
2025-07-16 12:36:49,033 INFO  Meta_Website_Master_Code - 89 - Data written successfully.
2025-07-16 12:36:49,085 INFO  Meta_Website_Master_Code - 90 - Data written successfully.
2025-07-16 12:36:49,098 INFO  Meta_Website_Master_Code - Excel file has sheets, not deleted.
2025-07-16 12:36:49,112 INFO  Meta_Website_Master_Code - 2025.07.16.12.31.23-India- New sheet - Excel file created successfully!
2025-07-16 12:36:51,562 INFO  Meta_Website_Master_Code - Data written successfully: https://flipkartworld.shop/
2025-07-16 12:36:51,602 INFO  Meta_Website_Master_Code - Data Written in Mastersheet - https://flipkartworld.shop/
2025-07-16 12:36:51,623 INFO  Meta_Website_Master_Code - Data written at row index: 0
2025-07-16 12:36:51,647 INFO  Meta_Website_Master_Code - 0 - https://flipkartworld.shop/
2025-07-16 12:36:52,706 INFO  Meta_Website_Master_Code - Duplicate entry skipped: https://flipkartworld.shop/
2025-07-16 12:36:52,730 INFO  Meta_Website_Master_Code - Duplicate entry in the Mastersheet
2025-07-16 12:36:52,792 INFO  Meta_Website_Master_Code - 1 - https://flipkartworld.shop/
2025-07-16 12:36:53,786 INFO  Meta_Website_Master_Code - Duplicate entry skipped: https://flipkartworld.shop/
2025-07-16 12:36:53,804 INFO  Meta_Website_Master_Code - Duplicate entry in the Mastersheet
2025-07-16 12:36:53,824 INFO  Meta_Website_Master_Code - 2 - https://flipkartworld.shop/
2025-07-16 12:36:56,662 INFO  Meta_Website_Master_Code - Data written successfully: https://mituscouture.com/products/leher-pure-cotton-cord-set?variant=41540553474151
2025-07-16 12:36:56,703 INFO  Meta_Website_Master_Code - Data Written in Mastersheet - https://mituscouture.com/products/leher-pure-cotton-cord-set?variant=41540553474151
2025-07-16 12:36:56,769 INFO  Meta_Website_Master_Code - Data written at row index: 1
2025-07-16 12:36:56,824 INFO  Meta_Website_Master_Code - 3 - https://mituscouture.com/products/leher-pure-cotton-cord-set?variant=41540553474151
2025-07-16 12:36:58,623 INFO  Meta_Website_Master_Code - Duplicate entry skipped: https://mituscouture.com/products/leher-pure-cotton-cord-set?variant=41540553474151
2025-07-16 12:36:58,649 INFO  Meta_Website_Master_Code - Duplicate entry in the Mastersheet
2025-07-16 12:36:58,672 INFO  Meta_Website_Master_Code - 4 - https://mituscouture.com/products/leher-pure-cotton-cord-set?variant=41540553474151
2025-07-16 12:37:00,526 INFO  Meta_Website_Master_Code - Data written successfully: https://mituscouture.com/products/mita-maslin-pronted-cord-set?variant=41247148015719
2025-07-16 12:37:00,566 INFO  Meta_Website_Master_Code - Data Written in Mastersheet - https://mituscouture.com/products/mita-maslin-pronted-cord-set?variant=41247148015719
2025-07-16 12:37:00,600 INFO  Meta_Website_Master_Code - Data written at row index: 2
2025-07-16 12:37:00,633 INFO  Meta_Website_Master_Code - 5 - https://mituscouture.com/products/mita-maslin-pronted-cord-set?variant=41247148015719
2025-07-16 12:37:02,198 INFO  Meta_Website_Master_Code - Duplicate entry skipped: https://mituscouture.com/products/mita-maslin-pronted-cord-set?variant=41247148015719
2025-07-16 12:37:02,218 INFO  Meta_Website_Master_Code - Duplicate entry in the Mastersheet
2025-07-16 12:37:02,247 INFO  Meta_Website_Master_Code - 6 - https://mituscouture.com/products/mita-maslin-pronted-cord-set?variant=41247148015719
2025-07-16 12:37:04,821 INFO  Meta_Website_Master_Code - Data written successfully: https://www.justshop.shop/products/atemporal-warts-remover-cream
2025-07-16 12:37:04,846 INFO  Meta_Website_Master_Code - Data Written in Mastersheet - https://www.justshop.shop/products/atemporal-warts-remover-cream
2025-07-16 12:37:04,879 INFO  Meta_Website_Master_Code - Data written at row index: 3
2025-07-16 12:37:04,902 INFO  Meta_Website_Master_Code - 7 - https://www.justshop.shop/products/atemporal-warts-remover-cream
2025-07-16 12:37:06,329 INFO  Meta_Website_Master_Code - Duplicate entry skipped: https://www.justshop.shop/products/atemporal-warts-remover-cream
2025-07-16 12:37:06,345 INFO  Meta_Website_Master_Code - Duplicate entry in the Mastersheet
2025-07-16 12:37:06,359 INFO  Meta_Website_Master_Code - 8 - https://www.justshop.shop/products/atemporal-warts-remover-cream
2025-07-16 12:37:09,799 INFO  Meta_Website_Master_Code - Data written successfully: https://thekaashi.com/collections/rakhi
2025-07-16 12:37:09,822 INFO  Meta_Website_Master_Code - Data Written in Mastersheet - https://thekaashi.com/collections/rakhi
2025-07-16 12:37:09,860 INFO  Meta_Website_Master_Code - Data written at row index: 4
2025-07-16 12:37:09,926 INFO  Meta_Website_Master_Code - 9 - https://thekaashi.com/collections/rakhi
2025-07-16 12:37:12,086 INFO  Meta_Website_Master_Code - Data written successfully: https://newwoffer.gtatens.com/offline2/
2025-07-16 12:37:12,102 INFO  Meta_Website_Master_Code - Data Written in Mastersheet - https://newwoffer.gtatens.com/offline2/
2025-07-16 12:37:12,119 INFO  Meta_Website_Master_Code - Data written at row index: 5
2025-07-16 12:37:12,134 INFO  Meta_Website_Master_Code - 10 - https://newwoffer.gtatens.com/offline2/
2025-07-16 12:37:12,832 INFO  Meta_Website_Master_Code - Data written successfully: https://bioweb.live/1971430254
2025-07-16 12:37:12,849 INFO  Meta_Website_Master_Code - Data Written in Mastersheet - https://bioweb.live/1971430254
2025-07-16 12:37:12,898 INFO  Meta_Website_Master_Code - Data written at row index: 6
2025-07-16 12:37:12,922 INFO  Meta_Website_Master_Code - 11 - https://bioweb.live/1971430254
2025-07-16 12:37:13,702 INFO  Meta_Website_Master_Code - Data written successfully: https://bioweb.live/8804450090
2025-07-16 12:37:13,717 INFO  Meta_Website_Master_Code - Data Written in Mastersheet - https://bioweb.live/8804450090
2025-07-16 12:37:13,735 INFO  Meta_Website_Master_Code - Data written at row index: 7
2025-07-16 12:37:13,749 INFO  Meta_Website_Master_Code - 12 - https://bioweb.live/8804450090
2025-07-16 12:37:16,738 INFO  Meta_Website_Master_Code - Data written successfully: https://lapindor.in/products/the-barrier-glow-essential-duo
2025-07-16 12:37:16,754 INFO  Meta_Website_Master_Code - Data Written in Mastersheet - https://lapindor.in/products/the-barrier-glow-essential-duo
2025-07-16 12:37:16,783 INFO  Meta_Website_Master_Code - Data written at row index: 8
2025-07-16 12:37:16,832 INFO  Meta_Website_Master_Code - 13 - https://lapindor.in/products/the-barrier-glow-essential-duo
2025-07-16 12:37:17,808 INFO  Meta_Website_Master_Code - Data written successfully: https://flipkartworld.shop/
2025-07-16 12:37:17,821 INFO  Meta_Website_Master_Code - Duplicate entry in the Mastersheet
2025-07-16 12:37:17,832 INFO  Meta_Website_Master_Code - 14 - https://flipkartworld.shop/
2025-07-16 12:37:20,771 INFO  Meta_Website_Master_Code - Data written successfully: https://filipkaart-sale.shop/Toy/
2025-07-16 12:37:20,785 INFO  Meta_Website_Master_Code - Data Written in Mastersheet - https://filipkaart-sale.shop/Toy/
2025-07-16 12:37:20,802 INFO  Meta_Website_Master_Code - Data written at row index: 9
2025-07-16 12:37:20,817 INFO  Meta_Website_Master_Code - 15 - https://filipkaart-sale.shop/Toy/
2025-07-16 12:37:21,925 INFO  Meta_Website_Master_Code - Data written successfully: https://meessho.sales-india.live/OFFER/lgnd/
2025-07-16 12:37:21,942 INFO  Meta_Website_Master_Code - Data Written in Mastersheet - https://meessho.sales-india.live/OFFER/lgnd/
2025-07-16 12:37:21,967 INFO  Meta_Website_Master_Code - Data written at row index: 10
2025-07-16 12:37:21,996 INFO  Meta_Website_Master_Code - 16 - https://meessho.sales-india.live/OFFER/lgnd/
2025-07-16 12:37:26,237 INFO  Meta_Website_Master_Code - Data written successfully: https://poshpantsclub.com/collections/dresses
2025-07-16 12:37:26,428 INFO  Meta_Website_Master_Code - Data Written in Mastersheet - https://poshpantsclub.com/collections/dresses
2025-07-16 12:37:26,490 INFO  Meta_Website_Master_Code - Data written at row index: 11
2025-07-16 12:37:26,518 INFO  Meta_Website_Master_Code - 17 - https://poshpantsclub.com/collections/dresses
2025-07-16 12:37:27,408 INFO  Meta_Website_Master_Code - Data written successfully: https://meessho.sales-india.live/OFFER/lgnd/
2025-07-16 12:37:27,424 INFO  Meta_Website_Master_Code - Duplicate entry in the Mastersheet
2025-07-16 12:37:27,437 INFO  Meta_Website_Master_Code - 18 - https://meessho.sales-india.live/OFFER/lgnd/
2025-07-16 12:37:28,043 INFO  Meta_Website_Master_Code - Data written successfully: https://bioweb.live/9503839135
2025-07-16 12:37:28,062 INFO  Meta_Website_Master_Code - Data Written in Mastersheet - https://bioweb.live/9503839135
2025-07-16 12:37:28,079 INFO  Meta_Website_Master_Code - Data written at row index: 12
2025-07-16 12:37:28,094 INFO  Meta_Website_Master_Code - 19 - https://bioweb.live/9503839135
2025-07-16 12:37:31,125 INFO  Meta_Website_Master_Code - Data written successfully: https://secret-descont.shop/o9dkwown/OFFER/iphone15/
2025-07-16 12:37:31,169 INFO  Meta_Website_Master_Code - Data Written in Mastersheet - https://secret-descont.shop/o9dkwown/OFFER/iphone15/
2025-07-16 12:37:31,200 INFO  Meta_Website_Master_Code - Data written at row index: 13
2025-07-16 12:37:31,223 INFO  Meta_Website_Master_Code - 20 - https://secret-descont.shop/o9dkwown/OFFER/iphone15/
2025-07-16 12:37:38,178 INFO  Meta_Website_Master_Code - Data written successfully: https://orejewels.in/
2025-07-16 12:37:38,198 INFO  Meta_Website_Master_Code - Data Written in Mastersheet - https://orejewels.in/
2025-07-16 12:37:38,220 INFO  Meta_Website_Master_Code - Data written at row index: 14
2025-07-16 12:37:38,258 INFO  Meta_Website_Master_Code - 21 - https://orejewels.in/
2025-07-16 12:37:41,707 INFO  Meta_Website_Master_Code - Data written successfully: https://loveablecreationsbymuskan.com/products/kaisha-luxe-kaftan-dress?_pos=2&_psq=Kaish&_ss=e&_v=1.0
2025-07-16 12:37:41,718 INFO  Meta_Website_Master_Code - Data Written in Mastersheet - https://loveablecreationsbymuskan.com/products/kaisha-luxe-kaftan-dress?_pos=2&_psq=Kaish&_ss=e&_v=1.0
2025-07-16 12:37:41,734 INFO  Meta_Website_Master_Code - Data written at row index: 15
2025-07-16 12:37:41,741 INFO  Meta_Website_Master_Code - 22 - https://loveablecreationsbymuskan.com/products/kaisha-luxe-kaftan-dress?_pos=2&_psq=Kaish&_ss=e&_v=1.0
2025-07-16 12:37:45,483 INFO  Meta_Website_Master_Code - Data written successfully: https://www.authorityoffashion.com/collections/intimate-sarees
2025-07-16 12:37:45,506 INFO  Meta_Website_Master_Code - Data Written in Mastersheet - https://www.authorityoffashion.com/collections/intimate-sarees
2025-07-16 12:37:45,528 INFO  Meta_Website_Master_Code - Data written at row index: 16
2025-07-16 12:37:45,540 INFO  Meta_Website_Master_Code - 23 - https://www.authorityoffashion.com/collections/intimate-sarees
2025-07-16 12:37:46,951 INFO  Meta_Website_Master_Code - Data written successfully: https://secret-descont.shop/o9dkwown/OFFER/iphone15/
2025-07-16 12:37:46,975 INFO  Meta_Website_Master_Code - Duplicate entry in the Mastersheet
2025-07-16 12:37:46,992 INFO  Meta_Website_Master_Code - 24 - https://secret-descont.shop/o9dkwown/OFFER/iphone15/
2025-07-16 12:37:54,667 INFO  Meta_Website_Master_Code - Data written successfully: https://cart.99outlet.shop/stiphone/
2025-07-16 12:37:54,682 INFO  Meta_Website_Master_Code - Data Written in Mastersheet - https://cart.99outlet.shop/stiphone/
2025-07-16 12:37:54,696 INFO  Meta_Website_Master_Code - Data written at row index: 17
2025-07-16 12:37:54,705 INFO  Meta_Website_Master_Code - 25 - https://cart.99outlet.shop/stiphone/
2025-07-16 12:37:58,241 INFO  Meta_Website_Master_Code - Data written successfully: https://www.flipkart.com/meira-jewellery-bhaiya-bhabhi-bhaiyabhabhi-69-assorted-kundan-mauli-thread-gold-finish-rakhi-chawal-roli-pack-greeting-card-set/p/itm383e0b4d0f0fb?pid=RAKHDU4PG7R8Y38P&marketplace=FLIPKART&cmpid=product.share.pp&affid=growthte&affExtParam1=ENKR20250716A1533201780&affExtParam2=4514519
2025-07-16 12:37:58,250 INFO  Meta_Website_Master_Code - Data Written in Mastersheet - https://www.flipkart.com/meira-jewellery-bhaiya-bhabhi-bhaiyabhabhi-69-assorted-kundan-mauli-thread-gold-finish-rakhi-chawal-roli-pack-greeting-card-set/p/itm383e0b4d0f0fb?pid=RAKHDU4PG7R8Y38P&marketplace=FLIPKART&cmpid=product.share.pp&affid=growthte&affExtParam1=ENKR20250716A1533201780&affExtParam2=4514519
2025-07-16 12:37:58,264 INFO  Meta_Website_Master_Code - Data written at row index: 18
2025-07-16 12:37:58,278 INFO  Meta_Website_Master_Code - 26 - https://www.flipkart.com/meira-jewellery-bhaiya-bhabhi-bhaiyabhabhi-69-assorted-kundan-mauli-thread-gold-finish-rakhi-chawal-roli-pack-greeting-card-set/p/itm383e0b4d0f0fb?pid=RAKHDU4PG7R8Y38P&marketplace=FLIPKART&cmpid=product.share.pp&affid=growthte&affExtParam1=ENKR20250716A1533201780&affExtParam2=4514519
2025-07-16 12:37:58,950 INFO  Meta_Website_Master_Code - Data written successfully: https://bioweb.live/371754028
2025-07-16 12:37:58,962 INFO  Meta_Website_Master_Code - Data Written in Mastersheet - https://bioweb.live/371754028
2025-07-16 12:37:58,972 INFO  Meta_Website_Master_Code - Data written at row index: 19
2025-07-16 12:37:58,983 INFO  Meta_Website_Master_Code - 27 - https://bioweb.live/371754028
2025-07-16 12:38:02,249 INFO  Meta_Website_Master_Code - Data written successfully: https://www.pinklay.com/collections/womens-clothing-new-arrivals
2025-07-16 12:38:02,293 INFO  Meta_Website_Master_Code - Data Written in Mastersheet - https://www.pinklay.com/collections/womens-clothing-new-arrivals
2025-07-16 12:38:02,326 INFO  Meta_Website_Master_Code - Data written at row index: 20
2025-07-16 12:38:02,371 INFO  Meta_Website_Master_Code - 28 - https://www.pinklay.com/collections/womens-clothing-new-arrivals
2025-07-16 12:38:04,521 INFO  Meta_Website_Master_Code - Data written successfully: https://under139sale.xyz/me/product1.php
2025-07-16 12:38:04,534 INFO  Meta_Website_Master_Code - Data Written in Mastersheet - https://under139sale.xyz/me/product1.php
2025-07-16 12:38:04,549 INFO  Meta_Website_Master_Code - Data written at row index: 21
2025-07-16 12:38:04,564 INFO  Meta_Website_Master_Code - 29 - https://under139sale.xyz/me/product1.php
2025-07-16 12:38:06,881 INFO  Meta_Website_Master_Code - Data written successfully: https://flipckart-monsoon-shop.shop/closesale/
2025-07-16 12:38:06,892 INFO  Meta_Website_Master_Code - Data Written in Mastersheet - https://flipckart-monsoon-shop.shop/closesale/
2025-07-16 12:38:06,909 INFO  Meta_Website_Master_Code - Data written at row index: 22
2025-07-16 12:38:06,921 INFO  Meta_Website_Master_Code - 30 - https://flipckart-monsoon-shop.shop/closesale/
2025-07-16 12:38:07,132 INFO  Meta_Website_Master_Code - Data written successfully: https://bioweb.live/4830202473
2025-07-16 12:38:07,147 INFO  Meta_Website_Master_Code - Data Written in Mastersheet - https://bioweb.live/4830202473
2025-07-16 12:38:07,162 INFO  Meta_Website_Master_Code - Data written at row index: 23
2025-07-16 12:38:07,177 INFO  Meta_Website_Master_Code - 31 - https://bioweb.live/4830202473
2025-07-16 12:38:09,108 INFO  Meta_Website_Master_Code - Data written successfully: https://sabrinawlles.sbs/
2025-07-16 12:38:09,132 INFO  Meta_Website_Master_Code - Data Written in Mastersheet - https://sabrinawlles.sbs/
2025-07-16 12:38:09,153 INFO  Meta_Website_Master_Code - Data written at row index: 24
2025-07-16 12:38:09,166 INFO  Meta_Website_Master_Code - 32 - https://sabrinawlles.sbs/
2025-07-16 12:38:13,686 INFO  Meta_Website_Master_Code - Data written successfully: https://pramaddapureluxury.in/Kamaya-Canvas-Tote-Bag-For-Women/catalogue/U3Va9T4_/VsLNWA21
2025-07-16 12:38:13,716 INFO  Meta_Website_Master_Code - Data Written in Mastersheet - https://pramaddapureluxury.in/Kamaya-Canvas-Tote-Bag-For-Women/catalogue/U3Va9T4_/VsLNWA21
2025-07-16 12:38:13,730 INFO  Meta_Website_Master_Code - Data written at row index: 25
2025-07-16 12:38:13,738 INFO  Meta_Website_Master_Code - 33 - https://pramaddapureluxury.in/Kamaya-Canvas-Tote-Bag-For-Women/catalogue/U3Va9T4_/VsLNWA21
2025-07-16 12:38:16,281 INFO  Meta_Website_Master_Code - Data written successfully: https://big-billion-flipkart.0ffer.shop/Flipkart.com/index.html?AccessToken=7a4697dbe610327351049fd834007a54
2025-07-16 12:38:16,292 INFO  Meta_Website_Master_Code - Data Written in Mastersheet - https://big-billion-flipkart.0ffer.shop/Flipkart.com/index.html?AccessToken=7a4697dbe610327351049fd834007a54
2025-07-16 12:38:16,301 INFO  Meta_Website_Master_Code - Data written at row index: 26
2025-07-16 12:38:16,312 INFO  Meta_Website_Master_Code - 34 - https://big-billion-flipkart.0ffer.shop/Flipkart.com/index.html?AccessToken=7a4697dbe610327351049fd834007a54
2025-07-16 12:38:19,199 INFO  Meta_Website_Master_Code - Data written successfully: https://dealmo.in/
2025-07-16 12:38:19,215 INFO  Meta_Website_Master_Code - Data Written in Mastersheet - https://dealmo.in/
2025-07-16 12:38:19,245 INFO  Meta_Website_Master_Code - Data written at row index: 27
2025-07-16 12:38:19,272 INFO  Meta_Website_Master_Code - 35 - https://dealmo.in/
2025-07-16 12:38:22,630 INFO  Meta_Website_Master_Code - Data written successfully: https://o2hstore.com/
2025-07-16 12:38:22,650 INFO  Meta_Website_Master_Code - Data Written in Mastersheet - https://o2hstore.com/
2025-07-16 12:38:22,680 INFO  Meta_Website_Master_Code - Data written at row index: 28
2025-07-16 12:38:22,722 INFO  Meta_Website_Master_Code - 36 - https://o2hstore.com/
2025-07-16 12:38:26,409 INFO  Meta_Website_Master_Code - Data written successfully: https://lirathingsbs.sbs/products/casual-backpack-women-large-capacity
2025-07-16 12:38:26,422 INFO  Meta_Website_Master_Code - Data Written in Mastersheet - https://lirathingsbs.sbs/products/casual-backpack-women-large-capacity
2025-07-16 12:38:26,438 INFO  Meta_Website_Master_Code - Data written at row index: 29
2025-07-16 12:38:26,451 INFO  Meta_Website_Master_Code - 37 - https://lirathingsbs.sbs/products/casual-backpack-women-large-capacity
2025-07-16 12:38:31,934 INFO  Meta_Website_Master_Code - Data written successfully: https://offer.gtatens.com/5a4c2c1387/
2025-07-16 12:38:31,946 INFO  Meta_Website_Master_Code - Data Written in Mastersheet - https://offer.gtatens.com/5a4c2c1387/
2025-07-16 12:38:31,958 INFO  Meta_Website_Master_Code - Data written at row index: 30
2025-07-16 12:38:31,966 INFO  Meta_Website_Master_Code - 38 - https://offer.gtatens.com/5a4c2c1387/
2025-07-16 12:38:33,071 INFO  Meta_Website_Master_Code - Data written successfully: https://2.dhamaka-sale.live/
2025-07-16 12:38:33,086 INFO  Meta_Website_Master_Code - Data Written in Mastersheet - https://2.dhamaka-sale.live/
2025-07-16 12:38:33,096 INFO  Meta_Website_Master_Code - Data written at row index: 31
2025-07-16 12:38:33,106 INFO  Meta_Website_Master_Code - 39 - https://2.dhamaka-sale.live/
2025-07-16 12:38:36,754 INFO  Meta_Website_Master_Code - Data written successfully: https://lukecollections.com/products/luke-migraine-and-headache-relief-cap
2025-07-16 12:38:36,768 INFO  Meta_Website_Master_Code - Data Written in Mastersheet - https://lukecollections.com/products/luke-migraine-and-headache-relief-cap
2025-07-16 12:38:36,787 INFO  Meta_Website_Master_Code - Data written at row index: 32
2025-07-16 12:38:36,802 INFO  Meta_Website_Master_Code - 40 - https://lukecollections.com/products/luke-migraine-and-headache-relief-cap
2025-07-16 12:38:37,450 INFO  Meta_Website_Master_Code - Data written successfully: https://bioweb.live/4408774182
2025-07-16 12:38:37,460 INFO  Meta_Website_Master_Code - Data Written in Mastersheet - https://bioweb.live/4408774182
2025-07-16 12:38:37,470 INFO  Meta_Website_Master_Code - Data written at row index: 33
2025-07-16 12:38:37,481 INFO  Meta_Website_Master_Code - 41 - https://bioweb.live/4408774182
2025-07-16 12:38:38,049 INFO  Meta_Website_Master_Code - Data written successfully: https://bioweb.live/73754551
2025-07-16 12:38:38,065 INFO  Meta_Website_Master_Code - Data Written in Mastersheet - https://bioweb.live/73754551
2025-07-16 12:38:38,080 INFO  Meta_Website_Master_Code - Data written at row index: 34
2025-07-16 12:38:38,090 INFO  Meta_Website_Master_Code - 42 - https://bioweb.live/73754551
2025-07-16 12:38:38,623 INFO  Meta_Website_Master_Code - Data written successfully: https://bioweb.live/4408774182
2025-07-16 12:38:38,633 INFO  Meta_Website_Master_Code - Duplicate entry in the Mastersheet
2025-07-16 12:38:38,640 INFO  Meta_Website_Master_Code - 43 - https://bioweb.live/4408774182
2025-07-16 12:38:41,376 INFO  Meta_Website_Master_Code - Data written successfully: https://seodre.com/collections/all-products-1?fbclid=fbY2xjawLkL3RyWJ0
2025-07-16 12:38:41,395 INFO  Meta_Website_Master_Code - Data Written in Mastersheet - https://seodre.com/collections/all-products-1?fbclid=fbY2xjawLkL3RyWJ0
2025-07-16 12:38:41,433 INFO  Meta_Website_Master_Code - Data written at row index: 35
2025-07-16 12:38:41,465 INFO  Meta_Website_Master_Code - 44 - https://seodre.com/collections/all-products-1?fbclid=fbY2xjawLkL3RyWJ0
2025-07-16 12:38:43,316 INFO  Meta_Website_Master_Code - Data written successfully: https://seodre.com/collections/all-products-1?fbclid=fbY2xjawLkL3dyWJ0
2025-07-16 12:38:43,332 INFO  Meta_Website_Master_Code - Data Written in Mastersheet - https://seodre.com/collections/all-products-1?fbclid=fbY2xjawLkL3dyWJ0
2025-07-16 12:38:43,346 INFO  Meta_Website_Master_Code - Data written at row index: 36
2025-07-16 12:38:43,357 INFO  Meta_Website_Master_Code - 45 - https://seodre.com/collections/all-products-1?fbclid=fbY2xjawLkL3dyWJ0
2025-07-16 12:38:44,001 INFO  Meta_Website_Master_Code - Data written successfully: https://bioweb.live/4408774182
2025-07-16 12:38:44,010 INFO  Meta_Website_Master_Code - Duplicate entry in the Mastersheet
2025-07-16 12:38:44,021 INFO  Meta_Website_Master_Code - 46 - https://bioweb.live/4408774182
2025-07-16 12:38:44,641 INFO  Meta_Website_Master_Code - Data written successfully: https://bioweb.live/4830202473
2025-07-16 12:38:44,659 INFO  Meta_Website_Master_Code - Duplicate entry in the Mastersheet
2025-07-16 12:38:44,671 INFO  Meta_Website_Master_Code - 47 - https://bioweb.live/4830202473
2025-07-16 12:38:48,122 INFO  Meta_Website_Master_Code - Data written successfully: https://avnikk.com/collections/new-arrivals
2025-07-16 12:38:48,133 INFO  Meta_Website_Master_Code - Data Written in Mastersheet - https://avnikk.com/collections/new-arrivals
2025-07-16 12:38:48,152 INFO  Meta_Website_Master_Code - Data written at row index: 37
2025-07-16 12:38:48,205 INFO  Meta_Website_Master_Code - 48 - https://avnikk.com/collections/new-arrivals
2025-07-16 12:38:53,419 INFO  Meta_Website_Master_Code - Data written successfully: https://qhanak.myshopify.com/products/gold-plated-om-diamond-pendant-and-chain?_pos=1&_sid=ec536e285&_ss=r
2025-07-16 12:38:53,436 INFO  Meta_Website_Master_Code - Data Written in Mastersheet - https://qhanak.myshopify.com/products/gold-plated-om-diamond-pendant-and-chain?_pos=1&_sid=ec536e285&_ss=r
2025-07-16 12:38:53,457 INFO  Meta_Website_Master_Code - Data written at row index: 38
2025-07-16 12:38:53,495 INFO  Meta_Website_Master_Code - 49 - https://qhanak.myshopify.com/products/gold-plated-om-diamond-pendant-and-chain?_pos=1&_sid=ec536e285&_ss=r
2025-07-16 12:38:57,538 INFO  Meta_Website_Master_Code - Data written successfully: https://thealphamaleindia.com/collections/collection-110/products/isla-royal-shirt
2025-07-16 12:38:57,559 INFO  Meta_Website_Master_Code - Data Written in Mastersheet - https://thealphamaleindia.com/collections/collection-110/products/isla-royal-shirt
2025-07-16 12:38:57,610 INFO  Meta_Website_Master_Code - Data written at row index: 39
2025-07-16 12:38:57,658 INFO  Meta_Website_Master_Code - 50 - https://thealphamaleindia.com/collections/collection-110/products/isla-royal-shirt
2025-07-16 12:39:00,143 INFO  Meta_Website_Master_Code - Data written successfully: https://elanawear.in/collections/new-arrival
2025-07-16 12:39:00,218 INFO  Meta_Website_Master_Code - Data Written in Mastersheet - https://elanawear.in/collections/new-arrival
2025-07-16 12:39:00,267 INFO  Meta_Website_Master_Code - Data written at row index: 40
2025-07-16 12:39:00,350 INFO  Meta_Website_Master_Code - 51 - https://elanawear.in/collections/new-arrival
2025-07-16 12:39:02,275 INFO  Meta_Website_Master_Code - Duplicate entry skipped: https://elanawear.in/collections/new-arrival
2025-07-16 12:39:02,301 INFO  Meta_Website_Master_Code - Duplicate entry in the Mastersheet
2025-07-16 12:39:02,339 INFO  Meta_Website_Master_Code - 52 - https://elanawear.in/collections/new-arrival
2025-07-16 12:39:05,982 INFO  Meta_Website_Master_Code - Data written successfully: https://houseofpureeco.com/products/co-ord-set-ivory-ivory
2025-07-16 12:39:06,057 INFO  Meta_Website_Master_Code - Data Written in Mastersheet - https://houseofpureeco.com/products/co-ord-set-ivory-ivory
2025-07-16 12:39:06,129 INFO  Meta_Website_Master_Code - Data written at row index: 41
2025-07-16 12:39:06,147 INFO  Meta_Website_Master_Code - 53 - https://houseofpureeco.com/products/co-ord-set-ivory-ivory
2025-07-16 12:39:06,810 INFO  Meta_Website_Master_Code - Data written successfully: https://bioweb.live/5710790033
2025-07-16 12:39:06,829 INFO  Meta_Website_Master_Code - Data Written in Mastersheet - https://bioweb.live/5710790033
2025-07-16 12:39:06,847 INFO  Meta_Website_Master_Code - Data written at row index: 42
2025-07-16 12:39:06,861 INFO  Meta_Website_Master_Code - 54 - https://bioweb.live/5710790033
2025-07-16 12:39:07,488 INFO  Meta_Website_Master_Code - Data written successfully: https://bioweb.live/1995279835
2025-07-16 12:39:07,499 INFO  Meta_Website_Master_Code - Data Written in Mastersheet - https://bioweb.live/1995279835
2025-07-16 12:39:07,508 INFO  Meta_Website_Master_Code - Data written at row index: 43
2025-07-16 12:39:07,520 INFO  Meta_Website_Master_Code - 55 - https://bioweb.live/1995279835
2025-07-16 12:39:08,084 INFO  Meta_Website_Master_Code - Duplicate entry skipped: https://bioweb.live/1995279835
2025-07-16 12:39:08,093 INFO  Meta_Website_Master_Code - Duplicate entry in the Mastersheet
2025-07-16 12:39:08,104 INFO  Meta_Website_Master_Code - 56 - https://bioweb.live/1995279835
2025-07-16 12:39:08,807 INFO  Meta_Website_Master_Code - Data written successfully: https://bioweb.live/4408774182
2025-07-16 12:39:08,817 INFO  Meta_Website_Master_Code - Duplicate entry in the Mastersheet
2025-07-16 12:39:08,827 INFO  Meta_Website_Master_Code - 57 - https://bioweb.live/4408774182
2025-07-16 12:39:12,042 INFO  Meta_Website_Master_Code - Data written successfully: https://digikartel.com/crochet-bundle/?fbclid=IwZXh0bgNhZW0BMABhZGlkAAAGQiUtfRgBHpBfTTIpKX7z63A2vCa-wjFqCrCI-TXegscxew3AT0n6KRCzttTLq8_2Mnrc_aem_TKCMUXSEYgtFL7pzq2uueg&utm_medium=paid&utm_source=fb&utm_id=6881150482128&utm_content=6881150483528&utm_term=6881150483328&utm_campaign=6881150482128
2025-07-16 12:39:12,075 INFO  Meta_Website_Master_Code - Data Written in Mastersheet - https://digikartel.com/crochet-bundle/?fbclid=IwZXh0bgNhZW0BMABhZGlkAAAGQiUtfRgBHpBfTTIpKX7z63A2vCa-wjFqCrCI-TXegscxew3AT0n6KRCzttTLq8_2Mnrc_aem_TKCMUXSEYgtFL7pzq2uueg&utm_medium=paid&utm_source=fb&utm_id=6881150482128&utm_content=6881150483528&utm_term=6881150483328&utm_campaign=6881150482128
2025-07-16 12:39:12,093 INFO  Meta_Website_Master_Code - Data written at row index: 44
2025-07-16 12:39:12,118 INFO  Meta_Website_Master_Code - 58 - https://digikartel.com/crochet-bundle/?fbclid=IwZXh0bgNhZW0BMABhZGlkAAAGQiUtfRgBHpBfTTIpKX7z63A2vCa-wjFqCrCI-TXegscxew3AT0n6KRCzttTLq8_2Mnrc_aem_TKCMUXSEYgtFL7pzq2uueg&utm_medium=paid&utm_source=fb&utm_id=6881150482128&utm_content=6881150483528&utm_term=6881150483328&utm_campaign=6881150482128
2025-07-16 12:39:15,635 INFO  Meta_Website_Master_Code - Data written successfully: https://babystreet.in/collections/silicone-feeding-sets
2025-07-16 12:39:15,652 INFO  Meta_Website_Master_Code - Data Written in Mastersheet - https://babystreet.in/collections/silicone-feeding-sets
2025-07-16 12:39:15,668 INFO  Meta_Website_Master_Code - Data written at row index: 45
2025-07-16 12:39:15,683 INFO  Meta_Website_Master_Code - 59 - https://babystreet.in/collections/silicone-feeding-sets
2025-07-16 12:39:16,410 INFO  Meta_Website_Master_Code - Data written successfully: https://2.dhamaka-sale.live/
2025-07-16 12:39:16,426 INFO  Meta_Website_Master_Code - Duplicate entry in the Mastersheet
2025-07-16 12:39:16,439 INFO  Meta_Website_Master_Code - 60 - https://2.dhamaka-sale.live/
2025-07-16 12:39:19,319 INFO  Meta_Website_Master_Code - Data written successfully: https://babystreet.in/collections/organic-cotton-clothing-essentials
2025-07-16 12:39:19,346 INFO  Meta_Website_Master_Code - Data Written in Mastersheet - https://babystreet.in/collections/organic-cotton-clothing-essentials
2025-07-16 12:39:19,360 INFO  Meta_Website_Master_Code - Data written at row index: 46
2025-07-16 12:39:19,369 INFO  Meta_Website_Master_Code - 61 - https://babystreet.in/collections/organic-cotton-clothing-essentials
2025-07-16 12:39:25,723 INFO  Meta_Website_Master_Code - Data written successfully: https://t.me/+GvMtzbl4qLc4NTg1
2025-07-16 12:39:25,741 INFO  Meta_Website_Master_Code - Data Written in Mastersheet - https://t.me/+GvMtzbl4qLc4NTg1
2025-07-16 12:39:25,757 INFO  Meta_Website_Master_Code - Data written at row index: 47
2025-07-16 12:39:25,772 INFO  Meta_Website_Master_Code - 62 - https://t.me/+GvMtzbl4qLc4NTg1
2025-07-16 12:39:38,516 INFO  Meta_Website_Master_Code - Data written successfully: https://shop.viralmarketingstars.com/offers/kjYejRpg/checkout?coupon_code=230OFF
2025-07-16 12:39:38,549 INFO  Meta_Website_Master_Code - Data Written in Mastersheet - https://shop.viralmarketingstars.com/offers/kjYejRpg/checkout?coupon_code=230OFF
2025-07-16 12:39:38,580 INFO  Meta_Website_Master_Code - Data written at row index: 48
2025-07-16 12:39:38,639 INFO  Meta_Website_Master_Code - 63 - https://shop.viralmarketingstars.com/offers/kjYejRpg/checkout?coupon_code=230OFF
2025-07-16 12:39:49,200 INFO  Meta_Website_Master_Code - Duplicate entry skipped: https://shop.viralmarketingstars.com/offers/kjYejRpg/checkout?coupon_code=230OFF
2025-07-16 12:39:49,223 INFO  Meta_Website_Master_Code - Duplicate entry in the Mastersheet
2025-07-16 12:39:49,270 INFO  Meta_Website_Master_Code - 64 - https://shop.viralmarketingstars.com/offers/kjYejRpg/checkout?coupon_code=230OFF
2025-07-16 12:39:58,424 INFO  Meta_Website_Master_Code - Duplicate entry skipped: https://shop.viralmarketingstars.com/offers/kjYejRpg/checkout?coupon_code=230OFF
2025-07-16 12:39:58,450 INFO  Meta_Website_Master_Code - Duplicate entry in the Mastersheet
2025-07-16 12:39:58,523 INFO  Meta_Website_Master_Code - 65 - https://shop.viralmarketingstars.com/offers/kjYejRpg/checkout?coupon_code=230OFF
2025-07-16 12:40:07,322 INFO  Meta_Website_Master_Code - Duplicate entry skipped: https://shop.viralmarketingstars.com/offers/kjYejRpg/checkout?coupon_code=230OFF
2025-07-16 12:40:07,345 INFO  Meta_Website_Master_Code - Duplicate entry in the Mastersheet
2025-07-16 12:40:07,360 INFO  Meta_Website_Master_Code - 66 - https://shop.viralmarketingstars.com/offers/kjYejRpg/checkout?coupon_code=230OFF
2025-07-16 12:40:15,874 INFO  Meta_Website_Master_Code - Duplicate entry skipped: https://shop.viralmarketingstars.com/offers/kjYejRpg/checkout?coupon_code=230OFF
2025-07-16 12:40:15,897 INFO  Meta_Website_Master_Code - Duplicate entry in the Mastersheet
2025-07-16 12:40:15,926 INFO  Meta_Website_Master_Code - 67 - https://shop.viralmarketingstars.com/offers/kjYejRpg/checkout?coupon_code=230OFF
2025-07-16 12:40:23,464 INFO  Meta_Website_Master_Code - Duplicate entry skipped: https://shop.viralmarketingstars.com/offers/kjYejRpg/checkout?coupon_code=230OFF
2025-07-16 12:40:23,489 INFO  Meta_Website_Master_Code - Duplicate entry in the Mastersheet
2025-07-16 12:40:23,538 INFO  Meta_Website_Master_Code - 68 - https://shop.viralmarketingstars.com/offers/kjYejRpg/checkout?coupon_code=230OFF
2025-07-16 12:40:30,784 INFO  Meta_Website_Master_Code - Duplicate entry skipped: https://shop.viralmarketingstars.com/offers/kjYejRpg/checkout?coupon_code=230OFF
2025-07-16 12:40:30,811 INFO  Meta_Website_Master_Code - Duplicate entry in the Mastersheet
2025-07-16 12:40:30,828 INFO  Meta_Website_Master_Code - 69 - https://shop.viralmarketingstars.com/offers/kjYejRpg/checkout?coupon_code=230OFF
2025-07-16 12:40:38,044 INFO  Meta_Website_Master_Code - Duplicate entry skipped: https://shop.viralmarketingstars.com/offers/kjYejRpg/checkout?coupon_code=230OFF
2025-07-16 12:40:38,067 INFO  Meta_Website_Master_Code - Duplicate entry in the Mastersheet
2025-07-16 12:40:38,113 INFO  Meta_Website_Master_Code - 70 - https://shop.viralmarketingstars.com/offers/kjYejRpg/checkout?coupon_code=230OFF
2025-07-16 12:40:38,948 INFO  Meta_Website_Master_Code - Data written successfully: https://bioweb.live/4408774182
2025-07-16 12:40:38,964 INFO  Meta_Website_Master_Code - Duplicate entry in the Mastersheet
2025-07-16 12:40:38,977 INFO  Meta_Website_Master_Code - 71 - https://bioweb.live/4408774182
2025-07-16 12:40:41,651 INFO  Meta_Website_Master_Code - Data written successfully: https://strapden.in/products/shadow-dragon-denim-white?variant=50391119364394
2025-07-16 12:40:41,663 INFO  Meta_Website_Master_Code - Data Written in Mastersheet - https://strapden.in/products/shadow-dragon-denim-white?variant=50391119364394
2025-07-16 12:40:41,673 INFO  Meta_Website_Master_Code - Data written at row index: 49
2025-07-16 12:40:41,685 INFO  Meta_Website_Master_Code - 72 - https://strapden.in/products/shadow-dragon-denim-white?variant=50391119364394
2025-07-16 12:40:42,891 INFO  Meta_Website_Master_Code - Data written successfully: https://big-billion.flipkartx.com/fahakan
2025-07-16 12:40:42,900 INFO  Meta_Website_Master_Code - Data Written in Mastersheet - https://big-billion.flipkartx.com/fahakan
2025-07-16 12:40:42,913 INFO  Meta_Website_Master_Code - Data written at row index: 50
2025-07-16 12:40:42,923 INFO  Meta_Website_Master_Code - 73 - https://big-billion.flipkartx.com/fahakan
2025-07-16 12:40:43,610 INFO  Meta_Website_Master_Code - Data written successfully: https://bioweb.live/2907050640
2025-07-16 12:40:43,621 INFO  Meta_Website_Master_Code - Data Written in Mastersheet - https://bioweb.live/2907050640
2025-07-16 12:40:43,632 INFO  Meta_Website_Master_Code - Data written at row index: 51
2025-07-16 12:40:43,642 INFO  Meta_Website_Master_Code - 74 - https://bioweb.live/2907050640
2025-07-16 12:40:44,250 INFO  Meta_Website_Master_Code - Data written successfully: https://big-billion.flipkartx.com/fahakan
2025-07-16 12:40:44,263 INFO  Meta_Website_Master_Code - Duplicate entry in the Mastersheet
2025-07-16 12:40:44,274 INFO  Meta_Website_Master_Code - 75 - https://big-billion.flipkartx.com/fahakan
2025-07-16 12:40:46,987 INFO  Meta_Website_Master_Code - Data written successfully: https://secret-descont.shop/yiuujd/OFFER/iphone14r/
2025-07-16 12:40:47,001 INFO  Meta_Website_Master_Code - Data Written in Mastersheet - https://secret-descont.shop/yiuujd/OFFER/iphone14r/
2025-07-16 12:40:47,010 INFO  Meta_Website_Master_Code - Data written at row index: 52
2025-07-16 12:40:47,025 INFO  Meta_Website_Master_Code - 76 - https://secret-descont.shop/yiuujd/OFFER/iphone14r/
2025-07-16 12:40:48,261 INFO  Meta_Website_Master_Code - Data written successfully: https://fksupermart.shop/shivam
2025-07-16 12:40:48,277 INFO  Meta_Website_Master_Code - Data Written in Mastersheet - https://fksupermart.shop/shivam
2025-07-16 12:40:48,296 INFO  Meta_Website_Master_Code - Data written at row index: 53
2025-07-16 12:40:48,309 INFO  Meta_Website_Master_Code - 77 - https://fksupermart.shop/shivam
2025-07-16 12:41:00,784 INFO  Meta_Website_Master_Code - Data written successfully: https://urjaghar.com/products/dhan-yog-bracelet
2025-07-16 12:41:00,799 INFO  Meta_Website_Master_Code - Data Written in Mastersheet - https://urjaghar.com/products/dhan-yog-bracelet
2025-07-16 12:41:00,809 INFO  Meta_Website_Master_Code - Data written at row index: 54
2025-07-16 12:41:00,825 INFO  Meta_Website_Master_Code - 78 - https://urjaghar.com/products/dhan-yog-bracelet
2025-07-16 12:41:02,533 INFO  Meta_Website_Master_Code - Duplicate entry skipped: https://urjaghar.com/products/dhan-yog-bracelet
2025-07-16 12:41:02,559 INFO  Meta_Website_Master_Code - Duplicate entry in the Mastersheet
2025-07-16 12:41:02,573 INFO  Meta_Website_Master_Code - 79 - https://urjaghar.com/products/dhan-yog-bracelet
2025-07-16 12:41:03,198 INFO  Meta_Website_Master_Code - Data written successfully: https://bioweb.live/1995279835
2025-07-16 12:41:03,209 INFO  Meta_Website_Master_Code - Duplicate entry in the Mastersheet
2025-07-16 12:41:03,216 INFO  Meta_Website_Master_Code - 80 - https://bioweb.live/1995279835
2025-07-16 12:41:03,893 INFO  Meta_Website_Master_Code - Duplicate entry skipped: https://bioweb.live/1995279835
2025-07-16 12:41:03,901 INFO  Meta_Website_Master_Code - Duplicate entry in the Mastersheet
2025-07-16 12:41:03,914 INFO  Meta_Website_Master_Code - 81 - https://bioweb.live/1995279835
2025-07-16 12:41:05,209 INFO  Meta_Website_Master_Code - Data written successfully: https://secret-descont.shop/o9dkwown/OFFER/iphone15/
2025-07-16 12:41:05,222 INFO  Meta_Website_Master_Code - Duplicate entry in the Mastersheet
2025-07-16 12:41:05,232 INFO  Meta_Website_Master_Code - 82 - https://secret-descont.shop/o9dkwown/OFFER/iphone15/
2025-07-16 12:41:05,990 INFO  Meta_Website_Master_Code - Data written successfully: https://fksupermart.shop/shivam
2025-07-16 12:41:06,006 INFO  Meta_Website_Master_Code - Duplicate entry in the Mastersheet
2025-07-16 12:41:06,018 INFO  Meta_Website_Master_Code - 83 - https://fksupermart.shop/shivam
2025-07-16 12:41:06,655 INFO  Meta_Website_Master_Code - Data written successfully: https://bioweb.live/3327045520
2025-07-16 12:41:06,671 INFO  Meta_Website_Master_Code - Data Written in Mastersheet - https://bioweb.live/3327045520
2025-07-16 12:41:06,681 INFO  Meta_Website_Master_Code - Data written at row index: 55
2025-07-16 12:41:06,691 INFO  Meta_Website_Master_Code - 84 - https://bioweb.live/3327045520
2025-07-16 12:41:08,710 INFO  Meta_Website_Master_Code - Data written successfully: https://secret-descont.shop/99BUDS/OFFER/buds/
2025-07-16 12:41:08,720 INFO  Meta_Website_Master_Code - Data Written in Mastersheet - https://secret-descont.shop/99BUDS/OFFER/buds/
2025-07-16 12:41:08,733 INFO  Meta_Website_Master_Code - Data written at row index: 56
2025-07-16 12:41:08,750 INFO  Meta_Website_Master_Code - 85 - https://secret-descont.shop/99BUDS/OFFER/buds/
2025-07-16 12:41:09,289 INFO  Meta_Website_Master_Code - Data written successfully: https://bioweb.live/8073802929
2025-07-16 12:41:09,306 INFO  Meta_Website_Master_Code - Data Written in Mastersheet - https://bioweb.live/8073802929
2025-07-16 12:41:09,333 INFO  Meta_Website_Master_Code - Data written at row index: 57
2025-07-16 12:41:09,348 INFO  Meta_Website_Master_Code - 86 - https://bioweb.live/8073802929
2025-07-16 12:41:09,916 INFO  Meta_Website_Master_Code - Data written successfully: https://bioweb.live/1995279835
2025-07-16 12:41:09,929 INFO  Meta_Website_Master_Code - Duplicate entry in the Mastersheet
2025-07-16 12:41:09,941 INFO  Meta_Website_Master_Code - 87 - https://bioweb.live/1995279835
2025-07-16 12:41:13,061 INFO  Meta_Website_Master_Code - Data written successfully: https://happygiftings.com/products/metal-ring-platter-with-multicoloured-flowers
2025-07-16 12:41:13,076 INFO  Meta_Website_Master_Code - Data Written in Mastersheet - https://happygiftings.com/products/metal-ring-platter-with-multicoloured-flowers
2025-07-16 12:41:13,099 INFO  Meta_Website_Master_Code - Data written at row index: 58
2025-07-16 12:41:13,129 INFO  Meta_Website_Master_Code - 88 - https://happygiftings.com/products/metal-ring-platter-with-multicoloured-flowers
2025-07-16 12:41:13,766 INFO  Meta_Website_Master_Code - Data written successfully: https://bioweb.live/7988600206
2025-07-16 12:41:13,778 INFO  Meta_Website_Master_Code - Data Written in Mastersheet - https://bioweb.live/7988600206
2025-07-16 12:41:13,788 INFO  Meta_Website_Master_Code - Data written at row index: 59
2025-07-16 12:41:13,798 INFO  Meta_Website_Master_Code - 89 - https://bioweb.live/7988600206
2025-07-16 12:41:13,807 INFO  Meta_Website_Master_Code - Excel file has sheets, not deleted.
2025-07-16 12:41:13,815 INFO  Meta_Website_Master_Code - Total filtered Link count: 60
