2025-07-10 13:30:58,918 INFO  Meta_Master_Code - URL Entered
2025-07-10 13:30:59,763 INFO  Meta_Master_Code - Entered country is - India
2025-07-10 13:30:59,763 INFO  Meta_Master_Code - India has been Choosen
2025-07-10 13:31:00,019 INFO  Meta_Master_Code - Data Found
2025-07-10 13:31:00,038 INFO  Meta_Master_Code - The Number of Scroll count Entered is - 150
2025-07-10 13:31:00,038 INFO  Meta_Master_Code - Scroll: 0
2025-07-10 13:31:06,084 INFO  Meta_Master_Code - Scroll: 1
2025-07-10 13:31:12,122 INFO  Meta_Master_Code - Scroll: 2
2025-07-10 13:31:18,330 INFO  Meta_Master_Code - Scroll: 3
2025-07-10 13:31:24,500 INFO  Meta_Master_Code - Scroll: 4
2025-07-10 13:31:30,651 INFO  Meta_Master_Code - Scroll: 5
2025-07-10 13:31:36,817 INFO  Meta_Master_Code - Scroll: 6
2025-07-10 13:31:43,488 INFO  Meta_Master_Code - Scroll: 7
2025-07-10 13:31:50,065 INFO  Meta_Master_Code - Scroll: 8
2025-07-10 13:31:57,188 INFO  Meta_Master_Code - Scroll: 9
2025-07-10 13:32:03,809 INFO  Meta_Master_Code - Scroll: 10
2025-07-10 13:32:10,423 INFO  Meta_Master_Code - Scroll: 11
2025-07-10 13:32:17,429 INFO  Meta_Master_Code - Scroll: 12
2025-07-10 13:32:24,908 INFO  Meta_Master_Code - Scroll: 13
2025-07-10 13:32:31,761 INFO  Meta_Master_Code - Scroll: 14
2025-07-10 13:32:39,672 INFO  Meta_Master_Code - Scroll: 15
2025-07-10 13:32:47,058 INFO  Meta_Master_Code - Scroll: 16
2025-07-10 13:32:53,259 INFO  Meta_Master_Code - Scroll: 17
2025-07-10 13:33:00,540 INFO  Meta_Master_Code - Scroll: 18
2025-07-10 13:33:07,478 INFO  Meta_Master_Code - Scroll: 19
2025-07-10 13:33:16,550 INFO  Meta_Master_Code - Scroll: 20
2025-07-10 13:33:23,341 INFO  Meta_Master_Code - Scroll: 21
2025-07-10 13:33:30,809 INFO  Meta_Master_Code - Scroll: 22
2025-07-10 13:33:39,995 INFO  Meta_Master_Code - Scroll: 23
2025-07-10 13:33:47,827 INFO  Meta_Master_Code - Scroll: 24
2025-07-10 13:34:05,418 INFO  Meta_Master_Code - Scroll: 25
2025-07-10 13:34:13,659 INFO  Meta_Master_Code - Scroll: 26
2025-07-10 13:34:21,888 INFO  Meta_Master_Code - Scroll: 27
2025-07-10 13:34:33,124 INFO  Meta_Master_Code - Scroll: 28
2025-07-10 13:34:43,826 INFO  Meta_Master_Code - Scroll: 29
2025-07-10 13:34:55,353 INFO  Meta_Master_Code - Scroll: 30
2025-07-10 13:35:01,531 INFO  Meta_Master_Code - Scroll: 31
2025-07-10 13:35:07,975 INFO  Meta_Master_Code - Scroll: 32
2025-07-10 13:35:41,740 INFO  Meta_Master_Code - Scroll: 33
2025-07-10 13:35:49,572 INFO  Meta_Master_Code - Scroll: 34
2025-07-10 13:36:01,105 INFO  Meta_Master_Code - Scroll: 35
2025-07-10 13:36:13,739 INFO  Meta_Master_Code - Scroll: 36
2025-07-10 13:36:26,109 INFO  Meta_Master_Code - Scroll: 37
2025-07-10 13:36:33,693 INFO  Meta_Master_Code - Scroll: 38
2025-07-10 13:36:41,341 INFO  Meta_Master_Code - Scroll: 39
2025-07-10 13:36:49,783 INFO  Meta_Master_Code - Scroll: 40
2025-07-10 13:37:00,500 INFO  Meta_Master_Code - Scroll: 41
2025-07-10 13:37:12,558 INFO  Meta_Master_Code - Scroll: 42
2025-07-10 13:37:25,713 INFO  Meta_Master_Code - Scroll: 43
2025-07-10 13:37:40,669 INFO  Meta_Master_Code - Scroll: 44
2025-07-10 13:37:47,165 INFO  Meta_Master_Code - Scroll: 45
2025-07-10 13:37:53,952 INFO  Meta_Master_Code - Scroll: 46
2025-07-10 13:38:04,726 INFO  Meta_Master_Code - Scroll: 47
2025-07-10 13:38:17,594 INFO  Meta_Master_Code - Scroll: 48
2025-07-10 13:38:25,025 INFO  Meta_Master_Code - Scroll: 49
2025-07-10 13:38:36,646 INFO  Meta_Master_Code - Scroll: 50
2025-07-10 13:38:44,200 INFO  Meta_Master_Code - Scroll: 51
2025-07-10 13:38:56,729 INFO  Meta_Master_Code - Scroll: 52
2025-07-10 13:39:09,141 INFO  Meta_Master_Code - Scroll: 53
2025-07-10 13:39:17,205 INFO  Meta_Master_Code - Scroll: 54
2025-07-10 13:39:28,601 INFO  Meta_Master_Code - Scroll: 55
2025-07-10 13:39:43,417 INFO  Meta_Master_Code - Scroll: 56
2025-07-10 13:39:53,862 INFO  Meta_Master_Code - Scroll: 57
2025-07-10 13:40:09,765 INFO  Meta_Master_Code - Scroll: 58
2025-07-10 13:40:19,542 INFO  Meta_Master_Code - Scroll: 59
2025-07-10 13:40:26,045 INFO  Meta_Master_Code - Scroll: 60
2025-07-10 13:40:41,109 INFO  Meta_Master_Code - Scroll: 61
2025-07-10 13:40:57,406 INFO  Meta_Master_Code - Scroll: 62
2025-07-10 13:41:08,157 INFO  Meta_Master_Code - Scroll: 63
2025-07-10 13:41:25,421 INFO  Meta_Master_Code - Scroll: 64
2025-07-10 13:41:32,107 INFO  Meta_Master_Code - Scroll: 65
2025-07-10 13:41:46,793 INFO  Meta_Master_Code - Scroll: 66
2025-07-10 13:41:55,938 INFO  Meta_Master_Code - Scroll: 67
2025-07-10 13:42:12,046 INFO  Meta_Master_Code - Scroll: 68
2025-07-10 13:42:18,738 INFO  Meta_Master_Code - Scroll: 69
2025-07-10 13:42:25,342 INFO  Meta_Master_Code - Scroll: 70
2025-07-10 13:42:46,183 INFO  Meta_Master_Code - Scroll: 71
2025-07-10 13:42:54,986 INFO  Meta_Master_Code - Scroll: 72
2025-07-10 13:43:01,509 INFO  Meta_Master_Code - Scroll: 73
2025-07-10 13:43:23,440 INFO  Meta_Master_Code - Scroll: 74
2025-07-10 13:43:33,664 INFO  Meta_Master_Code - Scroll: 75
2025-07-10 13:43:47,527 INFO  Meta_Master_Code - Scroll: 76
2025-07-10 13:44:02,413 INFO  Meta_Master_Code - Scroll: 77
2025-07-10 13:44:08,702 INFO  Meta_Master_Code - Scroll: 78
2025-07-10 13:44:28,304 INFO  Meta_Master_Code - Scroll: 79
2025-07-10 13:44:34,590 INFO  Meta_Master_Code - Scroll: 80
2025-07-10 13:44:52,176 INFO  Meta_Master_Code - Scroll: 81
2025-07-10 13:45:01,012 INFO  Meta_Master_Code - Scroll: 82
2025-07-10 13:45:07,257 INFO  Meta_Master_Code - Scroll: 83
2025-07-10 13:45:22,550 INFO  Meta_Master_Code - Scroll: 84
2025-07-10 13:45:30,113 INFO  Meta_Master_Code - Scroll: 85
2025-07-10 13:45:36,434 INFO  Meta_Master_Code - Scroll: 86
2025-07-10 13:45:52,452 INFO  Meta_Master_Code - Scroll: 87
2025-07-10 13:45:58,937 INFO  Meta_Master_Code - Scroll: 88
2025-07-10 13:46:05,273 INFO  Meta_Master_Code - Scroll: 89
2025-07-10 13:46:11,597 INFO  Meta_Master_Code - Scroll: 90
2025-07-10 13:46:26,039 INFO  Meta_Master_Code - Scroll: 91
2025-07-10 13:46:32,282 INFO  Meta_Master_Code - Scroll: 92
2025-07-10 13:46:46,337 INFO  Meta_Master_Code - Scroll: 93
2025-07-10 13:46:52,704 INFO  Meta_Master_Code - Scroll: 94
2025-07-10 13:47:18,610 INFO  Meta_Master_Code - Scroll: 95
2025-07-10 13:47:25,426 INFO  Meta_Master_Code - Scroll: 96
2025-07-10 13:48:01,738 INFO  Meta_Master_Code - Scroll: 97
2025-07-10 13:48:15,671 INFO  Meta_Master_Code - Scroll: 98
2025-07-10 13:48:22,469 INFO  Meta_Master_Code - Scroll: 99
2025-07-10 13:48:40,105 INFO  Meta_Master_Code - Scroll: 100
2025-07-10 13:48:59,047 INFO  Meta_Master_Code - Scroll: 101
2025-07-10 13:49:05,950 INFO  Meta_Master_Code - Scroll: 102
2025-07-10 13:49:21,950 INFO  Meta_Master_Code - Scroll: 103
2025-07-10 13:49:38,014 INFO  Meta_Master_Code - Scroll: 104
2025-07-10 13:49:44,493 INFO  Meta_Master_Code - Scroll: 105
2025-07-10 13:49:57,648 INFO  Meta_Master_Code - Scroll: 106
2025-07-10 13:50:05,255 INFO  Meta_Master_Code - Scroll: 107
2025-07-10 13:50:20,727 INFO  Meta_Master_Code - Scroll: 108
2025-07-10 13:50:27,438 INFO  Meta_Master_Code - Scroll: 109
2025-07-10 13:50:34,137 INFO  Meta_Master_Code - Scroll: 110
2025-07-10 13:50:49,199 INFO  Meta_Master_Code - Scroll: 111
2025-07-10 13:50:55,424 INFO  Meta_Master_Code - Scroll: 112
2025-07-10 13:51:11,031 INFO  Meta_Master_Code - Scroll: 113
2025-07-10 13:51:17,333 INFO  Meta_Master_Code - Scroll: 114
2025-07-10 13:51:34,321 INFO  Meta_Master_Code - Scroll: 115
2025-07-10 13:51:40,640 INFO  Meta_Master_Code - Scroll: 116
2025-07-10 13:52:01,090 INFO  Meta_Master_Code - Scroll: 117
2025-07-10 13:52:25,825 INFO  Meta_Master_Code - Scroll: 118
2025-07-10 13:52:32,496 INFO  Meta_Master_Code - Scroll: 119
2025-07-10 13:52:50,358 INFO  Meta_Master_Code - Scroll: 120
2025-07-10 13:52:56,582 INFO  Meta_Master_Code - Scroll: 121
2025-07-10 13:53:14,372 INFO  Meta_Master_Code - Scroll: 122
2025-07-10 13:53:20,528 INFO  Meta_Master_Code - Scroll: 123
2025-07-10 13:53:37,181 INFO  Meta_Master_Code - Scroll: 124
2025-07-10 13:53:43,831 INFO  Meta_Master_Code - Scroll: 125
2025-07-10 13:54:00,614 INFO  Meta_Master_Code - Scroll: 126
2025-07-10 13:54:07,200 INFO  Meta_Master_Code - Scroll: 127
2025-07-10 13:54:25,498 INFO  Meta_Master_Code - Scroll: 128
2025-07-10 13:54:39,966 INFO  Meta_Master_Code - Scroll: 129
2025-07-10 13:54:46,127 INFO  Meta_Master_Code - Scroll: 130
2025-07-10 13:54:55,383 INFO  Meta_Master_Code - Scroll: 131
2025-07-10 13:55:01,493 INFO  Meta_Master_Code - Scroll: 132
2025-07-10 13:55:17,470 INFO  Meta_Master_Code - Scroll: 133
2025-07-10 13:55:23,622 INFO  Meta_Master_Code - Scroll: 134
2025-07-10 13:55:38,579 INFO  Meta_Master_Code - Scroll: 135
2025-07-10 13:55:45,232 INFO  Meta_Master_Code - Scroll: 136
2025-07-10 13:55:58,071 INFO  Meta_Master_Code - Scroll: 137
2025-07-10 13:56:04,307 INFO  Meta_Master_Code - Scroll: 138
2025-07-10 13:56:20,709 INFO  Meta_Master_Code - Scroll: 139
2025-07-10 13:56:27,042 INFO  Meta_Master_Code - Scroll: 140
2025-07-10 13:56:41,858 INFO  Meta_Master_Code - Scroll: 141
2025-07-10 13:56:48,104 INFO  Meta_Master_Code - Scroll: 142
2025-07-10 13:57:02,484 INFO  Meta_Master_Code - Scroll: 143
2025-07-10 13:57:08,735 INFO  Meta_Master_Code - Scroll: 144
2025-07-10 13:57:20,617 INFO  Meta_Master_Code - Scroll: 145
2025-07-10 13:57:27,078 INFO  Meta_Master_Code - Scroll: 146
2025-07-10 13:57:33,810 INFO  Meta_Master_Code - Scroll: 147
2025-07-10 13:57:46,646 INFO  Meta_Master_Code - Scroll: 148
2025-07-10 13:58:00,207 INFO  Meta_Master_Code - Scroll: 149
2025-07-10 13:58:10,053 INFO  Meta_Master_Code - Scroll: 150
2025-07-10 13:58:29,971 INFO  Meta_Master_Code - 2025.07.10.13.30.55 - Excel file created successfully!
2025-07-10 13:58:30,506 INFO  Meta_Master_Code - Total link is 19
2025-07-10 13:58:31,458 INFO  Meta_Master_Code - 1 - Data written successfully.
2025-07-10 13:58:32,122 INFO  Meta_Master_Code - 2 - Data written successfully.
2025-07-10 13:58:32,865 INFO  Meta_Master_Code - 3 - Data written successfully.
2025-07-10 13:58:34,574 INFO  Meta_Master_Code - 4 - Data written successfully.
2025-07-10 13:58:37,972 INFO  Meta_Master_Code - 5 - Data written successfully.
2025-07-10 13:58:38,178 INFO  Meta_Master_Code - 6 - Data written successfully.
2025-07-10 13:58:38,382 INFO  Meta_Master_Code - 7 - Data written successfully.
2025-07-10 13:58:38,583 INFO  Meta_Master_Code - 8 - Data written successfully.
2025-07-10 13:58:38,796 INFO  Meta_Master_Code - 9 - Data written successfully.
2025-07-10 13:58:39,076 INFO  Meta_Master_Code - 10 - Data written successfully.
2025-07-10 13:58:39,358 INFO  Meta_Master_Code - 11 - Data written successfully.
2025-07-10 13:58:39,654 INFO  Meta_Master_Code - 12 - Data written successfully.
2025-07-10 13:58:39,876 INFO  Meta_Master_Code - 13 - Data written successfully.
2025-07-10 13:58:40,182 INFO  Meta_Master_Code - 14 - Data written successfully.
2025-07-10 13:58:41,546 INFO  Meta_Master_Code - 15 - Data written successfully.
2025-07-10 13:58:42,718 INFO  Meta_Master_Code - 16 - Data written successfully.
2025-07-10 13:58:43,582 INFO  Meta_Master_Code - 17 - Data written successfully.
2025-07-10 13:58:43,872 INFO  Meta_Master_Code - 18 - Data written successfully.
2025-07-10 13:58:44,071 INFO  Meta_Master_Code - 19 - Data written successfully.
2025-07-10 13:58:44,087 INFO  Meta_Master_Code - Excel file has sheets, not deleted.
2025-07-10 13:58:44,128 INFO  Meta_Master_Code - 2025.07.10.13.30.55-India- New sheet - Excel file created successfully!
2025-07-10 13:58:48,236 INFO  Meta_Master_Code - 0-The downloads Count is -1000000
2025-07-10 13:58:48,236 INFO  Meta_Master_Code - 0 - The Downloads is more than 1M
2025-07-10 13:58:49,649 INFO  Meta_Master_Code - 1-The downloads Count is -10000
2025-07-10 13:58:49,664 INFO  Meta_Master_Code - 1No Rating is Given
2025-07-10 13:58:49,714 INFO  Meta_Master_Code - Data written successfully: https://play.google.com/store/apps/details?id=com.indogastmedia.curencyliverateconvert
2025-07-10 13:58:49,784 INFO  Meta_Master_Code - Duplicate entry in the Mastersheet
2025-07-10 13:58:49,826 INFO  Meta_Master_Code - 1 - link in written
2025-07-10 13:58:51,388 INFO  Meta_Master_Code - 2-The downloads Count is -10000
2025-07-10 13:58:51,406 INFO  Meta_Master_Code - Parsed rating: 3.6
2025-07-10 13:58:51,438 INFO  Meta_Master_Code - Data written successfully: https://play.google.com/store/apps/details?id=com.interesting.ai.reads.mentoring.chat.gpt.app
2025-07-10 13:58:51,483 INFO  Meta_Master_Code - Duplicate entry in the Mastersheet
2025-07-10 13:58:51,508 INFO  Meta_Master_Code - The rating is less than 4.5
2025-07-10 13:58:51,508 INFO  Meta_Master_Code - 2 - link in written
2025-07-10 13:58:52,746 INFO  Meta_Master_Code - 3-The downloads Count is -10000
2025-07-10 13:58:52,763 INFO  Meta_Master_Code - Parsed rating: 3.6
2025-07-10 13:58:52,782 INFO  Meta_Master_Code - Duplicate entry skipped: https://play.google.com/store/apps/details?id=com.interesting.ai.reads.mentoring.chat.gpt.app
2025-07-10 13:58:52,825 INFO  Meta_Master_Code - Duplicate entry in the Mastersheet
2025-07-10 13:58:52,863 INFO  Meta_Master_Code - The rating is less than 4.5
2025-07-10 13:58:52,864 INFO  Meta_Master_Code - 3 - link in written
2025-07-10 13:58:53,990 INFO  Meta_Master_Code - 4-The downloads Count is -10000
2025-07-10 13:58:54,008 INFO  Meta_Master_Code - Parsed rating: 3.6
2025-07-10 13:58:54,033 INFO  Meta_Master_Code - Duplicate entry skipped: https://play.google.com/store/apps/details?id=com.interesting.ai.reads.mentoring.chat.gpt.app
2025-07-10 13:58:54,069 INFO  Meta_Master_Code - Duplicate entry in the Mastersheet
2025-07-10 13:58:54,089 INFO  Meta_Master_Code - The rating is less than 4.5
2025-07-10 13:58:54,089 INFO  Meta_Master_Code - 4 - link in written
2025-07-10 13:58:55,243 INFO  Meta_Master_Code - 5-The downloads Count is -10000
2025-07-10 13:58:55,262 INFO  Meta_Master_Code - Parsed rating: 3.6
2025-07-10 13:58:55,278 INFO  Meta_Master_Code - Duplicate entry skipped: https://play.google.com/store/apps/details?id=com.interesting.ai.reads.mentoring.chat.gpt.app
2025-07-10 13:58:55,317 INFO  Meta_Master_Code - Duplicate entry in the Mastersheet
2025-07-10 13:58:55,340 INFO  Meta_Master_Code - The rating is less than 4.5
2025-07-10 13:58:55,341 INFO  Meta_Master_Code - 5 - link in written
2025-07-10 13:58:56,427 INFO  Meta_Master_Code - 6-The downloads Count is -10000
2025-07-10 13:58:56,449 INFO  Meta_Master_Code - Parsed rating: 3.6
2025-07-10 13:58:56,471 INFO  Meta_Master_Code - Duplicate entry skipped: https://play.google.com/store/apps/details?id=com.interesting.ai.reads.mentoring.chat.gpt.app
2025-07-10 13:58:56,498 INFO  Meta_Master_Code - Duplicate entry in the Mastersheet
2025-07-10 13:58:56,518 INFO  Meta_Master_Code - The rating is less than 4.5
2025-07-10 13:58:56,519 INFO  Meta_Master_Code - 6 - link in written
2025-07-10 13:58:57,620 INFO  Meta_Master_Code - 7-The downloads Count is -10000
2025-07-10 13:58:57,637 INFO  Meta_Master_Code - Parsed rating: 3.6
2025-07-10 13:58:57,653 INFO  Meta_Master_Code - Duplicate entry skipped: https://play.google.com/store/apps/details?id=com.interesting.ai.reads.mentoring.chat.gpt.app
2025-07-10 13:58:57,695 INFO  Meta_Master_Code - Duplicate entry in the Mastersheet
2025-07-10 13:58:57,716 INFO  Meta_Master_Code - The rating is less than 4.5
2025-07-10 13:58:57,716 INFO  Meta_Master_Code - 7 - link in written
2025-07-10 13:58:58,871 INFO  Meta_Master_Code - 8-The downloads Count is -10000
2025-07-10 13:58:58,889 INFO  Meta_Master_Code - Parsed rating: 3.6
2025-07-10 13:58:58,907 INFO  Meta_Master_Code - Duplicate entry skipped: https://play.google.com/store/apps/details?id=com.interesting.ai.reads.mentoring.chat.gpt.app
2025-07-10 13:58:58,927 INFO  Meta_Master_Code - Duplicate entry in the Mastersheet
2025-07-10 13:58:58,951 INFO  Meta_Master_Code - The rating is less than 4.5
2025-07-10 13:58:58,952 INFO  Meta_Master_Code - 8 - link in written
2025-07-10 13:59:00,162 INFO  Meta_Master_Code - 9-The downloads Count is -10000
2025-07-10 13:59:00,180 INFO  Meta_Master_Code - Parsed rating: 3.6
2025-07-10 13:59:00,193 INFO  Meta_Master_Code - Duplicate entry skipped: https://play.google.com/store/apps/details?id=com.interesting.ai.reads.mentoring.chat.gpt.app
2025-07-10 13:59:00,214 INFO  Meta_Master_Code - Duplicate entry in the Mastersheet
2025-07-10 13:59:00,234 INFO  Meta_Master_Code - The rating is less than 4.5
2025-07-10 13:59:00,235 INFO  Meta_Master_Code - 9 - link in written
2025-07-10 13:59:01,395 INFO  Meta_Master_Code - 10-The downloads Count is -10000
2025-07-10 13:59:01,413 INFO  Meta_Master_Code - Parsed rating: 3.6
2025-07-10 13:59:01,423 INFO  Meta_Master_Code - Duplicate entry skipped: https://play.google.com/store/apps/details?id=com.interesting.ai.reads.mentoring.chat.gpt.app
2025-07-10 13:59:01,441 INFO  Meta_Master_Code - Duplicate entry in the Mastersheet
2025-07-10 13:59:01,459 INFO  Meta_Master_Code - The rating is less than 4.5
2025-07-10 13:59:01,460 INFO  Meta_Master_Code - 10 - link in written
2025-07-10 13:59:02,599 INFO  Meta_Master_Code - 11-The downloads Count is -10000
2025-07-10 13:59:02,620 INFO  Meta_Master_Code - Parsed rating: 3.6
2025-07-10 13:59:02,636 INFO  Meta_Master_Code - Duplicate entry skipped: https://play.google.com/store/apps/details?id=com.interesting.ai.reads.mentoring.chat.gpt.app
2025-07-10 13:59:02,664 INFO  Meta_Master_Code - Duplicate entry in the Mastersheet
2025-07-10 13:59:02,689 INFO  Meta_Master_Code - The rating is less than 4.5
2025-07-10 13:59:02,689 INFO  Meta_Master_Code - 11 - link in written
2025-07-10 13:59:03,809 INFO  Meta_Master_Code - 12-The downloads Count is -500000
2025-07-10 13:59:03,827 INFO  Meta_Master_Code - Parsed rating: 4.5
2025-07-10 13:59:03,846 INFO  Meta_Master_Code - Data written successfully: https://play.google.com/store/apps/details?id=com.melooha.app
2025-07-10 13:59:03,870 INFO  Meta_Master_Code - Duplicate entry in the Mastersheet
2025-07-10 13:59:03,893 INFO  Meta_Master_Code - The rating is less than 4.5
2025-07-10 13:59:03,894 INFO  Meta_Master_Code - 12 - link in written
2025-07-10 13:59:05,146 INFO  Meta_Master_Code - 13-The downloads Count is -10000
2025-07-10 13:59:05,157 INFO  Meta_Master_Code - 13No Rating is Given
2025-07-10 13:59:05,190 INFO  Meta_Master_Code - Data written successfully: https://play.google.com/store/apps/details?id=com.vsnewplay.ox3ys
2025-07-10 13:59:05,216 INFO  Meta_Master_Code - Data Written in Mastersheet - https://play.google.com/store/apps/details?id=com.vsnewplay.ox3ys
2025-07-10 13:59:05,236 INFO  Meta_Master_Code - Data written at row index: 0
2025-07-10 13:59:05,256 INFO  Meta_Master_Code - 13 - link in written
2025-07-10 13:59:06,376 INFO  Meta_Master_Code - 14-The downloads Count is -50000
2025-07-10 13:59:06,393 INFO  Meta_Master_Code - Parsed rating: 3.9
2025-07-10 13:59:06,413 INFO  Meta_Master_Code - Data written successfully: https://play.google.com/store/apps/details?id=com.clip.find.phone.aos
2025-07-10 13:59:06,438 INFO  Meta_Master_Code - Data Written in Mastersheet - https://play.google.com/store/apps/details?id=com.clip.find.phone.aos
2025-07-10 13:59:06,463 INFO  Meta_Master_Code - Data written at row index: 1
2025-07-10 13:59:06,485 INFO  Meta_Master_Code - The rating is less than 4.5
2025-07-10 13:59:06,485 INFO  Meta_Master_Code - 14 - link in written
2025-07-10 13:59:07,688 INFO  Meta_Master_Code - 15-The downloads Count is -50000
2025-07-10 13:59:07,710 INFO  Meta_Master_Code - Parsed rating: 3.9
2025-07-10 13:59:07,721 INFO  Meta_Master_Code - Duplicate entry skipped: https://play.google.com/store/apps/details?id=com.clip.find.phone.aos
2025-07-10 13:59:07,734 INFO  Meta_Master_Code - Duplicate entry in the Mastersheet
2025-07-10 13:59:07,757 INFO  Meta_Master_Code - The rating is less than 4.5
2025-07-10 13:59:07,758 INFO  Meta_Master_Code - 15 - link in written
2025-07-10 13:59:08,876 INFO  Meta_Master_Code - 16-The downloads Count is -50000
2025-07-10 13:59:08,893 INFO  Meta_Master_Code - Parsed rating: 3.9
2025-07-10 13:59:08,912 INFO  Meta_Master_Code - Duplicate entry skipped: https://play.google.com/store/apps/details?id=com.clip.find.phone.aos
2025-07-10 13:59:08,933 INFO  Meta_Master_Code - Duplicate entry in the Mastersheet
2025-07-10 13:59:08,952 INFO  Meta_Master_Code - The rating is less than 4.5
2025-07-10 13:59:08,953 INFO  Meta_Master_Code - 16 - link in written
2025-07-10 13:59:10,133 INFO  Meta_Master_Code - 17-The downloads Count is -50000
2025-07-10 13:59:10,156 INFO  Meta_Master_Code - Parsed rating: 3.9
2025-07-10 13:59:10,170 INFO  Meta_Master_Code - Duplicate entry skipped: https://play.google.com/store/apps/details?id=com.clip.find.phone.aos
2025-07-10 13:59:10,200 INFO  Meta_Master_Code - Duplicate entry in the Mastersheet
2025-07-10 13:59:10,219 INFO  Meta_Master_Code - The rating is less than 4.5
2025-07-10 13:59:10,219 INFO  Meta_Master_Code - 17 - link in written
2025-07-10 13:59:11,493 INFO  Meta_Master_Code - 18-The downloads Count is -50000
2025-07-10 13:59:11,528 INFO  Meta_Master_Code - Parsed rating: 3.9
2025-07-10 13:59:11,542 INFO  Meta_Master_Code - Duplicate entry skipped: https://play.google.com/store/apps/details?id=com.clip.find.phone.aos
2025-07-10 13:59:11,567 INFO  Meta_Master_Code - Duplicate entry in the Mastersheet
2025-07-10 13:59:11,588 INFO  Meta_Master_Code - The rating is less than 4.5
2025-07-10 13:59:11,588 INFO  Meta_Master_Code - 18 - link in written
2025-07-10 13:59:11,610 INFO  Meta_Master_Code - Excel file has sheets, not deleted.
2025-07-10 13:59:11,625 INFO  Meta_Master_Code - Total filtered Link count: 2
