2025-07-16 16:06:19,016 INFO  Meta_Website_Master_Code - URL Entered
2025-07-16 16:06:19,853 INFO  Meta_Website_Master_Code - Entered country is - India
2025-07-16 16:06:19,853 INFO  Meta_Website_Master_Code - India has been Choosen
2025-07-16 16:06:20,082 INFO  Meta_Website_Master_Code - Data Found
2025-07-16 16:06:20,089 INFO  Meta_Website_Master_Code - The Number of Scroll count Entered is - 70
2025-07-16 16:06:20,089 INFO  Meta_Website_Master_Code - Scroll: 0
2025-07-16 16:06:26,160 INFO  Meta_Website_Master_Code - Scroll: 1
2025-07-16 16:06:32,878 INFO  Meta_Website_Master_Code - Scroll: 2
2025-07-16 16:06:38,931 INFO  Meta_Website_Master_Code - Scroll: 3
2025-07-16 16:06:45,046 INFO  Meta_Website_Master_Code - Scroll: 4
2025-07-16 16:06:51,523 INFO  Meta_Website_Master_Code - Scroll: 5
2025-07-16 16:06:57,681 INFO  Meta_Website_Master_Code - Scroll: 6
2025-07-16 16:07:03,833 INFO  Meta_Website_Master_Code - Scroll: 7
2025-07-16 16:07:09,897 INFO  Meta_Website_Master_Code - Scroll: 8
2025-07-16 16:07:15,970 INFO  Meta_Website_Master_Code - Scroll: 9
2025-07-16 16:07:22,064 INFO  Meta_Website_Master_Code - Scroll: 10
2025-07-16 16:07:28,239 INFO  Meta_Website_Master_Code - Scroll: 11
2025-07-16 16:07:34,326 INFO  Meta_Website_Master_Code - Scroll: 12
2025-07-16 16:07:40,449 INFO  Meta_Website_Master_Code - Scroll: 13
2025-07-16 16:07:46,577 INFO  Meta_Website_Master_Code - Scroll: 14
2025-07-16 16:07:52,613 INFO  Meta_Website_Master_Code - Scroll: 15
2025-07-16 16:07:58,723 INFO  Meta_Website_Master_Code - Scroll: 16
2025-07-16 16:08:04,856 INFO  Meta_Website_Master_Code - Scroll: 17
2025-07-16 16:08:11,227 INFO  Meta_Website_Master_Code - Scroll: 18
2025-07-16 16:08:17,552 INFO  Meta_Website_Master_Code - Scroll: 19
2025-07-16 16:08:23,809 INFO  Meta_Website_Master_Code - Scroll: 20
2025-07-16 16:08:30,270 INFO  Meta_Website_Master_Code - Scroll: 21
2025-07-16 16:08:36,400 INFO  Meta_Website_Master_Code - Scroll: 22
2025-07-16 16:08:42,979 INFO  Meta_Website_Master_Code - Scroll: 23
2025-07-16 16:08:49,483 INFO  Meta_Website_Master_Code - Scroll: 24
2025-07-16 16:08:55,603 INFO  Meta_Website_Master_Code - Scroll: 25
2025-07-16 16:09:01,666 INFO  Meta_Website_Master_Code - Scroll: 26
2025-07-16 16:09:07,846 INFO  Meta_Website_Master_Code - Scroll: 27
2025-07-16 16:09:13,949 INFO  Meta_Website_Master_Code - Scroll: 28
2025-07-16 16:09:20,025 INFO  Meta_Website_Master_Code - Scroll: 29
2025-07-16 16:09:26,369 INFO  Meta_Website_Master_Code - Scroll: 30
2025-07-16 16:09:32,485 INFO  Meta_Website_Master_Code - Scroll: 31
2025-07-16 16:09:38,536 INFO  Meta_Website_Master_Code - Scroll: 32
2025-07-16 16:09:44,881 INFO  Meta_Website_Master_Code - Scroll: 33
2025-07-16 16:09:51,189 INFO  Meta_Website_Master_Code - Scroll: 34
2025-07-16 16:09:57,294 INFO  Meta_Website_Master_Code - Scroll: 35
2025-07-16 16:10:03,389 INFO  Meta_Website_Master_Code - Scroll: 36
2025-07-16 16:10:09,495 INFO  Meta_Website_Master_Code - Scroll: 37
2025-07-16 16:10:15,600 INFO  Meta_Website_Master_Code - Scroll: 38
2025-07-16 16:10:21,666 INFO  Meta_Website_Master_Code - Scroll: 39
2025-07-16 16:10:27,720 INFO  Meta_Website_Master_Code - Scroll: 40
2025-07-16 16:10:33,832 INFO  Meta_Website_Master_Code - Scroll: 41
2025-07-16 16:10:39,884 INFO  Meta_Website_Master_Code - Scroll: 42
2025-07-16 16:10:46,325 INFO  Meta_Website_Master_Code - Scroll: 43
2025-07-16 16:10:52,423 INFO  Meta_Website_Master_Code - Scroll: 44
2025-07-16 16:10:58,521 INFO  Meta_Website_Master_Code - Scroll: 45
2025-07-16 16:11:04,601 INFO  Meta_Website_Master_Code - Scroll: 46
2025-07-16 16:11:10,656 INFO  Meta_Website_Master_Code - Scroll: 47
2025-07-16 16:11:16,793 INFO  Meta_Website_Master_Code - Scroll: 48
2025-07-16 16:11:23,549 INFO  Meta_Website_Master_Code - Scroll: 49
2025-07-16 16:11:29,732 INFO  Meta_Website_Master_Code - Scroll: 50
2025-07-16 16:11:36,205 INFO  Meta_Website_Master_Code - Scroll: 51
2025-07-16 16:11:42,407 INFO  Meta_Website_Master_Code - Scroll: 52
2025-07-16 16:11:48,587 INFO  Meta_Website_Master_Code - Scroll: 53
2025-07-16 16:11:54,719 INFO  Meta_Website_Master_Code - Scroll: 54
2025-07-16 16:12:01,297 INFO  Meta_Website_Master_Code - Scroll: 55
2025-07-16 16:12:07,449 INFO  Meta_Website_Master_Code - Scroll: 56
2025-07-16 16:12:13,649 INFO  Meta_Website_Master_Code - Scroll: 57
2025-07-16 16:12:19,883 INFO  Meta_Website_Master_Code - Scroll: 58
2025-07-16 16:12:25,946 INFO  Meta_Website_Master_Code - Scroll: 59
2025-07-16 16:12:32,111 INFO  Meta_Website_Master_Code - Scroll: 60
2025-07-16 16:12:38,176 INFO  Meta_Website_Master_Code - Scroll: 61
2025-07-16 16:12:44,306 INFO  Meta_Website_Master_Code - Scroll: 62
2025-07-16 16:12:50,435 INFO  Meta_Website_Master_Code - Scroll: 63
2025-07-16 16:12:56,493 INFO  Meta_Website_Master_Code - Scroll: 64
2025-07-16 16:13:02,688 INFO  Meta_Website_Master_Code - Scroll: 65
2025-07-16 16:13:08,849 INFO  Meta_Website_Master_Code - Scroll: 66
2025-07-16 16:13:14,967 INFO  Meta_Website_Master_Code - Scroll: 67
2025-07-16 16:13:21,046 INFO  Meta_Website_Master_Code - Scroll: 68
2025-07-16 16:13:27,093 INFO  Meta_Website_Master_Code - Scroll: 69
2025-07-16 16:13:33,201 INFO  Meta_Website_Master_Code - Scroll: 70
2025-07-16 16:13:40,511 INFO  Meta_Website_Master_Code - 2025.07.16.16.06.14 - Excel file created successfully!
2025-07-16 16:13:40,620 INFO  Meta_Website_Master_Code - Total link is 28
2025-07-16 16:13:40,844 INFO  Meta_Website_Master_Code - 1 - Data written successfully.
2025-07-16 16:13:40,934 INFO  Meta_Website_Master_Code - 2 - Data written successfully.
2025-07-16 16:13:41,017 INFO  Meta_Website_Master_Code - 3 - Data written successfully.
2025-07-16 16:13:41,101 INFO  Meta_Website_Master_Code - 4 - Data written successfully.
2025-07-16 16:13:41,701 INFO  Meta_Website_Master_Code - 5 - Data written successfully.
2025-07-16 16:13:41,796 INFO  Meta_Website_Master_Code - 6 - Data written successfully.
2025-07-16 16:13:41,867 INFO  Meta_Website_Master_Code - 7 - Data written successfully.
2025-07-16 16:13:41,953 INFO  Meta_Website_Master_Code - 8 - Data written successfully.
2025-07-16 16:13:42,030 INFO  Meta_Website_Master_Code - 9 - Data written successfully.
2025-07-16 16:13:42,117 INFO  Meta_Website_Master_Code - 10 - Data written successfully.
2025-07-16 16:13:42,188 INFO  Meta_Website_Master_Code - 11 - Data written successfully.
2025-07-16 16:13:42,267 INFO  Meta_Website_Master_Code - 12 - Data written successfully.
2025-07-16 16:13:42,357 INFO  Meta_Website_Master_Code - 13 - Data written successfully.
2025-07-16 16:13:42,447 INFO  Meta_Website_Master_Code - 14 - Data written successfully.
2025-07-16 16:13:42,521 INFO  Meta_Website_Master_Code - 15 - Data written successfully.
2025-07-16 16:13:42,609 INFO  Meta_Website_Master_Code - 16 - Data written successfully.
2025-07-16 16:13:42,677 INFO  Meta_Website_Master_Code - 17 - Data written successfully.
2025-07-16 16:13:42,752 INFO  Meta_Website_Master_Code - 18 - Data written successfully.
2025-07-16 16:13:42,867 INFO  Meta_Website_Master_Code - 19 - Data written successfully.
2025-07-16 16:13:42,941 INFO  Meta_Website_Master_Code - 20 - Data written successfully.
2025-07-16 16:13:43,033 INFO  Meta_Website_Master_Code - 21 - Data written successfully.
2025-07-16 16:13:43,244 INFO  Meta_Website_Master_Code - 22 - Data written successfully.
2025-07-16 16:13:43,457 INFO  Meta_Website_Master_Code - 23 - Data written successfully.
2025-07-16 16:13:43,676 INFO  Meta_Website_Master_Code - 24 - Data written successfully.
2025-07-16 16:13:43,920 INFO  Meta_Website_Master_Code - 25 - Data written successfully.
2025-07-16 16:13:44,143 INFO  Meta_Website_Master_Code - 26 - Data written successfully.
2025-07-16 16:13:44,611 INFO  Meta_Website_Master_Code - 27 - Data written successfully.
2025-07-16 16:13:45,337 INFO  Meta_Website_Master_Code - 28 - Data written successfully.
2025-07-16 16:13:45,380 INFO  Meta_Website_Master_Code - Total link is 143
2025-07-16 16:13:45,449 INFO  Meta_Website_Master_Code - 1 - Data written successfully.
2025-07-16 16:13:45,549 INFO  Meta_Website_Master_Code - 2 - Data written successfully.
2025-07-16 16:13:45,650 INFO  Meta_Website_Master_Code - 3 - Data written successfully.
2025-07-16 16:13:45,743 INFO  Meta_Website_Master_Code - 4 - Data written successfully.
2025-07-16 16:13:45,820 INFO  Meta_Website_Master_Code - 5 - Data written successfully.
2025-07-16 16:13:45,907 INFO  Meta_Website_Master_Code - 6 - Data written successfully.
2025-07-16 16:13:45,987 INFO  Meta_Website_Master_Code - 7 - Data written successfully.
2025-07-16 16:13:46,076 INFO  Meta_Website_Master_Code - 8 - Data written successfully.
2025-07-16 16:13:46,141 INFO  Meta_Website_Master_Code - 9 - Data written successfully.
2025-07-16 16:13:46,205 INFO  Meta_Website_Master_Code - 10 - Data written successfully.
2025-07-16 16:13:46,272 INFO  Meta_Website_Master_Code - 11 - Data written successfully.
2025-07-16 16:13:46,336 INFO  Meta_Website_Master_Code - 12 - Data written successfully.
2025-07-16 16:13:46,409 INFO  Meta_Website_Master_Code - 13 - Data written successfully.
2025-07-16 16:13:46,531 INFO  Meta_Website_Master_Code - 14 - Data written successfully.
2025-07-16 16:13:46,617 INFO  Meta_Website_Master_Code - 15 - Data written successfully.
2025-07-16 16:13:46,688 INFO  Meta_Website_Master_Code - 16 - Data written successfully.
2025-07-16 16:13:46,754 INFO  Meta_Website_Master_Code - 17 - Data written successfully.
2025-07-16 16:13:46,827 INFO  Meta_Website_Master_Code - 18 - Data written successfully.
2025-07-16 16:13:46,889 INFO  Meta_Website_Master_Code - 19 - Data written successfully.
2025-07-16 16:13:46,951 INFO  Meta_Website_Master_Code - 20 - Data written successfully.
2025-07-16 16:13:47,015 INFO  Meta_Website_Master_Code - 21 - Data written successfully.
2025-07-16 16:13:47,083 INFO  Meta_Website_Master_Code - 22 - Data written successfully.
2025-07-16 16:13:47,145 INFO  Meta_Website_Master_Code - 23 - Data written successfully.
2025-07-16 16:13:47,208 INFO  Meta_Website_Master_Code - 24 - Data written successfully.
2025-07-16 16:13:47,291 INFO  Meta_Website_Master_Code - 25 - Data written successfully.
2025-07-16 16:13:47,374 INFO  Meta_Website_Master_Code - 26 - Data written successfully.
2025-07-16 16:13:47,445 INFO  Meta_Website_Master_Code - 27 - Data written successfully.
2025-07-16 16:13:47,522 INFO  Meta_Website_Master_Code - 28 - Data written successfully.
2025-07-16 16:13:47,586 INFO  Meta_Website_Master_Code - 29 - Data written successfully.
2025-07-16 16:13:47,646 INFO  Meta_Website_Master_Code - 30 - Data written successfully.
2025-07-16 16:13:47,730 INFO  Meta_Website_Master_Code - 31 - Data written successfully.
2025-07-16 16:13:47,827 INFO  Meta_Website_Master_Code - 32 - Data written successfully.
2025-07-16 16:13:47,901 INFO  Meta_Website_Master_Code - 33 - Data written successfully.
2025-07-16 16:13:47,974 INFO  Meta_Website_Master_Code - 34 - Data written successfully.
2025-07-16 16:13:48,058 INFO  Meta_Website_Master_Code - 35 - Data written successfully.
2025-07-16 16:13:48,123 INFO  Meta_Website_Master_Code - 36 - Data written successfully.
2025-07-16 16:13:48,185 INFO  Meta_Website_Master_Code - 37 - Data written successfully.
2025-07-16 16:13:48,250 INFO  Meta_Website_Master_Code - 38 - Data written successfully.
2025-07-16 16:13:48,309 INFO  Meta_Website_Master_Code - 39 - Data written successfully.
2025-07-16 16:13:48,383 INFO  Meta_Website_Master_Code - 40 - Data written successfully.
2025-07-16 16:13:48,452 INFO  Meta_Website_Master_Code - 41 - Data written successfully.
2025-07-16 16:13:48,514 INFO  Meta_Website_Master_Code - 42 - Data written successfully.
2025-07-16 16:13:48,576 INFO  Meta_Website_Master_Code - 43 - Data written successfully.
2025-07-16 16:13:48,651 INFO  Meta_Website_Master_Code - 44 - Data written successfully.
2025-07-16 16:13:48,721 INFO  Meta_Website_Master_Code - 45 - Data written successfully.
2025-07-16 16:13:48,813 INFO  Meta_Website_Master_Code - 46 - Data written successfully.
2025-07-16 16:13:48,888 INFO  Meta_Website_Master_Code - 47 - Data written successfully.
2025-07-16 16:13:48,958 INFO  Meta_Website_Master_Code - 48 - Data written successfully.
2025-07-16 16:13:49,030 INFO  Meta_Website_Master_Code - 49 - Data written successfully.
2025-07-16 16:13:49,096 INFO  Meta_Website_Master_Code - 50 - Data written successfully.
2025-07-16 16:13:49,161 INFO  Meta_Website_Master_Code - 51 - Data written successfully.
2025-07-16 16:13:49,219 INFO  Meta_Website_Master_Code - 52 - Data written successfully.
2025-07-16 16:13:49,280 INFO  Meta_Website_Master_Code - 53 - Data written successfully.
2025-07-16 16:13:49,353 INFO  Meta_Website_Master_Code - 54 - Data written successfully.
2025-07-16 16:13:49,413 INFO  Meta_Website_Master_Code - 55 - Data written successfully.
2025-07-16 16:13:49,486 INFO  Meta_Website_Master_Code - 56 - Data written successfully.
2025-07-16 16:13:49,546 INFO  Meta_Website_Master_Code - 57 - Data written successfully.
2025-07-16 16:13:49,620 INFO  Meta_Website_Master_Code - 58 - Data written successfully.
2025-07-16 16:13:49,689 INFO  Meta_Website_Master_Code - 59 - Data written successfully.
2025-07-16 16:13:49,748 INFO  Meta_Website_Master_Code - 60 - Data written successfully.
2025-07-16 16:13:49,810 INFO  Meta_Website_Master_Code - 61 - Data written successfully.
2025-07-16 16:13:49,875 INFO  Meta_Website_Master_Code - 62 - Data written successfully.
2025-07-16 16:13:49,937 INFO  Meta_Website_Master_Code - 63 - Data written successfully.
2025-07-16 16:13:50,001 INFO  Meta_Website_Master_Code - 64 - Data written successfully.
2025-07-16 16:13:50,063 INFO  Meta_Website_Master_Code - 65 - Data written successfully.
2025-07-16 16:13:50,128 INFO  Meta_Website_Master_Code - 66 - Data written successfully.
2025-07-16 16:13:50,192 INFO  Meta_Website_Master_Code - 67 - Data written successfully.
2025-07-16 16:13:50,254 INFO  Meta_Website_Master_Code - 68 - Data written successfully.
2025-07-16 16:13:50,317 INFO  Meta_Website_Master_Code - 69 - Data written successfully.
2025-07-16 16:13:50,379 INFO  Meta_Website_Master_Code - 70 - Data written successfully.
2025-07-16 16:13:50,436 INFO  Meta_Website_Master_Code - 71 - Data written successfully.
2025-07-16 16:13:50,497 INFO  Meta_Website_Master_Code - 72 - Data written successfully.
2025-07-16 16:13:50,562 INFO  Meta_Website_Master_Code - 73 - Data written successfully.
2025-07-16 16:13:50,623 INFO  Meta_Website_Master_Code - 74 - Data written successfully.
2025-07-16 16:13:50,690 INFO  Meta_Website_Master_Code - 75 - Data written successfully.
2025-07-16 16:13:50,746 INFO  Meta_Website_Master_Code - 76 - Data written successfully.
2025-07-16 16:13:50,803 INFO  Meta_Website_Master_Code - 77 - Data written successfully.
2025-07-16 16:13:50,861 INFO  Meta_Website_Master_Code - 78 - Data written successfully.
2025-07-16 16:13:50,919 INFO  Meta_Website_Master_Code - 79 - Data written successfully.
2025-07-16 16:13:50,981 INFO  Meta_Website_Master_Code - 80 - Data written successfully.
2025-07-16 16:13:51,040 INFO  Meta_Website_Master_Code - 81 - Data written successfully.
2025-07-16 16:13:51,106 INFO  Meta_Website_Master_Code - 82 - Data written successfully.
2025-07-16 16:13:51,164 INFO  Meta_Website_Master_Code - 83 - Data written successfully.
2025-07-16 16:13:51,230 INFO  Meta_Website_Master_Code - 84 - Data written successfully.
2025-07-16 16:13:51,303 INFO  Meta_Website_Master_Code - 85 - Data written successfully.
2025-07-16 16:13:51,379 INFO  Meta_Website_Master_Code - 86 - Data written successfully.
2025-07-16 16:13:51,466 INFO  Meta_Website_Master_Code - 87 - Data written successfully.
2025-07-16 16:13:51,557 INFO  Meta_Website_Master_Code - 88 - Data written successfully.
2025-07-16 16:13:51,635 INFO  Meta_Website_Master_Code - 89 - Data written successfully.
2025-07-16 16:13:51,709 INFO  Meta_Website_Master_Code - 90 - Data written successfully.
2025-07-16 16:13:51,786 INFO  Meta_Website_Master_Code - 91 - Data written successfully.
2025-07-16 16:13:51,866 INFO  Meta_Website_Master_Code - 92 - Data written successfully.
2025-07-16 16:13:51,930 INFO  Meta_Website_Master_Code - 93 - Data written successfully.
2025-07-16 16:13:51,988 INFO  Meta_Website_Master_Code - 94 - Data written successfully.
2025-07-16 16:13:52,050 INFO  Meta_Website_Master_Code - 95 - Data written successfully.
2025-07-16 16:13:52,108 INFO  Meta_Website_Master_Code - 96 - Data written successfully.
2025-07-16 16:13:52,176 INFO  Meta_Website_Master_Code - 97 - Data written successfully.
2025-07-16 16:13:52,242 INFO  Meta_Website_Master_Code - 98 - Data written successfully.
2025-07-16 16:13:52,304 INFO  Meta_Website_Master_Code - 99 - Data written successfully.
2025-07-16 16:13:52,370 INFO  Meta_Website_Master_Code - 100 - Data written successfully.
2025-07-16 16:13:52,437 INFO  Meta_Website_Master_Code - 101 - Data written successfully.
2025-07-16 16:13:52,498 INFO  Meta_Website_Master_Code - 102 - Data written successfully.
2025-07-16 16:13:52,557 INFO  Meta_Website_Master_Code - 103 - Data written successfully.
2025-07-16 16:13:52,619 INFO  Meta_Website_Master_Code - 104 - Data written successfully.
2025-07-16 16:13:52,688 INFO  Meta_Website_Master_Code - 105 - Data written successfully.
2025-07-16 16:13:52,758 INFO  Meta_Website_Master_Code - 106 - Data written successfully.
2025-07-16 16:13:52,858 INFO  Meta_Website_Master_Code - 107 - Data written successfully.
2025-07-16 16:13:52,961 INFO  Meta_Website_Master_Code - 108 - Data written successfully.
2025-07-16 16:13:53,059 INFO  Meta_Website_Master_Code - 109 - Data written successfully.
2025-07-16 16:13:53,148 INFO  Meta_Website_Master_Code - 110 - Data written successfully.
2025-07-16 16:13:53,230 INFO  Meta_Website_Master_Code - 111 - Data written successfully.
2025-07-16 16:13:53,324 INFO  Meta_Website_Master_Code - 112 - Data written successfully.
2025-07-16 16:13:53,385 INFO  Meta_Website_Master_Code - 113 - Data written successfully.
2025-07-16 16:13:53,445 INFO  Meta_Website_Master_Code - 114 - Data written successfully.
2025-07-16 16:13:53,516 INFO  Meta_Website_Master_Code - 115 - Data written successfully.
2025-07-16 16:13:53,585 INFO  Meta_Website_Master_Code - 116 - Data written successfully.
2025-07-16 16:13:53,660 INFO  Meta_Website_Master_Code - 117 - Data written successfully.
2025-07-16 16:13:53,737 INFO  Meta_Website_Master_Code - 118 - Data written successfully.
2025-07-16 16:13:53,812 INFO  Meta_Website_Master_Code - 119 - Data written successfully.
2025-07-16 16:13:53,887 INFO  Meta_Website_Master_Code - 120 - Data written successfully.
2025-07-16 16:13:53,985 INFO  Meta_Website_Master_Code - 121 - Data written successfully.
2025-07-16 16:13:54,103 INFO  Meta_Website_Master_Code - 122 - Data written successfully.
2025-07-16 16:13:54,184 INFO  Meta_Website_Master_Code - 123 - Data written successfully.
2025-07-16 16:13:54,263 INFO  Meta_Website_Master_Code - 124 - Data written successfully.
2025-07-16 16:13:54,343 INFO  Meta_Website_Master_Code - 125 - Data written successfully.
2025-07-16 16:13:54,460 INFO  Meta_Website_Master_Code - 126 - Data written successfully.
2025-07-16 16:13:54,555 INFO  Meta_Website_Master_Code - 127 - Data written successfully.
2025-07-16 16:13:54,627 INFO  Meta_Website_Master_Code - 128 - Data written successfully.
2025-07-16 16:13:54,754 INFO  Meta_Website_Master_Code - 129 - Data written successfully.
2025-07-16 16:13:54,834 INFO  Meta_Website_Master_Code - 130 - Data written successfully.
2025-07-16 16:13:54,928 INFO  Meta_Website_Master_Code - 131 - Data written successfully.
2025-07-16 16:13:55,015 INFO  Meta_Website_Master_Code - 132 - Data written successfully.
2025-07-16 16:13:55,082 INFO  Meta_Website_Master_Code - 133 - Data written successfully.
2025-07-16 16:13:55,151 INFO  Meta_Website_Master_Code - 134 - Data written successfully.
2025-07-16 16:13:55,220 INFO  Meta_Website_Master_Code - 135 - Data written successfully.
2025-07-16 16:13:55,290 INFO  Meta_Website_Master_Code - 136 - Data written successfully.
2025-07-16 16:13:55,375 INFO  Meta_Website_Master_Code - 137 - Data written successfully.
2025-07-16 16:13:55,490 INFO  Meta_Website_Master_Code - 138 - Data written successfully.
2025-07-16 16:13:55,649 INFO  Meta_Website_Master_Code - 139 - Data written successfully.
2025-07-16 16:13:55,839 INFO  Meta_Website_Master_Code - 140 - Data written successfully.
2025-07-16 16:13:55,997 INFO  Meta_Website_Master_Code - 141 - Data written successfully.
2025-07-16 16:13:56,082 INFO  Meta_Website_Master_Code - 142 - Data written successfully.
2025-07-16 16:13:56,173 INFO  Meta_Website_Master_Code - 143 - Data written successfully.
2025-07-16 16:13:56,209 INFO  Meta_Website_Master_Code - Excel file has sheets, not deleted.
2025-07-16 16:13:56,236 INFO  Meta_Website_Master_Code - 2025.07.16.16.06.14-India- New sheet - Excel file created successfully!
2025-07-16 16:13:59,358 INFO  Meta_Website_Master_Code - Data written successfully: https://mituscouture.com/
2025-07-16 16:13:59,408 INFO  Meta_Website_Master_Code - Duplicate entry in the Mastersheet
2025-07-16 16:13:59,464 INFO  Meta_Website_Master_Code - 0 - https://mituscouture.com/
2025-07-16 16:14:01,335 INFO  Meta_Website_Master_Code - Duplicate entry skipped: https://mituscouture.com/
2025-07-16 16:14:01,358 INFO  Meta_Website_Master_Code - Duplicate entry in the Mastersheet
2025-07-16 16:14:01,374 INFO  Meta_Website_Master_Code - 1 - https://mituscouture.com/
2025-07-16 16:14:02,989 INFO  Meta_Website_Master_Code - Duplicate entry skipped: https://mituscouture.com/
2025-07-16 16:14:03,011 INFO  Meta_Website_Master_Code - Duplicate entry in the Mastersheet
2025-07-16 16:14:03,027 INFO  Meta_Website_Master_Code - 2 - https://mituscouture.com/
2025-07-16 16:14:04,836 INFO  Meta_Website_Master_Code - Duplicate entry skipped: https://mituscouture.com/
2025-07-16 16:14:04,856 INFO  Meta_Website_Master_Code - Duplicate entry in the Mastersheet
2025-07-16 16:14:04,879 INFO  Meta_Website_Master_Code - 3 - https://mituscouture.com/
2025-07-16 16:14:06,562 INFO  Meta_Website_Master_Code - Data written successfully: https://atomberg.com/
2025-07-16 16:14:06,582 INFO  Meta_Website_Master_Code - Data Written in Mastersheet - https://atomberg.com/
2025-07-16 16:14:06,634 INFO  Meta_Website_Master_Code - Data written at row index: 0
2025-07-16 16:14:06,655 INFO  Meta_Website_Master_Code - 4 - https://atomberg.com/
2025-07-16 16:14:09,956 INFO  Meta_Website_Master_Code - Data written successfully: https://newwoffer.gtatens.com/
2025-07-16 16:14:09,971 INFO  Meta_Website_Master_Code - Duplicate entry in the Mastersheet
2025-07-16 16:14:09,983 INFO  Meta_Website_Master_Code - 5 - https://newwoffer.gtatens.com/
2025-07-16 16:14:12,391 INFO  Meta_Website_Master_Code - Data written successfully: https://big-billion-flipkart.0ffer.shop/
2025-07-16 16:14:12,414 INFO  Meta_Website_Master_Code - Duplicate entry in the Mastersheet
2025-07-16 16:14:12,428 INFO  Meta_Website_Master_Code - 6 - https://big-billion-flipkart.0ffer.shop/
2025-07-16 16:14:12,830 INFO  Meta_Website_Master_Code - Data written successfully: https://bioweb.live/
2025-07-16 16:14:12,842 INFO  Meta_Website_Master_Code - Duplicate entry in the Mastersheet
2025-07-16 16:14:12,867 INFO  Meta_Website_Master_Code - 7 - https://bioweb.live/
2025-07-16 16:14:18,122 INFO  Meta_Website_Master_Code - Data written successfully: https://fabcurate.com/
2025-07-16 16:14:18,141 INFO  Meta_Website_Master_Code - Data Written in Mastersheet - https://fabcurate.com/
2025-07-16 16:14:18,162 INFO  Meta_Website_Master_Code - Data written at row index: 1
2025-07-16 16:14:18,174 INFO  Meta_Website_Master_Code - 8 - https://fabcurate.com/
2025-07-16 16:14:21,544 INFO  Meta_Website_Master_Code - Data written successfully: https://gxqo.shop/
2025-07-16 16:14:21,623 INFO  Meta_Website_Master_Code - Data Written in Mastersheet - https://gxqo.shop/
2025-07-16 16:14:21,686 INFO  Meta_Website_Master_Code - Data written at row index: 2
2025-07-16 16:14:21,761 INFO  Meta_Website_Master_Code - 9 - https://gxqo.shop/
2025-07-16 16:14:24,185 INFO  Meta_Website_Master_Code - Duplicate entry skipped: https://gxqo.shop/
2025-07-16 16:14:24,217 INFO  Meta_Website_Master_Code - Duplicate entry in the Mastersheet
2025-07-16 16:14:24,279 INFO  Meta_Website_Master_Code - 10 - https://gxqo.shop/
2025-07-16 16:14:25,483 INFO  Meta_Website_Master_Code - Duplicate entry skipped: https://gxqo.shop/
2025-07-16 16:14:25,553 INFO  Meta_Website_Master_Code - Duplicate entry in the Mastersheet
2025-07-16 16:14:25,577 INFO  Meta_Website_Master_Code - 11 - https://gxqo.shop/
2025-07-16 16:14:29,499 INFO  Meta_Website_Master_Code - Data written successfully: https://touch925.com/
2025-07-16 16:14:29,530 INFO  Meta_Website_Master_Code - Data Written in Mastersheet - https://touch925.com/
2025-07-16 16:14:29,552 INFO  Meta_Website_Master_Code - Data written at row index: 3
2025-07-16 16:14:29,571 INFO  Meta_Website_Master_Code - 12 - https://touch925.com/
2025-07-16 16:14:32,688 INFO  Meta_Website_Master_Code - Data written successfully: https://secret-descont.shop/
2025-07-16 16:14:32,704 INFO  Meta_Website_Master_Code - Duplicate entry in the Mastersheet
2025-07-16 16:14:32,716 INFO  Meta_Website_Master_Code - 13 - https://secret-descont.shop/
2025-07-16 16:14:35,648 INFO  Meta_Website_Master_Code - Data written successfully: https://touch925.com/
2025-07-16 16:14:35,662 INFO  Meta_Website_Master_Code - Duplicate entry in the Mastersheet
2025-07-16 16:14:35,672 INFO  Meta_Website_Master_Code - 14 - https://touch925.com/
2025-07-16 16:14:39,761 INFO  Meta_Website_Master_Code - Data written successfully: https://whysobluelove.com/
2025-07-16 16:14:39,775 INFO  Meta_Website_Master_Code - Data Written in Mastersheet - https://whysobluelove.com/
2025-07-16 16:14:39,794 INFO  Meta_Website_Master_Code - Data written at row index: 4
2025-07-16 16:14:39,806 INFO  Meta_Website_Master_Code - 15 - https://whysobluelove.com/
2025-07-16 16:14:40,327 INFO  Meta_Website_Master_Code - Data written successfully: https://bioweb.live/
2025-07-16 16:14:40,338 INFO  Meta_Website_Master_Code - Duplicate entry in the Mastersheet
2025-07-16 16:14:40,345 INFO  Meta_Website_Master_Code - 16 - https://bioweb.live/
2025-07-16 16:14:42,887 INFO  Meta_Website_Master_Code - Data written successfully: https://vedix.com/
2025-07-16 16:14:42,900 INFO  Meta_Website_Master_Code - Data Written in Mastersheet - https://vedix.com/
2025-07-16 16:14:42,916 INFO  Meta_Website_Master_Code - Data written at row index: 5
2025-07-16 16:14:42,924 INFO  Meta_Website_Master_Code - 17 - https://vedix.com/
2025-07-16 16:14:44,601 INFO  Meta_Website_Master_Code - Data written successfully: https://alvo.chat/
2025-07-16 16:14:44,611 INFO  Meta_Website_Master_Code - Data Written in Mastersheet - https://alvo.chat/
2025-07-16 16:14:44,627 INFO  Meta_Website_Master_Code - Data written at row index: 6
2025-07-16 16:14:44,637 INFO  Meta_Website_Master_Code - 18 - https://alvo.chat/
2025-07-16 16:14:46,432 INFO  Meta_Website_Master_Code - Data written successfully: https://vedix.com/
2025-07-16 16:14:46,444 INFO  Meta_Website_Master_Code - Duplicate entry in the Mastersheet
2025-07-16 16:14:46,452 INFO  Meta_Website_Master_Code - 19 - https://vedix.com/
2025-07-16 16:14:53,137 INFO  Meta_Website_Master_Code - Data written successfully: https://soulstruck.in/
2025-07-16 16:14:53,155 INFO  Meta_Website_Master_Code - Data Written in Mastersheet - https://soulstruck.in/
2025-07-16 16:14:53,179 INFO  Meta_Website_Master_Code - Data written at row index: 7
2025-07-16 16:14:53,229 INFO  Meta_Website_Master_Code - 20 - https://soulstruck.in/
2025-07-16 16:14:56,026 INFO  Meta_Website_Master_Code - Data written successfully: https://whysobluelove.com/
2025-07-16 16:14:56,033 INFO  Meta_Website_Master_Code - Duplicate entry in the Mastersheet
2025-07-16 16:14:56,043 INFO  Meta_Website_Master_Code - 21 - https://whysobluelove.com/
2025-07-16 16:17:35,318 INFO  Meta_Website_Master_Code - Data written successfully: https://soulstruck.in/
2025-07-16 16:17:35,326 INFO  Meta_Website_Master_Code - Duplicate entry in the Mastersheet
2025-07-16 16:17:35,337 INFO  Meta_Website_Master_Code - 22 - https://soulstruck.in/
2025-07-16 16:17:38,419 INFO  Meta_Website_Master_Code - Data written successfully: https://enfants.in/
2025-07-16 16:17:38,431 INFO  Meta_Website_Master_Code - Data Written in Mastersheet - https://enfants.in/
2025-07-16 16:17:38,460 INFO  Meta_Website_Master_Code - Data written at row index: 8
2025-07-16 16:17:38,471 INFO  Meta_Website_Master_Code - 23 - https://enfants.in/
2025-07-16 16:17:40,051 INFO  Meta_Website_Master_Code - Data written successfully: https://fksupermart.shop/
2025-07-16 16:17:40,067 INFO  Meta_Website_Master_Code - Data Written in Mastersheet - https://fksupermart.shop/
2025-07-16 16:17:40,088 INFO  Meta_Website_Master_Code - Data written at row index: 9
2025-07-16 16:17:40,101 INFO  Meta_Website_Master_Code - 24 - https://fksupermart.shop/
2025-07-16 16:17:41,186 INFO  Meta_Website_Master_Code - Data written successfully: https://fk.sales-india.live/
2025-07-16 16:17:41,201 INFO  Meta_Website_Master_Code - Data Written in Mastersheet - https://fk.sales-india.live/
2025-07-16 16:17:41,222 INFO  Meta_Website_Master_Code - Data written at row index: 10
2025-07-16 16:17:41,235 INFO  Meta_Website_Master_Code - 25 - https://fk.sales-india.live/
2025-07-16 16:17:43,585 INFO  Meta_Website_Master_Code - Data written successfully: https://urbanscape.in/
2025-07-16 16:17:43,608 INFO  Meta_Website_Master_Code - Data Written in Mastersheet - https://urbanscape.in/
2025-07-16 16:17:43,669 INFO  Meta_Website_Master_Code - Data written at row index: 11
2025-07-16 16:17:43,688 INFO  Meta_Website_Master_Code - 26 - https://urbanscape.in/
2025-07-16 16:17:47,670 INFO  Meta_Website_Master_Code - Data written successfully: https://www.pokonut.com/
2025-07-16 16:17:47,694 INFO  Meta_Website_Master_Code - Data Written in Mastersheet - https://www.pokonut.com/
2025-07-16 16:17:47,717 INFO  Meta_Website_Master_Code - Data written at row index: 12
2025-07-16 16:17:47,747 INFO  Meta_Website_Master_Code - 27 - https://www.pokonut.com/
2025-07-16 16:17:49,248 INFO  Meta_Website_Master_Code - Data written successfully: https://urbanscape.in/
2025-07-16 16:17:49,259 INFO  Meta_Website_Master_Code - Duplicate entry in the Mastersheet
2025-07-16 16:17:49,273 INFO  Meta_Website_Master_Code - 28 - https://urbanscape.in/
2025-07-16 16:17:50,507 INFO  Meta_Website_Master_Code - Duplicate entry skipped: https://urbanscape.in/
2025-07-16 16:17:50,524 INFO  Meta_Website_Master_Code - Duplicate entry in the Mastersheet
2025-07-16 16:17:50,539 INFO  Meta_Website_Master_Code - 29 - https://urbanscape.in/
2025-07-16 16:17:51,928 INFO  Meta_Website_Master_Code - Duplicate entry skipped: https://urbanscape.in/
2025-07-16 16:17:51,942 INFO  Meta_Website_Master_Code - Duplicate entry in the Mastersheet
2025-07-16 16:17:51,951 INFO  Meta_Website_Master_Code - 30 - https://urbanscape.in/
2025-07-16 16:17:53,305 INFO  Meta_Website_Master_Code - Duplicate entry skipped: https://urbanscape.in/
2025-07-16 16:17:53,323 INFO  Meta_Website_Master_Code - Duplicate entry in the Mastersheet
2025-07-16 16:17:53,337 INFO  Meta_Website_Master_Code - 31 - https://urbanscape.in/
2025-07-16 16:17:54,611 INFO  Meta_Website_Master_Code - Duplicate entry skipped: https://urbanscape.in/
2025-07-16 16:17:54,625 INFO  Meta_Website_Master_Code - Duplicate entry in the Mastersheet
2025-07-16 16:17:54,635 INFO  Meta_Website_Master_Code - 32 - https://urbanscape.in/
2025-07-16 16:17:55,888 INFO  Meta_Website_Master_Code - Duplicate entry skipped: https://urbanscape.in/
2025-07-16 16:17:55,900 INFO  Meta_Website_Master_Code - Duplicate entry in the Mastersheet
2025-07-16 16:17:55,914 INFO  Meta_Website_Master_Code - 33 - https://urbanscape.in/
2025-07-16 16:17:57,199 INFO  Meta_Website_Master_Code - Duplicate entry skipped: https://urbanscape.in/
2025-07-16 16:17:57,218 INFO  Meta_Website_Master_Code - Duplicate entry in the Mastersheet
2025-07-16 16:17:57,234 INFO  Meta_Website_Master_Code - 34 - https://urbanscape.in/
2025-07-16 16:17:58,533 INFO  Meta_Website_Master_Code - Duplicate entry skipped: https://urbanscape.in/
2025-07-16 16:17:58,542 INFO  Meta_Website_Master_Code - Duplicate entry in the Mastersheet
2025-07-16 16:17:58,556 INFO  Meta_Website_Master_Code - 35 - https://urbanscape.in/
2025-07-16 16:18:01,783 INFO  Meta_Website_Master_Code - Data written successfully: https://secret-descount.shop/
2025-07-16 16:18:01,796 INFO  Meta_Website_Master_Code - Data Written in Mastersheet - https://secret-descount.shop/
2025-07-16 16:18:01,818 INFO  Meta_Website_Master_Code - Data written at row index: 13
2025-07-16 16:18:01,830 INFO  Meta_Website_Master_Code - 36 - https://secret-descount.shop/
2025-07-16 16:18:05,058 INFO  Meta_Website_Master_Code - Duplicate entry skipped: https://secret-descount.shop/
2025-07-16 16:18:05,069 INFO  Meta_Website_Master_Code - Duplicate entry in the Mastersheet
2025-07-16 16:18:05,078 INFO  Meta_Website_Master_Code - 37 - https://secret-descount.shop/
2025-07-16 16:18:06,099 INFO  Meta_Website_Master_Code - Data written successfully: https://newwoffer.gtatens.com/
2025-07-16 16:18:06,110 INFO  Meta_Website_Master_Code - Duplicate entry in the Mastersheet
2025-07-16 16:18:06,118 INFO  Meta_Website_Master_Code - 38 - https://newwoffer.gtatens.com/
2025-07-16 16:18:09,457 INFO  Meta_Website_Master_Code - Data written successfully: https://www.independenct.com/
2025-07-16 16:18:09,478 INFO  Meta_Website_Master_Code - Data Written in Mastersheet - https://www.independenct.com/
2025-07-16 16:18:09,505 INFO  Meta_Website_Master_Code - Data written at row index: 14
2025-07-16 16:18:09,528 INFO  Meta_Website_Master_Code - 39 - https://www.independenct.com/
2025-07-16 16:18:12,559 INFO  Meta_Website_Master_Code - Duplicate entry skipped: https://www.independenct.com/
2025-07-16 16:18:12,572 INFO  Meta_Website_Master_Code - Duplicate entry in the Mastersheet
2025-07-16 16:18:12,586 INFO  Meta_Website_Master_Code - 40 - https://www.independenct.com/
2025-07-16 16:18:15,402 INFO  Meta_Website_Master_Code - Duplicate entry skipped: https://www.independenct.com/
2025-07-16 16:18:15,412 INFO  Meta_Website_Master_Code - Duplicate entry in the Mastersheet
2025-07-16 16:18:15,424 INFO  Meta_Website_Master_Code - 41 - https://www.independenct.com/
2025-07-16 16:18:18,457 INFO  Meta_Website_Master_Code - Duplicate entry skipped: https://www.independenct.com/
2025-07-16 16:18:18,468 INFO  Meta_Website_Master_Code - Duplicate entry in the Mastersheet
2025-07-16 16:18:18,476 INFO  Meta_Website_Master_Code - 42 - https://www.independenct.com/
2025-07-16 16:18:21,623 INFO  Meta_Website_Master_Code - Data written successfully: https://dealz.special-rwds.in/
2025-07-16 16:18:21,632 INFO  Meta_Website_Master_Code - Data Written in Mastersheet - https://dealz.special-rwds.in/
2025-07-16 16:18:21,646 INFO  Meta_Website_Master_Code - Data written at row index: 15
2025-07-16 16:18:21,654 INFO  Meta_Website_Master_Code - 43 - https://dealz.special-rwds.in/
2025-07-16 16:18:24,735 INFO  Meta_Website_Master_Code - Data written successfully: https://everlasting.shop/
2025-07-16 16:18:24,744 INFO  Meta_Website_Master_Code - Data Written in Mastersheet - https://everlasting.shop/
2025-07-16 16:18:24,759 INFO  Meta_Website_Master_Code - Data written at row index: 16
2025-07-16 16:18:24,768 INFO  Meta_Website_Master_Code - 44 - https://everlasting.shop/
2025-07-16 16:18:46,510 INFO  Meta_Website_Master_Code - Data written successfully: https://shop.teamsg.in/
2025-07-16 16:18:46,528 INFO  Meta_Website_Master_Code - Data Written in Mastersheet - https://shop.teamsg.in/
2025-07-16 16:18:46,550 INFO  Meta_Website_Master_Code - Data written at row index: 17
2025-07-16 16:18:46,581 INFO  Meta_Website_Master_Code - 45 - https://shop.teamsg.in/
2025-07-16 16:18:50,288 INFO  Meta_Website_Master_Code - Data written successfully: https://worldbeautycare.in/
2025-07-16 16:18:50,312 INFO  Meta_Website_Master_Code - Data Written in Mastersheet - https://worldbeautycare.in/
2025-07-16 16:18:50,341 INFO  Meta_Website_Master_Code - Data written at row index: 18
2025-07-16 16:18:50,358 INFO  Meta_Website_Master_Code - 46 - https://worldbeautycare.in/
2025-07-16 16:18:52,579 INFO  Meta_Website_Master_Code - Duplicate entry skipped: https://worldbeautycare.in/
2025-07-16 16:18:52,590 INFO  Meta_Website_Master_Code - Duplicate entry in the Mastersheet
2025-07-16 16:18:52,596 INFO  Meta_Website_Master_Code - 47 - https://worldbeautycare.in/
2025-07-16 16:18:54,964 INFO  Meta_Website_Master_Code - Duplicate entry skipped: https://worldbeautycare.in/
2025-07-16 16:18:54,972 INFO  Meta_Website_Master_Code - Duplicate entry in the Mastersheet
2025-07-16 16:18:54,991 INFO  Meta_Website_Master_Code - 48 - https://worldbeautycare.in/
2025-07-16 16:19:00,030 INFO  Meta_Website_Master_Code - Data written successfully: https://crestekids.com/
2025-07-16 16:19:00,053 INFO  Meta_Website_Master_Code - Data Written in Mastersheet - https://crestekids.com/
2025-07-16 16:19:00,078 INFO  Meta_Website_Master_Code - Data written at row index: 19
2025-07-16 16:19:00,117 INFO  Meta_Website_Master_Code - 49 - https://crestekids.com/
2025-07-16 16:19:03,509 INFO  Meta_Website_Master_Code - Data written successfully: https://www.lavieworld.com/
2025-07-16 16:19:03,529 INFO  Meta_Website_Master_Code - Data Written in Mastersheet - https://www.lavieworld.com/
2025-07-16 16:19:03,545 INFO  Meta_Website_Master_Code - Data written at row index: 20
2025-07-16 16:19:03,554 INFO  Meta_Website_Master_Code - 50 - https://www.lavieworld.com/
2025-07-16 16:19:05,861 INFO  Meta_Website_Master_Code - Duplicate entry skipped: https://www.lavieworld.com/
2025-07-16 16:19:05,874 INFO  Meta_Website_Master_Code - Duplicate entry in the Mastersheet
2025-07-16 16:19:05,884 INFO  Meta_Website_Master_Code - 51 - https://www.lavieworld.com/
2025-07-16 16:19:08,192 INFO  Meta_Website_Master_Code - Data written successfully: https://worldbeautycare.in/
2025-07-16 16:19:08,200 INFO  Meta_Website_Master_Code - Duplicate entry in the Mastersheet
2025-07-16 16:19:08,207 INFO  Meta_Website_Master_Code - 52 - https://worldbeautycare.in/
2025-07-16 16:19:11,211 INFO  Meta_Website_Master_Code - Data written successfully: https://www.onlinebigsalesislive7.shop/
2025-07-16 16:19:11,223 INFO  Meta_Website_Master_Code - Data Written in Mastersheet - https://www.onlinebigsalesislive7.shop/
2025-07-16 16:19:11,238 INFO  Meta_Website_Master_Code - Data written at row index: 21
2025-07-16 16:19:11,245 INFO  Meta_Website_Master_Code - 53 - https://www.onlinebigsalesislive7.shop/
2025-07-16 16:19:13,883 INFO  Meta_Website_Master_Code - Data written successfully: https://www.rainthreads.com/
2025-07-16 16:19:13,898 INFO  Meta_Website_Master_Code - Data Written in Mastersheet - https://www.rainthreads.com/
2025-07-16 16:19:13,917 INFO  Meta_Website_Master_Code - Data written at row index: 22
2025-07-16 16:19:13,924 INFO  Meta_Website_Master_Code - 54 - https://www.rainthreads.com/
2025-07-16 16:19:15,437 INFO  Meta_Website_Master_Code - Duplicate entry skipped: https://www.rainthreads.com/
2025-07-16 16:19:15,446 INFO  Meta_Website_Master_Code - Duplicate entry in the Mastersheet
2025-07-16 16:19:15,459 INFO  Meta_Website_Master_Code - 55 - https://www.rainthreads.com/
2025-07-16 16:19:16,094 INFO  Meta_Website_Master_Code - Data written successfully: https://bioweb.live/
2025-07-16 16:19:16,108 INFO  Meta_Website_Master_Code - Duplicate entry in the Mastersheet
2025-07-16 16:19:16,114 INFO  Meta_Website_Master_Code - 56 - https://bioweb.live/
2025-07-16 16:19:24,921 INFO  Meta_Website_Master_Code - Data written successfully: https://okhai.org/
2025-07-16 16:19:24,938 INFO  Meta_Website_Master_Code - Data Written in Mastersheet - https://okhai.org/
2025-07-16 16:19:24,961 INFO  Meta_Website_Master_Code - Data written at row index: 23
2025-07-16 16:19:24,976 INFO  Meta_Website_Master_Code - 57 - https://okhai.org/
2025-07-16 16:19:26,138 INFO  Meta_Website_Master_Code - Data written successfully: https://fk.sales-india.live/
2025-07-16 16:19:26,148 INFO  Meta_Website_Master_Code - Duplicate entry in the Mastersheet
2025-07-16 16:19:26,158 INFO  Meta_Website_Master_Code - 58 - https://fk.sales-india.live/
2025-07-16 16:19:29,183 INFO  Meta_Website_Master_Code - Data written successfully: https://folkandfab.com/
2025-07-16 16:19:29,191 INFO  Meta_Website_Master_Code - Data Written in Mastersheet - https://folkandfab.com/
2025-07-16 16:19:29,216 INFO  Meta_Website_Master_Code - Data written at row index: 24
2025-07-16 16:19:29,222 INFO  Meta_Website_Master_Code - 59 - https://folkandfab.com/
2025-07-16 16:19:32,031 INFO  Meta_Website_Master_Code - Data written successfully: https://butabuti.com/
2025-07-16 16:19:32,044 INFO  Meta_Website_Master_Code - Data Written in Mastersheet - https://butabuti.com/
2025-07-16 16:19:32,069 INFO  Meta_Website_Master_Code - Data written at row index: 25
2025-07-16 16:19:32,079 INFO  Meta_Website_Master_Code - 60 - https://butabuti.com/
2025-07-16 16:19:35,349 INFO  Meta_Website_Master_Code - Data written successfully: https://www.amazon.in/
2025-07-16 16:19:35,364 INFO  Meta_Website_Master_Code - Data Written in Mastersheet - https://www.amazon.in/
2025-07-16 16:19:35,409 INFO  Meta_Website_Master_Code - Data written at row index: 26
2025-07-16 16:19:35,423 INFO  Meta_Website_Master_Code - 61 - https://www.amazon.in/
2025-07-16 16:19:37,851 INFO  Meta_Website_Master_Code - Data written successfully: https://butabuti.com/
2025-07-16 16:19:37,864 INFO  Meta_Website_Master_Code - Duplicate entry in the Mastersheet
2025-07-16 16:19:37,918 INFO  Meta_Website_Master_Code - 62 - https://butabuti.com/
2025-07-16 16:19:40,376 INFO  Meta_Website_Master_Code - Duplicate entry skipped: https://butabuti.com/
2025-07-16 16:19:40,391 INFO  Meta_Website_Master_Code - Duplicate entry in the Mastersheet
2025-07-16 16:19:40,407 INFO  Meta_Website_Master_Code - 63 - https://butabuti.com/
2025-07-16 16:19:42,790 INFO  Meta_Website_Master_Code - Duplicate entry skipped: https://butabuti.com/
2025-07-16 16:19:42,801 INFO  Meta_Website_Master_Code - Duplicate entry in the Mastersheet
2025-07-16 16:19:42,808 INFO  Meta_Website_Master_Code - 64 - https://butabuti.com/
2025-07-16 16:19:45,877 INFO  Meta_Website_Master_Code - Data written successfully: https://thekaashi.com/
2025-07-16 16:19:45,898 INFO  Meta_Website_Master_Code - Duplicate entry in the Mastersheet
2025-07-16 16:19:45,926 INFO  Meta_Website_Master_Code - 65 - https://thekaashi.com/
2025-07-16 16:19:50,542 INFO  Meta_Website_Master_Code - Data written successfully: https://www.gharsoaps.shop/
2025-07-16 16:19:50,580 INFO  Meta_Website_Master_Code - Data Written in Mastersheet - https://www.gharsoaps.shop/
2025-07-16 16:19:50,613 INFO  Meta_Website_Master_Code - Data written at row index: 27
2025-07-16 16:19:50,661 INFO  Meta_Website_Master_Code - 66 - https://www.gharsoaps.shop/
2025-07-16 16:19:53,253 INFO  Meta_Website_Master_Code - Data written successfully: https://drunch.in/
2025-07-16 16:19:53,266 INFO  Meta_Website_Master_Code - Data Written in Mastersheet - https://drunch.in/
2025-07-16 16:19:53,335 INFO  Meta_Website_Master_Code - Data written at row index: 28
2025-07-16 16:19:53,349 INFO  Meta_Website_Master_Code - 67 - https://drunch.in/
2025-07-16 16:19:58,072 INFO  Meta_Website_Master_Code - Data written successfully: https://deodap.in/
2025-07-16 16:19:58,101 INFO  Meta_Website_Master_Code - Data Written in Mastersheet - https://deodap.in/
2025-07-16 16:19:58,123 INFO  Meta_Website_Master_Code - Data written at row index: 29
2025-07-16 16:19:58,140 INFO  Meta_Website_Master_Code - 68 - https://deodap.in/
2025-07-16 16:20:06,508 INFO  Meta_Website_Master_Code - Data written successfully: https://prao.com/
2025-07-16 16:20:06,525 INFO  Meta_Website_Master_Code - Data Written in Mastersheet - https://prao.com/
2025-07-16 16:20:06,540 INFO  Meta_Website_Master_Code - Data written at row index: 30
2025-07-16 16:20:06,551 INFO  Meta_Website_Master_Code - 69 - https://prao.com/
2025-07-16 16:20:09,975 INFO  Meta_Website_Master_Code - Data written successfully: https://deodap.in/
2025-07-16 16:20:09,993 INFO  Meta_Website_Master_Code - Duplicate entry in the Mastersheet
2025-07-16 16:20:10,009 INFO  Meta_Website_Master_Code - 70 - https://deodap.in/
2025-07-16 16:20:13,487 INFO  Meta_Website_Master_Code - Duplicate entry skipped: https://deodap.in/
2025-07-16 16:20:13,512 INFO  Meta_Website_Master_Code - Duplicate entry in the Mastersheet
2025-07-16 16:20:13,530 INFO  Meta_Website_Master_Code - 71 - https://deodap.in/
2025-07-16 16:20:18,075 INFO  Meta_Website_Master_Code - Duplicate entry skipped: https://deodap.in/
2025-07-16 16:20:18,092 INFO  Meta_Website_Master_Code - Duplicate entry in the Mastersheet
2025-07-16 16:20:18,107 INFO  Meta_Website_Master_Code - 72 - https://deodap.in/
2025-07-16 16:20:20,802 INFO  Meta_Website_Master_Code - Data written successfully: https://www.frolicsaga.com/
2025-07-16 16:20:20,822 INFO  Meta_Website_Master_Code - Duplicate entry in the Mastersheet
2025-07-16 16:20:20,834 INFO  Meta_Website_Master_Code - 73 - https://www.frolicsaga.com/
2025-07-16 16:20:25,067 INFO  Meta_Website_Master_Code - Data written successfully: https://deodap.in/
2025-07-16 16:20:25,080 INFO  Meta_Website_Master_Code - Duplicate entry in the Mastersheet
2025-07-16 16:20:25,090 INFO  Meta_Website_Master_Code - 74 - https://deodap.in/
2025-07-16 16:20:26,338 INFO  Meta_Website_Master_Code - Data written successfully: https://sumer-mansoonsale.shop/
2025-07-16 16:20:26,354 INFO  Meta_Website_Master_Code - Data Written in Mastersheet - https://sumer-mansoonsale.shop/
2025-07-16 16:20:26,373 INFO  Meta_Website_Master_Code - Data written at row index: 31
2025-07-16 16:20:26,387 INFO  Meta_Website_Master_Code - 75 - https://sumer-mansoonsale.shop/
2025-07-16 16:20:27,679 INFO  Meta_Website_Master_Code - Data written successfully: https://secret-descont.shop/
2025-07-16 16:20:27,692 INFO  Meta_Website_Master_Code - Duplicate entry in the Mastersheet
2025-07-16 16:20:27,704 INFO  Meta_Website_Master_Code - 76 - https://secret-descont.shop/
2025-07-16 16:20:31,450 INFO  Meta_Website_Master_Code - Data written successfully: https://prao.com/
2025-07-16 16:20:31,461 INFO  Meta_Website_Master_Code - Duplicate entry in the Mastersheet
2025-07-16 16:20:31,474 INFO  Meta_Website_Master_Code - 77 - https://prao.com/
2025-07-16 16:20:32,022 INFO  Meta_Website_Master_Code - Data written successfully: https://bioweb.live/
2025-07-16 16:20:32,032 INFO  Meta_Website_Master_Code - Duplicate entry in the Mastersheet
2025-07-16 16:20:32,043 INFO  Meta_Website_Master_Code - 78 - https://bioweb.live/
2025-07-16 16:20:33,375 INFO  Meta_Website_Master_Code - Data written successfully: https://newwoffer.gtatens.com/
2025-07-16 16:20:33,382 INFO  Meta_Website_Master_Code - Duplicate entry in the Mastersheet
2025-07-16 16:20:33,391 INFO  Meta_Website_Master_Code - 79 - https://newwoffer.gtatens.com/
2025-07-16 16:20:34,104 INFO  Meta_Website_Master_Code - Data written successfully: https://biogame.live/
2025-07-16 16:20:34,116 INFO  Meta_Website_Master_Code - Duplicate entry in the Mastersheet
2025-07-16 16:20:34,130 INFO  Meta_Website_Master_Code - 80 - https://biogame.live/
2025-07-16 16:20:38,314 INFO  Meta_Website_Master_Code - Data written successfully: https://www.meabloom.com/
2025-07-16 16:20:38,336 INFO  Meta_Website_Master_Code - Data Written in Mastersheet - https://www.meabloom.com/
2025-07-16 16:20:38,361 INFO  Meta_Website_Master_Code - Data written at row index: 32
2025-07-16 16:20:38,402 INFO  Meta_Website_Master_Code - 81 - https://www.meabloom.com/
2025-07-16 16:20:40,756 INFO  Meta_Website_Master_Code - Data written successfully: https://millioncases.in/
2025-07-16 16:20:40,768 INFO  Meta_Website_Master_Code - Data Written in Mastersheet - https://millioncases.in/
2025-07-16 16:20:40,778 INFO  Meta_Website_Master_Code - Data written at row index: 33
2025-07-16 16:20:40,788 INFO  Meta_Website_Master_Code - 82 - https://millioncases.in/
2025-07-16 16:20:42,463 INFO  Meta_Website_Master_Code - Data written successfully: https://newwoffer.gtatens.com/
2025-07-16 16:20:42,473 INFO  Meta_Website_Master_Code - Duplicate entry in the Mastersheet
2025-07-16 16:20:42,479 INFO  Meta_Website_Master_Code - 83 - https://newwoffer.gtatens.com/
2025-07-16 16:20:50,007 INFO  Meta_Website_Master_Code - Data written successfully: https://thetheneer.in/
2025-07-16 16:20:50,017 INFO  Meta_Website_Master_Code - Data Written in Mastersheet - https://thetheneer.in/
2025-07-16 16:20:50,029 INFO  Meta_Website_Master_Code - Data written at row index: 34
2025-07-16 16:20:50,042 INFO  Meta_Website_Master_Code - 84 - https://thetheneer.in/
2025-07-16 16:20:50,593 INFO  Meta_Website_Master_Code - Data written successfully: https://bioweb.live/
2025-07-16 16:20:50,606 INFO  Meta_Website_Master_Code - Duplicate entry in the Mastersheet
2025-07-16 16:20:50,613 INFO  Meta_Website_Master_Code - 85 - https://bioweb.live/
2025-07-16 16:20:51,128 INFO  Meta_Website_Master_Code - Duplicate entry skipped: https://bioweb.live/
2025-07-16 16:20:51,139 INFO  Meta_Website_Master_Code - Duplicate entry in the Mastersheet
2025-07-16 16:20:51,148 INFO  Meta_Website_Master_Code - 86 - https://bioweb.live/
2025-07-16 16:20:55,546 INFO  Meta_Website_Master_Code - Data written successfully: https://burnlab.co/
2025-07-16 16:20:55,563 INFO  Meta_Website_Master_Code - Data Written in Mastersheet - https://burnlab.co/
2025-07-16 16:20:55,588 INFO  Meta_Website_Master_Code - Data written at row index: 35
2025-07-16 16:20:55,606 INFO  Meta_Website_Master_Code - 87 - https://burnlab.co/
2025-07-16 16:20:57,748 INFO  Meta_Website_Master_Code - Duplicate entry skipped: https://burnlab.co/
2025-07-16 16:20:57,766 INFO  Meta_Website_Master_Code - Duplicate entry in the Mastersheet
2025-07-16 16:20:57,778 INFO  Meta_Website_Master_Code - 88 - https://burnlab.co/
2025-07-16 16:21:00,028 INFO  Meta_Website_Master_Code - Data written successfully: https://zappynest.store/
2025-07-16 16:21:00,042 INFO  Meta_Website_Master_Code - Data Written in Mastersheet - https://zappynest.store/
2025-07-16 16:21:00,058 INFO  Meta_Website_Master_Code - Data written at row index: 36
2025-07-16 16:21:00,070 INFO  Meta_Website_Master_Code - 89 - https://zappynest.store/
2025-07-16 16:21:01,753 INFO  Meta_Website_Master_Code - Data written successfully: https://burnlab.co/
2025-07-16 16:21:01,766 INFO  Meta_Website_Master_Code - Duplicate entry in the Mastersheet
2025-07-16 16:21:01,777 INFO  Meta_Website_Master_Code - 90 - https://burnlab.co/
2025-07-16 16:21:04,163 INFO  Meta_Website_Master_Code - Data written successfully: https://taruni.in/
2025-07-16 16:21:04,170 INFO  Meta_Website_Master_Code - Duplicate entry in the Mastersheet
2025-07-16 16:21:04,185 INFO  Meta_Website_Master_Code - 91 - https://taruni.in/
2025-07-16 16:21:05,941 INFO  Meta_Website_Master_Code - Data written successfully: https://burnlab.co/
2025-07-16 16:21:05,950 INFO  Meta_Website_Master_Code - Duplicate entry in the Mastersheet
2025-07-16 16:21:05,963 INFO  Meta_Website_Master_Code - 92 - https://burnlab.co/
2025-07-16 16:21:08,440 INFO  Meta_Website_Master_Code - Data written successfully: https://dealz.special-rwds.in/
2025-07-16 16:21:08,450 INFO  Meta_Website_Master_Code - Duplicate entry in the Mastersheet
2025-07-16 16:21:08,456 INFO  Meta_Website_Master_Code - 93 - https://dealz.special-rwds.in/
2025-07-16 16:21:10,621 INFO  Meta_Website_Master_Code - Data written successfully: https://main.dhamaka-deel-zone.live/
2025-07-16 16:21:10,631 INFO  Meta_Website_Master_Code - Data Written in Mastersheet - https://main.dhamaka-deel-zone.live/
2025-07-16 16:21:10,645 INFO  Meta_Website_Master_Code - Data written at row index: 37
2025-07-16 16:21:10,651 INFO  Meta_Website_Master_Code - 94 - https://main.dhamaka-deel-zone.live/
2025-07-16 16:21:13,438 INFO  Meta_Website_Master_Code - Data written successfully: https://ohgirlaccessories.in/
2025-07-16 16:21:13,448 INFO  Meta_Website_Master_Code - Data Written in Mastersheet - https://ohgirlaccessories.in/
2025-07-16 16:21:13,461 INFO  Meta_Website_Master_Code - Data written at row index: 38
2025-07-16 16:21:13,469 INFO  Meta_Website_Master_Code - 95 - https://ohgirlaccessories.in/
2025-07-16 16:21:14,401 INFO  Meta_Website_Master_Code - Data written successfully: https://main.dhamaka-deel-zone.live/
2025-07-16 16:21:14,410 INFO  Meta_Website_Master_Code - Duplicate entry in the Mastersheet
2025-07-16 16:21:14,420 INFO  Meta_Website_Master_Code - 96 - https://main.dhamaka-deel-zone.live/
2025-07-16 16:21:18,336 INFO  Meta_Website_Master_Code - Data written successfully: https://glorka.com/
2025-07-16 16:21:18,347 INFO  Meta_Website_Master_Code - Duplicate entry in the Mastersheet
2025-07-16 16:21:18,355 INFO  Meta_Website_Master_Code - 97 - https://glorka.com/
2025-07-16 16:21:21,302 INFO  Meta_Website_Master_Code - Data written successfully: https://crimzonworld.com/
2025-07-16 16:21:21,313 INFO  Meta_Website_Master_Code - Data Written in Mastersheet - https://crimzonworld.com/
2025-07-16 16:21:21,331 INFO  Meta_Website_Master_Code - Data written at row index: 39
2025-07-16 16:21:21,350 INFO  Meta_Website_Master_Code - 98 - https://crimzonworld.com/
2025-07-16 16:21:21,904 INFO  Meta_Website_Master_Code - Data written successfully: https://bioweb.live/
2025-07-16 16:21:21,916 INFO  Meta_Website_Master_Code - Duplicate entry in the Mastersheet
2025-07-16 16:21:21,923 INFO  Meta_Website_Master_Code - 99 - https://bioweb.live/
2025-07-16 16:21:24,843 INFO  Meta_Website_Master_Code - Data written successfully: https://nirwaana.com/
2025-07-16 16:21:24,850 INFO  Meta_Website_Master_Code - Data Written in Mastersheet - https://nirwaana.com/
2025-07-16 16:21:24,867 INFO  Meta_Website_Master_Code - Data written at row index: 40
2025-07-16 16:21:24,893 INFO  Meta_Website_Master_Code - 100 - https://nirwaana.com/
2025-07-16 16:21:27,651 INFO  Meta_Website_Master_Code - Data written successfully: https://www.dashanddot.com/
2025-07-16 16:21:27,660 INFO  Meta_Website_Master_Code - Data Written in Mastersheet - https://www.dashanddot.com/
2025-07-16 16:21:27,675 INFO  Meta_Website_Master_Code - Data written at row index: 41
2025-07-16 16:21:27,699 INFO  Meta_Website_Master_Code - 101 - https://www.dashanddot.com/
2025-07-16 16:21:29,315 INFO  Meta_Website_Master_Code - Duplicate entry skipped: https://www.dashanddot.com/
2025-07-16 16:21:29,326 INFO  Meta_Website_Master_Code - Duplicate entry in the Mastersheet
2025-07-16 16:21:29,333 INFO  Meta_Website_Master_Code - 102 - https://www.dashanddot.com/
2025-07-16 16:21:31,012 INFO  Meta_Website_Master_Code - Data written successfully: https://secret-descont.shop/
2025-07-16 16:21:31,020 INFO  Meta_Website_Master_Code - Duplicate entry in the Mastersheet
2025-07-16 16:21:31,029 INFO  Meta_Website_Master_Code - 103 - https://secret-descont.shop/
2025-07-16 16:21:33,971 INFO  Meta_Website_Master_Code - Data written successfully: https://lapindor.in/
2025-07-16 16:21:33,981 INFO  Meta_Website_Master_Code - Duplicate entry in the Mastersheet
2025-07-16 16:21:34,000 INFO  Meta_Website_Master_Code - 104 - https://lapindor.in/
2025-07-16 16:21:38,545 INFO  Meta_Website_Master_Code - Data written successfully: https://www.amaraafragrances.in/
2025-07-16 16:21:38,559 INFO  Meta_Website_Master_Code - Data Written in Mastersheet - https://www.amaraafragrances.in/
2025-07-16 16:21:38,588 INFO  Meta_Website_Master_Code - Data written at row index: 42
2025-07-16 16:21:38,606 INFO  Meta_Website_Master_Code - 105 - https://www.amaraafragrances.in/
2025-07-16 16:21:42,851 INFO  Meta_Website_Master_Code - Data written successfully: https://www.reneecosmetics.in/
2025-07-16 16:21:42,872 INFO  Meta_Website_Master_Code - Data Written in Mastersheet - https://www.reneecosmetics.in/
2025-07-16 16:21:42,942 INFO  Meta_Website_Master_Code - Data written at row index: 43
2025-07-16 16:21:42,973 INFO  Meta_Website_Master_Code - 106 - https://www.reneecosmetics.in/
2025-07-16 16:21:45,142 INFO  Meta_Website_Master_Code - Data written successfully: https://big-sale-meesho.0ffer.shop/
2025-07-16 16:21:45,154 INFO  Meta_Website_Master_Code - Data Written in Mastersheet - https://big-sale-meesho.0ffer.shop/
2025-07-16 16:21:45,169 INFO  Meta_Website_Master_Code - Data written at row index: 44
2025-07-16 16:21:45,179 INFO  Meta_Website_Master_Code - 107 - https://big-sale-meesho.0ffer.shop/
2025-07-16 16:21:45,703 INFO  Meta_Website_Master_Code - Data written successfully: https://bioweb.live/
2025-07-16 16:21:45,715 INFO  Meta_Website_Master_Code - Duplicate entry in the Mastersheet
2025-07-16 16:21:45,724 INFO  Meta_Website_Master_Code - 108 - https://bioweb.live/
2025-07-16 16:21:47,846 INFO  Meta_Website_Master_Code - Data written successfully: https://secret-descont.shop/
2025-07-16 16:21:47,855 INFO  Meta_Website_Master_Code - Duplicate entry in the Mastersheet
2025-07-16 16:21:47,861 INFO  Meta_Website_Master_Code - 109 - https://secret-descont.shop/
2025-07-16 16:21:49,185 INFO  Meta_Website_Master_Code - Data written successfully: https://api.whatsapp.com/
2025-07-16 16:21:49,194 INFO  Meta_Website_Master_Code - Data Written in Mastersheet - https://api.whatsapp.com/
2025-07-16 16:21:49,208 INFO  Meta_Website_Master_Code - Data written at row index: 45
2025-07-16 16:21:49,214 INFO  Meta_Website_Master_Code - 110 - https://api.whatsapp.com/
2025-07-16 16:21:49,704 INFO  Meta_Website_Master_Code - Data written successfully: https://bioweb.live/
2025-07-16 16:21:49,713 INFO  Meta_Website_Master_Code - Duplicate entry in the Mastersheet
2025-07-16 16:21:49,719 INFO  Meta_Website_Master_Code - 111 - https://bioweb.live/
2025-07-16 16:21:50,676 INFO  Meta_Website_Master_Code - Data written successfully: https://filipkaart-sale.shop/
2025-07-16 16:21:50,689 INFO  Meta_Website_Master_Code - Duplicate entry in the Mastersheet
2025-07-16 16:21:50,699 INFO  Meta_Website_Master_Code - 112 - https://filipkaart-sale.shop/
2025-07-16 16:21:56,423 INFO  Meta_Website_Master_Code - Data written successfully: https://secret-descount.shop/
2025-07-16 16:21:56,432 INFO  Meta_Website_Master_Code - Duplicate entry in the Mastersheet
2025-07-16 16:21:56,438 INFO  Meta_Website_Master_Code - 113 - https://secret-descount.shop/
2025-07-16 16:21:56,975 INFO  Meta_Website_Master_Code - Data written successfully: https://bioweb.live/
2025-07-16 16:21:56,984 INFO  Meta_Website_Master_Code - Duplicate entry in the Mastersheet
2025-07-16 16:21:56,990 INFO  Meta_Website_Master_Code - 114 - https://bioweb.live/
2025-07-16 16:21:58,209 INFO  Meta_Website_Master_Code - Data written successfully: https://meessho.sales-india.live/
2025-07-16 16:21:58,218 INFO  Meta_Website_Master_Code - Duplicate entry in the Mastersheet
2025-07-16 16:21:58,229 INFO  Meta_Website_Master_Code - 115 - https://meessho.sales-india.live/
2025-07-16 16:21:58,894 INFO  Meta_Website_Master_Code - Data written successfully: https://filipkaart-sale.shop/
2025-07-16 16:21:58,901 INFO  Meta_Website_Master_Code - Duplicate entry in the Mastersheet
2025-07-16 16:21:58,909 INFO  Meta_Website_Master_Code - 116 - https://filipkaart-sale.shop/
2025-07-16 16:21:59,438 INFO  Meta_Website_Master_Code - Data written successfully: https://bioweb.live/
2025-07-16 16:21:59,451 INFO  Meta_Website_Master_Code - Duplicate entry in the Mastersheet
2025-07-16 16:21:59,461 INFO  Meta_Website_Master_Code - 117 - https://bioweb.live/
2025-07-16 16:22:05,593 INFO  Meta_Website_Master_Code - Data written successfully: https://fkiplart.fwh.is/
2025-07-16 16:22:05,602 INFO  Meta_Website_Master_Code - Duplicate entry in the Mastersheet
2025-07-16 16:22:05,609 INFO  Meta_Website_Master_Code - 118 - https://fkiplart.fwh.is/
2025-07-16 16:22:07,121 INFO  Meta_Website_Master_Code - Data written successfully: https://meessho.sales-india.live/
2025-07-16 16:22:07,128 INFO  Meta_Website_Master_Code - Duplicate entry in the Mastersheet
2025-07-16 16:22:07,138 INFO  Meta_Website_Master_Code - 119 - https://meessho.sales-india.live/
2025-07-16 16:22:10,676 INFO  Meta_Website_Master_Code - Data written successfully: https://www.trenbee.com/
2025-07-16 16:22:10,690 INFO  Meta_Website_Master_Code - Duplicate entry in the Mastersheet
2025-07-16 16:22:10,702 INFO  Meta_Website_Master_Code - 120 - https://www.trenbee.com/
2025-07-16 16:22:12,879 INFO  Meta_Website_Master_Code - Data written successfully: https://secret-descont.shop/
2025-07-16 16:22:12,888 INFO  Meta_Website_Master_Code - Duplicate entry in the Mastersheet
2025-07-16 16:22:12,894 INFO  Meta_Website_Master_Code - 121 - https://secret-descont.shop/
2025-07-16 16:22:16,995 INFO  Meta_Website_Master_Code - Data written successfully: https://orejewels.in/
2025-07-16 16:22:17,015 INFO  Meta_Website_Master_Code - Duplicate entry in the Mastersheet
2025-07-16 16:22:17,029 INFO  Meta_Website_Master_Code - 122 - https://orejewels.in/
2025-07-16 16:22:17,612 INFO  Meta_Website_Master_Code - Data written successfully: https://bioweb.live/
2025-07-16 16:22:17,629 INFO  Meta_Website_Master_Code - Duplicate entry in the Mastersheet
2025-07-16 16:22:17,645 INFO  Meta_Website_Master_Code - 123 - https://bioweb.live/
2025-07-16 16:22:20,710 INFO  Meta_Website_Master_Code - Data written successfully: https://www.pinklay.com/
2025-07-16 16:22:20,725 INFO  Meta_Website_Master_Code - Duplicate entry in the Mastersheet
2025-07-16 16:22:20,742 INFO  Meta_Website_Master_Code - 124 - https://www.pinklay.com/
2025-07-16 16:22:23,550 INFO  Meta_Website_Master_Code - Duplicate entry skipped: https://www.pinklay.com/
2025-07-16 16:22:23,566 INFO  Meta_Website_Master_Code - Duplicate entry in the Mastersheet
2025-07-16 16:22:23,581 INFO  Meta_Website_Master_Code - 125 - https://www.pinklay.com/
2025-07-16 16:22:26,258 INFO  Meta_Website_Master_Code - Data written successfully: https://whysobluelove.com/
2025-07-16 16:22:26,268 INFO  Meta_Website_Master_Code - Duplicate entry in the Mastersheet
2025-07-16 16:22:26,284 INFO  Meta_Website_Master_Code - 126 - https://whysobluelove.com/
2025-07-16 16:22:28,819 INFO  Meta_Website_Master_Code - Data written successfully: https://airnovakart.myshopify.com/
2025-07-16 16:22:28,833 INFO  Meta_Website_Master_Code - Data Written in Mastersheet - https://airnovakart.myshopify.com/
2025-07-16 16:22:28,850 INFO  Meta_Website_Master_Code - Data written at row index: 46
2025-07-16 16:22:28,857 INFO  Meta_Website_Master_Code - 127 - https://airnovakart.myshopify.com/
2025-07-16 16:22:29,488 INFO  Meta_Website_Master_Code - Data written successfully: https://biogame.live/
2025-07-16 16:22:29,500 INFO  Meta_Website_Master_Code - Duplicate entry in the Mastersheet
2025-07-16 16:22:29,508 INFO  Meta_Website_Master_Code - 128 - https://biogame.live/
2025-07-16 16:22:31,398 INFO  Meta_Website_Master_Code - Data written successfully: https://www.pinklay.com/
2025-07-16 16:22:31,417 INFO  Meta_Website_Master_Code - Duplicate entry in the Mastersheet
2025-07-16 16:22:31,432 INFO  Meta_Website_Master_Code - 129 - https://www.pinklay.com/
2025-07-16 16:22:33,372 INFO  Meta_Website_Master_Code - Data written successfully: https://under139sale.xyz/
2025-07-16 16:22:33,381 INFO  Meta_Website_Master_Code - Duplicate entry in the Mastersheet
2025-07-16 16:22:33,387 INFO  Meta_Website_Master_Code - 130 - https://under139sale.xyz/
2025-07-16 16:22:36,360 INFO  Meta_Website_Master_Code - Data written successfully: https://www.authorityoffashion.com/
2025-07-16 16:22:36,370 INFO  Meta_Website_Master_Code - Data Written in Mastersheet - https://www.authorityoffashion.com/
2025-07-16 16:22:36,391 INFO  Meta_Website_Master_Code - Data written at row index: 47
2025-07-16 16:22:36,398 INFO  Meta_Website_Master_Code - 131 - https://www.authorityoffashion.com/
2025-07-16 16:22:36,960 INFO  Meta_Website_Master_Code - Data written successfully: https://bioweb.live/
2025-07-16 16:22:36,970 INFO  Meta_Website_Master_Code - Duplicate entry in the Mastersheet
2025-07-16 16:22:36,977 INFO  Meta_Website_Master_Code - 132 - https://bioweb.live/
2025-07-16 16:22:37,537 INFO  Meta_Website_Master_Code - Duplicate entry skipped: https://bioweb.live/
2025-07-16 16:22:37,547 INFO  Meta_Website_Master_Code - Duplicate entry in the Mastersheet
2025-07-16 16:22:37,555 INFO  Meta_Website_Master_Code - 133 - https://bioweb.live/
2025-07-16 16:22:38,096 INFO  Meta_Website_Master_Code - Duplicate entry skipped: https://bioweb.live/
2025-07-16 16:22:38,103 INFO  Meta_Website_Master_Code - Duplicate entry in the Mastersheet
2025-07-16 16:22:38,112 INFO  Meta_Website_Master_Code - 134 - https://bioweb.live/
2025-07-16 16:22:38,670 INFO  Meta_Website_Master_Code - Duplicate entry skipped: https://bioweb.live/
2025-07-16 16:22:38,677 INFO  Meta_Website_Master_Code - Duplicate entry in the Mastersheet
2025-07-16 16:22:38,687 INFO  Meta_Website_Master_Code - 135 - https://bioweb.live/
2025-07-16 16:22:41,827 INFO  Meta_Website_Master_Code - Data written successfully: https://loveablecreationsbymuskan.com/
2025-07-16 16:22:41,837 INFO  Meta_Website_Master_Code - Data Written in Mastersheet - https://loveablecreationsbymuskan.com/
2025-07-16 16:22:41,851 INFO  Meta_Website_Master_Code - Data written at row index: 48
2025-07-16 16:22:41,867 INFO  Meta_Website_Master_Code - 136 - https://loveablecreationsbymuskan.com/
2025-07-16 16:22:44,068 INFO  Meta_Website_Master_Code - Data written successfully: https://www.authorityoffashion.com/
2025-07-16 16:22:44,081 INFO  Meta_Website_Master_Code - Duplicate entry in the Mastersheet
2025-07-16 16:22:44,091 INFO  Meta_Website_Master_Code - 137 - https://www.authorityoffashion.com/
2025-07-16 16:22:45,517 INFO  Meta_Website_Master_Code - Data written successfully: https://newwoffer.gtatens.com/
2025-07-16 16:22:45,525 INFO  Meta_Website_Master_Code - Duplicate entry in the Mastersheet
2025-07-16 16:22:45,532 INFO  Meta_Website_Master_Code - 138 - https://newwoffer.gtatens.com/
2025-07-16 16:22:46,064 INFO  Meta_Website_Master_Code - Data written successfully: https://bioweb.live/
2025-07-16 16:22:46,075 INFO  Meta_Website_Master_Code - Duplicate entry in the Mastersheet
2025-07-16 16:22:46,082 INFO  Meta_Website_Master_Code - 139 - https://bioweb.live/
2025-07-16 16:22:53,238 INFO  Meta_Website_Master_Code - Data written successfully: https://cart.99outlet.shop/
2025-07-16 16:22:53,249 INFO  Meta_Website_Master_Code - Duplicate entry in the Mastersheet
2025-07-16 16:22:53,255 INFO  Meta_Website_Master_Code - 140 - https://cart.99outlet.shop/
2025-07-16 16:22:55,431 INFO  Meta_Website_Master_Code - Data written successfully: https://big-billion-flipkart.0ffer.shop/
2025-07-16 16:22:55,439 INFO  Meta_Website_Master_Code - Duplicate entry in the Mastersheet
2025-07-16 16:22:55,445 INFO  Meta_Website_Master_Code - 141 - https://big-billion-flipkart.0ffer.shop/
2025-07-16 16:22:58,596 INFO  Meta_Website_Master_Code - Data written successfully: https://bestbuy.prestigegoods.in/
2025-07-16 16:22:58,605 INFO  Meta_Website_Master_Code - Data Written in Mastersheet - https://bestbuy.prestigegoods.in/
2025-07-16 16:22:58,617 INFO  Meta_Website_Master_Code - Data written at row index: 49
2025-07-16 16:22:58,624 INFO  Meta_Website_Master_Code - 142 - https://bestbuy.prestigegoods.in/
2025-07-16 16:22:58,636 INFO  Meta_Website_Master_Code - Excel file has sheets, not deleted.
2025-07-16 16:22:58,642 INFO  Meta_Website_Master_Code - Total filtered Link count: 50
