2025-07-10 15:50:36,776 INFO  Meta_Master_Code - URL Entered
2025-07-10 15:50:36,852 INFO  Meta_Master_Code - Entered country is - India
2025-07-10 15:50:36,852 INFO  Meta_Master_Code - India has been Choosen
2025-07-10 15:50:37,088 INFO  Meta_Master_Code - Data Found
2025-07-10 15:50:37,099 INFO  Meta_Master_Code - The Number of Scroll count Entered is - 150
2025-07-10 15:50:37,099 INFO  Meta_Master_Code - Scroll: 0
2025-07-10 15:50:43,135 INFO  Meta_Master_Code - Scroll: 1
2025-07-10 15:50:50,948 INFO  Meta_Master_Code - Scroll: 2
2025-07-10 15:50:57,030 INFO  Meta_Master_Code - Scroll: 3
2025-07-10 15:51:04,673 INFO  Meta_Master_Code - Scroll: 4
2025-07-10 15:51:11,047 INFO  Meta_Master_Code - Scroll: 5
2025-07-10 15:51:17,164 INFO  Meta_Master_Code - Scroll: 6
2025-07-10 15:51:23,831 INFO  Meta_Master_Code - Scroll: 7
2025-07-10 15:51:31,306 INFO  Meta_Master_Code - Scroll: 8
2025-07-10 15:51:37,403 INFO  Meta_Master_Code - Scroll: 9
2025-07-10 15:51:43,710 INFO  Meta_Master_Code - Scroll: 10
2025-07-10 15:51:49,965 INFO  Meta_Master_Code - Scroll: 11
2025-07-10 15:51:56,190 INFO  Meta_Master_Code - Scroll: 12
2025-07-10 15:52:02,547 INFO  Meta_Master_Code - Scroll: 13
2025-07-10 15:52:09,308 INFO  Meta_Master_Code - Scroll: 14
2025-07-10 15:52:15,419 INFO  Meta_Master_Code - Scroll: 15
2025-07-10 15:52:21,527 INFO  Meta_Master_Code - Scroll: 16
2025-07-10 15:52:27,617 INFO  Meta_Master_Code - Scroll: 17
2025-07-10 15:52:33,880 INFO  Meta_Master_Code - Scroll: 18
2025-07-10 15:52:40,835 INFO  Meta_Master_Code - Scroll: 19
2025-07-10 15:52:47,110 INFO  Meta_Master_Code - Scroll: 20
2025-07-10 15:52:53,212 INFO  Meta_Master_Code - Scroll: 21
2025-07-10 15:53:00,008 INFO  Meta_Master_Code - Scroll: 22
2025-07-10 15:53:06,254 INFO  Meta_Master_Code - Scroll: 23
2025-07-10 15:53:12,389 INFO  Meta_Master_Code - Scroll: 24
2025-07-10 15:53:18,683 INFO  Meta_Master_Code - Scroll: 25
2025-07-10 15:53:25,275 INFO  Meta_Master_Code - Scroll: 26
2025-07-10 15:53:31,380 INFO  Meta_Master_Code - Scroll: 27
2025-07-10 15:53:37,549 INFO  Meta_Master_Code - Scroll: 28
2025-07-10 15:53:43,829 INFO  Meta_Master_Code - Scroll: 29
2025-07-10 15:53:50,255 INFO  Meta_Master_Code - Scroll: 30
2025-07-10 15:53:57,458 INFO  Meta_Master_Code - Scroll: 31
2025-07-10 15:54:03,820 INFO  Meta_Master_Code - Scroll: 32
2025-07-10 15:54:10,876 INFO  Meta_Master_Code - Scroll: 33
2025-07-10 15:54:17,138 INFO  Meta_Master_Code - Scroll: 34
2025-07-10 15:54:23,457 INFO  Meta_Master_Code - Scroll: 35
2025-07-10 15:54:29,696 INFO  Meta_Master_Code - Scroll: 36
2025-07-10 15:54:38,345 INFO  Meta_Master_Code - Scroll: 37
2025-07-10 15:54:45,301 INFO  Meta_Master_Code - Scroll: 38
2025-07-10 15:54:57,495 INFO  Meta_Master_Code - Scroll: 39
2025-07-10 15:55:03,624 INFO  Meta_Master_Code - Scroll: 40
2025-07-10 15:55:09,663 INFO  Meta_Master_Code - Scroll: 41
2025-07-10 15:55:15,699 INFO  Meta_Master_Code - Scroll: 42
2025-07-10 15:55:21,722 INFO  Meta_Master_Code - Scroll: 43
2025-07-10 15:55:27,758 INFO  Meta_Master_Code - Scroll: 44
2025-07-10 15:55:33,824 INFO  Meta_Master_Code - Scroll: 45
2025-07-10 15:55:39,889 INFO  Meta_Master_Code - Scroll: 46
2025-07-10 15:55:45,924 INFO  Meta_Master_Code - Scroll: 47
2025-07-10 15:55:51,967 INFO  Meta_Master_Code - Scroll: 48
2025-07-10 15:55:58,034 INFO  Meta_Master_Code - Scroll: 49
2025-07-10 15:56:04,091 INFO  Meta_Master_Code - Scroll: 50
2025-07-10 15:56:10,141 INFO  Meta_Master_Code - Scroll: 51
2025-07-10 15:56:16,199 INFO  Meta_Master_Code - Scroll: 52
2025-07-10 15:56:22,258 INFO  Meta_Master_Code - Scroll: 53
2025-07-10 15:56:28,328 INFO  Meta_Master_Code - Scroll: 54
2025-07-10 15:56:34,386 INFO  Meta_Master_Code - Scroll: 55
2025-07-10 15:56:40,443 INFO  Meta_Master_Code - Scroll: 56
2025-07-10 15:56:46,493 INFO  Meta_Master_Code - Scroll: 57
2025-07-10 15:56:52,537 INFO  Meta_Master_Code - Scroll: 58
2025-07-10 15:56:58,580 INFO  Meta_Master_Code - Scroll: 59
2025-07-10 15:57:04,625 INFO  Meta_Master_Code - Scroll: 60
2025-07-10 15:57:10,685 INFO  Meta_Master_Code - Scroll: 61
2025-07-10 15:57:16,752 INFO  Meta_Master_Code - Scroll: 62
2025-07-10 15:57:22,807 INFO  Meta_Master_Code - Scroll: 63
2025-07-10 15:57:28,881 INFO  Meta_Master_Code - Scroll: 64
2025-07-10 15:57:34,930 INFO  Meta_Master_Code - Scroll: 65
2025-07-10 15:57:40,983 INFO  Meta_Master_Code - Scroll: 66
2025-07-10 15:57:47,024 INFO  Meta_Master_Code - Scroll: 67
2025-07-10 15:57:53,089 INFO  Meta_Master_Code - Scroll: 68
2025-07-10 15:57:59,158 INFO  Meta_Master_Code - Scroll: 69
2025-07-10 15:58:05,224 INFO  Meta_Master_Code - Scroll: 70
2025-07-10 15:58:11,278 INFO  Meta_Master_Code - Scroll: 71
2025-07-10 15:58:17,331 INFO  Meta_Master_Code - Scroll: 72
2025-07-10 15:58:23,393 INFO  Meta_Master_Code - Scroll: 73
2025-07-10 15:58:29,452 INFO  Meta_Master_Code - Scroll: 74
2025-07-10 15:58:35,507 INFO  Meta_Master_Code - Scroll: 75
2025-07-10 15:58:41,559 INFO  Meta_Master_Code - Scroll: 76
2025-07-10 15:58:47,629 INFO  Meta_Master_Code - Scroll: 77
2025-07-10 15:58:53,686 INFO  Meta_Master_Code - Scroll: 78
2025-07-10 15:58:59,733 INFO  Meta_Master_Code - Scroll: 79
2025-07-10 15:59:05,884 INFO  Meta_Master_Code - Scroll: 80
2025-07-10 15:59:11,961 INFO  Meta_Master_Code - Scroll: 81
2025-07-10 15:59:18,001 INFO  Meta_Master_Code - Scroll: 82
2025-07-10 15:59:24,048 INFO  Meta_Master_Code - Scroll: 83
2025-07-10 15:59:30,091 INFO  Meta_Master_Code - Scroll: 84
2025-07-10 15:59:36,155 INFO  Meta_Master_Code - Scroll: 85
2025-07-10 15:59:42,217 INFO  Meta_Master_Code - Scroll: 86
2025-07-10 15:59:48,252 INFO  Meta_Master_Code - Scroll: 87
2025-07-10 15:59:54,311 INFO  Meta_Master_Code - Scroll: 88
2025-07-10 16:00:00,371 INFO  Meta_Master_Code - Scroll: 89
2025-07-10 16:00:06,413 INFO  Meta_Master_Code - Scroll: 90
2025-07-10 16:00:12,486 INFO  Meta_Master_Code - Scroll: 91
2025-07-10 16:00:18,544 INFO  Meta_Master_Code - Scroll: 92
2025-07-10 16:00:24,618 INFO  Meta_Master_Code - Scroll: 93
2025-07-10 16:00:30,654 INFO  Meta_Master_Code - Scroll: 94
2025-07-10 16:00:36,718 INFO  Meta_Master_Code - Scroll: 95
2025-07-10 16:00:42,767 INFO  Meta_Master_Code - Scroll: 96
2025-07-10 16:00:48,823 INFO  Meta_Master_Code - Scroll: 97
2025-07-10 16:00:54,877 INFO  Meta_Master_Code - Scroll: 98
2025-07-10 16:01:00,918 INFO  Meta_Master_Code - Scroll: 99
2025-07-10 16:01:06,976 INFO  Meta_Master_Code - Scroll: 100
2025-07-10 16:01:13,055 INFO  Meta_Master_Code - Scroll: 101
2025-07-10 16:01:19,103 INFO  Meta_Master_Code - Scroll: 102
2025-07-10 16:01:25,141 INFO  Meta_Master_Code - Scroll: 103
2025-07-10 16:01:31,200 INFO  Meta_Master_Code - Scroll: 104
2025-07-10 16:01:37,265 INFO  Meta_Master_Code - Scroll: 105
2025-07-10 16:01:43,347 INFO  Meta_Master_Code - Scroll: 106
2025-07-10 16:01:49,409 INFO  Meta_Master_Code - Scroll: 107
2025-07-10 16:01:55,471 INFO  Meta_Master_Code - Scroll: 108
2025-07-10 16:02:01,538 INFO  Meta_Master_Code - Scroll: 109
2025-07-10 16:02:07,598 INFO  Meta_Master_Code - Scroll: 110
2025-07-10 16:02:13,661 INFO  Meta_Master_Code - Scroll: 111
2025-07-10 16:02:19,713 INFO  Meta_Master_Code - Scroll: 112
2025-07-10 16:02:25,755 INFO  Meta_Master_Code - Scroll: 113
2025-07-10 16:02:31,805 INFO  Meta_Master_Code - Scroll: 114
2025-07-10 16:02:37,858 INFO  Meta_Master_Code - Scroll: 115
2025-07-10 16:02:43,928 INFO  Meta_Master_Code - Scroll: 116
2025-07-10 16:02:49,984 INFO  Meta_Master_Code - Scroll: 117
2025-07-10 16:02:56,044 INFO  Meta_Master_Code - Scroll: 118
2025-07-10 16:03:02,085 INFO  Meta_Master_Code - Scroll: 119
2025-07-10 16:03:08,137 INFO  Meta_Master_Code - Scroll: 120
2025-07-10 16:03:14,203 INFO  Meta_Master_Code - Scroll: 121
2025-07-10 16:03:20,269 INFO  Meta_Master_Code - Scroll: 122
2025-07-10 16:03:26,325 INFO  Meta_Master_Code - Scroll: 123
2025-07-10 16:03:32,381 INFO  Meta_Master_Code - Scroll: 124
2025-07-10 16:03:38,438 INFO  Meta_Master_Code - Scroll: 125
2025-07-10 16:03:44,507 INFO  Meta_Master_Code - Scroll: 126
2025-07-10 16:03:50,579 INFO  Meta_Master_Code - Scroll: 127
2025-07-10 16:03:56,645 INFO  Meta_Master_Code - Scroll: 128
2025-07-10 16:04:02,705 INFO  Meta_Master_Code - Scroll: 129
2025-07-10 16:04:08,752 INFO  Meta_Master_Code - Scroll: 130
2025-07-10 16:04:14,817 INFO  Meta_Master_Code - Scroll: 131
2025-07-10 16:04:20,872 INFO  Meta_Master_Code - Scroll: 132
2025-07-10 16:04:26,935 INFO  Meta_Master_Code - Scroll: 133
2025-07-10 16:04:32,993 INFO  Meta_Master_Code - Scroll: 134
2025-07-10 16:04:39,055 INFO  Meta_Master_Code - Scroll: 135
2025-07-10 16:04:45,115 INFO  Meta_Master_Code - Scroll: 136
2025-07-10 16:04:51,183 INFO  Meta_Master_Code - Scroll: 137
2025-07-10 16:04:57,244 INFO  Meta_Master_Code - Scroll: 138
2025-07-10 16:05:03,323 INFO  Meta_Master_Code - Scroll: 139
2025-07-10 16:05:09,402 INFO  Meta_Master_Code - Scroll: 140
2025-07-10 16:05:15,458 INFO  Meta_Master_Code - Scroll: 141
2025-07-10 16:05:21,514 INFO  Meta_Master_Code - Scroll: 142
2025-07-10 16:05:27,571 INFO  Meta_Master_Code - Scroll: 143
2025-07-10 16:05:33,627 INFO  Meta_Master_Code - Scroll: 144
2025-07-10 16:05:39,683 INFO  Meta_Master_Code - Scroll: 145
2025-07-10 16:05:45,740 INFO  Meta_Master_Code - Scroll: 146
2025-07-10 16:05:51,809 INFO  Meta_Master_Code - Scroll: 147
2025-07-10 16:05:57,870 INFO  Meta_Master_Code - Scroll: 148
2025-07-10 16:06:03,917 INFO  Meta_Master_Code - Scroll: 149
2025-07-10 16:06:09,963 INFO  Meta_Master_Code - Scroll: 150
2025-07-10 16:06:16,889 INFO  Meta_Master_Code - 2025.07.10.15.50.30 - Excel file created successfully!
2025-07-10 16:06:20,972 INFO  Meta_Master_Code - Total link is 99
2025-07-10 16:06:21,199 INFO  Meta_Master_Code - 1 - Data written successfully.
2025-07-10 16:06:21,295 INFO  Meta_Master_Code - 2 - Data written successfully.
2025-07-10 16:06:21,384 INFO  Meta_Master_Code - 3 - Data written successfully.
2025-07-10 16:06:21,479 INFO  Meta_Master_Code - 4 - Data written successfully.
2025-07-10 16:06:21,583 INFO  Meta_Master_Code - 5 - Data written successfully.
2025-07-10 16:06:21,772 INFO  Meta_Master_Code - 6 - Data written successfully.
2025-07-10 16:06:21,907 WARN  Meta_Master_Code - 7 - Link is disabled
2025-07-10 16:06:22,055 INFO  Meta_Master_Code - 8 - Data written successfully.
2025-07-10 16:06:22,158 INFO  Meta_Master_Code - 9 - Data written successfully.
2025-07-10 16:06:22,257 INFO  Meta_Master_Code - 10 - Data written successfully.
2025-07-10 16:06:22,366 INFO  Meta_Master_Code - 11 - Data written successfully.
2025-07-10 16:06:22,468 INFO  Meta_Master_Code - 12 - Data written successfully.
2025-07-10 16:06:22,572 INFO  Meta_Master_Code - 13 - Data written successfully.
2025-07-10 16:06:22,690 INFO  Meta_Master_Code - 14 - Data written successfully.
2025-07-10 16:06:22,795 INFO  Meta_Master_Code - 15 - Data written successfully.
2025-07-10 16:06:22,892 INFO  Meta_Master_Code - 16 - Data written successfully.
2025-07-10 16:06:22,995 INFO  Meta_Master_Code - 17 - Data written successfully.
2025-07-10 16:06:23,093 INFO  Meta_Master_Code - 18 - Data written successfully.
2025-07-10 16:06:23,209 INFO  Meta_Master_Code - 19 - Data written successfully.
2025-07-10 16:06:23,320 INFO  Meta_Master_Code - 20 - Data written successfully.
2025-07-10 16:06:23,424 INFO  Meta_Master_Code - 21 - Data written successfully.
2025-07-10 16:06:23,519 INFO  Meta_Master_Code - 22 - Data written successfully.
2025-07-10 16:06:23,611 INFO  Meta_Master_Code - 23 - Data written successfully.
2025-07-10 16:06:23,736 INFO  Meta_Master_Code - 24 - Data written successfully.
2025-07-10 16:06:23,865 INFO  Meta_Master_Code - 25 - Data written successfully.
2025-07-10 16:06:23,988 INFO  Meta_Master_Code - 26 - Data written successfully.
2025-07-10 16:06:24,105 INFO  Meta_Master_Code - 27 - Data written successfully.
2025-07-10 16:06:24,228 INFO  Meta_Master_Code - 28 - Data written successfully.
2025-07-10 16:06:24,344 INFO  Meta_Master_Code - 29 - Data written successfully.
2025-07-10 16:06:24,453 INFO  Meta_Master_Code - 30 - Data written successfully.
2025-07-10 16:06:24,543 INFO  Meta_Master_Code - 31 - Data written successfully.
2025-07-10 16:06:24,652 INFO  Meta_Master_Code - 32 - Data written successfully.
2025-07-10 16:06:24,754 INFO  Meta_Master_Code - 33 - Data written successfully.
2025-07-10 16:06:24,849 INFO  Meta_Master_Code - 34 - Data written successfully.
2025-07-10 16:06:24,941 INFO  Meta_Master_Code - 35 - Data written successfully.
2025-07-10 16:06:25,033 INFO  Meta_Master_Code - 36 - Data written successfully.
2025-07-10 16:06:25,156 INFO  Meta_Master_Code - 37 - Data written successfully.
2025-07-10 16:06:25,274 INFO  Meta_Master_Code - 38 - Data written successfully.
2025-07-10 16:06:25,371 INFO  Meta_Master_Code - 39 - Data written successfully.
2025-07-10 16:06:25,751 INFO  Meta_Master_Code - 40 - Data written successfully.
2025-07-10 16:06:25,921 INFO  Meta_Master_Code - 41 - Data written successfully.
2025-07-10 16:06:26,016 INFO  Meta_Master_Code - 42 - Data written successfully.
2025-07-10 16:06:26,097 INFO  Meta_Master_Code - 43 - Data written successfully.
2025-07-10 16:06:26,179 INFO  Meta_Master_Code - 44 - Data written successfully.
2025-07-10 16:06:26,260 INFO  Meta_Master_Code - 45 - Data written successfully.
2025-07-10 16:06:26,329 INFO  Meta_Master_Code - 46 - Data written successfully.
2025-07-10 16:06:26,500 INFO  Meta_Master_Code - 47 - Data written successfully.
2025-07-10 16:06:26,641 WARN  Meta_Master_Code - 48 - Link is disabled
2025-07-10 16:06:26,769 WARN  Meta_Master_Code - 49 - Link is disabled
2025-07-10 16:06:26,833 WARN  Meta_Master_Code - 50 - Link is disabled
2025-07-10 16:06:26,889 WARN  Meta_Master_Code - 51 - Link is disabled
2025-07-10 16:06:26,946 WARN  Meta_Master_Code - 52 - Link is disabled
2025-07-10 16:06:27,020 INFO  Meta_Master_Code - 53 - Data written successfully.
2025-07-10 16:06:27,105 INFO  Meta_Master_Code - 54 - Data written successfully.
2025-07-10 16:06:27,186 INFO  Meta_Master_Code - 55 - Data written successfully.
2025-07-10 16:06:27,285 INFO  Meta_Master_Code - 56 - Data written successfully.
2025-07-10 16:06:27,385 INFO  Meta_Master_Code - 57 - Data written successfully.
2025-07-10 16:06:27,469 INFO  Meta_Master_Code - 58 - Data written successfully.
2025-07-10 16:06:27,552 INFO  Meta_Master_Code - 59 - Data written successfully.
2025-07-10 16:06:27,634 INFO  Meta_Master_Code - 60 - Data written successfully.
2025-07-10 16:06:27,718 INFO  Meta_Master_Code - 61 - Data written successfully.
2025-07-10 16:06:27,822 INFO  Meta_Master_Code - 62 - Data written successfully.
2025-07-10 16:06:27,926 INFO  Meta_Master_Code - 63 - Data written successfully.
2025-07-10 16:06:28,034 INFO  Meta_Master_Code - 64 - Data written successfully.
2025-07-10 16:06:28,125 INFO  Meta_Master_Code - 65 - Data written successfully.
2025-07-10 16:06:28,230 INFO  Meta_Master_Code - 66 - Data written successfully.
2025-07-10 16:06:28,309 INFO  Meta_Master_Code - 67 - Data written successfully.
2025-07-10 16:06:28,393 INFO  Meta_Master_Code - 68 - Data written successfully.
2025-07-10 16:06:28,481 INFO  Meta_Master_Code - 69 - Data written successfully.
2025-07-10 16:06:28,568 INFO  Meta_Master_Code - 70 - Data written successfully.
2025-07-10 16:06:28,657 INFO  Meta_Master_Code - 71 - Data written successfully.
2025-07-10 16:06:28,743 INFO  Meta_Master_Code - 72 - Data written successfully.
2025-07-10 16:06:28,830 INFO  Meta_Master_Code - 73 - Data written successfully.
2025-07-10 16:06:28,939 INFO  Meta_Master_Code - 74 - Data written successfully.
2025-07-10 16:06:29,032 INFO  Meta_Master_Code - 75 - Data written successfully.
2025-07-10 16:06:29,127 INFO  Meta_Master_Code - 76 - Data written successfully.
2025-07-10 16:06:29,219 INFO  Meta_Master_Code - 77 - Data written successfully.
2025-07-10 16:06:29,309 INFO  Meta_Master_Code - 78 - Data written successfully.
2025-07-10 16:06:29,393 INFO  Meta_Master_Code - 79 - Data written successfully.
2025-07-10 16:06:29,478 INFO  Meta_Master_Code - 80 - Data written successfully.
2025-07-10 16:06:29,564 INFO  Meta_Master_Code - 81 - Data written successfully.
2025-07-10 16:06:29,661 INFO  Meta_Master_Code - 82 - Data written successfully.
2025-07-10 16:06:29,756 INFO  Meta_Master_Code - 83 - Data written successfully.
2025-07-10 16:06:29,865 INFO  Meta_Master_Code - 84 - Data written successfully.
2025-07-10 16:06:30,202 INFO  Meta_Master_Code - 85 - Data written successfully.
2025-07-10 16:06:30,363 INFO  Meta_Master_Code - 86 - Data written successfully.
2025-07-10 16:06:30,472 INFO  Meta_Master_Code - 87 - Data written successfully.
2025-07-10 16:06:30,539 INFO  Meta_Master_Code - 88 - Data written successfully.
2025-07-10 16:06:30,608 INFO  Meta_Master_Code - 89 - Data written successfully.
2025-07-10 16:06:30,676 INFO  Meta_Master_Code - 90 - Data written successfully.
2025-07-10 16:06:30,745 INFO  Meta_Master_Code - 91 - Data written successfully.
2025-07-10 16:06:30,875 INFO  Meta_Master_Code - 92 - Data written successfully.
2025-07-10 16:06:31,031 INFO  Meta_Master_Code - 93 - Data written successfully.
2025-07-10 16:06:31,184 INFO  Meta_Master_Code - 94 - Data written successfully.
2025-07-10 16:06:31,270 INFO  Meta_Master_Code - 95 - Data written successfully.
2025-07-10 16:06:31,353 INFO  Meta_Master_Code - 96 - Data written successfully.
2025-07-10 16:06:31,425 INFO  Meta_Master_Code - 97 - Data written successfully.
2025-07-10 16:06:31,530 INFO  Meta_Master_Code - 98 - Data written successfully.
2025-07-10 16:06:31,621 INFO  Meta_Master_Code - 99 - Data written successfully.
2025-07-10 16:06:31,632 INFO  Meta_Master_Code - Excel file has sheets, not deleted.
2025-07-10 16:06:31,646 INFO  Meta_Master_Code - 2025.07.10.15.50.30-India- New sheet - Excel file created successfully!
