2025-07-17 12:01:50,582 INFO  Meta_Website_Master_Code - URL Entered
2025-07-17 12:01:50,729 INFO  Meta_Website_Master_Code - Entered country is - India
2025-07-17 12:01:50,729 INFO  Meta_Website_Master_Code - India has been Choosen
2025-07-17 12:01:50,994 INFO  Meta_Website_Master_Code - Data Found
2025-07-17 12:01:51,000 INFO  Meta_Website_Master_Code - The Number of Scroll count Entered is - 20
2025-07-17 12:01:51,001 INFO  Meta_Website_Master_Code - Scroll: 0
2025-07-17 12:01:58,247 INFO  Meta_Website_Master_Code - Scroll: 1
2025-07-17 12:02:04,295 INFO  Meta_Website_Master_Code - Scroll: 2
2025-07-17 12:02:10,363 INFO  Meta_Website_Master_Code - Scroll: 3
2025-07-17 12:02:16,496 INFO  Meta_Website_Master_Code - Scroll: 4
2025-07-17 12:02:22,602 INFO  Meta_Website_Master_Code - Scroll: 5
2025-07-17 12:02:28,662 INFO  Meta_Website_Master_Code - Scroll: 6
2025-07-17 12:02:34,770 INFO  Meta_Website_Master_Code - Scroll: 7
2025-07-17 12:02:40,861 INFO  Meta_Website_Master_Code - Scroll: 8
2025-07-17 12:02:46,975 INFO  Meta_Website_Master_Code - Scroll: 9
2025-07-17 12:02:53,140 INFO  Meta_Website_Master_Code - Scroll: 10
2025-07-17 12:02:59,260 INFO  Meta_Website_Master_Code - Scroll: 11
2025-07-17 12:03:05,317 INFO  Meta_Website_Master_Code - Scroll: 12
2025-07-17 12:03:11,409 INFO  Meta_Website_Master_Code - Scroll: 13
2025-07-17 12:03:17,456 INFO  Meta_Website_Master_Code - Scroll: 14
2025-07-17 12:03:23,610 INFO  Meta_Website_Master_Code - Scroll: 15
2025-07-17 12:03:29,672 INFO  Meta_Website_Master_Code - Scroll: 16
2025-07-17 12:03:35,794 INFO  Meta_Website_Master_Code - Scroll: 17
2025-07-17 12:03:41,858 INFO  Meta_Website_Master_Code - Scroll: 18
2025-07-17 12:03:47,935 INFO  Meta_Website_Master_Code - Scroll: 19
2025-07-17 12:03:53,977 INFO  Meta_Website_Master_Code - Scroll: 20
2025-07-17 12:04:01,387 INFO  Meta_Website_Master_Code - 2025.07.17.12.01.42 - Excel file created successfully!
2025-07-17 12:04:01,570 INFO  Meta_Website_Master_Code - Total link is 11
2025-07-17 12:04:01,849 INFO  Meta_Website_Master_Code - 1 - Data written successfully.
2025-07-17 12:04:01,914 INFO  Meta_Website_Master_Code - 2 - Data written successfully.
2025-07-17 12:04:01,987 INFO  Meta_Website_Master_Code - 3 - Data written successfully.
2025-07-17 12:04:02,051 INFO  Meta_Website_Master_Code - 4 - Data written successfully.
2025-07-17 12:04:02,114 INFO  Meta_Website_Master_Code - 5 - Data written successfully.
2025-07-17 12:04:02,172 INFO  Meta_Website_Master_Code - 6 - Data written successfully.
2025-07-17 12:04:02,232 INFO  Meta_Website_Master_Code - 7 - Data written successfully.
2025-07-17 12:04:02,295 INFO  Meta_Website_Master_Code - 8 - Data written successfully.
2025-07-17 12:04:02,368 INFO  Meta_Website_Master_Code - 9 - Data written successfully.
2025-07-17 12:04:02,444 INFO  Meta_Website_Master_Code - 10 - Data written successfully.
2025-07-17 12:04:02,470 WARN  Meta_Website_Master_Code - 11 - Link is disabled
2025-07-17 12:04:02,506 INFO  Meta_Website_Master_Code - Total link is 52
2025-07-17 12:04:02,571 INFO  Meta_Website_Master_Code - 1 - Data written successfully.
2025-07-17 12:04:02,684 INFO  Meta_Website_Master_Code - 2 - Data written successfully.
2025-07-17 12:04:02,742 INFO  Meta_Website_Master_Code - 3 - Data written successfully.
2025-07-17 12:04:02,818 INFO  Meta_Website_Master_Code - 4 - Data written successfully.
2025-07-17 12:04:02,891 INFO  Meta_Website_Master_Code - 5 - Data written successfully.
2025-07-17 12:04:02,958 INFO  Meta_Website_Master_Code - 6 - Data written successfully.
2025-07-17 12:04:03,016 INFO  Meta_Website_Master_Code - 7 - Data written successfully.
2025-07-17 12:04:03,378 INFO  Meta_Website_Master_Code - 8 - Data written successfully.
2025-07-17 12:04:03,444 INFO  Meta_Website_Master_Code - 9 - Data written successfully.
2025-07-17 12:04:03,500 INFO  Meta_Website_Master_Code - 10 - Data written successfully.
2025-07-17 12:04:03,551 INFO  Meta_Website_Master_Code - 11 - Data written successfully.
2025-07-17 12:04:03,611 INFO  Meta_Website_Master_Code - 12 - Data written successfully.
2025-07-17 12:04:03,666 INFO  Meta_Website_Master_Code - 13 - Data written successfully.
2025-07-17 12:04:03,723 INFO  Meta_Website_Master_Code - 14 - Data written successfully.
2025-07-17 12:04:03,798 INFO  Meta_Website_Master_Code - 15 - Data written successfully.
2025-07-17 12:04:03,864 INFO  Meta_Website_Master_Code - 16 - Data written successfully.
2025-07-17 12:04:03,937 INFO  Meta_Website_Master_Code - 17 - Data written successfully.
2025-07-17 12:04:04,000 INFO  Meta_Website_Master_Code - 18 - Data written successfully.
2025-07-17 12:04:04,065 INFO  Meta_Website_Master_Code - 19 - Data written successfully.
2025-07-17 12:04:04,138 INFO  Meta_Website_Master_Code - 20 - Data written successfully.
2025-07-17 12:04:04,189 INFO  Meta_Website_Master_Code - 21 - Data written successfully.
2025-07-17 12:04:04,238 INFO  Meta_Website_Master_Code - 22 - Data written successfully.
2025-07-17 12:04:04,291 INFO  Meta_Website_Master_Code - 23 - Data written successfully.
2025-07-17 12:04:04,401 INFO  Meta_Website_Master_Code - 24 - Data written successfully.
2025-07-17 12:04:04,457 INFO  Meta_Website_Master_Code - 25 - Data written successfully.
2025-07-17 12:04:04,576 INFO  Meta_Website_Master_Code - 26 - Data written successfully.
2025-07-17 12:04:04,636 INFO  Meta_Website_Master_Code - 27 - Data written successfully.
2025-07-17 12:04:04,693 INFO  Meta_Website_Master_Code - 28 - Data written successfully.
2025-07-17 12:04:05,019 INFO  Meta_Website_Master_Code - 29 - Data written successfully.
2025-07-17 12:04:05,066 INFO  Meta_Website_Master_Code - 30 - Data written successfully.
2025-07-17 12:04:05,116 INFO  Meta_Website_Master_Code - 31 - Data written successfully.
2025-07-17 12:04:05,165 INFO  Meta_Website_Master_Code - 32 - Data written successfully.
2025-07-17 12:04:05,257 INFO  Meta_Website_Master_Code - 33 - Data written successfully.
2025-07-17 12:04:05,325 INFO  Meta_Website_Master_Code - 34 - Data written successfully.
2025-07-17 12:04:05,396 INFO  Meta_Website_Master_Code - 35 - Data written successfully.
2025-07-17 12:04:05,454 INFO  Meta_Website_Master_Code - 36 - Data written successfully.
2025-07-17 12:04:05,504 INFO  Meta_Website_Master_Code - 37 - Data written successfully.
2025-07-17 12:04:05,570 INFO  Meta_Website_Master_Code - 38 - Data written successfully.
2025-07-17 12:04:05,618 INFO  Meta_Website_Master_Code - 39 - Data written successfully.
2025-07-17 12:04:05,678 INFO  Meta_Website_Master_Code - 40 - Data written successfully.
2025-07-17 12:04:05,735 INFO  Meta_Website_Master_Code - 41 - Data written successfully.
2025-07-17 12:04:05,795 INFO  Meta_Website_Master_Code - 42 - Data written successfully.
2025-07-17 12:04:05,849 INFO  Meta_Website_Master_Code - 43 - Data written successfully.
2025-07-17 12:04:05,903 INFO  Meta_Website_Master_Code - 44 - Data written successfully.
2025-07-17 12:04:05,970 INFO  Meta_Website_Master_Code - 45 - Data written successfully.
2025-07-17 12:04:06,034 INFO  Meta_Website_Master_Code - 46 - Data written successfully.
2025-07-17 12:04:06,099 INFO  Meta_Website_Master_Code - 47 - Data written successfully.
2025-07-17 12:04:06,167 INFO  Meta_Website_Master_Code - 48 - Data written successfully.
2025-07-17 12:04:06,218 INFO  Meta_Website_Master_Code - 49 - Data written successfully.
2025-07-17 12:04:06,592 INFO  Meta_Website_Master_Code - 50 - Data written successfully.
2025-07-17 12:04:06,637 INFO  Meta_Website_Master_Code - 51 - Data written successfully.
2025-07-17 12:04:06,694 INFO  Meta_Website_Master_Code - 52 - Data written successfully.
2025-07-17 12:04:06,704 INFO  Meta_Website_Master_Code - Excel file has sheets, not deleted.
2025-07-17 12:04:06,721 INFO  Meta_Website_Master_Code - 2025.07.17-India- New sheet - Excel file created successfully!
2025-07-17 12:04:09,731 INFO  Meta_Website_Master_Code - Data written successfully: https://rosetteattire.com/
2025-07-17 12:04:09,808 INFO  Meta_Website_Master_Code - Data Written in Mastersheet - https://rosetteattire.com/
2025-07-17 12:04:09,845 INFO  Meta_Website_Master_Code - 0-Valid URL:https://rosetteattire.com/
2025-07-17 12:04:13,378 INFO  Meta_Website_Master_Code - Data written successfully: https://flurr.in/
2025-07-17 12:04:13,490 INFO  Meta_Website_Master_Code - Data Written in Mastersheet - https://flurr.in/
2025-07-17 12:04:13,521 INFO  Meta_Website_Master_Code - 1-Valid URL:https://flurr.in/
2025-07-17 12:04:15,763 INFO  Meta_Website_Master_Code - Data written successfully: https://www.hopscotch.in/
2025-07-17 12:04:15,790 INFO  Meta_Website_Master_Code - Data Written in Mastersheet - https://www.hopscotch.in/
2025-07-17 12:04:15,812 INFO  Meta_Website_Master_Code - 2-Valid URL:https://www.hopscotch.in/
2025-07-17 12:04:18,025 INFO  Meta_Website_Master_Code - Data written successfully: https://fliqkartgoatsale.shop/
2025-07-17 12:04:18,037 INFO  Meta_Website_Master_Code - Data Written in Mastersheet - https://fliqkartgoatsale.shop/
2025-07-17 12:04:18,057 INFO  Meta_Website_Master_Code - 3-Valid URL:https://fliqkartgoatsale.shop/
2025-07-17 12:04:30,105 INFO  Meta_Website_Master_Code - Data written successfully: https://prao.com/
2025-07-17 12:04:30,143 INFO  Meta_Website_Master_Code - Duplicate entry in the Mastersheet
2025-07-17 12:04:30,160 INFO  Meta_Website_Master_Code - 5-Valid URL:https://prao.com/
2025-07-17 12:04:34,235 INFO  Meta_Website_Master_Code - Duplicate entry skipped: https://prao.com/
2025-07-17 12:04:34,254 INFO  Meta_Website_Master_Code - Duplicate entry in the Mastersheet
2025-07-17 12:04:34,269 INFO  Meta_Website_Master_Code - 6-Valid URL:https://prao.com/
2025-07-17 12:04:36,633 INFO  Meta_Website_Master_Code - Data written successfully: https://www.indiemart.shop/
2025-07-17 12:04:36,652 INFO  Meta_Website_Master_Code - Data Written in Mastersheet - https://www.indiemart.shop/
2025-07-17 12:04:36,805 INFO  Meta_Website_Master_Code - 7-Valid URL:https://www.indiemart.shop/
2025-07-17 12:04:47,271 INFO  Meta_Website_Master_Code - Data written successfully: https://supershy.eu/
2025-07-17 12:04:47,298 INFO  Meta_Website_Master_Code - Data Written in Mastersheet - https://supershy.eu/
2025-07-17 12:04:47,318 INFO  Meta_Website_Master_Code - 10-Valid URL:https://supershy.eu/
2025-07-17 12:04:49,775 INFO  Meta_Website_Master_Code - Data written successfully: https://quietviolet.in/
2025-07-17 12:04:49,812 INFO  Meta_Website_Master_Code - Data Written in Mastersheet - https://quietviolet.in/
2025-07-17 12:04:49,873 INFO  Meta_Website_Master_Code - 11-Valid URL:https://quietviolet.in/
2025-07-17 12:04:53,188 INFO  Meta_Website_Master_Code - Data written successfully: https://elanawear.in/
2025-07-17 12:04:53,243 INFO  Meta_Website_Master_Code - Data Written in Mastersheet - https://elanawear.in/
2025-07-17 12:04:53,293 INFO  Meta_Website_Master_Code - 13-Valid URL:https://elanawear.in/
2025-07-17 12:04:58,571 INFO  Meta_Website_Master_Code - Data written successfully: https://theroyalbear.co.in/
2025-07-17 12:04:58,589 INFO  Meta_Website_Master_Code - Data Written in Mastersheet - https://theroyalbear.co.in/
2025-07-17 12:04:58,617 INFO  Meta_Website_Master_Code - 17-Valid URL:https://theroyalbear.co.in/
2025-07-17 12:05:01,176 INFO  Meta_Website_Master_Code - Data written successfully: https://secret-descont.shop/
2025-07-17 12:05:01,190 INFO  Meta_Website_Master_Code - Duplicate entry in the Mastersheet
2025-07-17 12:05:01,200 INFO  Meta_Website_Master_Code - 18-Valid URL:https://secret-descont.shop/
2025-07-17 12:05:05,707 INFO  Meta_Website_Master_Code - Data written successfully: https://thedeeva.com/
2025-07-17 12:05:05,731 INFO  Meta_Website_Master_Code - Data Written in Mastersheet - https://thedeeva.com/
2025-07-17 12:05:05,753 INFO  Meta_Website_Master_Code - 19-Valid URL:https://thedeeva.com/
2025-07-17 12:06:48,700 INFO  Meta_Website_Master_Code - Data written successfully: https://shorturl.at/
2025-07-17 12:06:48,715 INFO  Meta_Website_Master_Code - Data Written in Mastersheet - https://shorturl.at/
2025-07-17 12:06:48,731 INFO  Meta_Website_Master_Code - 24-Valid URL:https://shorturl.at/
2025-07-17 12:06:51,169 INFO  Meta_Website_Master_Code - Data written successfully: https://urbanstyle-in.cartpe.in/
2025-07-17 12:06:51,183 INFO  Meta_Website_Master_Code - Data Written in Mastersheet - https://urbanstyle-in.cartpe.in/
2025-07-17 12:06:51,199 INFO  Meta_Website_Master_Code - 25-Valid URL:https://urbanstyle-in.cartpe.in/
2025-07-17 12:06:53,790 INFO  Meta_Website_Master_Code - Data written successfully: https://malveto.com/
2025-07-17 12:06:53,812 INFO  Meta_Website_Master_Code - Data Written in Mastersheet - https://malveto.com/
2025-07-17 12:06:53,833 INFO  Meta_Website_Master_Code - 26-Valid URL:https://malveto.com/
2025-07-17 12:06:57,308 INFO  Meta_Website_Master_Code - Data written successfully: https://www.paintitbysanya.com/
2025-07-17 12:06:57,321 INFO  Meta_Website_Master_Code - Data Written in Mastersheet - https://www.paintitbysanya.com/
2025-07-17 12:06:57,331 INFO  Meta_Website_Master_Code - 28-Valid URL:https://www.paintitbysanya.com/
2025-07-17 12:07:00,000 INFO  Meta_Website_Master_Code - Data written successfully: https://flipkart-today-offers.com/
2025-07-17 12:07:00,015 INFO  Meta_Website_Master_Code - Data Written in Mastersheet - https://flipkart-today-offers.com/
2025-07-17 12:07:00,033 INFO  Meta_Website_Master_Code - 29-Valid URL:https://flipkart-today-offers.com/
2025-07-17 12:07:02,813 INFO  Meta_Website_Master_Code - Data written successfully: https://useliora.co/
2025-07-17 12:07:02,826 INFO  Meta_Website_Master_Code - Data Written in Mastersheet - https://useliora.co/
2025-07-17 12:07:02,839 INFO  Meta_Website_Master_Code - 30-Valid URL:https://useliora.co/
2025-07-17 12:07:05,111 INFO  Meta_Website_Master_Code - Duplicate entry skipped: https://useliora.co/
2025-07-17 12:07:05,125 INFO  Meta_Website_Master_Code - Duplicate entry in the Mastersheet
2025-07-17 12:07:05,136 INFO  Meta_Website_Master_Code - 31-Valid URL:https://useliora.co/
2025-07-17 12:07:07,335 INFO  Meta_Website_Master_Code - Duplicate entry skipped: https://useliora.co/
2025-07-17 12:07:07,348 INFO  Meta_Website_Master_Code - Duplicate entry in the Mastersheet
2025-07-17 12:07:07,361 INFO  Meta_Website_Master_Code - 32-Valid URL:https://useliora.co/
2025-07-17 12:07:15,142 INFO  Meta_Website_Master_Code - Data written successfully: https://faujistore.in/
2025-07-17 12:07:15,156 INFO  Meta_Website_Master_Code - Data Written in Mastersheet - https://faujistore.in/
2025-07-17 12:07:15,172 INFO  Meta_Website_Master_Code - 34-Valid URL:https://faujistore.in/
2025-07-17 12:07:18,371 INFO  Meta_Website_Master_Code - Data written successfully: https://amberjaipur.com/
2025-07-17 12:07:18,385 INFO  Meta_Website_Master_Code - Data Written in Mastersheet - https://amberjaipur.com/
2025-07-17 12:07:18,408 INFO  Meta_Website_Master_Code - 35-Valid URL:https://amberjaipur.com/
2025-07-17 12:07:20,981 INFO  Meta_Website_Master_Code - Data written successfully: https://fonehub.shop/
2025-07-17 12:07:20,996 INFO  Meta_Website_Master_Code - Data Written in Mastersheet - https://fonehub.shop/
2025-07-17 12:07:21,017 INFO  Meta_Website_Master_Code - 36-Valid URL:https://fonehub.shop/
2025-07-17 12:07:22,847 INFO  Meta_Website_Master_Code - Data written successfully: https://malveto.com/
2025-07-17 12:07:22,858 INFO  Meta_Website_Master_Code - Duplicate entry in the Mastersheet
2025-07-17 12:07:22,868 INFO  Meta_Website_Master_Code - 37-Valid URL:https://malveto.com/
2025-07-17 12:07:25,842 INFO  Meta_Website_Master_Code - Data written successfully: https://big-billion-days.shop/
2025-07-17 12:07:25,852 INFO  Meta_Website_Master_Code - Data Written in Mastersheet - https://big-billion-days.shop/
2025-07-17 12:07:25,867 INFO  Meta_Website_Master_Code - 38-Valid URL:https://big-billion-days.shop/
2025-07-17 12:07:28,702 INFO  Meta_Website_Master_Code - Data written successfully: https://baggymonk.com/
2025-07-17 12:07:28,720 INFO  Meta_Website_Master_Code - Data Written in Mastersheet - https://baggymonk.com/
2025-07-17 12:07:28,738 INFO  Meta_Website_Master_Code - 39-Valid URL:https://baggymonk.com/
2025-07-17 12:07:30,222 INFO  Meta_Website_Master_Code - Duplicate entry skipped: https://baggymonk.com/
2025-07-17 12:07:30,236 INFO  Meta_Website_Master_Code - Duplicate entry in the Mastersheet
2025-07-17 12:07:30,244 INFO  Meta_Website_Master_Code - 40-Valid URL:https://baggymonk.com/
2025-07-17 12:07:33,064 INFO  Meta_Website_Master_Code - Data written successfully: https://lapindor.in/
2025-07-17 12:07:33,078 INFO  Meta_Website_Master_Code - Duplicate entry in the Mastersheet
2025-07-17 12:07:33,098 INFO  Meta_Website_Master_Code - 41-Valid URL:https://lapindor.in/
2025-07-17 12:07:35,208 INFO  Meta_Website_Master_Code - Data written successfully: https://dramebaazindia.in/
2025-07-17 12:07:35,221 INFO  Meta_Website_Master_Code - Data Written in Mastersheet - https://dramebaazindia.in/
2025-07-17 12:07:35,231 INFO  Meta_Website_Master_Code - 42-Valid URL:https://dramebaazindia.in/
2025-07-17 12:07:36,631 INFO  Meta_Website_Master_Code - Data written successfully: https://secret-descont.shop/
2025-07-17 12:07:36,645 INFO  Meta_Website_Master_Code - Duplicate entry in the Mastersheet
2025-07-17 12:07:36,653 INFO  Meta_Website_Master_Code - 43-Valid URL:https://secret-descont.shop/
2025-07-17 12:07:40,055 INFO  Meta_Website_Master_Code - Data written successfully: https://budgetshopy.shop/
2025-07-17 12:07:40,067 INFO  Meta_Website_Master_Code - Data Written in Mastersheet - https://budgetshopy.shop/
2025-07-17 12:07:40,080 INFO  Meta_Website_Master_Code - 45-Valid URL:https://budgetshopy.shop/
2025-07-17 12:07:41,885 INFO  Meta_Website_Master_Code - Duplicate entry skipped: https://budgetshopy.shop/
2025-07-17 12:07:41,897 INFO  Meta_Website_Master_Code - Duplicate entry in the Mastersheet
2025-07-17 12:07:41,911 INFO  Meta_Website_Master_Code - 46-Valid URL:https://budgetshopy.shop/
2025-07-17 12:07:45,009 INFO  Meta_Website_Master_Code - Data written successfully: https://legendsstore.in/
2025-07-17 12:07:45,024 INFO  Meta_Website_Master_Code - Data Written in Mastersheet - https://legendsstore.in/
2025-07-17 12:07:45,047 INFO  Meta_Website_Master_Code - 47-Valid URL:https://legendsstore.in/
2025-07-17 12:07:47,069 INFO  Meta_Website_Master_Code - Data written successfully: https://www.inspireuplift.com/
2025-07-17 12:07:47,084 INFO  Meta_Website_Master_Code - Data Written in Mastersheet - https://www.inspireuplift.com/
2025-07-17 12:07:47,097 INFO  Meta_Website_Master_Code - 48-Valid URL:https://www.inspireuplift.com/
2025-07-17 12:07:48,108 INFO  Meta_Website_Master_Code - Duplicate entry skipped: https://www.inspireuplift.com/
2025-07-17 12:07:48,120 INFO  Meta_Website_Master_Code - Duplicate entry in the Mastersheet
2025-07-17 12:07:48,129 INFO  Meta_Website_Master_Code - 49-Valid URL:https://www.inspireuplift.com/
2025-07-17 12:07:48,827 INFO  Meta_Website_Master_Code - Data written successfully: https://secret-descont.shop/
2025-07-17 12:07:48,838 INFO  Meta_Website_Master_Code - Duplicate entry in the Mastersheet
2025-07-17 12:07:48,846 INFO  Meta_Website_Master_Code - 50-Valid URL:https://secret-descont.shop/
2025-07-17 12:07:50,806 INFO  Meta_Website_Master_Code - Data written successfully: https://wewearmore.myshopify.com/
2025-07-17 12:07:50,816 INFO  Meta_Website_Master_Code - Data Written in Mastersheet - https://wewearmore.myshopify.com/
2025-07-17 12:07:50,825 INFO  Meta_Website_Master_Code - 51-Valid URL:https://wewearmore.myshopify.com/
2025-07-17 12:07:50,845 INFO  Meta_Website_Master_Code - Excel file deleted as it contains no sheets.
