2025-07-10 12:18:35,073 INFO  Meta_Master_Code - URL Entered
2025-07-10 12:18:35,192 INFO  Meta_Master_Code - Entered country is - India
2025-07-10 12:18:35,192 INFO  Meta_Master_Code - India has been Choosen
2025-07-10 12:18:35,497 INFO  Meta_Master_Code - Data Found
2025-07-10 12:18:35,508 INFO  Meta_Master_Code - The Number of Scroll count Entered is - 150
2025-07-10 12:18:35,508 INFO  Meta_Master_Code - Scroll: 0
2025-07-10 12:18:42,872 INFO  Meta_Master_Code - Scroll: 1
2025-07-10 12:18:50,253 INFO  Meta_Master_Code - Scroll: 2
2025-07-10 12:18:56,792 INFO  Meta_Master_Code - Scroll: 3
2025-07-10 12:19:03,181 INFO  Meta_Master_Code - Scroll: 4
2025-07-10 12:19:09,474 INFO  Meta_Master_Code - Scroll: 5
2025-07-10 12:19:15,797 INFO  Meta_Master_Code - Scroll: 6
2025-07-10 12:19:21,947 INFO  Meta_Master_Code - Scroll: 7
2025-07-10 12:19:28,494 INFO  Meta_Master_Code - Scroll: 8
2025-07-10 12:19:35,540 INFO  Meta_Master_Code - Scroll: 9
2025-07-10 12:19:41,634 INFO  Meta_Master_Code - Scroll: 10
2025-07-10 12:19:47,716 INFO  Meta_Master_Code - Scroll: 11
2025-07-10 12:19:53,804 INFO  Meta_Master_Code - Scroll: 12
2025-07-10 12:20:00,456 INFO  Meta_Master_Code - Scroll: 13
2025-07-10 12:20:06,797 INFO  Meta_Master_Code - Scroll: 14
2025-07-10 12:20:13,495 INFO  Meta_Master_Code - Scroll: 15
2025-07-10 12:20:19,874 INFO  Meta_Master_Code - Scroll: 16
2025-07-10 12:20:27,363 INFO  Meta_Master_Code - Scroll: 17
2025-07-10 12:20:33,778 INFO  Meta_Master_Code - Scroll: 18
2025-07-10 12:20:40,758 INFO  Meta_Master_Code - Scroll: 19
2025-07-10 12:20:47,010 INFO  Meta_Master_Code - Scroll: 20
2025-07-10 12:20:53,258 INFO  Meta_Master_Code - Scroll: 21
2025-07-10 12:21:00,605 INFO  Meta_Master_Code - Scroll: 22
2025-07-10 12:21:10,826 INFO  Meta_Master_Code - Scroll: 23
2025-07-10 12:21:17,441 INFO  Meta_Master_Code - Scroll: 24
2025-07-10 12:21:23,774 INFO  Meta_Master_Code - Scroll: 25
2025-07-10 12:21:30,361 INFO  Meta_Master_Code - Scroll: 26
2025-07-10 12:21:37,274 INFO  Meta_Master_Code - Scroll: 27
2025-07-10 12:21:44,553 INFO  Meta_Master_Code - Scroll: 28
2025-07-10 12:21:51,178 INFO  Meta_Master_Code - Scroll: 29
2025-07-10 12:21:57,832 INFO  Meta_Master_Code - Scroll: 30
2025-07-10 12:22:05,714 INFO  Meta_Master_Code - Scroll: 31
2025-07-10 12:22:13,709 INFO  Meta_Master_Code - Scroll: 32
2025-07-10 12:22:22,959 INFO  Meta_Master_Code - Scroll: 33
2025-07-10 12:22:31,002 INFO  Meta_Master_Code - Scroll: 34
2025-07-10 12:22:39,483 INFO  Meta_Master_Code - Scroll: 35
2025-07-10 12:22:47,388 INFO  Meta_Master_Code - Scroll: 36
2025-07-10 12:22:56,811 INFO  Meta_Master_Code - Scroll: 37
2025-07-10 12:23:03,914 INFO  Meta_Master_Code - Scroll: 38
2025-07-10 12:23:11,065 INFO  Meta_Master_Code - Scroll: 39
2025-07-10 12:23:19,689 INFO  Meta_Master_Code - Scroll: 40
2025-07-10 12:23:30,310 INFO  Meta_Master_Code - Scroll: 41
2025-07-10 12:23:36,799 INFO  Meta_Master_Code - Scroll: 42
2025-07-10 12:23:44,991 INFO  Meta_Master_Code - Scroll: 43
2025-07-10 12:23:54,056 INFO  Meta_Master_Code - Scroll: 44
2025-07-10 12:24:02,904 INFO  Meta_Master_Code - Scroll: 45
2025-07-10 12:24:17,451 INFO  Meta_Master_Code - Scroll: 46
2025-07-10 12:24:24,449 INFO  Meta_Master_Code - Scroll: 47
2025-07-10 12:24:35,164 INFO  Meta_Master_Code - Scroll: 48
2025-07-10 12:24:41,822 INFO  Meta_Master_Code - Scroll: 49
2025-07-10 12:24:48,681 INFO  Meta_Master_Code - Scroll: 50
2025-07-10 12:24:56,778 INFO  Meta_Master_Code - Scroll: 51
2025-07-10 12:25:04,801 INFO  Meta_Master_Code - Scroll: 52
2025-07-10 12:25:12,185 INFO  Meta_Master_Code - Scroll: 53
2025-07-10 12:25:26,395 INFO  Meta_Master_Code - Scroll: 54
2025-07-10 12:25:34,420 INFO  Meta_Master_Code - Scroll: 55
2025-07-10 12:25:40,899 INFO  Meta_Master_Code - Scroll: 56
2025-07-10 12:25:48,482 INFO  Meta_Master_Code - Scroll: 57
2025-07-10 12:25:56,394 INFO  Meta_Master_Code - Scroll: 58
2025-07-10 12:26:06,245 INFO  Meta_Master_Code - Scroll: 59
2025-07-10 12:26:13,208 INFO  Meta_Master_Code - Scroll: 60
2025-07-10 12:26:21,027 INFO  Meta_Master_Code - Scroll: 61
2025-07-10 12:26:28,729 INFO  Meta_Master_Code - Scroll: 62
2025-07-10 12:26:36,026 INFO  Meta_Master_Code - Scroll: 63
2025-07-10 12:26:42,966 INFO  Meta_Master_Code - Scroll: 64
2025-07-10 12:26:50,318 INFO  Meta_Master_Code - Scroll: 65
2025-07-10 12:26:56,825 INFO  Meta_Master_Code - Scroll: 66
2025-07-10 12:27:04,140 INFO  Meta_Master_Code - Scroll: 67
2025-07-10 12:27:11,046 INFO  Meta_Master_Code - Scroll: 68
2025-07-10 12:27:18,776 INFO  Meta_Master_Code - Scroll: 69
2025-07-10 12:27:25,420 INFO  Meta_Master_Code - Scroll: 70
2025-07-10 12:27:32,510 INFO  Meta_Master_Code - Scroll: 71
2025-07-10 12:27:40,400 INFO  Meta_Master_Code - Scroll: 72
2025-07-10 12:27:47,695 INFO  Meta_Master_Code - Scroll: 73
2025-07-10 12:27:55,884 INFO  Meta_Master_Code - Scroll: 74
2025-07-10 12:28:05,680 INFO  Meta_Master_Code - Scroll: 75
2025-07-10 12:28:18,132 INFO  Meta_Master_Code - Scroll: 76
2025-07-10 12:28:25,255 INFO  Meta_Master_Code - Scroll: 77
2025-07-10 12:28:32,057 INFO  Meta_Master_Code - Scroll: 78
2025-07-10 12:28:38,828 INFO  Meta_Master_Code - Scroll: 79
2025-07-10 12:28:47,892 INFO  Meta_Master_Code - Scroll: 80
2025-07-10 12:28:55,130 INFO  Meta_Master_Code - Scroll: 81
2025-07-10 12:29:02,086 INFO  Meta_Master_Code - Scroll: 82
2025-07-10 12:29:08,781 INFO  Meta_Master_Code - Scroll: 83
2025-07-10 12:29:16,541 INFO  Meta_Master_Code - Scroll: 84
2025-07-10 12:29:28,824 INFO  Meta_Master_Code - Scroll: 85
2025-07-10 12:29:35,742 INFO  Meta_Master_Code - Scroll: 86
2025-07-10 12:29:43,180 INFO  Meta_Master_Code - Scroll: 87
2025-07-10 12:29:50,946 INFO  Meta_Master_Code - Scroll: 88
2025-07-10 12:29:59,514 INFO  Meta_Master_Code - Scroll: 89
2025-07-10 12:30:08,665 INFO  Meta_Master_Code - Scroll: 90
2025-07-10 12:30:16,333 INFO  Meta_Master_Code - Scroll: 91
2025-07-10 12:30:26,760 INFO  Meta_Master_Code - Scroll: 92
2025-07-10 12:30:33,546 INFO  Meta_Master_Code - Scroll: 93
2025-07-10 12:30:41,676 INFO  Meta_Master_Code - Scroll: 94
2025-07-10 12:30:48,746 INFO  Meta_Master_Code - Scroll: 95
2025-07-10 12:30:58,051 INFO  Meta_Master_Code - Scroll: 96
2025-07-10 12:31:08,238 INFO  Meta_Master_Code - Scroll: 97
2025-07-10 12:31:15,923 INFO  Meta_Master_Code - Scroll: 98
2025-07-10 12:31:23,402 INFO  Meta_Master_Code - Scroll: 99
2025-07-10 12:31:29,841 INFO  Meta_Master_Code - Scroll: 100
2025-07-10 12:31:36,251 INFO  Meta_Master_Code - Scroll: 101
2025-07-10 12:31:42,666 INFO  Meta_Master_Code - Scroll: 102
2025-07-10 12:31:49,862 INFO  Meta_Master_Code - Scroll: 103
2025-07-10 12:31:56,945 INFO  Meta_Master_Code - Scroll: 104
2025-07-10 12:32:03,978 INFO  Meta_Master_Code - Scroll: 105
2025-07-10 12:32:18,758 INFO  Meta_Master_Code - Scroll: 106
2025-07-10 12:32:27,606 INFO  Meta_Master_Code - Scroll: 107
2025-07-10 12:32:34,161 INFO  Meta_Master_Code - Scroll: 108
2025-07-10 12:32:43,454 INFO  Meta_Master_Code - Scroll: 109
2025-07-10 12:32:53,792 INFO  Meta_Master_Code - Scroll: 110
2025-07-10 12:33:00,629 INFO  Meta_Master_Code - Scroll: 111
2025-07-10 12:33:11,216 INFO  Meta_Master_Code - Scroll: 112
2025-07-10 12:33:18,771 INFO  Meta_Master_Code - Scroll: 113
2025-07-10 12:33:28,944 INFO  Meta_Master_Code - Scroll: 114
2025-07-10 12:33:36,370 INFO  Meta_Master_Code - Scroll: 115
2025-07-10 12:33:47,319 INFO  Meta_Master_Code - Scroll: 116
2025-07-10 12:33:56,620 INFO  Meta_Master_Code - Scroll: 117
2025-07-10 12:34:03,416 INFO  Meta_Master_Code - Scroll: 118
2025-07-10 12:34:11,873 INFO  Meta_Master_Code - Scroll: 119
2025-07-10 12:34:25,657 INFO  Meta_Master_Code - Scroll: 120
2025-07-10 12:34:34,125 INFO  Meta_Master_Code - Scroll: 121
2025-07-10 12:34:43,021 INFO  Meta_Master_Code - Scroll: 122
2025-07-10 12:34:51,908 INFO  Meta_Master_Code - Scroll: 123
2025-07-10 12:34:58,571 INFO  Meta_Master_Code - Scroll: 124
2025-07-10 12:35:06,319 INFO  Meta_Master_Code - Scroll: 125
2025-07-10 12:35:17,338 INFO  Meta_Master_Code - Scroll: 126
2025-07-10 12:35:26,415 INFO  Meta_Master_Code - Scroll: 127
2025-07-10 12:35:35,416 INFO  Meta_Master_Code - Scroll: 128
2025-07-10 12:35:44,536 INFO  Meta_Master_Code - Scroll: 129
2025-07-10 12:35:51,581 INFO  Meta_Master_Code - Scroll: 130
2025-07-10 12:35:58,245 INFO  Meta_Master_Code - Scroll: 131
2025-07-10 12:36:04,730 INFO  Meta_Master_Code - Scroll: 132
2025-07-10 12:36:14,277 INFO  Meta_Master_Code - Scroll: 133
2025-07-10 12:36:20,993 INFO  Meta_Master_Code - Scroll: 134
2025-07-10 12:36:42,998 INFO  Meta_Master_Code - Scroll: 135
2025-07-10 12:36:50,125 INFO  Meta_Master_Code - Scroll: 136
2025-07-10 12:36:58,875 INFO  Meta_Master_Code - Scroll: 137
2025-07-10 12:37:10,400 INFO  Meta_Master_Code - Scroll: 138
2025-07-10 12:37:17,409 INFO  Meta_Master_Code - Scroll: 139
2025-07-10 12:37:24,803 INFO  Meta_Master_Code - Scroll: 140
2025-07-10 12:37:39,632 INFO  Meta_Master_Code - Scroll: 141
2025-07-10 12:37:51,699 INFO  Meta_Master_Code - Scroll: 142
2025-07-10 12:38:00,500 INFO  Meta_Master_Code - Scroll: 143
2025-07-10 12:38:08,134 INFO  Meta_Master_Code - Scroll: 144
2025-07-10 12:38:17,093 INFO  Meta_Master_Code - Scroll: 145
2025-07-10 12:38:25,396 INFO  Meta_Master_Code - Scroll: 146
2025-07-10 12:38:32,743 INFO  Meta_Master_Code - Scroll: 147
2025-07-10 12:38:42,529 INFO  Meta_Master_Code - Scroll: 148
2025-07-10 12:38:51,216 INFO  Meta_Master_Code - Scroll: 149
2025-07-10 12:39:13,337 INFO  Meta_Master_Code - Scroll: 150
2025-07-10 12:39:26,207 INFO  Meta_Master_Code - 2025.07.10.12.18.29 - Excel file created successfully!
2025-07-10 12:39:26,517 INFO  Meta_Master_Code - Total link is 170
2025-07-10 12:39:27,288 INFO  Meta_Master_Code - 1 - Data written successfully.
2025-07-10 12:39:27,827 INFO  Meta_Master_Code - 2 - Data written successfully.
2025-07-10 12:39:28,406 INFO  Meta_Master_Code - 3 - Data written successfully.
2025-07-10 12:39:28,839 INFO  Meta_Master_Code - 4 - Data written successfully.
2025-07-10 12:39:29,358 INFO  Meta_Master_Code - 5 - Data written successfully.
2025-07-10 12:39:29,864 INFO  Meta_Master_Code - 6 - Data written successfully.
2025-07-10 12:39:33,285 INFO  Meta_Master_Code - 7 - Data written successfully.
2025-07-10 12:39:33,497 INFO  Meta_Master_Code - 8 - Data written successfully.
2025-07-10 12:39:33,716 INFO  Meta_Master_Code - 9 - Data written successfully.
2025-07-10 12:39:33,934 INFO  Meta_Master_Code - 10 - Data written successfully.
2025-07-10 12:39:34,143 INFO  Meta_Master_Code - 11 - Data written successfully.
2025-07-10 12:39:34,405 INFO  Meta_Master_Code - 12 - Data written successfully.
2025-07-10 12:39:34,630 INFO  Meta_Master_Code - 13 - Data written successfully.
2025-07-10 12:39:34,871 INFO  Meta_Master_Code - 14 - Data written successfully.
2025-07-10 12:39:35,119 INFO  Meta_Master_Code - 15 - Data written successfully.
2025-07-10 12:39:35,351 INFO  Meta_Master_Code - 16 - Data written successfully.
2025-07-10 12:39:37,847 INFO  Meta_Master_Code - 17 - Data written successfully.
2025-07-10 12:39:39,221 INFO  Meta_Master_Code - 18 - Data written successfully.
2025-07-10 12:39:39,615 INFO  Meta_Master_Code - 19 - Data written successfully.
2025-07-10 12:39:39,742 INFO  Meta_Master_Code - 20 - Data written successfully.
2025-07-10 12:39:39,856 INFO  Meta_Master_Code - 21 - Data written successfully.
2025-07-10 12:39:40,026 INFO  Meta_Master_Code - 22 - Data written successfully.
2025-07-10 12:39:40,184 INFO  Meta_Master_Code - 23 - Data written successfully.
2025-07-10 12:39:40,466 INFO  Meta_Master_Code - 24 - Data written successfully.
2025-07-10 12:39:40,796 INFO  Meta_Master_Code - 25 - Data written successfully.
2025-07-10 12:39:40,927 INFO  Meta_Master_Code - 26 - Data written successfully.
2025-07-10 12:39:41,043 INFO  Meta_Master_Code - 27 - Data written successfully.
2025-07-10 12:39:41,148 INFO  Meta_Master_Code - 28 - Data written successfully.
2025-07-10 12:39:41,256 INFO  Meta_Master_Code - 29 - Data written successfully.
2025-07-10 12:39:41,362 INFO  Meta_Master_Code - 30 - Data written successfully.
2025-07-10 12:39:41,468 INFO  Meta_Master_Code - 31 - Data written successfully.
2025-07-10 12:39:41,564 INFO  Meta_Master_Code - 32 - Data written successfully.
2025-07-10 12:39:41,671 INFO  Meta_Master_Code - 33 - Data written successfully.
2025-07-10 12:39:41,780 INFO  Meta_Master_Code - 34 - Data written successfully.
2025-07-10 12:39:41,877 INFO  Meta_Master_Code - 35 - Data written successfully.
2025-07-10 12:39:41,981 INFO  Meta_Master_Code - 36 - Data written successfully.
2025-07-10 12:39:42,076 INFO  Meta_Master_Code - 37 - Data written successfully.
2025-07-10 12:39:42,172 INFO  Meta_Master_Code - 38 - Data written successfully.
2025-07-10 12:39:42,275 INFO  Meta_Master_Code - 39 - Data written successfully.
2025-07-10 12:39:42,379 INFO  Meta_Master_Code - 40 - Data written successfully.
2025-07-10 12:39:42,484 INFO  Meta_Master_Code - 41 - Data written successfully.
2025-07-10 12:39:42,599 INFO  Meta_Master_Code - 42 - Data written successfully.
2025-07-10 12:39:42,722 INFO  Meta_Master_Code - 43 - Data written successfully.
2025-07-10 12:39:42,830 INFO  Meta_Master_Code - 44 - Data written successfully.
2025-07-10 12:39:42,938 INFO  Meta_Master_Code - 45 - Data written successfully.
2025-07-10 12:39:43,063 INFO  Meta_Master_Code - 46 - Data written successfully.
2025-07-10 12:39:43,162 INFO  Meta_Master_Code - 47 - Data written successfully.
2025-07-10 12:39:43,279 INFO  Meta_Master_Code - 48 - Data written successfully.
2025-07-10 12:39:43,375 INFO  Meta_Master_Code - 49 - Data written successfully.
2025-07-10 12:39:43,489 INFO  Meta_Master_Code - 50 - Data written successfully.
2025-07-10 12:39:43,613 INFO  Meta_Master_Code - 51 - Data written successfully.
2025-07-10 12:39:43,720 INFO  Meta_Master_Code - 52 - Data written successfully.
2025-07-10 12:39:43,816 INFO  Meta_Master_Code - 53 - Data written successfully.
2025-07-10 12:39:43,913 INFO  Meta_Master_Code - 54 - Data written successfully.
2025-07-10 12:39:44,035 INFO  Meta_Master_Code - 55 - Data written successfully.
2025-07-10 12:39:44,143 INFO  Meta_Master_Code - 56 - Data written successfully.
2025-07-10 12:39:44,262 INFO  Meta_Master_Code - 57 - Data written successfully.
2025-07-10 12:39:44,373 INFO  Meta_Master_Code - 58 - Data written successfully.
2025-07-10 12:39:44,516 INFO  Meta_Master_Code - 59 - Data written successfully.
2025-07-10 12:39:44,661 INFO  Meta_Master_Code - 60 - Data written successfully.
2025-07-10 12:39:45,098 INFO  Meta_Master_Code - 61 - Data written successfully.
2025-07-10 12:39:45,330 INFO  Meta_Master_Code - 62 - Data written successfully.
2025-07-10 12:39:45,477 INFO  Meta_Master_Code - 63 - Data written successfully.
2025-07-10 12:39:45,594 INFO  Meta_Master_Code - 64 - Data written successfully.
2025-07-10 12:39:45,696 INFO  Meta_Master_Code - 65 - Data written successfully.
2025-07-10 12:39:45,795 INFO  Meta_Master_Code - 66 - Data written successfully.
2025-07-10 12:39:45,874 WARN  Meta_Master_Code - 67 - Link is disabled
2025-07-10 12:39:45,951 WARN  Meta_Master_Code - 68 - Link is disabled
2025-07-10 12:39:46,065 WARN  Meta_Master_Code - 69 - Link is disabled
2025-07-10 12:39:46,156 WARN  Meta_Master_Code - 70 - Link is disabled
2025-07-10 12:39:46,242 WARN  Meta_Master_Code - 71 - Link is disabled
2025-07-10 12:39:46,333 WARN  Meta_Master_Code - 72 - Link is disabled
2025-07-10 12:39:46,415 WARN  Meta_Master_Code - 73 - Link is disabled
2025-07-10 12:39:46,519 WARN  Meta_Master_Code - 74 - Link is disabled
2025-07-10 12:39:46,639 INFO  Meta_Master_Code - 75 - Data written successfully.
2025-07-10 12:39:46,781 INFO  Meta_Master_Code - 76 - Data written successfully.
2025-07-10 12:39:46,941 INFO  Meta_Master_Code - 77 - Data written successfully.
2025-07-10 12:39:47,177 INFO  Meta_Master_Code - 78 - Data written successfully.
2025-07-10 12:39:48,600 INFO  Meta_Master_Code - 79 - Data written successfully.
2025-07-10 12:39:49,794 INFO  Meta_Master_Code - 80 - Data written successfully.
2025-07-10 12:39:49,967 INFO  Meta_Master_Code - 81 - Data written successfully.
2025-07-10 12:39:50,152 INFO  Meta_Master_Code - 82 - Data written successfully.
2025-07-10 12:39:50,264 INFO  Meta_Master_Code - 83 - Data written successfully.
2025-07-10 12:39:50,465 INFO  Meta_Master_Code - 84 - Data written successfully.
2025-07-10 12:39:50,590 INFO  Meta_Master_Code - 85 - Data written successfully.
2025-07-10 12:39:50,694 INFO  Meta_Master_Code - 86 - Data written successfully.
2025-07-10 12:39:50,792 INFO  Meta_Master_Code - 87 - Data written successfully.
2025-07-10 12:39:50,861 WARN  Meta_Master_Code - 88 - Link is disabled
2025-07-10 12:39:50,936 WARN  Meta_Master_Code - 89 - Link is disabled
2025-07-10 12:39:51,032 INFO  Meta_Master_Code - 90 - Data written successfully.
2025-07-10 12:39:51,120 INFO  Meta_Master_Code - 91 - Data written successfully.
2025-07-10 12:39:51,219 INFO  Meta_Master_Code - 92 - Data written successfully.
2025-07-10 12:39:51,317 INFO  Meta_Master_Code - 93 - Data written successfully.
2025-07-10 12:39:51,416 INFO  Meta_Master_Code - 94 - Data written successfully.
2025-07-10 12:39:51,506 INFO  Meta_Master_Code - 95 - Data written successfully.
2025-07-10 12:39:51,603 INFO  Meta_Master_Code - 96 - Data written successfully.
2025-07-10 12:39:51,692 INFO  Meta_Master_Code - 97 - Data written successfully.
2025-07-10 12:39:51,787 INFO  Meta_Master_Code - 98 - Data written successfully.
2025-07-10 12:39:51,877 INFO  Meta_Master_Code - 99 - Data written successfully.
2025-07-10 12:39:51,980 INFO  Meta_Master_Code - 100 - Data written successfully.
2025-07-10 12:39:52,077 INFO  Meta_Master_Code - 101 - Data written successfully.
2025-07-10 12:39:52,262 INFO  Meta_Master_Code - 102 - Data written successfully.
2025-07-10 12:39:52,357 INFO  Meta_Master_Code - 103 - Data written successfully.
2025-07-10 12:39:52,458 INFO  Meta_Master_Code - 104 - Data written successfully.
2025-07-10 12:39:52,558 INFO  Meta_Master_Code - 105 - Data written successfully.
2025-07-10 12:39:52,634 WARN  Meta_Master_Code - 106 - Link is disabled
2025-07-10 12:39:52,751 INFO  Meta_Master_Code - 107 - Data written successfully.
2025-07-10 12:39:52,847 INFO  Meta_Master_Code - 108 - Data written successfully.
2025-07-10 12:39:52,945 INFO  Meta_Master_Code - 109 - Data written successfully.
2025-07-10 12:39:53,036 INFO  Meta_Master_Code - 110 - Data written successfully.
2025-07-10 12:39:53,131 WARN  Meta_Master_Code - 111 - Link is disabled
2025-07-10 12:39:53,271 INFO  Meta_Master_Code - 112 - Data written successfully.
2025-07-10 12:39:53,377 INFO  Meta_Master_Code - 113 - Data written successfully.
2025-07-10 12:39:53,465 INFO  Meta_Master_Code - 114 - Data written successfully.
2025-07-10 12:39:53,562 INFO  Meta_Master_Code - 115 - Data written successfully.
2025-07-10 12:39:53,650 INFO  Meta_Master_Code - 116 - Data written successfully.
2025-07-10 12:39:53,753 INFO  Meta_Master_Code - 117 - Data written successfully.
2025-07-10 12:39:53,885 INFO  Meta_Master_Code - 118 - Data written successfully.
2025-07-10 12:39:53,991 INFO  Meta_Master_Code - 119 - Data written successfully.
2025-07-10 12:39:54,112 INFO  Meta_Master_Code - 120 - Data written successfully.
2025-07-10 12:39:54,231 INFO  Meta_Master_Code - 121 - Data written successfully.
2025-07-10 12:39:54,366 WARN  Meta_Master_Code - 122 - Link is disabled
2025-07-10 12:39:54,516 INFO  Meta_Master_Code - 123 - Data written successfully.
2025-07-10 12:39:54,643 INFO  Meta_Master_Code - 124 - Data written successfully.
2025-07-10 12:39:54,755 INFO  Meta_Master_Code - 125 - Data written successfully.
2025-07-10 12:39:54,871 INFO  Meta_Master_Code - 126 - Data written successfully.
2025-07-10 12:39:54,976 INFO  Meta_Master_Code - 127 - Data written successfully.
2025-07-10 12:39:55,097 INFO  Meta_Master_Code - 128 - Data written successfully.
2025-07-10 12:39:55,213 INFO  Meta_Master_Code - 129 - Data written successfully.
2025-07-10 12:39:55,318 INFO  Meta_Master_Code - 130 - Data written successfully.
2025-07-10 12:39:55,406 INFO  Meta_Master_Code - 131 - Data written successfully.
2025-07-10 12:39:55,512 INFO  Meta_Master_Code - 132 - Data written successfully.
2025-07-10 12:39:55,633 INFO  Meta_Master_Code - 133 - Data written successfully.
2025-07-10 12:39:55,722 INFO  Meta_Master_Code - 134 - Data written successfully.
2025-07-10 12:39:55,809 INFO  Meta_Master_Code - 135 - Data written successfully.
2025-07-10 12:39:55,910 INFO  Meta_Master_Code - 136 - Data written successfully.
2025-07-10 12:39:56,006 INFO  Meta_Master_Code - 137 - Data written successfully.
2025-07-10 12:39:56,089 INFO  Meta_Master_Code - 138 - Data written successfully.
2025-07-10 12:39:56,178 INFO  Meta_Master_Code - 139 - Data written successfully.
2025-07-10 12:39:56,275 INFO  Meta_Master_Code - 140 - Data written successfully.
2025-07-10 12:39:56,834 INFO  Meta_Master_Code - 141 - Data written successfully.
2025-07-10 12:39:58,785 INFO  Meta_Master_Code - 142 - Data written successfully.
2025-07-10 12:39:59,098 INFO  Meta_Master_Code - 143 - Data written successfully.
2025-07-10 12:39:59,221 INFO  Meta_Master_Code - 144 - Data written successfully.
2025-07-10 12:39:59,354 INFO  Meta_Master_Code - 145 - Data written successfully.
2025-07-10 12:39:59,473 INFO  Meta_Master_Code - 146 - Data written successfully.
2025-07-10 12:39:59,592 INFO  Meta_Master_Code - 147 - Data written successfully.
2025-07-10 12:39:59,713 INFO  Meta_Master_Code - 148 - Data written successfully.
2025-07-10 12:39:59,810 INFO  Meta_Master_Code - 149 - Data written successfully.
2025-07-10 12:39:59,909 INFO  Meta_Master_Code - 150 - Data written successfully.
2025-07-10 12:40:00,005 INFO  Meta_Master_Code - 151 - Data written successfully.
2025-07-10 12:40:00,160 INFO  Meta_Master_Code - 152 - Data written successfully.
2025-07-10 12:40:00,251 INFO  Meta_Master_Code - 153 - Data written successfully.
2025-07-10 12:40:00,345 INFO  Meta_Master_Code - 154 - Data written successfully.
2025-07-10 12:40:00,437 INFO  Meta_Master_Code - 155 - Data written successfully.
2025-07-10 12:40:00,585 WARN  Meta_Master_Code - 156 - Link is disabled
2025-07-10 12:40:00,695 INFO  Meta_Master_Code - 157 - Data written successfully.
2025-07-10 12:40:00,818 INFO  Meta_Master_Code - 158 - Data written successfully.
2025-07-10 12:40:00,933 INFO  Meta_Master_Code - 159 - Data written successfully.
2025-07-10 12:40:01,056 INFO  Meta_Master_Code - 160 - Data written successfully.
2025-07-10 12:40:01,144 WARN  Meta_Master_Code - 161 - Link is disabled
2025-07-10 12:40:01,243 INFO  Meta_Master_Code - 162 - Data written successfully.
2025-07-10 12:40:01,369 INFO  Meta_Master_Code - 163 - Data written successfully.
2025-07-10 12:40:01,472 INFO  Meta_Master_Code - 164 - Data written successfully.
2025-07-10 12:40:01,603 INFO  Meta_Master_Code - 165 - Data written successfully.
2025-07-10 12:40:01,734 INFO  Meta_Master_Code - 166 - Data written successfully.
2025-07-10 12:40:01,876 INFO  Meta_Master_Code - 167 - Data written successfully.
2025-07-10 12:40:02,013 INFO  Meta_Master_Code - 168 - Data written successfully.
2025-07-10 12:40:02,092 WARN  Meta_Master_Code - 169 - Link is disabled
2025-07-10 12:40:02,236 INFO  Meta_Master_Code - 170 - Data written successfully.
2025-07-10 12:40:02,244 INFO  Meta_Master_Code - Excel file has sheets, not deleted.
2025-07-10 12:40:02,260 INFO  Meta_Master_Code - 2025.07.10.12.18.29-India- New sheet - Excel file created successfully!
2025-07-10 12:40:05,330 INFO  Meta_Master_Code - 0-The downloads Count is -1000
2025-07-10 12:40:05,349 INFO  Meta_Master_Code - 0No Rating is Given
2025-07-10 12:40:05,385 INFO  Meta_Master_Code - Data written successfully: https://play.google.com/store/apps/details?id=com.ghastep
2025-07-10 12:40:05,465 INFO  Meta_Master_Code - Data Written in Mastersheet - https://play.google.com/store/apps/details?id=com.ghastep
2025-07-10 12:40:05,491 INFO  Meta_Master_Code - Data written at row index: 0
2025-07-10 12:40:05,520 INFO  Meta_Master_Code - 0 - link in written
2025-07-10 12:40:07,421 INFO  Meta_Master_Code - 1-The downloads Count is -10000000
2025-07-10 12:40:07,421 INFO  Meta_Master_Code - 1 - The Downloads is more than 1M
2025-07-10 12:40:08,884 INFO  Meta_Master_Code - 2-The downloads Count is -10000000
2025-07-10 12:40:08,884 INFO  Meta_Master_Code - 2 - The Downloads is more than 1M
2025-07-10 12:40:10,440 INFO  Meta_Master_Code - 3-The downloads Count is -10000000
2025-07-10 12:40:10,440 INFO  Meta_Master_Code - 3 - The Downloads is more than 1M
2025-07-10 12:40:12,024 INFO  Meta_Master_Code - 4-The downloads Count is -10000000
2025-07-10 12:40:12,025 INFO  Meta_Master_Code - 4 - The Downloads is more than 1M
2025-07-10 12:40:13,362 INFO  Meta_Master_Code - 5-The downloads Count is -10000000
2025-07-10 12:40:13,362 INFO  Meta_Master_Code - 5 - The Downloads is more than 1M
2025-07-10 12:40:14,655 INFO  Meta_Master_Code - 6-The downloads Count is -10000000
2025-07-10 12:40:14,655 INFO  Meta_Master_Code - 6 - The Downloads is more than 1M
2025-07-10 12:40:15,967 INFO  Meta_Master_Code - 7-The downloads Count is -10000000
2025-07-10 12:40:15,967 INFO  Meta_Master_Code - 7 - The Downloads is more than 1M
2025-07-10 12:40:17,239 INFO  Meta_Master_Code - 8-The downloads Count is -10000000
2025-07-10 12:40:17,239 INFO  Meta_Master_Code - 8 - The Downloads is more than 1M
2025-07-10 12:40:18,563 INFO  Meta_Master_Code - 9-The downloads Count is -10000000
2025-07-10 12:40:18,564 INFO  Meta_Master_Code - 9 - The Downloads is more than 1M
2025-07-10 12:40:19,900 INFO  Meta_Master_Code - 10-The downloads Count is -10000000
2025-07-10 12:40:19,900 INFO  Meta_Master_Code - 10 - The Downloads is more than 1M
2025-07-10 12:40:21,245 INFO  Meta_Master_Code - 11-The downloads Count is -10000000
2025-07-10 12:40:21,245 INFO  Meta_Master_Code - 11 - The Downloads is more than 1M
2025-07-10 12:40:22,547 INFO  Meta_Master_Code - 12-The downloads Count is -10000000
2025-07-10 12:40:22,547 INFO  Meta_Master_Code - 12 - The Downloads is more than 1M
2025-07-10 12:40:23,862 INFO  Meta_Master_Code - 13-The downloads Count is -10000000
2025-07-10 12:40:23,862 INFO  Meta_Master_Code - 13 - The Downloads is more than 1M
2025-07-10 12:40:25,205 INFO  Meta_Master_Code - 14-The downloads Count is -10000000
2025-07-10 12:40:25,206 INFO  Meta_Master_Code - 14 - The Downloads is more than 1M
2025-07-10 12:40:26,559 INFO  Meta_Master_Code - 15-The downloads Count is -10000000
2025-07-10 12:40:26,559 INFO  Meta_Master_Code - 15 - The Downloads is more than 1M
2025-07-10 12:40:27,815 INFO  Meta_Master_Code - 16-The downloads Count is -10000000
2025-07-10 12:40:27,815 INFO  Meta_Master_Code - 16 - The Downloads is more than 1M
2025-07-10 12:40:29,121 INFO  Meta_Master_Code - 17-The downloads Count is -10000000
2025-07-10 12:40:29,121 INFO  Meta_Master_Code - 17 - The Downloads is more than 1M
2025-07-10 12:40:30,452 INFO  Meta_Master_Code - 18-The downloads Count is -10000000
2025-07-10 12:40:30,452 INFO  Meta_Master_Code - 18 - The Downloads is more than 1M
2025-07-10 12:40:31,744 INFO  Meta_Master_Code - 19-The downloads Count is -10000000
2025-07-10 12:40:31,744 INFO  Meta_Master_Code - 19 - The Downloads is more than 1M
2025-07-10 12:40:33,061 INFO  Meta_Master_Code - 20-The downloads Count is -10000000
2025-07-10 12:40:33,061 INFO  Meta_Master_Code - 20 - The Downloads is more than 1M
2025-07-10 12:40:34,487 INFO  Meta_Master_Code - 21-The downloads Count is -10000000
2025-07-10 12:40:34,487 INFO  Meta_Master_Code - 21 - The Downloads is more than 1M
2025-07-10 12:40:35,882 INFO  Meta_Master_Code - 22-The downloads Count is -10000000
2025-07-10 12:40:35,882 INFO  Meta_Master_Code - 22 - The Downloads is more than 1M
2025-07-10 12:40:37,242 INFO  Meta_Master_Code - 23-The downloads Count is -10000000
2025-07-10 12:40:37,242 INFO  Meta_Master_Code - 23 - The Downloads is more than 1M
2025-07-10 12:40:38,526 INFO  Meta_Master_Code - 24-The downloads Count is -10000000
2025-07-10 12:40:38,526 INFO  Meta_Master_Code - 24 - The Downloads is more than 1M
2025-07-10 12:40:39,807 INFO  Meta_Master_Code - 25-The downloads Count is -10000000
2025-07-10 12:40:39,807 INFO  Meta_Master_Code - 25 - The Downloads is more than 1M
2025-07-10 12:40:41,053 INFO  Meta_Master_Code - 26-The downloads Count is -10000000
2025-07-10 12:40:41,053 INFO  Meta_Master_Code - 26 - The Downloads is more than 1M
2025-07-10 12:40:42,422 INFO  Meta_Master_Code - 27-The downloads Count is -1000000
2025-07-10 12:40:42,423 INFO  Meta_Master_Code - 27 - The Downloads is more than 1M
2025-07-10 12:40:43,726 INFO  Meta_Master_Code - 28-The downloads Count is -50000000
2025-07-10 12:40:43,726 INFO  Meta_Master_Code - 28 - The Downloads is more than 1M
2025-07-10 12:40:46,413 INFO  Meta_Master_Code - 29 - The link is App store or other site
2025-07-10 12:40:47,796 INFO  Meta_Master_Code - 30-The downloads Count is -1000
2025-07-10 12:40:47,816 INFO  Meta_Master_Code - 30No Rating is Given
2025-07-10 12:40:47,847 INFO  Meta_Master_Code - Data written successfully: https://play.google.com/store/apps/details?id=com.faceplus.faceeditor.naturalbeauty
2025-07-10 12:40:47,889 INFO  Meta_Master_Code - Data Written in Mastersheet - https://play.google.com/store/apps/details?id=com.faceplus.faceeditor.naturalbeauty
2025-07-10 12:40:47,930 INFO  Meta_Master_Code - Data written at row index: 1
2025-07-10 12:40:47,948 INFO  Meta_Master_Code - 30 - link in written
2025-07-10 12:40:49,273 INFO  Meta_Master_Code - 31-The downloads Count is -100000
2025-07-10 12:40:49,300 INFO  Meta_Master_Code - Parsed rating: 4.4
2025-07-10 12:40:49,353 INFO  Meta_Master_Code - Data written successfully: https://play.google.com/store/apps/details?id=com.alnico.sangathan.app
2025-07-10 12:40:49,382 INFO  Meta_Master_Code - Data Written in Mastersheet - https://play.google.com/store/apps/details?id=com.alnico.sangathan.app
2025-07-10 12:40:49,452 INFO  Meta_Master_Code - Data written at row index: 2
2025-07-10 12:40:49,474 INFO  Meta_Master_Code - The rating is less than 4.5
2025-07-10 12:40:49,474 INFO  Meta_Master_Code - 31 - link in written
2025-07-10 12:40:50,772 INFO  Meta_Master_Code - 32-The downloads Count is -100000
2025-07-10 12:40:50,795 INFO  Meta_Master_Code - Parsed rating: 4.4
2025-07-10 12:40:50,817 INFO  Meta_Master_Code - Duplicate entry skipped: https://play.google.com/store/apps/details?id=com.alnico.sangathan.app
2025-07-10 12:40:50,848 INFO  Meta_Master_Code - Duplicate entry in the Mastersheet
2025-07-10 12:40:50,865 INFO  Meta_Master_Code - The rating is less than 4.5
2025-07-10 12:40:50,865 INFO  Meta_Master_Code - 32 - link in written
2025-07-10 12:40:52,189 INFO  Meta_Master_Code - 33-The downloads Count is -500000
2025-07-10 12:40:52,214 INFO  Meta_Master_Code - Parsed rating: 4.3
2025-07-10 12:40:52,247 INFO  Meta_Master_Code - Data written successfully: https://play.google.com/store/apps/details?id=com.lift.android.app
2025-07-10 12:40:52,281 INFO  Meta_Master_Code - Data Written in Mastersheet - https://play.google.com/store/apps/details?id=com.lift.android.app
2025-07-10 12:40:52,334 INFO  Meta_Master_Code - Data written at row index: 3
2025-07-10 12:40:52,351 INFO  Meta_Master_Code - The rating is less than 4.5
2025-07-10 12:40:52,351 INFO  Meta_Master_Code - 33 - link in written
2025-07-10 12:40:53,700 INFO  Meta_Master_Code - 34-The downloads Count is -100000
2025-07-10 12:40:53,738 INFO  Meta_Master_Code - Parsed rating: 4.7
2025-07-10 12:40:53,738 INFO  Meta_Master_Code - 34 - The Rating Count is Greater than 4.5
2025-07-10 12:40:55,425 INFO  Meta_Master_Code - 35-The downloads Count is -100000
2025-07-10 12:40:55,463 INFO  Meta_Master_Code - Parsed rating: 4.7
2025-07-10 12:40:55,463 INFO  Meta_Master_Code - 35 - The Rating Count is Greater than 4.5
2025-07-10 12:40:56,830 INFO  Meta_Master_Code - 36-The downloads Count is -1000000
2025-07-10 12:40:56,830 INFO  Meta_Master_Code - 36 - The Downloads is more than 1M
2025-07-10 12:40:58,455 INFO  Meta_Master_Code - 37-The downloads Count is -1000000
2025-07-10 12:40:58,455 INFO  Meta_Master_Code - 37 - The Downloads is more than 1M
2025-07-10 12:40:59,839 INFO  Meta_Master_Code - 38-The downloads Count is -1000000
2025-07-10 12:40:59,839 INFO  Meta_Master_Code - 38 - The Downloads is more than 1M
2025-07-10 12:41:01,511 INFO  Meta_Master_Code - 39-The downloads Count is -1000000
2025-07-10 12:41:01,511 INFO  Meta_Master_Code - 39 - The Downloads is more than 1M
2025-07-10 12:41:02,908 INFO  Meta_Master_Code - 40-The downloads Count is -1000000
2025-07-10 12:41:02,908 INFO  Meta_Master_Code - 40 - The Downloads is more than 1M
2025-07-10 12:41:04,263 INFO  Meta_Master_Code - 41-The downloads Count is -1000000
2025-07-10 12:41:04,263 INFO  Meta_Master_Code - 41 - The Downloads is more than 1M
2025-07-10 12:41:05,617 INFO  Meta_Master_Code - 42-The downloads Count is -100000
2025-07-10 12:41:05,642 INFO  Meta_Master_Code - Parsed rating: 4.6
2025-07-10 12:41:05,642 INFO  Meta_Master_Code - 42 - The Rating Count is Greater than 4.5
2025-07-10 12:41:07,205 INFO  Meta_Master_Code - 43-The downloads Count is -100000
2025-07-10 12:41:07,249 INFO  Meta_Master_Code - Parsed rating: 4.6
2025-07-10 12:41:07,249 INFO  Meta_Master_Code - 43 - The Rating Count is Greater than 4.5
2025-07-10 12:41:09,344 INFO  Meta_Master_Code - 44-The downloads Count is -1000000
2025-07-10 12:41:09,344 INFO  Meta_Master_Code - 44 - The Downloads is more than 1M
2025-07-10 12:41:10,759 INFO  Meta_Master_Code - 45-The downloads Count is -1000000
2025-07-10 12:41:10,759 INFO  Meta_Master_Code - 45 - The Downloads is more than 1M
2025-07-10 12:41:12,131 INFO  Meta_Master_Code - 46-The downloads Count is -100000
2025-07-10 12:41:12,155 INFO  Meta_Master_Code - Parsed rating: 4.7
2025-07-10 12:41:12,155 INFO  Meta_Master_Code - 46 - The Rating Count is Greater than 4.5
2025-07-10 12:41:13,890 INFO  Meta_Master_Code - 47-The downloads Count is -10000000
2025-07-10 12:41:13,890 INFO  Meta_Master_Code - 47 - The Downloads is more than 1M
2025-07-10 12:41:16,937 INFO  Meta_Master_Code - 48 - The link is App store or other site
2025-07-10 12:41:18,519 INFO  Meta_Master_Code - 49 - The link is App store or other site
2025-07-10 12:41:20,091 INFO  Meta_Master_Code - 50-The downloads Count is -100000
2025-07-10 12:41:20,119 INFO  Meta_Master_Code - Parsed rating: 4.7
2025-07-10 12:41:20,119 INFO  Meta_Master_Code - 50 - The Rating Count is Greater than 4.5
2025-07-10 12:41:21,770 INFO  Meta_Master_Code - 51-The downloads Count is -500000
2025-07-10 12:41:21,798 INFO  Meta_Master_Code - Parsed rating: 4.5
2025-07-10 12:41:21,825 INFO  Meta_Master_Code - Data written successfully: https://play.google.com/store/apps/details?id=com.melooha.app
2025-07-10 12:41:21,869 INFO  Meta_Master_Code - Data Written in Mastersheet - https://play.google.com/store/apps/details?id=com.melooha.app
2025-07-10 12:41:21,892 INFO  Meta_Master_Code - Data written at row index: 4
2025-07-10 12:41:21,968 INFO  Meta_Master_Code - The rating is less than 4.5
2025-07-10 12:41:21,968 INFO  Meta_Master_Code - 51 - link in written
2025-07-10 12:41:23,621 INFO  Meta_Master_Code - 52-The downloads Count is -50000000
2025-07-10 12:41:23,621 INFO  Meta_Master_Code - 52 - The Downloads is more than 1M
2025-07-10 12:41:24,962 INFO  Meta_Master_Code - 53-The downloads Count is -50000000
2025-07-10 12:41:24,962 INFO  Meta_Master_Code - 53 - The Downloads is more than 1M
2025-07-10 12:41:26,302 INFO  Meta_Master_Code - 54-The downloads Count is -500000
2025-07-10 12:41:26,324 INFO  Meta_Master_Code - Parsed rating: 4.5
2025-07-10 12:41:26,338 INFO  Meta_Master_Code - Duplicate entry skipped: https://play.google.com/store/apps/details?id=com.melooha.app
2025-07-10 12:41:26,362 INFO  Meta_Master_Code - Duplicate entry in the Mastersheet
2025-07-10 12:41:26,377 INFO  Meta_Master_Code - The rating is less than 4.5
2025-07-10 12:41:26,377 INFO  Meta_Master_Code - 54 - link in written
2025-07-10 12:41:27,632 INFO  Meta_Master_Code - 55-The downloads Count is -500000
2025-07-10 12:41:27,659 INFO  Meta_Master_Code - Parsed rating: 4.5
2025-07-10 12:41:27,674 INFO  Meta_Master_Code - Duplicate entry skipped: https://play.google.com/store/apps/details?id=com.melooha.app
2025-07-10 12:41:27,696 INFO  Meta_Master_Code - Duplicate entry in the Mastersheet
2025-07-10 12:41:27,715 INFO  Meta_Master_Code - The rating is less than 4.5
2025-07-10 12:41:27,715 INFO  Meta_Master_Code - 55 - link in written
2025-07-10 12:41:29,062 INFO  Meta_Master_Code - 56-The downloads Count is -1000000
2025-07-10 12:41:29,063 INFO  Meta_Master_Code - 56 - The Downloads is more than 1M
2025-07-10 12:41:31,508 INFO  Meta_Master_Code - 57-The downloads Count is -500000
2025-07-10 12:41:31,519 INFO  Meta_Master_Code - 57No Rating is Given
2025-07-10 12:41:31,537 INFO  Meta_Master_Code - Data written successfully: https://play.google.com/store/apps/details?id=glip.studio.btx.android
2025-07-10 12:41:31,550 INFO  Meta_Master_Code - Data Written in Mastersheet - https://play.google.com/store/apps/details?id=glip.studio.btx.android
2025-07-10 12:41:31,566 INFO  Meta_Master_Code - Data written at row index: 5
2025-07-10 12:41:31,575 INFO  Meta_Master_Code - 57 - link in written
2025-07-10 12:41:33,047 INFO  Meta_Master_Code - 58-The downloads Count is -50000
2025-07-10 12:41:33,059 INFO  Meta_Master_Code - 58No Rating is Given
2025-07-10 12:41:33,080 INFO  Meta_Master_Code - Data written successfully: https://play.google.com/store/apps/details?id=com.photomusics.slideshow.videoeditor.videomaker
2025-07-10 12:41:33,095 INFO  Meta_Master_Code - Data Written in Mastersheet - https://play.google.com/store/apps/details?id=com.photomusics.slideshow.videoeditor.videomaker
2025-07-10 12:41:33,112 INFO  Meta_Master_Code - Data written at row index: 6
2025-07-10 12:41:33,124 INFO  Meta_Master_Code - 58 - link in written
2025-07-10 12:41:34,596 INFO  Meta_Master_Code - 59-The downloads Count is -50
2025-07-10 12:41:34,617 INFO  Meta_Master_Code - 59No Rating is Given
2025-07-10 12:41:34,648 INFO  Meta_Master_Code - Data written successfully: https://play.google.com/store/apps/details?id=com.borgavakar.localpulse
2025-07-10 12:41:34,677 INFO  Meta_Master_Code - Data Written in Mastersheet - https://play.google.com/store/apps/details?id=com.borgavakar.localpulse
2025-07-10 12:41:34,699 INFO  Meta_Master_Code - Data written at row index: 7
2025-07-10 12:41:34,731 INFO  Meta_Master_Code - 59 - link in written
2025-07-10 12:41:36,216 INFO  Meta_Master_Code - 60-The downloads Count is -50000
2025-07-10 12:41:36,243 INFO  Meta_Master_Code - Parsed rating: 4.4
2025-07-10 12:41:36,272 INFO  Meta_Master_Code - Data written successfully: https://play.google.com/store/apps/details?id=com.app.scorescan.android
2025-07-10 12:41:36,298 INFO  Meta_Master_Code - Data Written in Mastersheet - https://play.google.com/store/apps/details?id=com.app.scorescan.android
2025-07-10 12:41:36,330 INFO  Meta_Master_Code - Data written at row index: 8
2025-07-10 12:41:36,356 INFO  Meta_Master_Code - The rating is less than 4.5
2025-07-10 12:41:36,356 INFO  Meta_Master_Code - 60 - link in written
2025-07-10 12:41:37,887 INFO  Meta_Master_Code - 61-The downloads Count is -500000
2025-07-10 12:41:37,916 INFO  Meta_Master_Code - Parsed rating: 3.8
2025-07-10 12:41:37,946 INFO  Meta_Master_Code - Data written successfully: https://play.google.com/store/apps/details?id=com.funnyapp4u.healthy.bloodpressure
2025-07-10 12:41:37,980 INFO  Meta_Master_Code - Data Written in Mastersheet - https://play.google.com/store/apps/details?id=com.funnyapp4u.healthy.bloodpressure
2025-07-10 12:41:38,004 INFO  Meta_Master_Code - Data written at row index: 9
2025-07-10 12:41:38,049 INFO  Meta_Master_Code - The rating is less than 4.5
2025-07-10 12:41:38,049 INFO  Meta_Master_Code - 61 - link in written
2025-07-10 12:41:39,496 INFO  Meta_Master_Code - 62-The downloads Count is -500000
2025-07-10 12:41:39,526 INFO  Meta_Master_Code - Parsed rating: 3.8
2025-07-10 12:41:39,538 INFO  Meta_Master_Code - Duplicate entry skipped: https://play.google.com/store/apps/details?id=com.funnyapp4u.healthy.bloodpressure
2025-07-10 12:41:39,560 INFO  Meta_Master_Code - Duplicate entry in the Mastersheet
2025-07-10 12:41:39,576 INFO  Meta_Master_Code - The rating is less than 4.5
2025-07-10 12:41:39,576 INFO  Meta_Master_Code - 62 - link in written
2025-07-10 12:41:40,915 INFO  Meta_Master_Code - 63-The downloads Count is -500000
2025-07-10 12:41:40,941 INFO  Meta_Master_Code - Parsed rating: 3.8
2025-07-10 12:41:40,957 INFO  Meta_Master_Code - Duplicate entry skipped: https://play.google.com/store/apps/details?id=com.funnyapp4u.healthy.bloodpressure
2025-07-10 12:41:40,980 INFO  Meta_Master_Code - Duplicate entry in the Mastersheet
2025-07-10 12:41:41,006 INFO  Meta_Master_Code - The rating is less than 4.5
2025-07-10 12:41:41,006 INFO  Meta_Master_Code - 63 - link in written
2025-07-10 12:41:42,576 INFO  Meta_Master_Code - 64-The downloads Count is -500000
2025-07-10 12:41:42,606 INFO  Meta_Master_Code - Parsed rating: 3.8
2025-07-10 12:41:42,623 INFO  Meta_Master_Code - Duplicate entry skipped: https://play.google.com/store/apps/details?id=com.funnyapp4u.healthy.bloodpressure
2025-07-10 12:41:42,638 INFO  Meta_Master_Code - Duplicate entry in the Mastersheet
2025-07-10 12:41:42,655 INFO  Meta_Master_Code - The rating is less than 4.5
2025-07-10 12:41:42,655 INFO  Meta_Master_Code - 64 - link in written
2025-07-10 12:41:44,000 INFO  Meta_Master_Code - 65-The downloads Count is -500000
2025-07-10 12:41:44,026 INFO  Meta_Master_Code - Parsed rating: 3.8
2025-07-10 12:41:44,038 INFO  Meta_Master_Code - Duplicate entry skipped: https://play.google.com/store/apps/details?id=com.funnyapp4u.healthy.bloodpressure
2025-07-10 12:41:44,059 INFO  Meta_Master_Code - Duplicate entry in the Mastersheet
2025-07-10 12:41:44,081 INFO  Meta_Master_Code - The rating is less than 4.5
2025-07-10 12:41:44,081 INFO  Meta_Master_Code - 65 - link in written
2025-07-10 12:41:45,653 INFO  Meta_Master_Code - 66-The downloads Count is -10000000
2025-07-10 12:41:45,653 INFO  Meta_Master_Code - 66 - The Downloads is more than 1M
2025-07-10 12:41:47,097 INFO  Meta_Master_Code - 67-The downloads Count is -10000000
2025-07-10 12:41:47,097 INFO  Meta_Master_Code - 67 - The Downloads is more than 1M
2025-07-10 12:41:48,478 INFO  Meta_Master_Code - 68-The downloads Count is -10000000
2025-07-10 12:41:48,478 INFO  Meta_Master_Code - 68 - The Downloads is more than 1M
2025-07-10 12:41:49,773 INFO  Meta_Master_Code - 69-The downloads Count is -1000000
2025-07-10 12:41:49,773 INFO  Meta_Master_Code - 69 - The Downloads is more than 1M
2025-07-10 12:41:51,187 INFO  Meta_Master_Code - 70-The downloads Count is -1000
2025-07-10 12:41:51,202 INFO  Meta_Master_Code - 70No Rating is Given
2025-07-10 12:41:51,233 INFO  Meta_Master_Code - Data written successfully: https://play.google.com/store/apps/details?id=com.astrotez.app
2025-07-10 12:41:51,252 INFO  Meta_Master_Code - Data Written in Mastersheet - https://play.google.com/store/apps/details?id=com.astrotez.app
2025-07-10 12:41:51,285 INFO  Meta_Master_Code - Data written at row index: 10
2025-07-10 12:41:51,313 INFO  Meta_Master_Code - 70 - link in written
2025-07-10 12:41:53,482 INFO  Meta_Master_Code - 71-The downloads Count is -1000000
2025-07-10 12:41:53,482 INFO  Meta_Master_Code - 71 - The Downloads is more than 1M
2025-07-10 12:41:56,075 INFO  Meta_Master_Code - 72-The downloads Count is -1000
2025-07-10 12:41:56,093 INFO  Meta_Master_Code - 72No Rating is Given
2025-07-10 12:41:56,126 INFO  Meta_Master_Code - Data written successfully: https://play.google.com/store/apps/details?id=com.softswing.fluffyflip
2025-07-10 12:41:56,156 INFO  Meta_Master_Code - Data Written in Mastersheet - https://play.google.com/store/apps/details?id=com.softswing.fluffyflip
2025-07-10 12:41:56,188 INFO  Meta_Master_Code - Data written at row index: 11
2025-07-10 12:41:56,211 INFO  Meta_Master_Code - 72 - link in written
2025-07-10 12:41:57,852 INFO  Meta_Master_Code - 73-The downloads Count is -100000
2025-07-10 12:41:57,925 INFO  Meta_Master_Code - 73No Rating is Given
2025-07-10 12:41:57,951 INFO  Meta_Master_Code - Data written successfully: https://play.google.com/store/apps/details?id=com.reel.drama.downloader
2025-07-10 12:41:57,981 INFO  Meta_Master_Code - Data Written in Mastersheet - https://play.google.com/store/apps/details?id=com.reel.drama.downloader
2025-07-10 12:41:58,009 INFO  Meta_Master_Code - Data written at row index: 12
2025-07-10 12:41:58,036 INFO  Meta_Master_Code - 73 - link in written
2025-07-10 12:41:59,485 INFO  Meta_Master_Code - 74-The downloads Count is -100000
2025-07-10 12:41:59,502 INFO  Meta_Master_Code - 74No Rating is Given
2025-07-10 12:41:59,515 INFO  Meta_Master_Code - Duplicate entry skipped: https://play.google.com/store/apps/details?id=com.reel.drama.downloader
2025-07-10 12:41:59,530 INFO  Meta_Master_Code - Duplicate entry in the Mastersheet
2025-07-10 12:41:59,553 INFO  Meta_Master_Code - 74 - link in written
2025-07-10 12:42:00,877 INFO  Meta_Master_Code - 75-The downloads Count is -100000
2025-07-10 12:42:00,894 INFO  Meta_Master_Code - 75No Rating is Given
2025-07-10 12:42:00,907 INFO  Meta_Master_Code - Duplicate entry skipped: https://play.google.com/store/apps/details?id=com.reel.drama.downloader
2025-07-10 12:42:00,926 INFO  Meta_Master_Code - Duplicate entry in the Mastersheet
2025-07-10 12:42:00,944 INFO  Meta_Master_Code - 75 - link in written
2025-07-10 12:42:02,190 INFO  Meta_Master_Code - 76-The downloads Count is -1000000
2025-07-10 12:42:02,190 INFO  Meta_Master_Code - 76 - The Downloads is more than 1M
2025-07-10 12:42:03,603 INFO  Meta_Master_Code - 77-The downloads Count is -10000
2025-07-10 12:42:03,633 INFO  Meta_Master_Code - Parsed rating: 4.1
2025-07-10 12:42:03,657 INFO  Meta_Master_Code - Data written successfully: https://play.google.com/store/apps/details?id=com.storydek.entertainment
2025-07-10 12:42:03,682 INFO  Meta_Master_Code - Data Written in Mastersheet - https://play.google.com/store/apps/details?id=com.storydek.entertainment
2025-07-10 12:42:03,710 INFO  Meta_Master_Code - Data written at row index: 13
2025-07-10 12:42:03,726 INFO  Meta_Master_Code - The rating is less than 4.5
2025-07-10 12:42:03,726 INFO  Meta_Master_Code - 77 - link in written
2025-07-10 12:42:05,152 INFO  Meta_Master_Code - 78-The downloads Count is -10000000
2025-07-10 12:42:05,152 INFO  Meta_Master_Code - 78 - The Downloads is more than 1M
2025-07-10 12:42:06,524 INFO  Meta_Master_Code - 79-The downloads Count is -5000000
2025-07-10 12:42:06,524 INFO  Meta_Master_Code - 79 - The Downloads is more than 1M
2025-07-10 12:42:08,081 INFO  Meta_Master_Code - 80-The downloads Count is -5000000
2025-07-10 12:42:08,081 INFO  Meta_Master_Code - 80 - The Downloads is more than 1M
2025-07-10 12:42:09,580 INFO  Meta_Master_Code - 81-The downloads Count is -5000000
2025-07-10 12:42:09,580 INFO  Meta_Master_Code - 81 - The Downloads is more than 1M
2025-07-10 12:42:11,012 INFO  Meta_Master_Code - 82-The downloads Count is -5000000
2025-07-10 12:42:11,012 INFO  Meta_Master_Code - 82 - The Downloads is more than 1M
2025-07-10 12:42:12,203 INFO  Meta_Master_Code - 83-The downloads Count is -1000000
2025-07-10 12:42:12,203 INFO  Meta_Master_Code - 83 - The Downloads is more than 1M
2025-07-10 12:42:13,605 INFO  Meta_Master_Code - 84-The downloads Count is -100000
2025-07-10 12:42:13,622 INFO  Meta_Master_Code - Parsed rating: 3.8
2025-07-10 12:42:13,639 INFO  Meta_Master_Code - Data written successfully: https://play.google.com/store/apps/details?id=com.hdvideox.videoplayer
2025-07-10 12:42:13,650 INFO  Meta_Master_Code - Data Written in Mastersheet - https://play.google.com/store/apps/details?id=com.hdvideox.videoplayer
2025-07-10 12:42:13,666 INFO  Meta_Master_Code - Data written at row index: 14
2025-07-10 12:42:13,675 INFO  Meta_Master_Code - The rating is less than 4.5
2025-07-10 12:42:13,675 INFO  Meta_Master_Code - 84 - link in written
2025-07-10 12:42:15,037 INFO  Meta_Master_Code - 85-The downloads Count is -100000
2025-07-10 12:42:15,063 INFO  Meta_Master_Code - Parsed rating: 3.8
2025-07-10 12:42:15,079 INFO  Meta_Master_Code - Duplicate entry skipped: https://play.google.com/store/apps/details?id=com.hdvideox.videoplayer
2025-07-10 12:42:15,101 INFO  Meta_Master_Code - Duplicate entry in the Mastersheet
2025-07-10 12:42:15,115 INFO  Meta_Master_Code - The rating is less than 4.5
2025-07-10 12:42:15,115 INFO  Meta_Master_Code - 85 - link in written
2025-07-10 12:42:16,364 INFO  Meta_Master_Code - 86-The downloads Count is -100000
2025-07-10 12:42:16,390 INFO  Meta_Master_Code - Parsed rating: 3.8
2025-07-10 12:42:16,405 INFO  Meta_Master_Code - Duplicate entry skipped: https://play.google.com/store/apps/details?id=com.hdvideox.videoplayer
2025-07-10 12:42:16,422 INFO  Meta_Master_Code - Duplicate entry in the Mastersheet
2025-07-10 12:42:16,458 INFO  Meta_Master_Code - The rating is less than 4.5
2025-07-10 12:42:16,458 INFO  Meta_Master_Code - 86 - link in written
2025-07-10 12:42:17,811 INFO  Meta_Master_Code - 87-The downloads Count is -100000
2025-07-10 12:42:17,834 INFO  Meta_Master_Code - Parsed rating: 3.8
2025-07-10 12:42:17,846 INFO  Meta_Master_Code - Duplicate entry skipped: https://play.google.com/store/apps/details?id=com.hdvideox.videoplayer
2025-07-10 12:42:17,861 INFO  Meta_Master_Code - Duplicate entry in the Mastersheet
2025-07-10 12:42:17,879 INFO  Meta_Master_Code - The rating is less than 4.5
2025-07-10 12:42:17,879 INFO  Meta_Master_Code - 87 - link in written
2025-07-10 12:42:19,186 INFO  Meta_Master_Code - 88-The downloads Count is -100000
2025-07-10 12:42:19,214 INFO  Meta_Master_Code - Parsed rating: 3.8
2025-07-10 12:42:19,227 INFO  Meta_Master_Code - Duplicate entry skipped: https://play.google.com/store/apps/details?id=com.hdvideox.videoplayer
2025-07-10 12:42:19,244 INFO  Meta_Master_Code - Duplicate entry in the Mastersheet
2025-07-10 12:42:19,262 INFO  Meta_Master_Code - The rating is less than 4.5
2025-07-10 12:42:19,262 INFO  Meta_Master_Code - 88 - link in written
2025-07-10 12:42:20,714 INFO  Meta_Master_Code - 89-The downloads Count is -100000
2025-07-10 12:42:20,740 INFO  Meta_Master_Code - Parsed rating: 3.8
2025-07-10 12:42:20,753 INFO  Meta_Master_Code - Duplicate entry skipped: https://play.google.com/store/apps/details?id=com.hdvideox.videoplayer
2025-07-10 12:42:20,773 INFO  Meta_Master_Code - Duplicate entry in the Mastersheet
2025-07-10 12:42:20,797 INFO  Meta_Master_Code - The rating is less than 4.5
2025-07-10 12:42:20,797 INFO  Meta_Master_Code - 89 - link in written
2025-07-10 12:42:22,136 INFO  Meta_Master_Code - 90-The downloads Count is -100000
2025-07-10 12:42:22,163 INFO  Meta_Master_Code - Parsed rating: 3.8
2025-07-10 12:42:22,181 INFO  Meta_Master_Code - Duplicate entry skipped: https://play.google.com/store/apps/details?id=com.hdvideox.videoplayer
2025-07-10 12:42:22,197 INFO  Meta_Master_Code - Duplicate entry in the Mastersheet
2025-07-10 12:42:22,225 INFO  Meta_Master_Code - The rating is less than 4.5
2025-07-10 12:42:22,226 INFO  Meta_Master_Code - 90 - link in written
2025-07-10 12:42:23,505 INFO  Meta_Master_Code - 91 - The link is App store or other site
2025-07-10 12:42:24,336 INFO  Meta_Master_Code - 92 - The link is App store or other site
2025-07-10 12:42:26,142 INFO  Meta_Master_Code - 93-The downloads Count is -10000
2025-07-10 12:42:26,169 INFO  Meta_Master_Code - Parsed rating: 4.6
2025-07-10 12:42:26,169 INFO  Meta_Master_Code - 93 - The Rating Count is Greater than 4.5
2025-07-10 12:42:27,449 INFO  Meta_Master_Code - 94-The downloads Count is -10000
2025-07-10 12:42:27,466 INFO  Meta_Master_Code - Parsed rating: 4.6
2025-07-10 12:42:27,466 INFO  Meta_Master_Code - 94 - The Rating Count is Greater than 4.5
2025-07-10 12:42:28,699 INFO  Meta_Master_Code - 95-The downloads Count is -1000000
2025-07-10 12:42:28,699 INFO  Meta_Master_Code - 95 - The Downloads is more than 1M
2025-07-10 12:42:29,892 INFO  Meta_Master_Code - 96-The downloads Count is -1000000
2025-07-10 12:42:29,892 INFO  Meta_Master_Code - 96 - The Downloads is more than 1M
2025-07-10 12:42:31,267 INFO  Meta_Master_Code - 97-The downloads Count is -100
2025-07-10 12:42:31,289 INFO  Meta_Master_Code - 97No Rating is Given
2025-07-10 12:42:31,320 INFO  Meta_Master_Code - Data written successfully: https://play.google.com/store/apps/details?id=org.blmamxs.gninds.svdy
2025-07-10 12:42:31,344 INFO  Meta_Master_Code - Data Written in Mastersheet - https://play.google.com/store/apps/details?id=org.blmamxs.gninds.svdy
2025-07-10 12:42:31,362 INFO  Meta_Master_Code - Data written at row index: 15
2025-07-10 12:42:31,377 INFO  Meta_Master_Code - 97 - link in written
2025-07-10 12:42:33,717 INFO  Meta_Master_Code - 98 - The link is App store or other site
2025-07-10 12:42:34,821 INFO  Meta_Master_Code - 99-The downloads Count is -1000000
2025-07-10 12:42:34,821 INFO  Meta_Master_Code - 99 - The Downloads is more than 1M
2025-07-10 12:42:35,967 INFO  Meta_Master_Code - 100-The downloads Count is -1000000
2025-07-10 12:42:35,967 INFO  Meta_Master_Code - 100 - The Downloads is more than 1M
2025-07-10 12:42:37,151 INFO  Meta_Master_Code - 101-The downloads Count is -1000000
2025-07-10 12:42:37,152 INFO  Meta_Master_Code - 101 - The Downloads is more than 1M
2025-07-10 12:42:38,436 INFO  Meta_Master_Code - 102-The downloads Count is -1000000
2025-07-10 12:42:38,436 INFO  Meta_Master_Code - 102 - The Downloads is more than 1M
2025-07-10 12:42:39,599 INFO  Meta_Master_Code - 103-The downloads Count is -1000000
2025-07-10 12:42:39,599 INFO  Meta_Master_Code - 103 - The Downloads is more than 1M
2025-07-10 12:42:40,745 INFO  Meta_Master_Code - 104-The downloads Count is -1000000
2025-07-10 12:42:40,745 INFO  Meta_Master_Code - 104 - The Downloads is more than 1M
2025-07-10 12:42:42,140 INFO  Meta_Master_Code - 105-The downloads Count is -1000000
2025-07-10 12:42:42,140 INFO  Meta_Master_Code - 105 - The Downloads is more than 1M
2025-07-10 12:42:43,281 INFO  Meta_Master_Code - 106-The downloads Count is -1000000
2025-07-10 12:42:43,282 INFO  Meta_Master_Code - 106 - The Downloads is more than 1M
2025-07-10 12:42:44,411 INFO  Meta_Master_Code - 107-The downloads Count is -1000000
2025-07-10 12:42:44,412 INFO  Meta_Master_Code - 107 - The Downloads is more than 1M
2025-07-10 12:42:45,508 INFO  Meta_Master_Code - 108-The downloads Count is -1000000
2025-07-10 12:42:45,508 INFO  Meta_Master_Code - 108 - The Downloads is more than 1M
2025-07-10 12:42:46,786 INFO  Meta_Master_Code - 109-The downloads Count is -1000000
2025-07-10 12:42:46,786 INFO  Meta_Master_Code - 109 - The Downloads is more than 1M
2025-07-10 12:42:47,905 INFO  Meta_Master_Code - 110-The downloads Count is -1000000
2025-07-10 12:42:47,905 INFO  Meta_Master_Code - 110 - The Downloads is more than 1M
2025-07-10 12:42:50,061 INFO  Meta_Master_Code - 111 - The link is App store or other site
2025-07-10 12:42:51,484 INFO  Meta_Master_Code - 112 - The link is App store or other site
2025-07-10 12:42:52,845 INFO  Meta_Master_Code - 113 - The link is App store or other site
2025-07-10 12:42:54,210 INFO  Meta_Master_Code - 114 - The link is App store or other site
2025-07-10 12:42:55,596 INFO  Meta_Master_Code - 115 - The link is App store or other site
2025-07-10 12:42:57,022 INFO  Meta_Master_Code - 116 - The link is App store or other site
2025-07-10 12:42:58,509 INFO  Meta_Master_Code - 117 - The link is App store or other site
2025-07-10 12:42:59,894 INFO  Meta_Master_Code - 118 - The link is App store or other site
2025-07-10 12:43:01,218 INFO  Meta_Master_Code - 119 - The link is App store or other site
2025-07-10 12:43:02,697 INFO  Meta_Master_Code - 120 - The link is App store or other site
2025-07-10 12:43:04,059 INFO  Meta_Master_Code - 121 - The link is App store or other site
2025-07-10 12:43:05,196 INFO  Meta_Master_Code - 122-The downloads Count is -50000000
2025-07-10 12:43:05,196 INFO  Meta_Master_Code - 122 - The Downloads is more than 1M
2025-07-10 12:43:06,331 INFO  Meta_Master_Code - 123-The downloads Count is -50000000
2025-07-10 12:43:06,331 INFO  Meta_Master_Code - 123 - The Downloads is more than 1M
2025-07-10 12:43:07,772 INFO  Meta_Master_Code - 124-The downloads Count is -100000
2025-07-10 12:43:07,784 INFO  Meta_Master_Code - 124No Rating is Given
2025-07-10 12:43:07,803 INFO  Meta_Master_Code - Data written successfully: https://play.google.com/store/apps/details?id=mt.driving.satelliteview.maps
2025-07-10 12:43:07,814 INFO  Meta_Master_Code - Data Written in Mastersheet - https://play.google.com/store/apps/details?id=mt.driving.satelliteview.maps
2025-07-10 12:43:07,828 INFO  Meta_Master_Code - Data written at row index: 16
2025-07-10 12:43:07,840 INFO  Meta_Master_Code - 124 - link in written
2025-07-10 12:43:09,011 INFO  Meta_Master_Code - 125-The downloads Count is -100000000
2025-07-10 12:43:09,011 INFO  Meta_Master_Code - 125 - The Downloads is more than 1M
2025-07-10 12:43:10,154 INFO  Meta_Master_Code - 126-The downloads Count is -100000000
2025-07-10 12:43:10,154 INFO  Meta_Master_Code - 126 - The Downloads is more than 1M
2025-07-10 12:43:11,427 INFO  Meta_Master_Code - 127-The downloads Count is -100000000
2025-07-10 12:43:11,427 INFO  Meta_Master_Code - 127 - The Downloads is more than 1M
2025-07-10 12:43:12,840 INFO  Meta_Master_Code - 128 - The link is App store or other site
2025-07-10 12:43:13,998 INFO  Meta_Master_Code - 129-The downloads Count is -500000
2025-07-10 12:43:14,009 INFO  Meta_Master_Code - 129No Rating is Given
2025-07-10 12:43:14,029 INFO  Meta_Master_Code - Data written successfully: https://play.google.com/store/apps/details?id=com.tool.ffmpeg.aceplayer
2025-07-10 12:43:14,040 INFO  Meta_Master_Code - Duplicate entry in the Mastersheet
2025-07-10 12:43:14,050 INFO  Meta_Master_Code - 129 - link in written
2025-07-10 12:43:15,110 INFO  Meta_Master_Code - 130-The downloads Count is -500000
2025-07-10 12:43:15,120 INFO  Meta_Master_Code - 130No Rating is Given
2025-07-10 12:43:15,130 INFO  Meta_Master_Code - Duplicate entry skipped: https://play.google.com/store/apps/details?id=com.tool.ffmpeg.aceplayer
2025-07-10 12:43:15,139 INFO  Meta_Master_Code - Duplicate entry in the Mastersheet
2025-07-10 12:43:15,149 INFO  Meta_Master_Code - 130 - link in written
2025-07-10 12:43:16,254 INFO  Meta_Master_Code - 131-The downloads Count is -500000
2025-07-10 12:43:16,265 INFO  Meta_Master_Code - 131No Rating is Given
2025-07-10 12:43:16,274 INFO  Meta_Master_Code - Duplicate entry skipped: https://play.google.com/store/apps/details?id=com.tool.ffmpeg.aceplayer
2025-07-10 12:43:16,284 INFO  Meta_Master_Code - Duplicate entry in the Mastersheet
2025-07-10 12:43:16,293 INFO  Meta_Master_Code - 131 - link in written
2025-07-10 12:43:17,328 INFO  Meta_Master_Code - 132-The downloads Count is -500000
2025-07-10 12:43:17,338 INFO  Meta_Master_Code - 132No Rating is Given
2025-07-10 12:43:17,348 INFO  Meta_Master_Code - Duplicate entry skipped: https://play.google.com/store/apps/details?id=com.tool.ffmpeg.aceplayer
2025-07-10 12:43:17,360 INFO  Meta_Master_Code - Duplicate entry in the Mastersheet
2025-07-10 12:43:17,370 INFO  Meta_Master_Code - 132 - link in written
2025-07-10 12:43:18,428 INFO  Meta_Master_Code - 133-The downloads Count is -500000
2025-07-10 12:43:18,439 INFO  Meta_Master_Code - 133No Rating is Given
2025-07-10 12:43:18,447 INFO  Meta_Master_Code - Duplicate entry skipped: https://play.google.com/store/apps/details?id=com.tool.ffmpeg.aceplayer
2025-07-10 12:43:18,457 INFO  Meta_Master_Code - Duplicate entry in the Mastersheet
2025-07-10 12:43:18,466 INFO  Meta_Master_Code - 133 - link in written
2025-07-10 12:43:19,517 INFO  Meta_Master_Code - 134-The downloads Count is -500000
2025-07-10 12:43:19,528 INFO  Meta_Master_Code - 134No Rating is Given
2025-07-10 12:43:19,536 INFO  Meta_Master_Code - Duplicate entry skipped: https://play.google.com/store/apps/details?id=com.tool.ffmpeg.aceplayer
2025-07-10 12:43:19,546 INFO  Meta_Master_Code - Duplicate entry in the Mastersheet
2025-07-10 12:43:19,554 INFO  Meta_Master_Code - 134 - link in written
2025-07-10 12:43:20,619 INFO  Meta_Master_Code - 135-The downloads Count is -500000
2025-07-10 12:43:20,630 INFO  Meta_Master_Code - 135No Rating is Given
2025-07-10 12:43:20,639 INFO  Meta_Master_Code - Duplicate entry skipped: https://play.google.com/store/apps/details?id=com.tool.ffmpeg.aceplayer
2025-07-10 12:43:20,649 INFO  Meta_Master_Code - Duplicate entry in the Mastersheet
2025-07-10 12:43:20,656 INFO  Meta_Master_Code - 135 - link in written
2025-07-10 12:43:21,724 INFO  Meta_Master_Code - 136-The downloads Count is -500000
2025-07-10 12:43:21,735 INFO  Meta_Master_Code - 136No Rating is Given
2025-07-10 12:43:21,744 INFO  Meta_Master_Code - Duplicate entry skipped: https://play.google.com/store/apps/details?id=com.tool.ffmpeg.aceplayer
2025-07-10 12:43:21,756 INFO  Meta_Master_Code - Duplicate entry in the Mastersheet
2025-07-10 12:43:21,769 INFO  Meta_Master_Code - 136 - link in written
2025-07-10 12:43:22,816 INFO  Meta_Master_Code - 137-The downloads Count is -500000
2025-07-10 12:43:22,826 INFO  Meta_Master_Code - 137No Rating is Given
2025-07-10 12:43:22,839 INFO  Meta_Master_Code - Duplicate entry skipped: https://play.google.com/store/apps/details?id=com.tool.ffmpeg.aceplayer
2025-07-10 12:43:22,849 INFO  Meta_Master_Code - Duplicate entry in the Mastersheet
2025-07-10 12:43:22,860 INFO  Meta_Master_Code - 137 - link in written
2025-07-10 12:43:23,917 INFO  Meta_Master_Code - 138-The downloads Count is -500000
2025-07-10 12:43:23,928 INFO  Meta_Master_Code - 138No Rating is Given
2025-07-10 12:43:23,939 INFO  Meta_Master_Code - Duplicate entry skipped: https://play.google.com/store/apps/details?id=com.tool.ffmpeg.aceplayer
2025-07-10 12:43:23,955 INFO  Meta_Master_Code - Duplicate entry in the Mastersheet
2025-07-10 12:43:23,965 INFO  Meta_Master_Code - 138 - link in written
2025-07-10 12:43:25,042 INFO  Meta_Master_Code - 139-The downloads Count is -500000
2025-07-10 12:43:25,054 INFO  Meta_Master_Code - 139No Rating is Given
2025-07-10 12:43:25,065 INFO  Meta_Master_Code - Duplicate entry skipped: https://play.google.com/store/apps/details?id=com.tool.ffmpeg.aceplayer
2025-07-10 12:43:25,083 INFO  Meta_Master_Code - Duplicate entry in the Mastersheet
2025-07-10 12:43:25,097 INFO  Meta_Master_Code - 139 - link in written
2025-07-10 12:43:26,179 INFO  Meta_Master_Code - 140-The downloads Count is -500000
2025-07-10 12:43:26,190 INFO  Meta_Master_Code - 140No Rating is Given
2025-07-10 12:43:26,200 INFO  Meta_Master_Code - Duplicate entry skipped: https://play.google.com/store/apps/details?id=com.tool.ffmpeg.aceplayer
2025-07-10 12:43:26,212 INFO  Meta_Master_Code - Duplicate entry in the Mastersheet
2025-07-10 12:43:26,222 INFO  Meta_Master_Code - 140 - link in written
2025-07-10 12:43:27,260 INFO  Meta_Master_Code - 141-The downloads Count is -500000
2025-07-10 12:43:27,272 INFO  Meta_Master_Code - 141No Rating is Given
2025-07-10 12:43:27,279 INFO  Meta_Master_Code - Duplicate entry skipped: https://play.google.com/store/apps/details?id=com.tool.ffmpeg.aceplayer
2025-07-10 12:43:27,290 INFO  Meta_Master_Code - Duplicate entry in the Mastersheet
2025-07-10 12:43:27,296 INFO  Meta_Master_Code - 141 - link in written
2025-07-10 12:43:28,448 INFO  Meta_Master_Code - 142-The downloads Count is -1000000
2025-07-10 12:43:28,448 INFO  Meta_Master_Code - 142 - The Downloads is more than 1M
2025-07-10 12:43:29,591 INFO  Meta_Master_Code - 143-The downloads Count is -1000000
2025-07-10 12:43:29,591 INFO  Meta_Master_Code - 143 - The Downloads is more than 1M
2025-07-10 12:43:30,712 INFO  Meta_Master_Code - 144-The downloads Count is -1000000
2025-07-10 12:43:30,712 INFO  Meta_Master_Code - 144 - The Downloads is more than 1M
2025-07-10 12:43:31,880 INFO  Meta_Master_Code - 145-The downloads Count is -100000000
2025-07-10 12:43:31,880 INFO  Meta_Master_Code - 145 - The Downloads is more than 1M
2025-07-10 12:43:33,017 INFO  Meta_Master_Code - 146-The downloads Count is -100000000
2025-07-10 12:43:33,017 INFO  Meta_Master_Code - 146 - The Downloads is more than 1M
2025-07-10 12:43:34,157 INFO  Meta_Master_Code - 147-The downloads Count is -50000000
2025-07-10 12:43:34,157 INFO  Meta_Master_Code - 147 - The Downloads is more than 1M
2025-07-10 12:43:35,858 INFO  Meta_Master_Code - 148-The downloads Count is -100000
2025-07-10 12:43:35,869 INFO  Meta_Master_Code - 148No Rating is Given
2025-07-10 12:43:35,886 INFO  Meta_Master_Code - Data written successfully: https://play.google.com/store/apps/details?id=files.filesexplorer.filesmanager
2025-07-10 12:43:35,897 INFO  Meta_Master_Code - Data Written in Mastersheet - https://play.google.com/store/apps/details?id=files.filesexplorer.filesmanager
2025-07-10 12:43:35,911 INFO  Meta_Master_Code - Data written at row index: 17
2025-07-10 12:43:35,925 INFO  Meta_Master_Code - 148 - link in written
2025-07-10 12:43:37,367 INFO  Meta_Master_Code - 149-The downloads Count is -100000000
2025-07-10 12:43:37,367 INFO  Meta_Master_Code - 149 - The Downloads is more than 1M
2025-07-10 12:43:38,561 INFO  Meta_Master_Code - 150-The downloads Count is -100000000
2025-07-10 12:43:38,561 INFO  Meta_Master_Code - 150 - The Downloads is more than 1M
2025-07-10 12:43:40,740 INFO  Meta_Master_Code - 151 - The link is App store or other site
2025-07-10 12:43:41,303 INFO  Meta_Master_Code - 152 - The link is App store or other site
2025-07-10 12:43:42,782 INFO  Meta_Master_Code - 153-The downloads Count is -10000
2025-07-10 12:43:42,793 INFO  Meta_Master_Code - 153No Rating is Given
2025-07-10 12:43:42,807 INFO  Meta_Master_Code - Data written successfully: https://play.google.com/store/apps/details?id=com.ghost.detector.radar.finder.scanner
2025-07-10 12:43:42,820 INFO  Meta_Master_Code - Data Written in Mastersheet - https://play.google.com/store/apps/details?id=com.ghost.detector.radar.finder.scanner
2025-07-10 12:43:42,831 INFO  Meta_Master_Code - Data written at row index: 18
2025-07-10 12:43:42,841 INFO  Meta_Master_Code - 153 - link in written
2025-07-10 12:43:42,852 INFO  Meta_Master_Code - Excel file has sheets, not deleted.
