2025-07-17 12:12:13,630 INFO  Meta_Website_Master_Code - URL Entered
2025-07-17 12:12:14,482 INFO  Meta_Website_Master_Code - Entered country is - India
2025-07-17 12:12:14,482 INFO  Meta_Website_Master_Code - India has been Choosen
2025-07-17 12:12:14,758 INFO  Meta_Website_Master_Code - Data Found
2025-07-17 12:12:14,768 INFO  Meta_Website_Master_Code - The Number of Scroll count Entered is - 20
2025-07-17 12:12:14,768 INFO  Meta_Website_Master_Code - Scroll: 0
2025-07-17 12:12:20,827 INFO  Meta_Website_Master_Code - Scroll: 1
2025-07-17 12:12:27,036 INFO  Meta_Website_Master_Code - Scroll: 2
2025-07-17 12:12:33,084 INFO  Meta_Website_Master_Code - Scroll: 3
2025-07-17 12:12:39,137 INFO  Meta_Website_Master_Code - Scroll: 4
2025-07-17 12:12:45,208 INFO  Meta_Website_Master_Code - Scroll: 5
2025-07-17 12:12:51,285 INFO  Meta_Website_Master_Code - Scroll: 6
2025-07-17 12:12:57,353 INFO  Meta_Website_Master_Code - Scroll: 7
2025-07-17 12:13:03,421 INFO  Meta_Website_Master_Code - Scroll: 8
2025-07-17 12:13:09,530 INFO  Meta_Website_Master_Code - Scroll: 9
2025-07-17 12:13:15,589 INFO  Meta_Website_Master_Code - Scroll: 10
2025-07-17 12:13:21,678 INFO  Meta_Website_Master_Code - Scroll: 11
2025-07-17 12:13:27,755 INFO  Meta_Website_Master_Code - Scroll: 12
2025-07-17 12:13:33,817 INFO  Meta_Website_Master_Code - Scroll: 13
2025-07-17 12:13:39,932 INFO  Meta_Website_Master_Code - Scroll: 14
2025-07-17 12:13:46,030 INFO  Meta_Website_Master_Code - Scroll: 15
2025-07-17 12:13:52,081 INFO  Meta_Website_Master_Code - Scroll: 16
2025-07-17 12:13:58,169 INFO  Meta_Website_Master_Code - Scroll: 17
2025-07-17 12:14:04,223 INFO  Meta_Website_Master_Code - Scroll: 18
2025-07-17 12:14:10,372 INFO  Meta_Website_Master_Code - Scroll: 19
2025-07-17 12:14:16,413 INFO  Meta_Website_Master_Code - Scroll: 20
2025-07-17 12:14:23,228 INFO  Meta_Website_Master_Code - 2025.07.17.12.12.08 - Excel file created successfully!
2025-07-17 12:14:23,267 INFO  Meta_Website_Master_Code - Total link is 11
2025-07-17 12:14:23,474 INFO  Meta_Website_Master_Code - 1 - Data written successfully.
2025-07-17 12:14:23,544 INFO  Meta_Website_Master_Code - 2 - Data written successfully.
2025-07-17 12:14:23,611 INFO  Meta_Website_Master_Code - 3 - Data written successfully.
2025-07-17 12:14:23,677 INFO  Meta_Website_Master_Code - 4 - Data written successfully.
2025-07-17 12:14:23,734 INFO  Meta_Website_Master_Code - 5 - Data written successfully.
2025-07-17 12:14:23,792 INFO  Meta_Website_Master_Code - 6 - Data written successfully.
2025-07-17 12:14:23,861 INFO  Meta_Website_Master_Code - 7 - Data written successfully.
2025-07-17 12:14:23,936 INFO  Meta_Website_Master_Code - 8 - Data written successfully.
2025-07-17 12:14:24,021 INFO  Meta_Website_Master_Code - 9 - Data written successfully.
2025-07-17 12:14:24,091 INFO  Meta_Website_Master_Code - 10 - Data written successfully.
2025-07-17 12:14:24,117 WARN  Meta_Website_Master_Code - 11 - Link is disabled
2025-07-17 12:14:24,143 INFO  Meta_Website_Master_Code - Total link is 41
2025-07-17 12:14:24,202 INFO  Meta_Website_Master_Code - 1 - Data written successfully.
2025-07-17 12:14:24,263 INFO  Meta_Website_Master_Code - 2 - Data written successfully.
2025-07-17 12:14:24,341 INFO  Meta_Website_Master_Code - 3 - Data written successfully.
2025-07-17 12:14:24,417 INFO  Meta_Website_Master_Code - 4 - Data written successfully.
2025-07-17 12:14:24,487 INFO  Meta_Website_Master_Code - 5 - Data written successfully.
2025-07-17 12:14:24,557 INFO  Meta_Website_Master_Code - 6 - Data written successfully.
2025-07-17 12:14:24,624 INFO  Meta_Website_Master_Code - 7 - Data written successfully.
2025-07-17 12:14:24,684 INFO  Meta_Website_Master_Code - 8 - Data written successfully.
2025-07-17 12:14:24,803 INFO  Meta_Website_Master_Code - 9 - Data written successfully.
2025-07-17 12:14:24,892 INFO  Meta_Website_Master_Code - 10 - Data written successfully.
2025-07-17 12:14:24,972 INFO  Meta_Website_Master_Code - 11 - Data written successfully.
2025-07-17 12:14:25,052 INFO  Meta_Website_Master_Code - 12 - Data written successfully.
2025-07-17 12:14:25,127 INFO  Meta_Website_Master_Code - 13 - Data written successfully.
2025-07-17 12:14:25,197 INFO  Meta_Website_Master_Code - 14 - Data written successfully.
2025-07-17 12:14:25,266 INFO  Meta_Website_Master_Code - 15 - Data written successfully.
2025-07-17 12:14:25,352 INFO  Meta_Website_Master_Code - 16 - Data written successfully.
2025-07-17 12:14:25,443 INFO  Meta_Website_Master_Code - 17 - Data written successfully.
2025-07-17 12:14:25,536 INFO  Meta_Website_Master_Code - 18 - Data written successfully.
2025-07-17 12:14:25,615 INFO  Meta_Website_Master_Code - 19 - Data written successfully.
2025-07-17 12:14:25,677 INFO  Meta_Website_Master_Code - 20 - Data written successfully.
2025-07-17 12:14:25,740 INFO  Meta_Website_Master_Code - 21 - Data written successfully.
2025-07-17 12:14:25,807 INFO  Meta_Website_Master_Code - 22 - Data written successfully.
2025-07-17 12:14:25,867 INFO  Meta_Website_Master_Code - 23 - Data written successfully.
2025-07-17 12:14:25,935 INFO  Meta_Website_Master_Code - 24 - Data written successfully.
2025-07-17 12:14:26,000 INFO  Meta_Website_Master_Code - 25 - Data written successfully.
2025-07-17 12:14:26,050 INFO  Meta_Website_Master_Code - 26 - Data written successfully.
2025-07-17 12:14:26,099 INFO  Meta_Website_Master_Code - 27 - Data written successfully.
2025-07-17 12:14:26,148 INFO  Meta_Website_Master_Code - 28 - Data written successfully.
2025-07-17 12:14:26,209 INFO  Meta_Website_Master_Code - 29 - Data written successfully.
2025-07-17 12:14:26,266 INFO  Meta_Website_Master_Code - 30 - Data written successfully.
2025-07-17 12:14:26,321 INFO  Meta_Website_Master_Code - 31 - Data written successfully.
2025-07-17 12:14:26,386 INFO  Meta_Website_Master_Code - 32 - Data written successfully.
2025-07-17 12:14:26,446 INFO  Meta_Website_Master_Code - 33 - Data written successfully.
2025-07-17 12:14:26,507 INFO  Meta_Website_Master_Code - 34 - Data written successfully.
2025-07-17 12:14:26,579 INFO  Meta_Website_Master_Code - 35 - Data written successfully.
2025-07-17 12:14:26,661 INFO  Meta_Website_Master_Code - 36 - Data written successfully.
2025-07-17 12:14:26,724 INFO  Meta_Website_Master_Code - 37 - Data written successfully.
2025-07-17 12:14:26,781 INFO  Meta_Website_Master_Code - 38 - Data written successfully.
2025-07-17 12:14:26,835 INFO  Meta_Website_Master_Code - 39 - Data written successfully.
2025-07-17 12:14:26,888 INFO  Meta_Website_Master_Code - 40 - Data written successfully.
2025-07-17 12:14:26,948 INFO  Meta_Website_Master_Code - 41 - Data written successfully.
2025-07-17 12:14:26,961 INFO  Meta_Website_Master_Code - Excel file has sheets, not deleted.
2025-07-17 12:14:26,976 INFO  Meta_Website_Master_Code - 2025.07.17-India- New sheet - Excel file created successfully!
2025-07-17 12:14:29,366 INFO  Meta_Website_Master_Code - Data written successfully: https://rosetteattire.com/
2025-07-17 12:14:29,481 INFO  Meta_Website_Master_Code - Duplicate entry in the Mastersheet
2025-07-17 12:14:29,528 INFO  Meta_Website_Master_Code - 0-Valid URL:https://rosetteattire.com/
2025-07-17 12:14:33,131 INFO  Meta_Website_Master_Code - Data written successfully: https://flurr.in/
2025-07-17 12:14:33,261 INFO  Meta_Website_Master_Code - Duplicate entry in the Mastersheet
2025-07-17 12:14:33,340 INFO  Meta_Website_Master_Code - 1-Valid URL:https://flurr.in/
2025-07-17 12:14:38,647 INFO  Meta_Website_Master_Code - Data written successfully: https://www.macroworld.in/
2025-07-17 12:14:38,672 INFO  Meta_Website_Master_Code - Data Written in Mastersheet - https://www.macroworld.in/
2025-07-17 12:14:38,717 INFO  Meta_Website_Master_Code - Data written at row index: 0
2025-07-17 12:14:38,748 INFO  Meta_Website_Master_Code - 2-Valid URL:https://www.macroworld.in/
2025-07-17 12:14:44,875 INFO  Meta_Website_Master_Code - Data written successfully: https://www.fizzygoblet.com/
2025-07-17 12:14:44,909 INFO  Meta_Website_Master_Code - Data Written in Mastersheet - https://www.fizzygoblet.com/
2025-07-17 12:14:44,937 INFO  Meta_Website_Master_Code - Data written at row index: 1
2025-07-17 12:14:44,952 INFO  Meta_Website_Master_Code - 3-Valid URL:https://www.fizzygoblet.com/
2025-07-17 12:14:47,761 INFO  Meta_Website_Master_Code - Data written successfully: https://lapindor.in/
2025-07-17 12:14:47,811 INFO  Meta_Website_Master_Code - Duplicate entry in the Mastersheet
2025-07-17 12:14:47,839 INFO  Meta_Website_Master_Code - 4-Valid URL:https://lapindor.in/
2025-07-17 12:14:49,883 INFO  Meta_Website_Master_Code - Data written successfully: https://www.hopscotch.in/
2025-07-17 12:14:49,907 INFO  Meta_Website_Master_Code - Duplicate entry in the Mastersheet
2025-07-17 12:14:49,934 INFO  Meta_Website_Master_Code - 5-Valid URL:https://www.hopscotch.in/
2025-07-17 12:15:01,636 INFO  Meta_Website_Master_Code - Data written successfully: https://prao.com/
2025-07-17 12:15:01,652 INFO  Meta_Website_Master_Code - Duplicate entry in the Mastersheet
2025-07-17 12:15:01,665 INFO  Meta_Website_Master_Code - 7-Valid URL:https://prao.com/
2025-07-17 12:15:05,362 INFO  Meta_Website_Master_Code - Duplicate entry skipped: https://prao.com/
2025-07-17 12:15:05,384 INFO  Meta_Website_Master_Code - Duplicate entry in the Mastersheet
2025-07-17 12:15:05,405 INFO  Meta_Website_Master_Code - 8-Valid URL:https://prao.com/
2025-07-17 12:15:07,533 INFO  Meta_Website_Master_Code - Data written successfully: https://www.indiemart.shop/
2025-07-17 12:15:07,561 INFO  Meta_Website_Master_Code - Duplicate entry in the Mastersheet
2025-07-17 12:15:07,602 INFO  Meta_Website_Master_Code - 9-Valid URL:https://www.indiemart.shop/
2025-07-17 12:15:15,896 INFO  Meta_Website_Master_Code - Data written successfully: https://supershy.eu/
2025-07-17 12:15:15,943 INFO  Meta_Website_Master_Code - Duplicate entry in the Mastersheet
2025-07-17 12:15:15,975 INFO  Meta_Website_Master_Code - 12-Valid URL:https://supershy.eu/
2025-07-17 12:15:18,055 INFO  Meta_Website_Master_Code - Data written successfully: https://quietviolet.in/
2025-07-17 12:15:18,077 INFO  Meta_Website_Master_Code - Duplicate entry in the Mastersheet
2025-07-17 12:15:18,095 INFO  Meta_Website_Master_Code - 13-Valid URL:https://quietviolet.in/
2025-07-17 12:15:21,230 INFO  Meta_Website_Master_Code - Data written successfully: https://elanawear.in/
2025-07-17 12:15:21,249 INFO  Meta_Website_Master_Code - Duplicate entry in the Mastersheet
2025-07-17 12:15:21,271 INFO  Meta_Website_Master_Code - 15-Valid URL:https://elanawear.in/
2025-07-17 12:15:23,473 INFO  Meta_Website_Master_Code - Data written successfully: https://bit.ly/
2025-07-17 12:15:23,490 INFO  Meta_Website_Master_Code - Data Written in Mastersheet - https://bit.ly/
2025-07-17 12:15:23,507 INFO  Meta_Website_Master_Code - Data written at row index: 2
2025-07-17 12:15:23,521 INFO  Meta_Website_Master_Code - 17-Valid URL:https://bit.ly/
2025-07-17 12:15:24,085 INFO  Meta_Website_Master_Code - Duplicate entry skipped: https://bit.ly/
2025-07-17 12:15:24,107 INFO  Meta_Website_Master_Code - Duplicate entry in the Mastersheet
2025-07-17 12:15:24,125 INFO  Meta_Website_Master_Code - 18-Valid URL:https://bit.ly/
2025-07-17 12:15:26,333 INFO  Meta_Website_Master_Code - Data written successfully: https://theroyalbear.co.in/
2025-07-17 12:15:26,350 INFO  Meta_Website_Master_Code - Duplicate entry in the Mastersheet
2025-07-17 12:15:26,363 INFO  Meta_Website_Master_Code - 19-Valid URL:https://theroyalbear.co.in/
2025-07-17 12:15:29,103 INFO  Meta_Website_Master_Code - Data written successfully: https://secret-descont.shop/
2025-07-17 12:15:29,118 INFO  Meta_Website_Master_Code - Duplicate entry in the Mastersheet
2025-07-17 12:15:29,131 INFO  Meta_Website_Master_Code - 20-Valid URL:https://secret-descont.shop/
2025-07-17 12:15:33,412 INFO  Meta_Website_Master_Code - Data written successfully: https://thedeeva.com/
2025-07-17 12:15:33,434 INFO  Meta_Website_Master_Code - Duplicate entry in the Mastersheet
2025-07-17 12:15:33,453 INFO  Meta_Website_Master_Code - 21-Valid URL:https://thedeeva.com/
2025-07-17 12:15:41,358 INFO  Meta_Website_Master_Code - Data written successfully: https://big-billion-flipkart.0ffer.shop/
2025-07-17 12:15:41,382 INFO  Meta_Website_Master_Code - Duplicate entry in the Mastersheet
2025-07-17 12:15:41,414 INFO  Meta_Website_Master_Code - 26-Valid URL:https://big-billion-flipkart.0ffer.shop/
2025-07-17 12:15:43,371 INFO  Meta_Website_Master_Code - Data written successfully: https://urbanstyle-in.cartpe.in/
2025-07-17 12:15:43,403 INFO  Meta_Website_Master_Code - Duplicate entry in the Mastersheet
2025-07-17 12:15:43,422 INFO  Meta_Website_Master_Code - 27-Valid URL:https://urbanstyle-in.cartpe.in/
2025-07-17 12:15:45,662 INFO  Meta_Website_Master_Code - Data written successfully: https://malveto.com/
2025-07-17 12:15:45,710 INFO  Meta_Website_Master_Code - Duplicate entry in the Mastersheet
2025-07-17 12:15:45,730 INFO  Meta_Website_Master_Code - 28-Valid URL:https://malveto.com/
2025-07-17 12:15:48,724 INFO  Meta_Website_Master_Code - Data written successfully: https://big-billion-days.shop/
2025-07-17 12:15:48,738 INFO  Meta_Website_Master_Code - Duplicate entry in the Mastersheet
2025-07-17 12:15:48,751 INFO  Meta_Website_Master_Code - 29-Valid URL:https://big-billion-days.shop/
2025-07-17 12:15:52,103 INFO  Meta_Website_Master_Code - Data written successfully: https://gappu.co/
2025-07-17 12:15:52,119 INFO  Meta_Website_Master_Code - Data Written in Mastersheet - https://gappu.co/
2025-07-17 12:15:52,134 INFO  Meta_Website_Master_Code - Data written at row index: 3
2025-07-17 12:15:52,150 INFO  Meta_Website_Master_Code - 30-Valid URL:https://gappu.co/
2025-07-17 12:15:54,838 INFO  Meta_Website_Master_Code - Data written successfully: https://useliora.co/
2025-07-17 12:15:54,851 INFO  Meta_Website_Master_Code - Duplicate entry in the Mastersheet
2025-07-17 12:15:54,867 INFO  Meta_Website_Master_Code - 31-Valid URL:https://useliora.co/
2025-07-17 12:15:57,023 INFO  Meta_Website_Master_Code - Duplicate entry skipped: https://useliora.co/
2025-07-17 12:15:57,046 INFO  Meta_Website_Master_Code - Duplicate entry in the Mastersheet
2025-07-17 12:15:57,062 INFO  Meta_Website_Master_Code - 32-Valid URL:https://useliora.co/
2025-07-17 12:15:59,222 INFO  Meta_Website_Master_Code - Duplicate entry skipped: https://useliora.co/
2025-07-17 12:15:59,238 INFO  Meta_Website_Master_Code - Duplicate entry in the Mastersheet
2025-07-17 12:15:59,248 INFO  Meta_Website_Master_Code - 33-Valid URL:https://useliora.co/
2025-07-17 12:16:01,943 INFO  Meta_Website_Master_Code - Data written successfully: https://malveto.com/
2025-07-17 12:16:01,958 INFO  Meta_Website_Master_Code - Duplicate entry in the Mastersheet
2025-07-17 12:16:01,975 INFO  Meta_Website_Master_Code - 35-Valid URL:https://malveto.com/
2025-07-17 12:16:03,128 INFO  Meta_Website_Master_Code - Data written successfully: https://big-billion-days.shop/
2025-07-17 12:16:03,141 INFO  Meta_Website_Master_Code - Duplicate entry in the Mastersheet
2025-07-17 12:16:03,155 INFO  Meta_Website_Master_Code - 36-Valid URL:https://big-billion-days.shop/
2025-07-17 12:16:05,331 INFO  Meta_Website_Master_Code - Data written successfully: https://dramebaazindia.in/
2025-07-17 12:16:05,352 INFO  Meta_Website_Master_Code - Duplicate entry in the Mastersheet
2025-07-17 12:16:05,370 INFO  Meta_Website_Master_Code - 37-Valid URL:https://dramebaazindia.in/
2025-07-17 12:16:06,807 INFO  Meta_Website_Master_Code - Data written successfully: https://secret-descont.shop/
2025-07-17 12:16:06,825 INFO  Meta_Website_Master_Code - Duplicate entry in the Mastersheet
2025-07-17 12:16:06,836 INFO  Meta_Website_Master_Code - 38-Valid URL:https://secret-descont.shop/
2025-07-17 12:16:10,497 INFO  Meta_Website_Master_Code - Data written successfully: https://budgetshopy.shop/
2025-07-17 12:16:10,509 INFO  Meta_Website_Master_Code - Duplicate entry in the Mastersheet
2025-07-17 12:16:10,522 INFO  Meta_Website_Master_Code - 40-Valid URL:https://budgetshopy.shop/
2025-07-17 12:16:10,552 INFO  Meta_Website_Master_Code - Excel file has sheets, not deleted.
2025-07-17 12:16:10,570 INFO  Meta_Website_Master_Code - Total filtered Link count: 4
