2025-07-17 12:18:57,930 INFO  Meta_Website_Master_Code - URL Entered
2025-07-17 12:18:57,985 INFO  Meta_Website_Master_Code - Entered country is - India
2025-07-17 12:18:57,985 INFO  Meta_Website_Master_Code - India has been Choosen
2025-07-17 12:18:58,220 INFO  Meta_Website_Master_Code - Data Found
2025-07-17 12:18:58,227 INFO  Meta_Website_Master_Code - The Number of Scroll count Entered is - 20
2025-07-17 12:18:58,228 INFO  Meta_Website_Master_Code - Scroll: 0
2025-07-17 12:19:04,290 INFO  Meta_Website_Master_Code - Scroll: 1
2025-07-17 12:19:10,368 INFO  Meta_Website_Master_Code - Scroll: 2
2025-07-17 12:19:16,520 INFO  Meta_Website_Master_Code - Scroll: 3
2025-07-17 12:19:22,619 INFO  Meta_Website_Master_Code - Scroll: 4
2025-07-17 12:19:28,684 INFO  Meta_Website_Master_Code - Scroll: 5
2025-07-17 12:19:34,749 INFO  Meta_Website_Master_Code - Scroll: 6
2025-07-17 12:19:40,812 INFO  Meta_Website_Master_Code - Scroll: 7
2025-07-17 12:19:47,039 INFO  Meta_Website_Master_Code - Scroll: 8
2025-07-17 12:19:53,103 INFO  Meta_Website_Master_Code - Scroll: 9
2025-07-17 12:19:59,174 INFO  Meta_Website_Master_Code - Scroll: 10
2025-07-17 12:20:05,217 INFO  Meta_Website_Master_Code - Scroll: 11
2025-07-17 12:20:11,264 INFO  Meta_Website_Master_Code - Scroll: 12
2025-07-17 12:20:17,411 INFO  Meta_Website_Master_Code - Scroll: 13
2025-07-17 12:20:23,546 INFO  Meta_Website_Master_Code - Scroll: 14
2025-07-17 12:20:29,626 INFO  Meta_Website_Master_Code - Scroll: 15
2025-07-17 12:20:35,715 INFO  Meta_Website_Master_Code - Scroll: 16
2025-07-17 12:20:41,770 INFO  Meta_Website_Master_Code - Scroll: 17
2025-07-17 12:20:47,840 INFO  Meta_Website_Master_Code - Scroll: 18
2025-07-17 12:20:54,014 INFO  Meta_Website_Master_Code - Scroll: 19
2025-07-17 12:21:00,102 INFO  Meta_Website_Master_Code - Scroll: 20
2025-07-17 12:21:06,762 INFO  Meta_Website_Master_Code - 2025.07.17.12.18.53 - Excel file created successfully!
2025-07-17 12:21:06,793 INFO  Meta_Website_Master_Code - Total link is 11
2025-07-17 12:21:06,987 INFO  Meta_Website_Master_Code - 1 - Data written successfully.
2025-07-17 12:21:07,072 INFO  Meta_Website_Master_Code - 2 - Data written successfully.
2025-07-17 12:21:07,138 INFO  Meta_Website_Master_Code - 3 - Data written successfully.
2025-07-17 12:21:07,201 INFO  Meta_Website_Master_Code - 4 - Data written successfully.
2025-07-17 12:21:07,268 INFO  Meta_Website_Master_Code - 5 - Data written successfully.
2025-07-17 12:21:07,333 INFO  Meta_Website_Master_Code - 6 - Data written successfully.
2025-07-17 12:21:07,394 INFO  Meta_Website_Master_Code - 7 - Data written successfully.
2025-07-17 12:21:07,459 INFO  Meta_Website_Master_Code - 8 - Data written successfully.
2025-07-17 12:21:07,523 INFO  Meta_Website_Master_Code - 9 - Data written successfully.
2025-07-17 12:21:07,600 INFO  Meta_Website_Master_Code - 10 - Data written successfully.
2025-07-17 12:21:07,692 WARN  Meta_Website_Master_Code - 11 - Link is disabled
2025-07-17 12:21:07,859 INFO  Meta_Website_Master_Code - Total link is 39
2025-07-17 12:21:07,937 INFO  Meta_Website_Master_Code - 1 - Data written successfully.
2025-07-17 12:21:07,994 INFO  Meta_Website_Master_Code - 2 - Data written successfully.
2025-07-17 12:21:08,058 INFO  Meta_Website_Master_Code - 3 - Data written successfully.
2025-07-17 12:21:08,121 INFO  Meta_Website_Master_Code - 4 - Data written successfully.
2025-07-17 12:21:08,181 INFO  Meta_Website_Master_Code - 5 - Data written successfully.
2025-07-17 12:21:08,245 INFO  Meta_Website_Master_Code - 6 - Data written successfully.
2025-07-17 12:21:08,324 INFO  Meta_Website_Master_Code - 7 - Data written successfully.
2025-07-17 12:21:08,394 INFO  Meta_Website_Master_Code - 8 - Data written successfully.
2025-07-17 12:21:08,470 INFO  Meta_Website_Master_Code - 9 - Data written successfully.
2025-07-17 12:21:08,536 INFO  Meta_Website_Master_Code - 10 - Data written successfully.
2025-07-17 12:21:08,605 INFO  Meta_Website_Master_Code - 11 - Data written successfully.
2025-07-17 12:21:08,666 INFO  Meta_Website_Master_Code - 12 - Data written successfully.
2025-07-17 12:21:08,720 INFO  Meta_Website_Master_Code - 13 - Data written successfully.
2025-07-17 12:21:08,785 INFO  Meta_Website_Master_Code - 14 - Data written successfully.
2025-07-17 12:21:08,849 INFO  Meta_Website_Master_Code - 15 - Data written successfully.
2025-07-17 12:21:08,916 INFO  Meta_Website_Master_Code - 16 - Data written successfully.
2025-07-17 12:21:08,981 INFO  Meta_Website_Master_Code - 17 - Data written successfully.
2025-07-17 12:21:09,071 INFO  Meta_Website_Master_Code - 18 - Data written successfully.
2025-07-17 12:21:09,135 INFO  Meta_Website_Master_Code - 19 - Data written successfully.
2025-07-17 12:21:09,196 INFO  Meta_Website_Master_Code - 20 - Data written successfully.
2025-07-17 12:21:09,257 INFO  Meta_Website_Master_Code - 21 - Data written successfully.
2025-07-17 12:21:09,331 INFO  Meta_Website_Master_Code - 22 - Data written successfully.
2025-07-17 12:21:09,396 INFO  Meta_Website_Master_Code - 23 - Data written successfully.
2025-07-17 12:21:09,458 INFO  Meta_Website_Master_Code - 24 - Data written successfully.
2025-07-17 12:21:09,519 INFO  Meta_Website_Master_Code - 25 - Data written successfully.
2025-07-17 12:21:09,584 INFO  Meta_Website_Master_Code - 26 - Data written successfully.
2025-07-17 12:21:09,654 INFO  Meta_Website_Master_Code - 27 - Data written successfully.
2025-07-17 12:21:09,723 INFO  Meta_Website_Master_Code - 28 - Data written successfully.
2025-07-17 12:21:09,773 INFO  Meta_Website_Master_Code - 29 - Data written successfully.
2025-07-17 12:21:09,828 INFO  Meta_Website_Master_Code - 30 - Data written successfully.
2025-07-17 12:21:09,911 INFO  Meta_Website_Master_Code - 31 - Data written successfully.
2025-07-17 12:21:09,984 INFO  Meta_Website_Master_Code - 32 - Data written successfully.
2025-07-17 12:21:10,077 INFO  Meta_Website_Master_Code - 33 - Data written successfully.
2025-07-17 12:21:10,133 INFO  Meta_Website_Master_Code - 34 - Data written successfully.
2025-07-17 12:21:10,203 INFO  Meta_Website_Master_Code - 35 - Data written successfully.
2025-07-17 12:21:10,264 INFO  Meta_Website_Master_Code - 36 - Data written successfully.
2025-07-17 12:21:10,330 INFO  Meta_Website_Master_Code - 37 - Data written successfully.
2025-07-17 12:21:10,393 INFO  Meta_Website_Master_Code - 38 - Data written successfully.
2025-07-17 12:21:10,454 INFO  Meta_Website_Master_Code - 39 - Data written successfully.
2025-07-17 12:21:10,466 INFO  Meta_Website_Master_Code - Excel file has sheets, not deleted.
2025-07-17 12:21:10,466 INFO  Meta_Website_Master_Code - 2025.07.17-India- New sheet - Excel file already exists. Skipping creation.
2025-07-17 12:21:12,744 INFO  Meta_Website_Master_Code - Data written successfully: https://rosetteattire.com/
2025-07-17 12:21:12,926 INFO  Meta_Website_Master_Code - Duplicate entry in the Mastersheet
2025-07-17 12:21:12,962 INFO  Meta_Website_Master_Code - 0-Valid URL:https://rosetteattire.com/
2025-07-17 12:21:16,763 INFO  Meta_Website_Master_Code - Data written successfully: https://flurr.in/
2025-07-17 12:21:16,859 INFO  Meta_Website_Master_Code - Duplicate entry in the Mastersheet
2025-07-17 12:21:16,904 INFO  Meta_Website_Master_Code - 1-Valid URL:https://flurr.in/
2025-07-17 12:21:20,444 INFO  Meta_Website_Master_Code - Data written successfully: https://www.fizzygoblet.com/
2025-07-17 12:21:20,571 INFO  Meta_Website_Master_Code - Duplicate entry in the Mastersheet
2025-07-17 12:21:20,629 INFO  Meta_Website_Master_Code - 2-Valid URL:https://www.fizzygoblet.com/
2025-07-17 12:21:24,872 INFO  Meta_Website_Master_Code - Data written successfully: https://www.macroworld.in/
2025-07-17 12:21:24,899 INFO  Meta_Website_Master_Code - Duplicate entry in the Mastersheet
2025-07-17 12:21:24,922 INFO  Meta_Website_Master_Code - 3-Valid URL:https://www.macroworld.in/
2025-07-17 12:21:27,705 INFO  Meta_Website_Master_Code - Data written successfully: https://lapindor.in/
2025-07-17 12:21:27,733 INFO  Meta_Website_Master_Code - Duplicate entry in the Mastersheet
2025-07-17 12:21:27,785 INFO  Meta_Website_Master_Code - 4-Valid URL:https://lapindor.in/
2025-07-17 12:21:29,827 INFO  Meta_Website_Master_Code - Data written successfully: https://www.hopscotch.in/
2025-07-17 12:21:29,855 INFO  Meta_Website_Master_Code - Duplicate entry in the Mastersheet
2025-07-17 12:21:29,871 INFO  Meta_Website_Master_Code - 5-Valid URL:https://www.hopscotch.in/
2025-07-17 12:21:36,850 INFO  Meta_Website_Master_Code - Data written successfully: https://elanawear.in/
2025-07-17 12:21:36,868 INFO  Meta_Website_Master_Code - Duplicate entry in the Mastersheet
2025-07-17 12:21:36,883 INFO  Meta_Website_Master_Code - 8-Valid URL:https://elanawear.in/
2025-07-17 12:21:41,393 INFO  Meta_Website_Master_Code - Data written successfully: https://theroyalbear.co.in/
2025-07-17 12:21:41,416 INFO  Meta_Website_Master_Code - Duplicate entry in the Mastersheet
2025-07-17 12:21:41,444 INFO  Meta_Website_Master_Code - 12-Valid URL:https://theroyalbear.co.in/
2025-07-17 12:21:44,297 INFO  Meta_Website_Master_Code - Data written successfully: https://secret-descont.shop/
2025-07-17 12:21:44,324 INFO  Meta_Website_Master_Code - Duplicate entry in the Mastersheet
2025-07-17 12:21:44,349 INFO  Meta_Website_Master_Code - 13-Valid URL:https://secret-descont.shop/
2025-07-17 12:21:48,759 INFO  Meta_Website_Master_Code - Data written successfully: https://thedeeva.com/
2025-07-17 12:21:48,794 INFO  Meta_Website_Master_Code - Duplicate entry in the Mastersheet
2025-07-17 12:21:48,848 INFO  Meta_Website_Master_Code - 14-Valid URL:https://thedeeva.com/
2025-07-17 12:21:55,782 INFO  Meta_Website_Master_Code - Data written successfully: https://big-billion-flipkart.0ffer.shop/
2025-07-17 12:21:55,807 INFO  Meta_Website_Master_Code - Duplicate entry in the Mastersheet
2025-07-17 12:21:55,828 INFO  Meta_Website_Master_Code - 18-Valid URL:https://big-billion-flipkart.0ffer.shop/
2025-07-17 12:21:58,316 INFO  Meta_Website_Master_Code - Data written successfully: https://urbanstyle-in.cartpe.in/
2025-07-17 12:21:58,332 INFO  Meta_Website_Master_Code - Duplicate entry in the Mastersheet
2025-07-17 12:21:58,348 INFO  Meta_Website_Master_Code - 19-Valid URL:https://urbanstyle-in.cartpe.in/
2025-07-17 12:22:01,158 INFO  Meta_Website_Master_Code - Data written successfully: https://malveto.com/
2025-07-17 12:22:01,186 INFO  Meta_Website_Master_Code - Duplicate entry in the Mastersheet
2025-07-17 12:22:01,231 INFO  Meta_Website_Master_Code - 20-Valid URL:https://malveto.com/
2025-07-17 12:22:04,216 INFO  Meta_Website_Master_Code - Data written successfully: https://big-billion-days.shop/
2025-07-17 12:22:04,229 INFO  Meta_Website_Master_Code - Duplicate entry in the Mastersheet
2025-07-17 12:22:04,241 INFO  Meta_Website_Master_Code - 21-Valid URL:https://big-billion-days.shop/
2025-07-17 12:22:06,412 INFO  Meta_Website_Master_Code - Data written successfully: https://gappu.co/
2025-07-17 12:22:06,433 INFO  Meta_Website_Master_Code - Duplicate entry in the Mastersheet
2025-07-17 12:22:06,449 INFO  Meta_Website_Master_Code - 22-Valid URL:https://gappu.co/
2025-07-17 12:22:10,167 INFO  Meta_Website_Master_Code - Data written successfully: https://www.paintitbysanya.com/
2025-07-17 12:22:10,196 INFO  Meta_Website_Master_Code - Duplicate entry in the Mastersheet
2025-07-17 12:22:10,215 INFO  Meta_Website_Master_Code - 24-Valid URL:https://www.paintitbysanya.com/
2025-07-17 12:22:13,660 INFO  Meta_Website_Master_Code - Data written successfully: https://flipkart-today-offers.com/
2025-07-17 12:22:13,677 INFO  Meta_Website_Master_Code - Duplicate entry in the Mastersheet
2025-07-17 12:22:13,689 INFO  Meta_Website_Master_Code - 25-Valid URL:https://flipkart-today-offers.com/
2025-07-17 12:22:16,489 INFO  Meta_Website_Master_Code - Data written successfully: https://useliora.co/
2025-07-17 12:22:16,508 INFO  Meta_Website_Master_Code - Duplicate entry in the Mastersheet
2025-07-17 12:22:16,524 INFO  Meta_Website_Master_Code - 26-Valid URL:https://useliora.co/
2025-07-17 12:22:18,804 INFO  Meta_Website_Master_Code - Duplicate entry skipped: https://useliora.co/
2025-07-17 12:22:18,816 INFO  Meta_Website_Master_Code - Duplicate entry in the Mastersheet
2025-07-17 12:22:18,829 INFO  Meta_Website_Master_Code - 27-Valid URL:https://useliora.co/
2025-07-17 12:22:21,114 INFO  Meta_Website_Master_Code - Duplicate entry skipped: https://useliora.co/
2025-07-17 12:22:21,135 INFO  Meta_Website_Master_Code - Duplicate entry in the Mastersheet
2025-07-17 12:22:21,150 INFO  Meta_Website_Master_Code - 28-Valid URL:https://useliora.co/
2025-07-17 12:22:28,809 INFO  Meta_Website_Master_Code - Data written successfully: https://faujistore.in/
2025-07-17 12:22:28,823 INFO  Meta_Website_Master_Code - Duplicate entry in the Mastersheet
2025-07-17 12:22:28,834 INFO  Meta_Website_Master_Code - 30-Valid URL:https://faujistore.in/
2025-07-17 12:22:33,013 INFO  Meta_Website_Master_Code - Data written successfully: https://amberjaipur.com/
2025-07-17 12:22:33,030 INFO  Meta_Website_Master_Code - Duplicate entry in the Mastersheet
2025-07-17 12:22:33,042 INFO  Meta_Website_Master_Code - 31-Valid URL:https://amberjaipur.com/
2025-07-17 12:22:36,274 INFO  Meta_Website_Master_Code - Data written successfully: https://fonehub.shop/
2025-07-17 12:22:36,298 INFO  Meta_Website_Master_Code - Duplicate entry in the Mastersheet
2025-07-17 12:22:36,320 INFO  Meta_Website_Master_Code - 32-Valid URL:https://fonehub.shop/
2025-07-17 12:22:38,116 INFO  Meta_Website_Master_Code - Data written successfully: https://malveto.com/
2025-07-17 12:22:38,133 INFO  Meta_Website_Master_Code - Duplicate entry in the Mastersheet
2025-07-17 12:22:38,148 INFO  Meta_Website_Master_Code - 33-Valid URL:https://malveto.com/
2025-07-17 12:22:39,363 INFO  Meta_Website_Master_Code - Data written successfully: https://big-billion-days.shop/
2025-07-17 12:22:39,377 INFO  Meta_Website_Master_Code - Duplicate entry in the Mastersheet
2025-07-17 12:22:39,387 INFO  Meta_Website_Master_Code - 34-Valid URL:https://big-billion-days.shop/
2025-07-17 12:22:42,343 INFO  Meta_Website_Master_Code - Data written successfully: https://baggymonk.com/
2025-07-17 12:22:42,364 INFO  Meta_Website_Master_Code - Duplicate entry in the Mastersheet
2025-07-17 12:22:42,377 INFO  Meta_Website_Master_Code - 35-Valid URL:https://baggymonk.com/
2025-07-17 12:22:43,943 INFO  Meta_Website_Master_Code - Duplicate entry skipped: https://baggymonk.com/
2025-07-17 12:22:43,953 INFO  Meta_Website_Master_Code - Duplicate entry in the Mastersheet
2025-07-17 12:22:43,967 INFO  Meta_Website_Master_Code - 36-Valid URL:https://baggymonk.com/
2025-07-17 12:22:46,156 INFO  Meta_Website_Master_Code - Data written successfully: https://dramebaazindia.in/
2025-07-17 12:22:46,170 INFO  Meta_Website_Master_Code - Duplicate entry in the Mastersheet
2025-07-17 12:22:46,184 INFO  Meta_Website_Master_Code - 37-Valid URL:https://dramebaazindia.in/
2025-07-17 12:22:47,743 INFO  Meta_Website_Master_Code - Data written successfully: https://secret-descont.shop/
2025-07-17 12:22:47,758 INFO  Meta_Website_Master_Code - Duplicate entry in the Mastersheet
2025-07-17 12:22:47,767 INFO  Meta_Website_Master_Code - 38-Valid URL:https://secret-descont.shop/
2025-07-17 12:22:47,783 INFO  Meta_Website_Master_Code - Excel file has sheets, not deleted.
2025-07-17 12:22:47,792 INFO  Meta_Website_Master_Code - Total filtered Link count: 4
