2025-07-10 15:15:35,919 INFO  Meta_Master_Code - URL Entered
2025-07-10 15:15:36,116 INFO  Meta_Master_Code - Entered country is - India
2025-07-10 15:15:36,116 INFO  Meta_Master_Code - India has been Choosen
2025-07-10 15:15:36,384 INFO  Meta_Master_Code - Data Found
2025-07-10 15:15:36,394 INFO  Meta_Master_Code - The Number of Scroll count Entered is - 150
2025-07-10 15:15:36,394 INFO  Meta_Master_Code - Scroll: 0
2025-07-10 15:15:43,348 INFO  Meta_Master_Code - Scroll: 1
2025-07-10 15:15:49,491 INFO  Meta_Master_Code - Scroll: 2
2025-07-10 15:15:56,107 INFO  Meta_Master_Code - Scroll: 3
2025-07-10 15:16:02,199 INFO  Meta_Master_Code - Scroll: 4
2025-07-10 15:16:08,333 INFO  Meta_Master_Code - Scroll: 5
2025-07-10 15:16:14,416 INFO  Meta_Master_Code - Scroll: 6
2025-07-10 15:16:20,494 INFO  Meta_Master_Code - Scroll: 7
2025-07-10 15:16:26,557 INFO  Meta_Master_Code - Scroll: 8
2025-07-10 15:16:32,602 INFO  Meta_Master_Code - Scroll: 9
2025-07-10 15:16:38,679 INFO  Meta_Master_Code - Scroll: 10
2025-07-10 15:16:45,256 INFO  Meta_Master_Code - Scroll: 11
2025-07-10 15:16:51,402 INFO  Meta_Master_Code - Scroll: 12
2025-07-10 15:16:57,473 INFO  Meta_Master_Code - Scroll: 13
2025-07-10 15:17:03,538 INFO  Meta_Master_Code - Scroll: 14
2025-07-10 15:17:09,701 INFO  Meta_Master_Code - Scroll: 15
2025-07-10 15:17:15,778 INFO  Meta_Master_Code - Scroll: 16
2025-07-10 15:17:21,876 INFO  Meta_Master_Code - Scroll: 17
2025-07-10 15:17:27,956 INFO  Meta_Master_Code - Scroll: 18
2025-07-10 15:17:34,104 INFO  Meta_Master_Code - Scroll: 19
2025-07-10 15:17:40,232 INFO  Meta_Master_Code - Scroll: 20
2025-07-10 15:17:46,306 INFO  Meta_Master_Code - Scroll: 21
2025-07-10 15:17:52,414 INFO  Meta_Master_Code - Scroll: 22
2025-07-10 15:17:58,528 INFO  Meta_Master_Code - Scroll: 23
2025-07-10 15:18:04,586 INFO  Meta_Master_Code - Scroll: 24
2025-07-10 15:18:10,790 INFO  Meta_Master_Code - Scroll: 25
2025-07-10 15:18:16,970 INFO  Meta_Master_Code - Scroll: 26
2025-07-10 15:18:23,092 INFO  Meta_Master_Code - Scroll: 27
2025-07-10 15:18:29,290 INFO  Meta_Master_Code - Scroll: 28
2025-07-10 15:18:36,124 INFO  Meta_Master_Code - Scroll: 29
2025-07-10 15:18:42,300 INFO  Meta_Master_Code - Scroll: 30
2025-07-10 15:18:48,458 INFO  Meta_Master_Code - Scroll: 31
2025-07-10 15:18:54,705 INFO  Meta_Master_Code - Scroll: 32
2025-07-10 15:19:00,785 INFO  Meta_Master_Code - Scroll: 33
2025-07-10 15:19:06,906 INFO  Meta_Master_Code - Scroll: 34
2025-07-10 15:19:13,204 INFO  Meta_Master_Code - Scroll: 35
2025-07-10 15:19:21,326 INFO  Meta_Master_Code - Scroll: 36
2025-07-10 15:19:28,064 INFO  Meta_Master_Code - Scroll: 37
2025-07-10 15:19:34,279 INFO  Meta_Master_Code - Scroll: 38
2025-07-10 15:19:41,519 INFO  Meta_Master_Code - Scroll: 39
2025-07-10 15:19:47,752 INFO  Meta_Master_Code - Scroll: 40
2025-07-10 15:19:54,615 INFO  Meta_Master_Code - Scroll: 41
2025-07-10 15:20:01,449 INFO  Meta_Master_Code - Scroll: 42
2025-07-10 15:20:11,305 INFO  Meta_Master_Code - Scroll: 43
2025-07-10 15:20:21,774 INFO  Meta_Master_Code - Scroll: 44
2025-07-10 15:20:28,815 INFO  Meta_Master_Code - Scroll: 45
2025-07-10 15:20:36,674 INFO  Meta_Master_Code - Scroll: 46
2025-07-10 15:20:43,899 INFO  Meta_Master_Code - Scroll: 47
2025-07-10 15:20:50,961 INFO  Meta_Master_Code - Scroll: 48
2025-07-10 15:20:59,268 INFO  Meta_Master_Code - Scroll: 49
2025-07-10 15:21:07,056 INFO  Meta_Master_Code - Scroll: 50
2025-07-10 15:21:19,541 INFO  Meta_Master_Code - Scroll: 51
2025-07-10 15:21:27,132 INFO  Meta_Master_Code - Scroll: 52
2025-07-10 15:21:41,771 INFO  Meta_Master_Code - Scroll: 53
2025-07-10 15:21:48,441 INFO  Meta_Master_Code - Scroll: 54
2025-07-10 15:21:59,131 INFO  Meta_Master_Code - Scroll: 55
2025-07-10 15:22:06,054 INFO  Meta_Master_Code - Scroll: 56
2025-07-10 15:22:19,959 INFO  Meta_Master_Code - Scroll: 57
2025-07-10 15:22:26,472 INFO  Meta_Master_Code - Scroll: 58
2025-07-10 15:22:41,837 INFO  Meta_Master_Code - Scroll: 59
2025-07-10 15:22:57,992 INFO  Meta_Master_Code - Scroll: 60
2025-07-10 15:23:04,882 INFO  Meta_Master_Code - Scroll: 61
2025-07-10 15:23:13,126 INFO  Meta_Master_Code - Scroll: 62
2025-07-10 15:23:27,205 INFO  Meta_Master_Code - Scroll: 63
2025-07-10 15:23:42,680 INFO  Meta_Master_Code - Scroll: 64
2025-07-10 15:23:57,036 INFO  Meta_Master_Code - Scroll: 65
2025-07-10 15:24:06,163 INFO  Meta_Master_Code - Scroll: 66
2025-07-10 15:24:14,864 INFO  Meta_Master_Code - Scroll: 67
2025-07-10 15:24:31,372 INFO  Meta_Master_Code - Scroll: 68
2025-07-10 15:24:37,794 INFO  Meta_Master_Code - Scroll: 69
2025-07-10 15:24:52,417 INFO  Meta_Master_Code - Scroll: 70
2025-07-10 15:24:59,677 INFO  Meta_Master_Code - Scroll: 71
2025-07-10 15:25:14,078 INFO  Meta_Master_Code - Scroll: 72
2025-07-10 15:25:21,310 INFO  Meta_Master_Code - Scroll: 73
2025-07-10 15:25:38,813 INFO  Meta_Master_Code - Scroll: 74
2025-07-10 15:25:55,035 INFO  Meta_Master_Code - Scroll: 75
2025-07-10 15:26:03,024 INFO  Meta_Master_Code - Scroll: 76
2025-07-10 15:26:19,977 INFO  Meta_Master_Code - Scroll: 77
2025-07-10 15:26:33,018 INFO  Meta_Master_Code - Scroll: 78
2025-07-10 15:26:50,083 INFO  Meta_Master_Code - Scroll: 79
2025-07-10 15:26:58,694 INFO  Meta_Master_Code - Scroll: 80
2025-07-10 15:27:46,138 INFO  Meta_Master_Code - Scroll: 81
2025-07-10 15:28:11,572 INFO  Meta_Master_Code - Scroll: 82
2025-07-10 15:28:18,478 INFO  Meta_Master_Code - Scroll: 83
2025-07-10 15:28:37,832 INFO  Meta_Master_Code - Scroll: 84
2025-07-10 15:28:45,240 INFO  Meta_Master_Code - Scroll: 85
2025-07-10 15:28:52,257 INFO  Meta_Master_Code - Scroll: 86
2025-07-10 15:29:19,180 INFO  Meta_Master_Code - Scroll: 87
2025-07-10 15:29:35,290 INFO  Meta_Master_Code - Scroll: 88
2025-07-10 15:29:49,303 INFO  Meta_Master_Code - Scroll: 89
2025-07-10 15:29:56,826 INFO  Meta_Master_Code - Scroll: 90
2025-07-10 15:30:10,500 INFO  Meta_Master_Code - Scroll: 91
2025-07-10 15:30:19,845 INFO  Meta_Master_Code - Scroll: 92
2025-07-10 15:30:26,538 INFO  Meta_Master_Code - Scroll: 93
2025-07-10 15:30:42,386 INFO  Meta_Master_Code - Scroll: 94
2025-07-10 15:30:48,862 INFO  Meta_Master_Code - Scroll: 95
2025-07-10 15:31:01,843 INFO  Meta_Master_Code - Scroll: 96
2025-07-10 15:31:07,913 INFO  Meta_Master_Code - Scroll: 97
2025-07-10 15:31:14,395 INFO  Meta_Master_Code - Scroll: 98
2025-07-10 15:31:28,495 INFO  Meta_Master_Code - Scroll: 99
2025-07-10 15:31:34,798 INFO  Meta_Master_Code - Scroll: 100
2025-07-10 15:31:41,330 INFO  Meta_Master_Code - Scroll: 101
2025-07-10 15:32:00,261 INFO  Meta_Master_Code - Scroll: 102
2025-07-10 15:32:06,839 INFO  Meta_Master_Code - Scroll: 103
2025-07-10 15:32:30,352 INFO  Meta_Master_Code - Scroll: 104
2025-07-10 15:32:37,197 INFO  Meta_Master_Code - Scroll: 105
2025-07-10 15:32:49,882 INFO  Meta_Master_Code - Scroll: 106
2025-07-10 15:33:02,597 INFO  Meta_Master_Code - Scroll: 107
2025-07-10 15:33:08,799 INFO  Meta_Master_Code - Scroll: 108
2025-07-10 15:33:23,878 INFO  Meta_Master_Code - Scroll: 109
2025-07-10 15:33:30,054 INFO  Meta_Master_Code - Scroll: 110
2025-07-10 15:33:45,612 INFO  Meta_Master_Code - Scroll: 111
2025-07-10 15:33:51,730 INFO  Meta_Master_Code - Scroll: 112
2025-07-10 15:34:05,640 INFO  Meta_Master_Code - Scroll: 113
2025-07-10 15:34:11,710 INFO  Meta_Master_Code - Scroll: 114
2025-07-10 15:34:18,396 INFO  Meta_Master_Code - Scroll: 115
2025-07-10 15:34:34,974 INFO  Meta_Master_Code - Scroll: 116
2025-07-10 15:34:41,060 INFO  Meta_Master_Code - Scroll: 117
2025-07-10 15:34:52,446 INFO  Meta_Master_Code - Scroll: 118
2025-07-10 15:35:03,478 INFO  Meta_Master_Code - Scroll: 119
2025-07-10 15:35:09,787 INFO  Meta_Master_Code - Scroll: 120
2025-07-10 15:35:23,946 INFO  Meta_Master_Code - Scroll: 121
2025-07-10 15:35:30,051 INFO  Meta_Master_Code - Scroll: 122
2025-07-10 15:35:45,762 INFO  Meta_Master_Code - Scroll: 123
2025-07-10 15:35:51,998 INFO  Meta_Master_Code - Scroll: 124
2025-07-10 15:35:58,558 INFO  Meta_Master_Code - Scroll: 125
2025-07-10 15:36:14,654 INFO  Meta_Master_Code - Scroll: 126
2025-07-10 15:36:20,706 INFO  Meta_Master_Code - Scroll: 127
2025-07-10 15:36:36,726 INFO  Meta_Master_Code - Scroll: 128
2025-07-10 15:36:42,965 INFO  Meta_Master_Code - Scroll: 129
2025-07-10 15:36:49,142 INFO  Meta_Master_Code - Scroll: 130
2025-07-10 15:37:03,746 INFO  Meta_Master_Code - Scroll: 131
2025-07-10 15:37:09,803 INFO  Meta_Master_Code - Scroll: 132
2025-07-10 15:37:26,909 INFO  Meta_Master_Code - Scroll: 133
2025-07-10 15:37:33,266 INFO  Meta_Master_Code - Scroll: 134
2025-07-10 15:37:39,883 INFO  Meta_Master_Code - Scroll: 135
2025-07-10 15:37:56,530 INFO  Meta_Master_Code - Scroll: 136
2025-07-10 15:38:02,634 INFO  Meta_Master_Code - Scroll: 137
2025-07-10 15:38:19,585 INFO  Meta_Master_Code - Scroll: 138
2025-07-10 15:38:25,775 INFO  Meta_Master_Code - Scroll: 139
2025-07-10 15:38:31,977 INFO  Meta_Master_Code - Scroll: 140
2025-07-10 15:38:46,589 INFO  Meta_Master_Code - Scroll: 141
2025-07-10 15:38:52,641 INFO  Meta_Master_Code - Scroll: 142
2025-07-10 15:38:58,897 INFO  Meta_Master_Code - Scroll: 143
2025-07-10 15:39:13,940 INFO  Meta_Master_Code - Scroll: 144
2025-07-10 15:39:20,133 INFO  Meta_Master_Code - Scroll: 145
2025-07-10 15:39:26,436 INFO  Meta_Master_Code - Scroll: 146
2025-07-10 15:39:43,075 INFO  Meta_Master_Code - Scroll: 147
2025-07-10 15:39:49,232 INFO  Meta_Master_Code - Scroll: 148
2025-07-10 15:40:03,808 INFO  Meta_Master_Code - Scroll: 149
2025-07-10 15:40:09,899 INFO  Meta_Master_Code - Scroll: 150
2025-07-10 15:40:17,555 INFO  Meta_Master_Code - 2025.07.10.15.15.29 - Excel file created successfully!
2025-07-10 15:40:24,949 INFO  Meta_Master_Code - Total link is 29
2025-07-10 15:40:25,333 INFO  Meta_Master_Code - 1 - Data written successfully.
2025-07-10 15:40:25,561 INFO  Meta_Master_Code - 2 - Data written successfully.
2025-07-10 15:40:25,785 INFO  Meta_Master_Code - 3 - Data written successfully.
2025-07-10 15:40:25,984 INFO  Meta_Master_Code - 4 - Data written successfully.
2025-07-10 15:40:26,197 INFO  Meta_Master_Code - 5 - Data written successfully.
2025-07-10 15:40:26,410 INFO  Meta_Master_Code - 6 - Data written successfully.
2025-07-10 15:40:26,604 INFO  Meta_Master_Code - 7 - Data written successfully.
2025-07-10 15:40:26,822 INFO  Meta_Master_Code - 8 - Data written successfully.
2025-07-10 15:40:27,027 INFO  Meta_Master_Code - 9 - Data written successfully.
2025-07-10 15:40:27,236 INFO  Meta_Master_Code - 10 - Data written successfully.
2025-07-10 15:40:27,451 INFO  Meta_Master_Code - 11 - Data written successfully.
2025-07-10 15:40:27,676 INFO  Meta_Master_Code - 12 - Data written successfully.
2025-07-10 15:40:27,919 INFO  Meta_Master_Code - 13 - Data written successfully.
2025-07-10 15:40:28,120 INFO  Meta_Master_Code - 14 - Data written successfully.
2025-07-10 15:40:28,325 INFO  Meta_Master_Code - 15 - Data written successfully.
2025-07-10 15:40:28,554 INFO  Meta_Master_Code - 16 - Data written successfully.
2025-07-10 15:40:28,822 INFO  Meta_Master_Code - 17 - Data written successfully.
2025-07-10 15:40:29,625 INFO  Meta_Master_Code - 18 - Data written successfully.
2025-07-10 15:40:31,832 INFO  Meta_Master_Code - 19 - Data written successfully.
2025-07-10 15:40:32,191 INFO  Meta_Master_Code - 20 - Data written successfully.
2025-07-10 15:40:32,405 INFO  Meta_Master_Code - 21 - Data written successfully.
2025-07-10 15:40:32,650 INFO  Meta_Master_Code - 22 - Data written successfully.
2025-07-10 15:40:32,886 INFO  Meta_Master_Code - 23 - Data written successfully.
2025-07-10 15:40:33,092 INFO  Meta_Master_Code - 24 - Data written successfully.
2025-07-10 15:40:33,330 INFO  Meta_Master_Code - 25 - Data written successfully.
2025-07-10 15:40:33,521 INFO  Meta_Master_Code - 26 - Data written successfully.
2025-07-10 15:40:33,715 INFO  Meta_Master_Code - 27 - Data written successfully.
2025-07-10 15:40:33,920 INFO  Meta_Master_Code - 28 - Data written successfully.
2025-07-10 15:40:34,111 INFO  Meta_Master_Code - 29 - Data written successfully.
2025-07-10 15:40:34,123 INFO  Meta_Master_Code - Excel file has sheets, not deleted.
2025-07-10 15:40:34,140 INFO  Meta_Master_Code - 2025.07.10.15.15.29-India- New sheet - Excel file created successfully!
