2025-07-16 17:30:18,542 INFO  Meta_Website_Master_Code - URL Entered
2025-07-16 17:30:18,703 INFO  Meta_Website_Master_Code - Entered country is - India
2025-07-16 17:30:18,703 INFO  Meta_Website_Master_Code - India has been Choosen
2025-07-16 17:30:18,954 INFO  Meta_Website_Master_Code - Data Found
2025-07-16 17:30:18,961 INFO  Meta_Website_Master_Code - The Number of Scroll count Entered is - 20
2025-07-16 17:30:18,962 INFO  Meta_Website_Master_Code - Scroll: 0
2025-07-16 17:30:25,014 INFO  Meta_Website_Master_Code - Scroll: 1
2025-07-16 17:30:31,066 INFO  Meta_Website_Master_Code - Scroll: 2
2025-07-16 17:30:37,131 INFO  Meta_Website_Master_Code - Scroll: 3
2025-07-16 17:30:43,225 INFO  Meta_Website_Master_Code - Scroll: 4
2025-07-16 17:30:49,307 INFO  Meta_Website_Master_Code - Scroll: 5
2025-07-16 17:30:55,428 INFO  Meta_Website_Master_Code - Scroll: 6
2025-07-16 17:31:01,503 INFO  Meta_Website_Master_Code - Scroll: 7
2025-07-16 17:31:07,577 INFO  Meta_Website_Master_Code - Scroll: 8
2025-07-16 17:31:13,706 INFO  Meta_Website_Master_Code - Scroll: 9
2025-07-16 17:31:19,818 INFO  Meta_Website_Master_Code - Scroll: 10
2025-07-16 17:31:26,182 INFO  Meta_Website_Master_Code - Scroll: 11
2025-07-16 17:31:32,471 INFO  Meta_Website_Master_Code - Scroll: 12
2025-07-16 17:31:38,599 INFO  Meta_Website_Master_Code - Scroll: 13
2025-07-16 17:31:44,820 INFO  Meta_Website_Master_Code - Scroll: 14
2025-07-16 17:31:50,926 INFO  Meta_Website_Master_Code - Scroll: 15
2025-07-16 17:31:57,050 INFO  Meta_Website_Master_Code - Scroll: 16
2025-07-16 17:32:03,170 INFO  Meta_Website_Master_Code - Scroll: 17
2025-07-16 17:32:09,311 INFO  Meta_Website_Master_Code - Scroll: 18
2025-07-16 17:32:15,585 INFO  Meta_Website_Master_Code - Scroll: 19
2025-07-16 17:32:21,743 INFO  Meta_Website_Master_Code - Scroll: 20
2025-07-16 17:32:28,596 INFO  Meta_Website_Master_Code - 2025.07.16.17.30.13 - Excel file created successfully!
2025-07-16 17:32:28,650 INFO  Meta_Website_Master_Code - Total link is 22
2025-07-16 17:32:28,866 INFO  Meta_Website_Master_Code - 1 - Data written successfully.
2025-07-16 17:32:28,954 INFO  Meta_Website_Master_Code - 2 - Data written successfully.
2025-07-16 17:32:29,034 INFO  Meta_Website_Master_Code - 3 - Data written successfully.
2025-07-16 17:32:29,115 INFO  Meta_Website_Master_Code - 4 - Data written successfully.
2025-07-16 17:32:29,191 INFO  Meta_Website_Master_Code - 5 - Data written successfully.
2025-07-16 17:32:29,264 INFO  Meta_Website_Master_Code - 6 - Data written successfully.
2025-07-16 17:32:29,339 INFO  Meta_Website_Master_Code - 7 - Data written successfully.
2025-07-16 17:32:29,415 INFO  Meta_Website_Master_Code - 8 - Data written successfully.
2025-07-16 17:32:29,486 INFO  Meta_Website_Master_Code - 9 - Data written successfully.
2025-07-16 17:32:29,577 INFO  Meta_Website_Master_Code - 10 - Data written successfully.
2025-07-16 17:32:29,644 INFO  Meta_Website_Master_Code - 11 - Data written successfully.
2025-07-16 17:32:29,720 INFO  Meta_Website_Master_Code - 12 - Data written successfully.
2025-07-16 17:32:29,798 INFO  Meta_Website_Master_Code - 13 - Data written successfully.
2025-07-16 17:32:29,924 INFO  Meta_Website_Master_Code - 14 - Data written successfully.
2025-07-16 17:32:29,993 INFO  Meta_Website_Master_Code - 15 - Data written successfully.
2025-07-16 17:32:30,070 INFO  Meta_Website_Master_Code - 16 - Data written successfully.
2025-07-16 17:32:30,139 INFO  Meta_Website_Master_Code - 17 - Data written successfully.
2025-07-16 17:32:30,211 INFO  Meta_Website_Master_Code - 18 - Data written successfully.
2025-07-16 17:32:30,314 INFO  Meta_Website_Master_Code - 19 - Data written successfully.
2025-07-16 17:32:30,393 INFO  Meta_Website_Master_Code - 20 - Data written successfully.
2025-07-16 17:32:30,452 INFO  Meta_Website_Master_Code - 21 - Data written successfully.
2025-07-16 17:32:30,534 INFO  Meta_Website_Master_Code - 22 - Data written successfully.
2025-07-16 17:32:30,587 INFO  Meta_Website_Master_Code - Total link is 122
2025-07-16 17:32:30,667 INFO  Meta_Website_Master_Code - 1 - Data written successfully.
2025-07-16 17:32:30,728 INFO  Meta_Website_Master_Code - 2 - Data written successfully.
2025-07-16 17:32:30,796 INFO  Meta_Website_Master_Code - 3 - Data written successfully.
2025-07-16 17:32:30,861 INFO  Meta_Website_Master_Code - 4 - Data written successfully.
2025-07-16 17:32:30,940 INFO  Meta_Website_Master_Code - 5 - Data written successfully.
2025-07-16 17:32:31,007 INFO  Meta_Website_Master_Code - 6 - Data written successfully.
2025-07-16 17:32:31,353 INFO  Meta_Website_Master_Code - 7 - Data written successfully.
2025-07-16 17:32:31,874 INFO  Meta_Website_Master_Code - 8 - Data written successfully.
2025-07-16 17:32:32,094 INFO  Meta_Website_Master_Code - 9 - Data written successfully.
2025-07-16 17:32:32,280 INFO  Meta_Website_Master_Code - 10 - Data written successfully.
2025-07-16 17:32:32,512 INFO  Meta_Website_Master_Code - 11 - Data written successfully.
2025-07-16 17:32:33,210 INFO  Meta_Website_Master_Code - 12 - Data written successfully.
2025-07-16 17:32:33,350 INFO  Meta_Website_Master_Code - 13 - Data written successfully.
2025-07-16 17:32:33,413 INFO  Meta_Website_Master_Code - 14 - Data written successfully.
2025-07-16 17:32:33,480 INFO  Meta_Website_Master_Code - 15 - Data written successfully.
2025-07-16 17:32:33,541 INFO  Meta_Website_Master_Code - 16 - Data written successfully.
2025-07-16 17:32:33,618 INFO  Meta_Website_Master_Code - 17 - Data written successfully.
2025-07-16 17:32:33,676 INFO  Meta_Website_Master_Code - 18 - Data written successfully.
2025-07-16 17:32:33,736 INFO  Meta_Website_Master_Code - 19 - Data written successfully.
2025-07-16 17:32:33,803 INFO  Meta_Website_Master_Code - 20 - Data written successfully.
2025-07-16 17:32:33,871 INFO  Meta_Website_Master_Code - 21 - Data written successfully.
2025-07-16 17:32:33,931 INFO  Meta_Website_Master_Code - 22 - Data written successfully.
2025-07-16 17:32:34,001 INFO  Meta_Website_Master_Code - 23 - Data written successfully.
2025-07-16 17:32:34,061 INFO  Meta_Website_Master_Code - 24 - Data written successfully.
2025-07-16 17:32:34,152 INFO  Meta_Website_Master_Code - 25 - Data written successfully.
2025-07-16 17:32:34,232 INFO  Meta_Website_Master_Code - 26 - Data written successfully.
2025-07-16 17:32:34,320 INFO  Meta_Website_Master_Code - 27 - Data written successfully.
2025-07-16 17:32:34,395 INFO  Meta_Website_Master_Code - 28 - Data written successfully.
2025-07-16 17:32:34,462 INFO  Meta_Website_Master_Code - 29 - Data written successfully.
2025-07-16 17:32:34,521 INFO  Meta_Website_Master_Code - 30 - Data written successfully.
2025-07-16 17:32:34,578 INFO  Meta_Website_Master_Code - 31 - Data written successfully.
2025-07-16 17:32:34,637 INFO  Meta_Website_Master_Code - 32 - Data written successfully.
2025-07-16 17:32:34,700 INFO  Meta_Website_Master_Code - 33 - Data written successfully.
2025-07-16 17:32:34,773 INFO  Meta_Website_Master_Code - 34 - Data written successfully.
2025-07-16 17:32:34,839 INFO  Meta_Website_Master_Code - 35 - Data written successfully.
2025-07-16 17:32:34,896 INFO  Meta_Website_Master_Code - 36 - Data written successfully.
2025-07-16 17:32:34,953 INFO  Meta_Website_Master_Code - 37 - Data written successfully.
2025-07-16 17:32:35,020 INFO  Meta_Website_Master_Code - 38 - Data written successfully.
2025-07-16 17:32:35,074 INFO  Meta_Website_Master_Code - 39 - Data written successfully.
2025-07-16 17:32:35,153 INFO  Meta_Website_Master_Code - 40 - Data written successfully.
2025-07-16 17:32:35,221 INFO  Meta_Website_Master_Code - 41 - Data written successfully.
2025-07-16 17:32:35,321 INFO  Meta_Website_Master_Code - 42 - Data written successfully.
2025-07-16 17:32:35,391 INFO  Meta_Website_Master_Code - 43 - Data written successfully.
2025-07-16 17:32:35,459 INFO  Meta_Website_Master_Code - 44 - Data written successfully.
2025-07-16 17:32:35,520 INFO  Meta_Website_Master_Code - 45 - Data written successfully.
2025-07-16 17:32:35,608 INFO  Meta_Website_Master_Code - 46 - Data written successfully.
2025-07-16 17:32:35,696 INFO  Meta_Website_Master_Code - 47 - Data written successfully.
2025-07-16 17:32:35,760 INFO  Meta_Website_Master_Code - 48 - Data written successfully.
2025-07-16 17:32:35,813 INFO  Meta_Website_Master_Code - 49 - Data written successfully.
2025-07-16 17:32:35,875 INFO  Meta_Website_Master_Code - 50 - Data written successfully.
2025-07-16 17:32:35,932 INFO  Meta_Website_Master_Code - 51 - Data written successfully.
2025-07-16 17:32:35,997 INFO  Meta_Website_Master_Code - 52 - Data written successfully.
2025-07-16 17:32:36,062 INFO  Meta_Website_Master_Code - 53 - Data written successfully.
2025-07-16 17:32:36,133 INFO  Meta_Website_Master_Code - 54 - Data written successfully.
2025-07-16 17:32:36,217 INFO  Meta_Website_Master_Code - 55 - Data written successfully.
2025-07-16 17:32:36,303 INFO  Meta_Website_Master_Code - 56 - Data written successfully.
2025-07-16 17:32:36,392 INFO  Meta_Website_Master_Code - 57 - Data written successfully.
2025-07-16 17:32:36,464 INFO  Meta_Website_Master_Code - 58 - Data written successfully.
2025-07-16 17:32:36,544 INFO  Meta_Website_Master_Code - 59 - Data written successfully.
2025-07-16 17:32:36,628 INFO  Meta_Website_Master_Code - 60 - Data written successfully.
2025-07-16 17:32:36,697 INFO  Meta_Website_Master_Code - 61 - Data written successfully.
2025-07-16 17:32:36,765 INFO  Meta_Website_Master_Code - 62 - Data written successfully.
2025-07-16 17:32:36,826 INFO  Meta_Website_Master_Code - 63 - Data written successfully.
2025-07-16 17:32:36,883 INFO  Meta_Website_Master_Code - 64 - Data written successfully.
2025-07-16 17:32:36,942 INFO  Meta_Website_Master_Code - 65 - Data written successfully.
2025-07-16 17:32:36,999 INFO  Meta_Website_Master_Code - 66 - Data written successfully.
2025-07-16 17:32:37,058 INFO  Meta_Website_Master_Code - 67 - Data written successfully.
2025-07-16 17:32:37,120 INFO  Meta_Website_Master_Code - 68 - Data written successfully.
2025-07-16 17:32:37,179 INFO  Meta_Website_Master_Code - 69 - Data written successfully.
2025-07-16 17:32:37,239 INFO  Meta_Website_Master_Code - 70 - Data written successfully.
2025-07-16 17:32:37,316 INFO  Meta_Website_Master_Code - 71 - Data written successfully.
2025-07-16 17:32:37,375 INFO  Meta_Website_Master_Code - 72 - Data written successfully.
2025-07-16 17:32:37,445 INFO  Meta_Website_Master_Code - 73 - Data written successfully.
2025-07-16 17:32:37,509 INFO  Meta_Website_Master_Code - 74 - Data written successfully.
2025-07-16 17:32:37,570 INFO  Meta_Website_Master_Code - 75 - Data written successfully.
2025-07-16 17:32:37,631 INFO  Meta_Website_Master_Code - 76 - Data written successfully.
2025-07-16 17:32:37,687 INFO  Meta_Website_Master_Code - 77 - Data written successfully.
2025-07-16 17:32:37,744 INFO  Meta_Website_Master_Code - 78 - Data written successfully.
2025-07-16 17:32:37,813 INFO  Meta_Website_Master_Code - 79 - Data written successfully.
2025-07-16 17:32:37,870 INFO  Meta_Website_Master_Code - 80 - Data written successfully.
2025-07-16 17:32:37,960 INFO  Meta_Website_Master_Code - 81 - Data written successfully.
2025-07-16 17:32:38,015 INFO  Meta_Website_Master_Code - 82 - Data written successfully.
2025-07-16 17:32:38,077 INFO  Meta_Website_Master_Code - 83 - Data written successfully.
2025-07-16 17:32:38,132 INFO  Meta_Website_Master_Code - 84 - Data written successfully.
2025-07-16 17:32:38,187 INFO  Meta_Website_Master_Code - 85 - Data written successfully.
2025-07-16 17:32:38,253 INFO  Meta_Website_Master_Code - 86 - Data written successfully.
2025-07-16 17:32:38,308 INFO  Meta_Website_Master_Code - 87 - Data written successfully.
2025-07-16 17:32:38,369 INFO  Meta_Website_Master_Code - 88 - Data written successfully.
2025-07-16 17:32:38,424 INFO  Meta_Website_Master_Code - 89 - Data written successfully.
2025-07-16 17:32:38,480 INFO  Meta_Website_Master_Code - 90 - Data written successfully.
2025-07-16 17:32:38,532 INFO  Meta_Website_Master_Code - 91 - Data written successfully.
2025-07-16 17:32:38,587 INFO  Meta_Website_Master_Code - 92 - Data written successfully.
2025-07-16 17:32:38,647 INFO  Meta_Website_Master_Code - 93 - Data written successfully.
2025-07-16 17:32:38,705 INFO  Meta_Website_Master_Code - 94 - Data written successfully.
2025-07-16 17:32:38,762 INFO  Meta_Website_Master_Code - 95 - Data written successfully.
2025-07-16 17:32:38,820 INFO  Meta_Website_Master_Code - 96 - Data written successfully.
2025-07-16 17:32:38,879 INFO  Meta_Website_Master_Code - 97 - Data written successfully.
2025-07-16 17:32:38,935 INFO  Meta_Website_Master_Code - 98 - Data written successfully.
2025-07-16 17:32:38,997 INFO  Meta_Website_Master_Code - 99 - Data written successfully.
2025-07-16 17:32:39,062 INFO  Meta_Website_Master_Code - 100 - Data written successfully.
2025-07-16 17:32:39,116 INFO  Meta_Website_Master_Code - 101 - Data written successfully.
2025-07-16 17:32:39,166 INFO  Meta_Website_Master_Code - 102 - Data written successfully.
2025-07-16 17:32:39,217 INFO  Meta_Website_Master_Code - 103 - Data written successfully.
2025-07-16 17:32:39,274 INFO  Meta_Website_Master_Code - 104 - Data written successfully.
2025-07-16 17:32:39,341 INFO  Meta_Website_Master_Code - 105 - Data written successfully.
2025-07-16 17:32:39,437 INFO  Meta_Website_Master_Code - 106 - Data written successfully.
2025-07-16 17:32:39,517 INFO  Meta_Website_Master_Code - 107 - Data written successfully.
2025-07-16 17:32:39,571 INFO  Meta_Website_Master_Code - 108 - Data written successfully.
2025-07-16 17:32:39,637 INFO  Meta_Website_Master_Code - 109 - Data written successfully.
2025-07-16 17:32:39,703 INFO  Meta_Website_Master_Code - 110 - Data written successfully.
2025-07-16 17:32:39,759 INFO  Meta_Website_Master_Code - 111 - Data written successfully.
2025-07-16 17:32:39,811 INFO  Meta_Website_Master_Code - 112 - Data written successfully.
2025-07-16 17:32:39,861 INFO  Meta_Website_Master_Code - 113 - Data written successfully.
2025-07-16 17:32:39,914 INFO  Meta_Website_Master_Code - 114 - Data written successfully.
2025-07-16 17:32:39,966 INFO  Meta_Website_Master_Code - 115 - Data written successfully.
2025-07-16 17:32:40,027 INFO  Meta_Website_Master_Code - 116 - Data written successfully.
2025-07-16 17:32:40,079 INFO  Meta_Website_Master_Code - 117 - Data written successfully.
2025-07-16 17:32:40,132 INFO  Meta_Website_Master_Code - 118 - Data written successfully.
2025-07-16 17:32:40,198 INFO  Meta_Website_Master_Code - 119 - Data written successfully.
2025-07-16 17:32:40,258 INFO  Meta_Website_Master_Code - 120 - Data written successfully.
2025-07-16 17:32:40,319 INFO  Meta_Website_Master_Code - 121 - Data written successfully.
2025-07-16 17:32:40,373 INFO  Meta_Website_Master_Code - 122 - Data written successfully.
2025-07-16 17:32:40,384 INFO  Meta_Website_Master_Code - Excel file has sheets, not deleted.
2025-07-16 17:32:40,407 INFO  Meta_Website_Master_Code - 2025.07.16-India- New sheet - Excel file created successfully!
2025-07-16 17:32:44,461 INFO  Meta_Website_Master_Code - Data written successfully: https://mituscouture.com/
2025-07-16 17:32:44,544 INFO  Meta_Website_Master_Code - Duplicate entry in the Mastersheet
2025-07-16 17:32:44,591 INFO  Meta_Website_Master_Code - 0-Valid URL:https://mituscouture.com/
2025-07-16 17:32:46,432 INFO  Meta_Website_Master_Code - Duplicate entry skipped: https://mituscouture.com/
2025-07-16 17:32:46,457 INFO  Meta_Website_Master_Code - Duplicate entry in the Mastersheet
2025-07-16 17:32:46,475 INFO  Meta_Website_Master_Code - 1-Valid URL:https://mituscouture.com/
2025-07-16 17:32:48,611 INFO  Meta_Website_Master_Code - Duplicate entry skipped: https://mituscouture.com/
2025-07-16 17:32:48,632 INFO  Meta_Website_Master_Code - Duplicate entry in the Mastersheet
2025-07-16 17:32:48,643 INFO  Meta_Website_Master_Code - 2-Valid URL:https://mituscouture.com/
2025-07-16 17:32:50,174 INFO  Meta_Website_Master_Code - Duplicate entry skipped: https://mituscouture.com/
2025-07-16 17:32:50,195 INFO  Meta_Website_Master_Code - Duplicate entry in the Mastersheet
2025-07-16 17:32:50,211 INFO  Meta_Website_Master_Code - 3-Valid URL:https://mituscouture.com/
2025-07-16 17:32:52,773 INFO  Meta_Website_Master_Code - Data written successfully: https://www.montexoo.in/
2025-07-16 17:32:52,793 INFO  Meta_Website_Master_Code - Data Written in Mastersheet - https://www.montexoo.in/
2025-07-16 17:32:52,847 INFO  Meta_Website_Master_Code - 4-Valid URL:https://www.montexoo.in/
2025-07-16 17:32:57,103 INFO  Meta_Website_Master_Code - Data written successfully: https://trybloom.in/
2025-07-16 17:32:57,164 INFO  Meta_Website_Master_Code - Data Written in Mastersheet - https://trybloom.in/
2025-07-16 17:32:57,216 INFO  Meta_Website_Master_Code - 5-Valid URL:https://trybloom.in/
2025-07-16 17:33:04,059 INFO  Meta_Website_Master_Code - Data written successfully: https://www.niviasports.com/
2025-07-16 17:33:04,096 INFO  Meta_Website_Master_Code - Data Written in Mastersheet - https://www.niviasports.com/
2025-07-16 17:33:04,126 INFO  Meta_Website_Master_Code - 6-Valid URL:https://www.niviasports.com/
2025-07-16 17:33:06,746 INFO  Meta_Website_Master_Code - Data written successfully: https://threadnneedles.com/
2025-07-16 17:33:06,761 INFO  Meta_Website_Master_Code - Data Written in Mastersheet - https://threadnneedles.com/
2025-07-16 17:33:06,772 INFO  Meta_Website_Master_Code - 7-Valid URL:https://threadnneedles.com/
2025-07-16 17:33:08,424 INFO  Meta_Website_Master_Code - Data written successfully: https://bio.site/
2025-07-16 17:33:08,443 INFO  Meta_Website_Master_Code - Data Written in Mastersheet - https://bio.site/
2025-07-16 17:33:08,467 INFO  Meta_Website_Master_Code - 8-Valid URL:https://bio.site/
2025-07-16 17:33:12,048 INFO  Meta_Website_Master_Code - Data written successfully: https://olavi.in/
2025-07-16 17:33:12,079 INFO  Meta_Website_Master_Code - Data Written in Mastersheet - https://olavi.in/
2025-07-16 17:33:12,108 INFO  Meta_Website_Master_Code - 9-Valid URL:https://olavi.in/
2025-07-16 17:33:14,620 INFO  Meta_Website_Master_Code - Data written successfully: https://alvongrayindia.myshopify.com/
2025-07-16 17:33:14,631 INFO  Meta_Website_Master_Code - Data Written in Mastersheet - https://alvongrayindia.myshopify.com/
2025-07-16 17:33:14,645 INFO  Meta_Website_Master_Code - 10-Valid URL:https://alvongrayindia.myshopify.com/
2025-07-16 17:33:17,296 INFO  Meta_Website_Master_Code - Data written successfully: https://big-billion-flipkart.0ffer.shop/
2025-07-16 17:33:17,312 INFO  Meta_Website_Master_Code - Duplicate entry in the Mastersheet
2025-07-16 17:33:17,324 INFO  Meta_Website_Master_Code - 11-Valid URL:https://big-billion-flipkart.0ffer.shop/
2025-07-16 17:33:21,301 INFO  Meta_Website_Master_Code - Data written successfully: https://t.me/
2025-07-16 17:33:21,315 INFO  Meta_Website_Master_Code - Data Written in Mastersheet - https://t.me/
2025-07-16 17:33:21,335 INFO  Meta_Website_Master_Code - 13-Valid URL:https://t.me/
2025-07-16 17:33:25,086 INFO  Meta_Website_Master_Code - Data written successfully: https://onemile.in/
2025-07-16 17:33:25,107 INFO  Meta_Website_Master_Code - Data Written in Mastersheet - https://onemile.in/
2025-07-16 17:33:25,131 INFO  Meta_Website_Master_Code - 14-Valid URL:https://onemile.in/
2025-07-16 17:33:30,362 INFO  Meta_Website_Master_Code - Data written successfully: https://www.beyoung.in/
2025-07-16 17:33:30,376 INFO  Meta_Website_Master_Code - Duplicate entry in the Mastersheet
2025-07-16 17:33:30,387 INFO  Meta_Website_Master_Code - 17-Valid URL:https://www.beyoung.in/
2025-07-16 17:33:34,892 INFO  Meta_Website_Master_Code - Data written successfully: https://www.birkenstock.in/
2025-07-16 17:33:34,904 INFO  Meta_Website_Master_Code - Duplicate entry in the Mastersheet
2025-07-16 17:33:34,918 INFO  Meta_Website_Master_Code - 18-Valid URL:https://www.birkenstock.in/
2025-07-16 17:33:36,593 INFO  Meta_Website_Master_Code - Data written successfully: https://alvo.chat/
2025-07-16 17:33:36,609 INFO  Meta_Website_Master_Code - Duplicate entry in the Mastersheet
2025-07-16 17:33:36,619 INFO  Meta_Website_Master_Code - 19-Valid URL:https://alvo.chat/
2025-07-16 17:33:40,297 INFO  Meta_Website_Master_Code - Data written successfully: https://newwoffer.gtatens.com/
2025-07-16 17:33:40,306 INFO  Meta_Website_Master_Code - Duplicate entry in the Mastersheet
2025-07-16 17:33:40,316 INFO  Meta_Website_Master_Code - 20-Valid URL:https://newwoffer.gtatens.com/
2025-07-16 17:33:42,031 INFO  Meta_Website_Master_Code - Data written successfully: https://wheat-starling-299966.hostingersite.com/
2025-07-16 17:33:42,044 INFO  Meta_Website_Master_Code - Data Written in Mastersheet - https://wheat-starling-299966.hostingersite.com/
2025-07-16 17:33:42,054 INFO  Meta_Website_Master_Code - 21-Valid URL:https://wheat-starling-299966.hostingersite.com/
2025-07-16 17:33:45,086 INFO  Meta_Website_Master_Code - Data written successfully: https://shop.teamsg.in/
2025-07-16 17:33:45,161 INFO  Meta_Website_Master_Code - Duplicate entry in the Mastersheet
2025-07-16 17:33:45,178 INFO  Meta_Website_Master_Code - 22-Valid URL:https://shop.teamsg.in/
2025-07-16 17:33:48,283 INFO  Meta_Website_Master_Code - Data written successfully: https://ciaobella.in/
2025-07-16 17:33:48,311 INFO  Meta_Website_Master_Code - Data Written in Mastersheet - https://ciaobella.in/
2025-07-16 17:33:48,340 INFO  Meta_Website_Master_Code - 23-Valid URL:https://ciaobella.in/
2025-07-16 17:33:54,713 INFO  Meta_Website_Master_Code - Data written successfully: https://www.afari.co.in/
2025-07-16 17:33:54,746 INFO  Meta_Website_Master_Code - Duplicate entry in the Mastersheet
2025-07-16 17:33:54,758 INFO  Meta_Website_Master_Code - 24-Valid URL:https://www.afari.co.in/
2025-07-16 17:33:59,066 INFO  Meta_Website_Master_Code - Data written successfully: https://ciaobella.in/
2025-07-16 17:33:59,082 INFO  Meta_Website_Master_Code - Duplicate entry in the Mastersheet
2025-07-16 17:33:59,095 INFO  Meta_Website_Master_Code - 26-Valid URL:https://ciaobella.in/
