2025-07-10 13:28:19,363 INFO  Meta_Master_Code - URL Entered
2025-07-10 13:28:19,463 INFO  Meta_Master_Code - Entered country is - India
2025-07-10 13:28:19,464 INFO  Meta_Master_Code - India has been Choosen
2025-07-10 13:28:19,714 INFO  Meta_Master_Code - Data Found
2025-07-10 13:28:19,724 INFO  Meta_Master_Code - The Number of Scroll count Entered is - 1
2025-07-10 13:28:19,724 INFO  Meta_Master_Code - Scroll: 0
2025-07-10 13:28:26,330 INFO  Meta_Master_Code - Scroll: 1
2025-07-10 13:28:36,214 INFO  Meta_Master_Code - 2025.07.10.13.28.14 - Excel file created successfully!
2025-07-10 13:28:36,248 INFO  Meta_Master_Code - Total link is 32
2025-07-10 13:28:36,507 INFO  Meta_Master_Code - 1 - Data written successfully.
2025-07-10 13:28:36,579 INFO  Meta_Master_Code - 2 - Data written successfully.
2025-07-10 13:28:36,654 INFO  Meta_Master_Code - 3 - Data written successfully.
2025-07-10 13:28:36,709 INFO  Meta_Master_Code - 4 - Data written successfully.
2025-07-10 13:28:36,764 INFO  Meta_Master_Code - 5 - Data written successfully.
2025-07-10 13:28:36,819 INFO  Meta_Master_Code - 6 - Data written successfully.
2025-07-10 13:28:36,877 INFO  Meta_Master_Code - 7 - Data written successfully.
2025-07-10 13:28:36,937 INFO  Meta_Master_Code - 8 - Data written successfully.
2025-07-10 13:28:37,005 INFO  Meta_Master_Code - 9 - Data written successfully.
2025-07-10 13:28:37,073 INFO  Meta_Master_Code - 10 - Data written successfully.
2025-07-10 13:28:37,132 INFO  Meta_Master_Code - 11 - Data written successfully.
2025-07-10 13:28:37,192 INFO  Meta_Master_Code - 12 - Data written successfully.
2025-07-10 13:28:37,255 INFO  Meta_Master_Code - 13 - Data written successfully.
2025-07-10 13:28:37,320 INFO  Meta_Master_Code - 14 - Data written successfully.
2025-07-10 13:28:37,392 INFO  Meta_Master_Code - 15 - Data written successfully.
2025-07-10 13:28:37,454 INFO  Meta_Master_Code - 16 - Data written successfully.
2025-07-10 13:28:37,508 INFO  Meta_Master_Code - 17 - Data written successfully.
2025-07-10 13:28:37,579 INFO  Meta_Master_Code - 18 - Data written successfully.
2025-07-10 13:28:37,660 INFO  Meta_Master_Code - 19 - Data written successfully.
2025-07-10 13:28:37,724 INFO  Meta_Master_Code - 20 - Data written successfully.
2025-07-10 13:28:37,782 INFO  Meta_Master_Code - 21 - Data written successfully.
2025-07-10 13:28:37,840 INFO  Meta_Master_Code - 22 - Data written successfully.
2025-07-10 13:28:37,893 INFO  Meta_Master_Code - 23 - Data written successfully.
2025-07-10 13:28:37,964 INFO  Meta_Master_Code - 24 - Data written successfully.
2025-07-10 13:28:38,026 INFO  Meta_Master_Code - 25 - Data written successfully.
2025-07-10 13:28:38,095 INFO  Meta_Master_Code - 26 - Data written successfully.
2025-07-10 13:28:38,161 INFO  Meta_Master_Code - 27 - Data written successfully.
2025-07-10 13:28:38,221 INFO  Meta_Master_Code - 28 - Data written successfully.
2025-07-10 13:28:38,284 INFO  Meta_Master_Code - 29 - Data written successfully.
2025-07-10 13:28:38,350 INFO  Meta_Master_Code - 30 - Data written successfully.
2025-07-10 13:28:38,401 INFO  Meta_Master_Code - 31 - Data written successfully.
2025-07-10 13:28:38,462 INFO  Meta_Master_Code - 32 - Data written successfully.
2025-07-10 13:28:38,476 INFO  Meta_Master_Code - Excel file has sheets, not deleted.
2025-07-10 13:28:38,494 INFO  Meta_Master_Code - 2025.07.10.13.28.14-India- New sheet - Excel file created successfully!
2025-07-10 13:28:40,303 INFO  Meta_Master_Code - 0-The downloads Count is -10000000
2025-07-10 13:28:40,303 INFO  Meta_Master_Code - 0 - The Downloads is more than 1M
2025-07-10 13:28:41,642 INFO  Meta_Master_Code - 1-The downloads Count is -10000000
2025-07-10 13:28:41,643 INFO  Meta_Master_Code - 1 - The Downloads is more than 1M
2025-07-10 13:28:42,855 INFO  Meta_Master_Code - 2-The downloads Count is -10000000
2025-07-10 13:28:42,856 INFO  Meta_Master_Code - 2 - The Downloads is more than 1M
2025-07-10 13:28:44,021 INFO  Meta_Master_Code - 3-The downloads Count is -10000000
2025-07-10 13:28:44,021 INFO  Meta_Master_Code - 3 - The Downloads is more than 1M
2025-07-10 13:28:45,277 INFO  Meta_Master_Code - 4-The downloads Count is -1000000
2025-07-10 13:28:45,277 INFO  Meta_Master_Code - 4 - The Downloads is more than 1M
2025-07-10 13:28:46,415 INFO  Meta_Master_Code - 5-The downloads Count is -10000000
2025-07-10 13:28:46,415 INFO  Meta_Master_Code - 5 - The Downloads is more than 1M
2025-07-10 13:28:47,526 INFO  Meta_Master_Code - 6-The downloads Count is -10000000
2025-07-10 13:28:47,527 INFO  Meta_Master_Code - 6 - The Downloads is more than 1M
2025-07-10 13:28:48,780 INFO  Meta_Master_Code - 7-The downloads Count is -10000
2025-07-10 13:28:48,792 INFO  Meta_Master_Code - 7No Rating is Given
2025-07-10 13:28:48,823 INFO  Meta_Master_Code - Data written successfully: https://play.google.com/store/apps/details?id=com.indogastmedia.curencyliverateconvert
2025-07-10 13:28:48,880 INFO  Meta_Master_Code - Duplicate entry in the Mastersheet
2025-07-10 13:28:48,910 INFO  Meta_Master_Code - 7 - link in written
2025-07-10 13:28:50,104 INFO  Meta_Master_Code - 8-The downloads Count is -10000000
2025-07-10 13:28:50,104 INFO  Meta_Master_Code - 8 - The Downloads is more than 1M
2025-07-10 13:28:51,255 INFO  Meta_Master_Code - 9-The downloads Count is -10000000
2025-07-10 13:28:51,255 INFO  Meta_Master_Code - 9 - The Downloads is more than 1M
2025-07-10 13:28:52,446 INFO  Meta_Master_Code - 10-The downloads Count is -10000000
2025-07-10 13:28:52,446 INFO  Meta_Master_Code - 10 - The Downloads is more than 1M
2025-07-10 13:28:53,613 INFO  Meta_Master_Code - 11-The downloads Count is -10000000
2025-07-10 13:28:53,613 INFO  Meta_Master_Code - 11 - The Downloads is more than 1M
2025-07-10 13:28:54,891 INFO  Meta_Master_Code - 12-The downloads Count is -10000000
2025-07-10 13:28:54,891 INFO  Meta_Master_Code - 12 - The Downloads is more than 1M
2025-07-10 13:28:55,997 INFO  Meta_Master_Code - 13-The downloads Count is -10000000
2025-07-10 13:28:55,997 INFO  Meta_Master_Code - 13 - The Downloads is more than 1M
2025-07-10 13:28:57,214 INFO  Meta_Master_Code - 14-The downloads Count is -10000000
2025-07-10 13:28:57,214 INFO  Meta_Master_Code - 14 - The Downloads is more than 1M
2025-07-10 13:28:58,475 INFO  Meta_Master_Code - 15-The downloads Count is -10000000
2025-07-10 13:28:58,475 INFO  Meta_Master_Code - 15 - The Downloads is more than 1M
2025-07-10 13:28:59,625 INFO  Meta_Master_Code - 16-The downloads Count is -10000000
2025-07-10 13:28:59,625 INFO  Meta_Master_Code - 16 - The Downloads is more than 1M
2025-07-10 13:29:00,804 INFO  Meta_Master_Code - 17-The downloads Count is -10000000
2025-07-10 13:29:00,804 INFO  Meta_Master_Code - 17 - The Downloads is more than 1M
2025-07-10 13:29:01,972 INFO  Meta_Master_Code - 18-The downloads Count is -10000000
2025-07-10 13:29:01,973 INFO  Meta_Master_Code - 18 - The Downloads is more than 1M
2025-07-10 13:29:03,147 INFO  Meta_Master_Code - 19-The downloads Count is -10000000
2025-07-10 13:29:03,147 INFO  Meta_Master_Code - 19 - The Downloads is more than 1M
2025-07-10 13:29:04,309 INFO  Meta_Master_Code - 20-The downloads Count is -10000000
2025-07-10 13:29:04,310 INFO  Meta_Master_Code - 20 - The Downloads is more than 1M
2025-07-10 13:29:05,490 INFO  Meta_Master_Code - 21-The downloads Count is -10000000
2025-07-10 13:29:05,490 INFO  Meta_Master_Code - 21 - The Downloads is more than 1M
2025-07-10 13:29:06,643 INFO  Meta_Master_Code - 22-The downloads Count is -10000000
2025-07-10 13:29:06,643 INFO  Meta_Master_Code - 22 - The Downloads is more than 1M
2025-07-10 13:29:07,837 INFO  Meta_Master_Code - 23-The downloads Count is -10000000
2025-07-10 13:29:07,837 INFO  Meta_Master_Code - 23 - The Downloads is more than 1M
2025-07-10 13:29:09,342 INFO  Meta_Master_Code - 24-The downloads Count is -10000000
2025-07-10 13:29:09,342 INFO  Meta_Master_Code - 24 - The Downloads is more than 1M
2025-07-10 13:29:10,505 INFO  Meta_Master_Code - 25-The downloads Count is -10000000
2025-07-10 13:29:10,505 INFO  Meta_Master_Code - 25 - The Downloads is more than 1M
2025-07-10 13:29:11,714 INFO  Meta_Master_Code - 26-The downloads Count is -10000000
2025-07-10 13:29:11,714 INFO  Meta_Master_Code - 26 - The Downloads is more than 1M
2025-07-10 13:29:12,940 INFO  Meta_Master_Code - 27-The downloads Count is -10000000
2025-07-10 13:29:12,940 INFO  Meta_Master_Code - 27 - The Downloads is more than 1M
2025-07-10 13:29:14,103 INFO  Meta_Master_Code - 28-The downloads Count is -10000000
2025-07-10 13:29:14,103 INFO  Meta_Master_Code - 28 - The Downloads is more than 1M
2025-07-10 13:29:15,263 INFO  Meta_Master_Code - 29-The downloads Count is -10000000
2025-07-10 13:29:15,264 INFO  Meta_Master_Code - 29 - The Downloads is more than 1M
2025-07-10 13:29:16,392 INFO  Meta_Master_Code - 30-The downloads Count is -10000000
2025-07-10 13:29:16,392 INFO  Meta_Master_Code - 30 - The Downloads is more than 1M
2025-07-10 13:29:17,564 INFO  Meta_Master_Code - 31-The downloads Count is -10000000
2025-07-10 13:29:17,564 INFO  Meta_Master_Code - 31 - The Downloads is more than 1M
2025-07-10 13:29:17,581 INFO  Meta_Master_Code - Excel file deleted as it contains no sheets.
