2025-07-14 17:57:55,552 INFO  Meta_Master_Code - URL Entered
2025-07-14 17:57:55,609 INFO  Meta_Master_Code - Entered country is - India
2025-07-14 17:57:55,610 INFO  Meta_Master_Code - India has been Choosen
2025-07-14 17:57:55,872 INFO  Meta_Master_Code - Data Found
2025-07-14 17:57:55,882 INFO  Meta_Master_Code - The Number of Scroll count Entered is - 50
2025-07-14 17:57:55,882 INFO  Meta_Master_Code - Scroll: 0
2025-07-14 17:58:02,402 INFO  Meta_Master_Code - Scroll: 1
2025-07-14 17:58:08,528 INFO  Meta_Master_Code - Scroll: 2
2025-07-14 17:58:14,694 INFO  Meta_Master_Code - Scroll: 3
2025-07-14 17:58:21,222 INFO  Meta_Master_Code - Scroll: 4
2025-07-14 17:58:27,617 INFO  Meta_Master_Code - Scroll: 5
2025-07-14 17:58:33,721 INFO  Meta_Master_Code - Scroll: 6
2025-07-14 17:58:39,854 INFO  Meta_Master_Code - Scroll: 7
2025-07-14 17:58:46,016 INFO  Meta_Master_Code - Scroll: 8
2025-07-14 17:58:52,103 INFO  Meta_Master_Code - Scroll: 9
2025-07-14 17:58:58,271 INFO  Meta_Master_Code - Scroll: 10
2025-07-14 17:59:04,450 INFO  Meta_Master_Code - Scroll: 11
2025-07-14 17:59:10,923 INFO  Meta_Master_Code - Scroll: 12
2025-07-14 17:59:17,225 INFO  Meta_Master_Code - Scroll: 13
2025-07-14 17:59:23,477 INFO  Meta_Master_Code - Scroll: 14
2025-07-14 17:59:29,728 INFO  Meta_Master_Code - Scroll: 15
2025-07-14 17:59:35,991 INFO  Meta_Master_Code - Scroll: 16
2025-07-14 17:59:42,279 INFO  Meta_Master_Code - Scroll: 17
2025-07-14 17:59:48,358 INFO  Meta_Master_Code - Scroll: 18
2025-07-14 17:59:54,504 INFO  Meta_Master_Code - Scroll: 19
2025-07-14 18:00:00,566 INFO  Meta_Master_Code - Scroll: 20
2025-07-14 18:00:06,799 INFO  Meta_Master_Code - Scroll: 21
2025-07-14 18:00:12,948 INFO  Meta_Master_Code - Scroll: 22
2025-07-14 18:00:19,029 INFO  Meta_Master_Code - Scroll: 23
2025-07-14 18:00:25,214 INFO  Meta_Master_Code - Scroll: 24
2025-07-14 18:00:31,277 INFO  Meta_Master_Code - Scroll: 25
2025-07-14 18:00:37,624 INFO  Meta_Master_Code - Scroll: 26
2025-07-14 18:00:43,845 INFO  Meta_Master_Code - Scroll: 27
2025-07-14 18:00:50,013 INFO  Meta_Master_Code - Scroll: 28
2025-07-14 18:00:56,051 INFO  Meta_Master_Code - Scroll: 29
2025-07-14 18:01:02,177 INFO  Meta_Master_Code - Scroll: 30
2025-07-14 18:01:08,276 INFO  Meta_Master_Code - Scroll: 31
2025-07-14 18:01:14,438 INFO  Meta_Master_Code - Scroll: 32
2025-07-14 18:01:20,624 INFO  Meta_Master_Code - Scroll: 33
2025-07-14 18:01:26,685 INFO  Meta_Master_Code - Scroll: 34
2025-07-14 18:01:33,128 INFO  Meta_Master_Code - Scroll: 35
2025-07-14 18:01:39,351 INFO  Meta_Master_Code - Scroll: 36
2025-07-14 18:01:45,456 INFO  Meta_Master_Code - Scroll: 37
2025-07-14 18:01:51,661 INFO  Meta_Master_Code - Scroll: 38
2025-07-14 18:01:57,924 INFO  Meta_Master_Code - Scroll: 39
2025-07-14 18:02:04,086 INFO  Meta_Master_Code - Scroll: 40
2025-07-14 18:02:10,250 INFO  Meta_Master_Code - Scroll: 41
2025-07-14 18:02:16,806 INFO  Meta_Master_Code - Scroll: 42
2025-07-14 18:02:22,940 INFO  Meta_Master_Code - Scroll: 43
2025-07-14 18:02:29,054 INFO  Meta_Master_Code - Scroll: 44
2025-07-14 18:02:35,126 INFO  Meta_Master_Code - Scroll: 45
2025-07-14 18:02:41,446 INFO  Meta_Master_Code - Scroll: 46
2025-07-14 18:02:47,716 INFO  Meta_Master_Code - Scroll: 47
2025-07-14 18:02:53,779 INFO  Meta_Master_Code - Scroll: 48
2025-07-14 18:03:00,209 INFO  Meta_Master_Code - Scroll: 49
2025-07-14 18:03:06,331 INFO  Meta_Master_Code - Scroll: 50
2025-07-14 18:03:13,431 INFO  Meta_Master_Code - 2025.07.14.17.57.49 - Excel file created successfully!
2025-07-14 18:03:13,483 INFO  Meta_Master_Code - Total link is 55
2025-07-14 18:03:13,717 INFO  Meta_Master_Code - 1 - Data written successfully.
2025-07-14 18:03:13,802 INFO  Meta_Master_Code - 2 - Data written successfully.
2025-07-14 18:03:13,875 INFO  Meta_Master_Code - 3 - Data written successfully.
2025-07-14 18:03:13,945 INFO  Meta_Master_Code - 4 - Data written successfully.
2025-07-14 18:03:14,015 INFO  Meta_Master_Code - 5 - Data written successfully.
2025-07-14 18:03:14,084 INFO  Meta_Master_Code - 6 - Data written successfully.
2025-07-14 18:03:14,151 INFO  Meta_Master_Code - 7 - Data written successfully.
2025-07-14 18:03:14,217 INFO  Meta_Master_Code - 8 - Data written successfully.
2025-07-14 18:03:14,285 INFO  Meta_Master_Code - 9 - Data written successfully.
2025-07-14 18:03:14,356 INFO  Meta_Master_Code - 10 - Data written successfully.
2025-07-14 18:03:14,424 INFO  Meta_Master_Code - 11 - Data written successfully.
2025-07-14 18:03:14,492 INFO  Meta_Master_Code - 12 - Data written successfully.
2025-07-14 18:03:14,564 INFO  Meta_Master_Code - 13 - Data written successfully.
2025-07-14 18:03:14,652 INFO  Meta_Master_Code - 14 - Data written successfully.
2025-07-14 18:03:14,723 INFO  Meta_Master_Code - 15 - Data written successfully.
2025-07-14 18:03:14,803 INFO  Meta_Master_Code - 16 - Data written successfully.
2025-07-14 18:03:14,887 INFO  Meta_Master_Code - 17 - Data written successfully.
2025-07-14 18:03:14,990 INFO  Meta_Master_Code - 18 - Data written successfully.
2025-07-14 18:03:15,095 INFO  Meta_Master_Code - 19 - Data written successfully.
2025-07-14 18:03:15,169 INFO  Meta_Master_Code - 20 - Data written successfully.
2025-07-14 18:03:15,229 INFO  Meta_Master_Code - 21 - Data written successfully.
2025-07-14 18:03:15,288 INFO  Meta_Master_Code - 22 - Data written successfully.
2025-07-14 18:03:15,354 INFO  Meta_Master_Code - 23 - Data written successfully.
2025-07-14 18:03:15,438 INFO  Meta_Master_Code - 24 - Data written successfully.
2025-07-14 18:03:15,501 INFO  Meta_Master_Code - 25 - Data written successfully.
2025-07-14 18:03:15,559 INFO  Meta_Master_Code - 26 - Data written successfully.
2025-07-14 18:03:15,630 INFO  Meta_Master_Code - 27 - Data written successfully.
2025-07-14 18:03:15,703 INFO  Meta_Master_Code - 28 - Data written successfully.
2025-07-14 18:03:15,761 INFO  Meta_Master_Code - 29 - Data written successfully.
2025-07-14 18:03:15,850 INFO  Meta_Master_Code - 30 - Data written successfully.
2025-07-14 18:03:15,918 INFO  Meta_Master_Code - 31 - Data written successfully.
2025-07-14 18:03:15,955 WARN  Meta_Master_Code - 32 - Link is disabled
2025-07-14 18:03:16,030 INFO  Meta_Master_Code - 33 - Data written successfully.
2025-07-14 18:03:16,094 INFO  Meta_Master_Code - 34 - Data written successfully.
2025-07-14 18:03:16,174 INFO  Meta_Master_Code - 35 - Data written successfully.
2025-07-14 18:03:16,212 WARN  Meta_Master_Code - 36 - Link is disabled
2025-07-14 18:03:16,272 INFO  Meta_Master_Code - 37 - Data written successfully.
2025-07-14 18:03:16,338 INFO  Meta_Master_Code - 38 - Data written successfully.
2025-07-14 18:03:16,394 INFO  Meta_Master_Code - 39 - Data written successfully.
2025-07-14 18:03:16,450 INFO  Meta_Master_Code - 40 - Data written successfully.
2025-07-14 18:03:16,514 INFO  Meta_Master_Code - 41 - Data written successfully.
2025-07-14 18:03:16,571 INFO  Meta_Master_Code - 42 - Data written successfully.
2025-07-14 18:03:16,658 INFO  Meta_Master_Code - 43 - Data written successfully.
2025-07-14 18:03:16,698 WARN  Meta_Master_Code - 44 - Link is disabled
2025-07-14 18:03:16,758 INFO  Meta_Master_Code - 45 - Data written successfully.
2025-07-14 18:03:16,854 INFO  Meta_Master_Code - 46 - Data written successfully.
2025-07-14 18:03:16,915 INFO  Meta_Master_Code - 47 - Data written successfully.
2025-07-14 18:03:16,976 INFO  Meta_Master_Code - 48 - Data written successfully.
2025-07-14 18:03:17,045 INFO  Meta_Master_Code - 49 - Data written successfully.
2025-07-14 18:03:17,105 INFO  Meta_Master_Code - 50 - Data written successfully.
2025-07-14 18:03:17,156 INFO  Meta_Master_Code - 51 - Data written successfully.
2025-07-14 18:03:17,199 WARN  Meta_Master_Code - 52 - Link is disabled
2025-07-14 18:03:17,243 WARN  Meta_Master_Code - 53 - Link is disabled
2025-07-14 18:03:17,282 WARN  Meta_Master_Code - 54 - Link is disabled
2025-07-14 18:03:17,337 INFO  Meta_Master_Code - 55 - Data written successfully.
2025-07-14 18:03:17,347 INFO  Meta_Master_Code - Excel file has sheets, not deleted.
2025-07-14 18:03:17,364 INFO  Meta_Master_Code - 2025.07.14.17.57.49-India- New sheet - Excel file created successfully!
2025-07-14 18:03:21,239 INFO  Meta_Master_Code - 0-The downloads Count is -10000
2025-07-14 18:03:21,239 INFO  Meta_Master_Code - 0 - The link is App store or other site
2025-07-14 18:03:22,805 INFO  Meta_Master_Code - 1-The downloads Count is -10
2025-07-14 18:03:22,806 INFO  Meta_Master_Code - 1 - The link is App store or other site
2025-07-14 18:03:24,292 INFO  Meta_Master_Code - 2-The downloads Count is -100000
2025-07-14 18:03:24,292 INFO  Meta_Master_Code - 2 - The link is App store or other site
2025-07-14 18:03:25,948 INFO  Meta_Master_Code - 3-The downloads Count is -10000000
2025-07-14 18:03:25,949 INFO  Meta_Master_Code - 3 - The link is App store or other site
2025-07-14 18:03:27,392 INFO  Meta_Master_Code - 4-The downloads Count is -10000000
2025-07-14 18:03:27,394 INFO  Meta_Master_Code - 4 - The link is App store or other site
2025-07-14 18:03:28,838 INFO  Meta_Master_Code - 5-The downloads Count is -10000000
2025-07-14 18:03:28,839 INFO  Meta_Master_Code - 5 - The link is App store or other site
2025-07-14 18:03:30,214 INFO  Meta_Master_Code - 6-The downloads Count is -10000000
2025-07-14 18:03:30,215 INFO  Meta_Master_Code - 6 - The link is App store or other site
2025-07-14 18:03:31,693 INFO  Meta_Master_Code - 7-The downloads Count is -10000000
2025-07-14 18:03:31,694 INFO  Meta_Master_Code - 7 - The link is App store or other site
2025-07-14 18:03:33,152 INFO  Meta_Master_Code - 8-The downloads Count is -10000000
2025-07-14 18:03:33,153 INFO  Meta_Master_Code - 8 - The link is App store or other site
2025-07-14 18:03:34,590 INFO  Meta_Master_Code - 9-The downloads Count is -10000000
2025-07-14 18:03:34,591 INFO  Meta_Master_Code - 9 - The link is App store or other site
2025-07-14 18:03:36,043 INFO  Meta_Master_Code - 10-The downloads Count is -5000
2025-07-14 18:03:36,044 INFO  Meta_Master_Code - 10 - The link is App store or other site
2025-07-14 18:03:37,321 INFO  Meta_Master_Code - 11-The downloads Count is -5000
2025-07-14 18:03:37,322 INFO  Meta_Master_Code - 11 - The link is App store or other site
2025-07-14 18:03:38,790 INFO  Meta_Master_Code - 12-The downloads Count is -1000000
2025-07-14 18:03:38,790 INFO  Meta_Master_Code - 12 - The link is App store or other site
2025-07-14 18:03:40,264 INFO  Meta_Master_Code - 13-The downloads Count is -500000
2025-07-14 18:03:40,265 INFO  Meta_Master_Code - 13 - The link is App store or other site
2025-07-14 18:03:41,726 INFO  Meta_Master_Code - 14-The downloads Count is -500000
2025-07-14 18:03:41,728 INFO  Meta_Master_Code - 14 - The link is App store or other site
2025-07-14 18:03:43,017 INFO  Meta_Master_Code - 15-The downloads Count is -500000
2025-07-14 18:03:43,017 INFO  Meta_Master_Code - 15 - The link is App store or other site
2025-07-14 18:03:44,468 INFO  Meta_Master_Code - 16-The downloads Count is -500000
2025-07-14 18:03:44,472 INFO  Meta_Master_Code - 16 - The link is App store or other site
2025-07-14 18:03:45,884 INFO  Meta_Master_Code - 17-The downloads Count is -500000
2025-07-14 18:03:45,885 INFO  Meta_Master_Code - 17 - The link is App store or other site
2025-07-14 18:03:47,215 INFO  Meta_Master_Code - 18-The downloads Count is -500000
2025-07-14 18:03:47,215 INFO  Meta_Master_Code - 18 - The link is App store or other site
2025-07-14 18:03:48,595 INFO  Meta_Master_Code - 19-The downloads Count is -500000
2025-07-14 18:03:48,595 INFO  Meta_Master_Code - 19 - The link is App store or other site
2025-07-14 18:03:49,955 INFO  Meta_Master_Code - 20-The downloads Count is -500000
2025-07-14 18:03:49,956 INFO  Meta_Master_Code - 20 - The link is App store or other site
2025-07-14 18:03:51,333 INFO  Meta_Master_Code - 21-The downloads Count is -500000
2025-07-14 18:03:51,334 INFO  Meta_Master_Code - 21 - The link is App store or other site
2025-07-14 18:03:52,705 INFO  Meta_Master_Code - 22-The downloads Count is -500000
2025-07-14 18:03:52,706 INFO  Meta_Master_Code - 22 - The link is App store or other site
2025-07-14 18:03:54,076 INFO  Meta_Master_Code - 23-The downloads Count is -500000
2025-07-14 18:03:54,077 INFO  Meta_Master_Code - 23 - The link is App store or other site
2025-07-14 18:03:55,513 INFO  Meta_Master_Code - 24-The downloads Count is -500000
2025-07-14 18:03:55,514 INFO  Meta_Master_Code - 24 - The link is App store or other site
2025-07-14 18:03:56,957 INFO  Meta_Master_Code - 25-The downloads Count is -500000
2025-07-14 18:03:56,958 INFO  Meta_Master_Code - 25 - The link is App store or other site
2025-07-14 18:03:58,410 INFO  Meta_Master_Code - 26-The downloads Count is -100000
2025-07-14 18:03:58,411 INFO  Meta_Master_Code - 26 - The link is App store or other site
2025-07-14 18:03:59,816 INFO  Meta_Master_Code - 27-The downloads Count is -100000
2025-07-14 18:03:59,817 INFO  Meta_Master_Code - 27 - The link is App store or other site
2025-07-14 18:04:01,179 INFO  Meta_Master_Code - 28-The downloads Count is -100000
2025-07-14 18:04:01,180 INFO  Meta_Master_Code - 28 - The link is App store or other site
2025-07-14 18:04:02,668 INFO  Meta_Master_Code - 29-The downloads Count is -50000000
2025-07-14 18:04:02,669 INFO  Meta_Master_Code - 29 - The link is App store or other site
2025-07-14 18:04:04,095 INFO  Meta_Master_Code - 30-The downloads Count is -50000000
2025-07-14 18:04:04,096 INFO  Meta_Master_Code - 30 - The link is App store or other site
2025-07-14 18:04:05,574 INFO  Meta_Master_Code - 31-The downloads Count is -1000000
2025-07-14 18:04:05,575 INFO  Meta_Master_Code - 31 - The link is App store or other site
2025-07-14 18:04:06,940 INFO  Meta_Master_Code - 32-The downloads Count is -1000000
2025-07-14 18:04:06,941 INFO  Meta_Master_Code - 32 - The link is App store or other site
2025-07-14 18:04:08,299 INFO  Meta_Master_Code - 33-The downloads Count is -1000000
2025-07-14 18:04:08,300 INFO  Meta_Master_Code - 33 - The link is App store or other site
2025-07-14 18:04:09,734 INFO  Meta_Master_Code - 34-The downloads Count is -10000
2025-07-14 18:04:09,734 INFO  Meta_Master_Code - 34 - The link is App store or other site
2025-07-14 18:04:11,048 INFO  Meta_Master_Code - 35-The downloads Count is -10000
2025-07-14 18:04:11,049 INFO  Meta_Master_Code - 35 - The link is App store or other site
2025-07-14 18:04:12,774 INFO  Meta_Master_Code - 36-The downloads Count is -5000000
2025-07-14 18:04:12,775 INFO  Meta_Master_Code - 36 - The link is App store or other site
2025-07-14 18:04:14,338 INFO  Meta_Master_Code - 37-The downloads Count is -10000
2025-07-14 18:04:14,339 INFO  Meta_Master_Code - 37 - The link is App store or other site
2025-07-14 18:04:15,719 INFO  Meta_Master_Code - 38-The downloads Count is -10000
2025-07-14 18:04:15,720 INFO  Meta_Master_Code - 38 - The link is App store or other site
2025-07-14 18:04:19,212 INFO  Meta_Master_Code - 39-The downloads Count is -1000000
2025-07-14 18:04:19,213 INFO  Meta_Master_Code - 39 - The link is App store or other site
2025-07-14 18:04:20,692 INFO  Meta_Master_Code - 40-The downloads Count is -500000
2025-07-14 18:04:20,693 INFO  Meta_Master_Code - 40 - The link is App store or other site
2025-07-14 18:04:22,217 INFO  Meta_Master_Code - 41-The downloads Count is -100000
2025-07-14 18:04:22,219 INFO  Meta_Master_Code - 41 - The link is App store or other site
2025-07-14 18:04:23,575 INFO  Meta_Master_Code - 42-The downloads Count is -10000
2025-07-14 18:04:23,576 INFO  Meta_Master_Code - 42 - The link is App store or other site
2025-07-14 18:04:25,035 INFO  Meta_Master_Code - 43-The downloads Count is -1000000
2025-07-14 18:04:25,036 INFO  Meta_Master_Code - 43 - The link is App store or other site
2025-07-14 18:04:26,389 INFO  Meta_Master_Code - 44-The downloads Count is -1000000
2025-07-14 18:04:26,390 INFO  Meta_Master_Code - 44 - The link is App store or other site
2025-07-14 18:04:27,943 INFO  Meta_Master_Code - 45-The downloads Count is -10000
2025-07-14 18:04:27,944 INFO  Meta_Master_Code - 45 - The link is App store or other site
2025-07-14 18:04:29,580 INFO  Meta_Master_Code - 46-The downloads Count is -10000
2025-07-14 18:04:29,581 INFO  Meta_Master_Code - 46 - The link is App store or other site
2025-07-14 18:04:32,349 INFO  Meta_Master_Code - 47 - The link is App store or other site
2025-07-14 18:04:33,767 INFO  Meta_Master_Code - 48-The downloads Count is -10000
2025-07-14 18:04:33,767 INFO  Meta_Master_Code - 48 - The link is App store or other site
2025-07-14 18:04:33,789 INFO  Meta_Master_Code - Excel file deleted as it contains no sheets.
